2023-05-15 09:49:14 INFO *********开始启动APP*********
2023-05-15 09:49:14 INFO 手机参数：{'platformName': 'android', 'platformVersion': '12', 'deviceName': '127.0.0.1:7555', 'automationName': 'UiAutomator2', 'appPackage': 'com.inkr.sport', 'appActivity': 'com.inkr.sport.activities.SplashActivity'}
2023-05-15 09:49:22 INFO *********启动成功*********
2023-05-15 09:49:23 INFO 查找元素'(('id', 'com.inkr.sport:id/tvPopAgreementAgree'),)'完成
2023-05-15 09:49:23 INFO 点击元素'('id', 'com.inkr.sport:id/tvPopAgreementAgree')'完成
2023-05-15 09:49:23 INFO 开始左滑
2023-05-15 09:49:25 INFO 左滑1次
2023-05-15 09:49:26 INFO 左滑2次
2023-05-15 09:49:26 INFO 左滑完成
2023-05-15 09:49:27 INFO 查找元素'(('id', 'com.inkr.sport:id/ivEnterApp'),)'完成
2023-05-15 09:49:27 INFO 点击元素'('id', 'com.inkr.sport:id/ivEnterApp')'完成
2023-05-15 09:49:30 INFO 查找元素'(('id', 'com.inkr.sport:id/ivTbMine'),)'完成
2023-05-15 09:49:31 INFO 点击元素'('id', 'com.inkr.sport:id/ivTbMine')'完成
2023-05-15 09:49:31 INFO 查找元素'(('id', 'com.inkr.sport:id/tvUserName'),)'完成
2023-05-15 09:49:42 INFO 点击元素'('id', 'com.inkr.sport:id/tvUserName')'完成
2023-05-15 09:50:12 INFO 查找元素'(('id', 'com.inkr.sport:id/etMobile'),)'完成
2023-05-15 09:51:43 INFO 查找元素'(('id', 'com.inkr.sport:id/btSendCode'),)'完成
2023-05-15 09:52:13 INFO 点击元素'('id', 'com.inkr.sport:id/btSendCode')'完成
2023-05-15 09:52:43 INFO 查找元素'(('id', 'com.inkr.sport:id/etCode'),)'完成
2023-05-15 09:54:14 INFO 查找元素'(('id', 'com.inkr.sport:id/ivPolicyCheckBox'),)'完成
2023-05-15 09:54:44 INFO 点击元素'('id', 'com.inkr.sport:id/ivPolicyCheckBox')'完成
2023-05-15 09:55:14 INFO 查找元素'(('id', 'com.inkr.sport:id/btLogin'),)'完成
2023-05-15 09:55:36 INFO 点击元素'('id', 'com.inkr.sport:id/btLogin')'完成
2023-05-15 09:55:36 INFO 登录账号:13000000012 验证码：123456
2023-05-15 09:55:36 INFO 查找元素'(('id', 'com.inkr.sport:id/tvExpert'),)'完成
2023-05-15 09:55:36 INFO 点击元素'('id', 'com.inkr.sport:id/tvExpert')'完成
2023-05-15 09:55:37 INFO 查找元素'(('id', 'com.inkr.sport:id/tvMenuName'),)'完成
2023-05-15 09:55:37 INFO 点击元素'('id', 'com.inkr.sport:id/tvMenuName')'完成
2023-05-15 09:55:39 INFO 查找元素'(('id', 'com.inkr.sport:id/tvNotMind'),)'完成
2023-05-15 09:55:39 INFO 点击元素'('id', 'com.inkr.sport:id/tvNotMind')'完成
2023-05-15 09:55:40 INFO 查找元素'(('id', 'com.inkr.sport:id/tvConfirm'),)'完成
2023-05-15 09:55:40 INFO 点击元素'('id', 'com.inkr.sport:id/tvConfirm')'完成
2023-05-15 09:55:40 INFO 查找元素'(('id', 'com.inkr.sport:id/tvIKnow'),)'完成
2023-05-15 09:55:40 INFO 点击元素'('id', 'com.inkr.sport:id/tvIKnow')'完成
2023-05-15 09:55:41 INFO 查找元素'(('id', 'com.inkr.sport:id/rlAddMatch'),)'完成
2023-05-15 09:55:44 INFO 点击元素'('id', 'com.inkr.sport:id/rlAddMatch')'完成
2023-05-15 09:55:44 INFO 查找元素'(('id', 'com.inkr.sport:id/tvBasketball'),)'完成
2023-05-15 09:55:44 INFO 点击元素'('id', 'com.inkr.sport:id/tvBasketball')'完成
2023-05-15 09:56:04 ERROR 获取元素'(('xpath', '//*[@resource-id="com.inkr.sport:id/recyclerView"]/android.view.ViewGroup[3]'),)'失败，原因：Message: 
Stacktrace:
NoSuchElementError: An element could not be located on the page using the given search parameters.
    at AndroidUiautomator2Driver.findElOrEls (E:\Appium-Server-GUI-windows-1.22.3-4\resources\app\node_modules\appium\node_modules\appium-android-driver\lib\commands\find.js:75:11)
    at runMicrotasks (<anonymous>)
    at processTicksAndRejections (internal/process/task_queues.js:97:5)
    at AndroidUiautomator2Driver.findElOrElsWithProcessing (E:\Appium-Server-GUI-windows-1.22.3-4\resources\app\node_modules\appium\node_modules\appium-base-driver\lib\basedriver\commands\find.js:33:12)
    at AndroidUiautomator2Driver.findElement (E:\Appium-Server-GUI-windows-1.22.3-4\resources\app\node_modules\appium\node_modules\appium-base-driver\lib\basedriver\commands\find.js:53:10)
2023-05-15 10:55:54 INFO *********开始启动APP*********
2023-05-15 10:55:54 INFO 手机参数：{'platformName': 'android', 'platformVersion': '12', 'deviceName': '127.0.0.1:7555', 'automationName': 'UiAutomator2', 'appPackage': 'com.inkr.sport', 'appActivity': 'com.inkr.sport.activities.SplashActivity'}
2023-05-15 10:56:01 INFO *********启动成功*********
2023-05-15 10:56:02 INFO 查找元素'(('id', 'com.inkr.sport:id/tvPopAgreementAgree'),)'完成
2023-05-15 10:56:02 INFO 点击元素'('id', 'com.inkr.sport:id/tvPopAgreementAgree')'完成
2023-05-15 10:56:02 INFO 开始左滑
2023-05-15 10:56:03 INFO 左滑1次
2023-05-15 10:56:05 INFO 左滑2次
2023-05-15 10:56:05 INFO 左滑完成
2023-05-15 10:56:05 INFO 查找元素'(('id', 'com.inkr.sport:id/ivEnterApp'),)'完成
2023-05-15 10:56:06 INFO 点击元素'('id', 'com.inkr.sport:id/ivEnterApp')'完成
2023-05-15 10:56:09 INFO 查找元素'(('id', 'com.inkr.sport:id/ivTbMine'),)'完成
2023-05-15 10:56:10 INFO 点击元素'('id', 'com.inkr.sport:id/ivTbMine')'完成
2023-05-15 10:56:10 INFO 查找元素'(('id', 'com.inkr.sport:id/tvUserName'),)'完成
2023-05-15 10:56:20 INFO 点击元素'('id', 'com.inkr.sport:id/tvUserName')'完成
2023-05-15 10:56:50 INFO 查找元素'(('id', 'com.inkr.sport:id/etMobile'),)'完成
2023-05-15 10:58:21 INFO 查找元素'(('id', 'com.inkr.sport:id/btSendCode'),)'完成
2023-05-15 10:58:51 INFO 点击元素'('id', 'com.inkr.sport:id/btSendCode')'完成
2023-05-15 10:59:21 INFO 查找元素'(('id', 'com.inkr.sport:id/etCode'),)'完成
2023-05-15 11:00:51 INFO 查找元素'(('id', 'com.inkr.sport:id/ivPolicyCheckBox'),)'完成
2023-05-15 11:01:22 INFO 点击元素'('id', 'com.inkr.sport:id/ivPolicyCheckBox')'完成
2023-05-15 11:01:52 INFO 查找元素'(('id', 'com.inkr.sport:id/btLogin'),)'完成
2023-05-15 11:02:14 INFO 点击元素'('id', 'com.inkr.sport:id/btLogin')'完成
2023-05-15 11:02:14 INFO 登录账号:13000000012 验证码：123456
2023-05-15 11:02:14 INFO 查找元素'(('id', 'com.inkr.sport:id/tvExpert'),)'完成
2023-05-15 11:02:14 INFO 点击元素'('id', 'com.inkr.sport:id/tvExpert')'完成
2023-05-15 11:02:15 INFO 查找元素'(('id', 'com.inkr.sport:id/tvMenuName'),)'完成
2023-05-15 11:02:15 INFO 点击元素'('id', 'com.inkr.sport:id/tvMenuName')'完成
2023-05-15 11:02:17 INFO 查找元素'(('id', 'com.inkr.sport:id/tvNotMind'),)'完成
2023-05-15 11:02:17 INFO 点击元素'('id', 'com.inkr.sport:id/tvNotMind')'完成
2023-05-15 11:02:17 INFO 查找元素'(('id', 'com.inkr.sport:id/tvConfirm'),)'完成
2023-05-15 11:02:17 INFO 点击元素'('id', 'com.inkr.sport:id/tvConfirm')'完成
2023-05-15 11:02:18 INFO 查找元素'(('id', 'com.inkr.sport:id/tvIKnow'),)'完成
2023-05-15 11:02:19 INFO 点击元素'('id', 'com.inkr.sport:id/tvIKnow')'完成
2023-05-15 11:02:19 INFO 查找元素'(('id', 'com.inkr.sport:id/rlAddMatch'),)'完成
2023-05-15 11:02:20 INFO 点击元素'('id', 'com.inkr.sport:id/rlAddMatch')'完成
2023-05-15 11:02:20 INFO 查找元素'(('id', 'com.inkr.sport:id/tvBasketball'),)'完成
2023-05-15 11:02:20 INFO 点击元素'('id', 'com.inkr.sport:id/tvBasketball')'完成
2023-05-15 11:02:41 ERROR 获取元素'(('xpath', '//*[@resource-id="com.inkr.sport:id/recyclerView"]/android.view.ViewGroup[3]'),)'失败，原因：Message: 
Stacktrace:
NoSuchElementError: An element could not be located on the page using the given search parameters.
    at AndroidUiautomator2Driver.findElOrEls (E:\Appium-Server-GUI-windows-1.22.3-4\resources\app\node_modules\appium\node_modules\appium-android-driver\lib\commands\find.js:75:11)
    at runMicrotasks (<anonymous>)
    at processTicksAndRejections (internal/process/task_queues.js:97:5)
    at AndroidUiautomator2Driver.findElOrElsWithProcessing (E:\Appium-Server-GUI-windows-1.22.3-4\resources\app\node_modules\appium\node_modules\appium-base-driver\lib\basedriver\commands\find.js:33:12)
    at AndroidUiautomator2Driver.findElement (E:\Appium-Server-GUI-windows-1.22.3-4\resources\app\node_modules\appium\node_modules\appium-base-driver\lib\basedriver\commands\find.js:53:10)
2023-05-15 11:03:01 ERROR 获取元素'(('xpath', '//*[@resource-id="com.inkr.sport:id/recyclerView"]/android.view.ViewGroup[4]'),)'失败，原因：Message: 
Stacktrace:
NoSuchElementError: An element could not be located on the page using the given search parameters.
    at AndroidUiautomator2Driver.findElOrEls (E:\Appium-Server-GUI-windows-1.22.3-4\resources\app\node_modules\appium\node_modules\appium-android-driver\lib\commands\find.js:75:11)
    at runMicrotasks (<anonymous>)
    at processTicksAndRejections (internal/process/task_queues.js:97:5)
    at AndroidUiautomator2Driver.findElOrElsWithProcessing (E:\Appium-Server-GUI-windows-1.22.3-4\resources\app\node_modules\appium\node_modules\appium-base-driver\lib\basedriver\commands\find.js:33:12)
    at AndroidUiautomator2Driver.findElement (E:\Appium-Server-GUI-windows-1.22.3-4\resources\app\node_modules\appium\node_modules\appium-base-driver\lib\basedriver\commands\find.js:53:10)
2023-05-15 11:10:02 INFO *********开始启动APP*********
2023-05-15 11:10:02 INFO 手机参数：{'platformName': 'android', 'platformVersion': '12', 'deviceName': '127.0.0.1:7555', 'automationName': 'UiAutomator2', 'appPackage': 'com.inkr.sport', 'appActivity': 'com.inkr.sport.activities.SplashActivity'}
2023-05-15 11:10:09 INFO *********启动成功*********
2023-05-15 11:10:10 INFO 查找元素'(('id', 'com.inkr.sport:id/tvPopAgreementAgree'),)'完成
2023-05-15 11:10:10 INFO 点击元素'('id', 'com.inkr.sport:id/tvPopAgreementAgree')'完成
2023-05-15 11:10:10 INFO 开始左滑
2023-05-15 11:10:11 INFO 左滑1次
2023-05-15 11:10:13 INFO 左滑2次
2023-05-15 11:10:13 INFO 左滑完成
2023-05-15 11:10:13 INFO 查找元素'(('id', 'com.inkr.sport:id/ivEnterApp'),)'完成
2023-05-15 11:10:14 INFO 点击元素'('id', 'com.inkr.sport:id/ivEnterApp')'完成
2023-05-15 11:10:17 INFO 查找元素'(('id', 'com.inkr.sport:id/ivTbMine'),)'完成
2023-05-15 11:10:18 INFO 点击元素'('id', 'com.inkr.sport:id/ivTbMine')'完成
2023-05-15 11:10:18 INFO 查找元素'(('id', 'com.inkr.sport:id/tvUserName'),)'完成
2023-05-15 11:10:28 INFO 点击元素'('id', 'com.inkr.sport:id/tvUserName')'完成
2023-05-15 11:10:59 INFO 查找元素'(('id', 'com.inkr.sport:id/etMobile'),)'完成
2023-05-15 11:12:29 INFO 查找元素'(('id', 'com.inkr.sport:id/btSendCode'),)'完成
2023-05-15 11:12:59 INFO 点击元素'('id', 'com.inkr.sport:id/btSendCode')'完成
2023-05-15 11:13:30 INFO 查找元素'(('id', 'com.inkr.sport:id/etCode'),)'完成
2023-05-15 11:15:00 INFO 查找元素'(('id', 'com.inkr.sport:id/ivPolicyCheckBox'),)'完成
2023-05-15 11:15:30 INFO 点击元素'('id', 'com.inkr.sport:id/ivPolicyCheckBox')'完成
2023-05-15 11:16:01 INFO 查找元素'(('id', 'com.inkr.sport:id/btLogin'),)'完成
2023-05-15 11:16:23 INFO 点击元素'('id', 'com.inkr.sport:id/btLogin')'完成
2023-05-15 11:16:23 INFO 登录账号:13000000012 验证码：123456
2023-05-15 11:16:23 INFO 查找元素'(('id', 'com.inkr.sport:id/tvExpert'),)'完成
2023-05-15 11:16:23 INFO 点击元素'('id', 'com.inkr.sport:id/tvExpert')'完成
2023-05-15 11:16:24 INFO 查找元素'(('id', 'com.inkr.sport:id/tvMenuName'),)'完成
2023-05-15 11:16:24 INFO 点击元素'('id', 'com.inkr.sport:id/tvMenuName')'完成
2023-05-15 11:16:26 INFO 查找元素'(('id', 'com.inkr.sport:id/tvNotMind'),)'完成
2023-05-15 11:16:26 INFO 点击元素'('id', 'com.inkr.sport:id/tvNotMind')'完成
2023-05-15 11:16:27 INFO 查找元素'(('id', 'com.inkr.sport:id/tvConfirm'),)'完成
2023-05-15 11:16:27 INFO 点击元素'('id', 'com.inkr.sport:id/tvConfirm')'完成
2023-05-15 11:16:28 INFO 查找元素'(('id', 'com.inkr.sport:id/tvIKnow'),)'完成
2023-05-15 11:16:28 INFO 点击元素'('id', 'com.inkr.sport:id/tvIKnow')'完成
2023-05-15 11:16:29 INFO 查找元素'(('id', 'com.inkr.sport:id/rlAddMatch'),)'完成
2023-05-15 11:16:30 INFO 点击元素'('id', 'com.inkr.sport:id/rlAddMatch')'完成
2023-05-15 11:16:30 INFO 查找元素'(('id', 'com.inkr.sport:id/tvBasketball'),)'完成
2023-05-15 11:16:30 INFO 点击元素'('id', 'com.inkr.sport:id/tvBasketball')'完成
2023-05-15 11:16:50 ERROR 获取元素'(('xpath', '//*[@resource-id="com.inkr.sport:id/recyclerView"]/android.view.ViewGroup[3]'),)'失败，原因：Message: 
Stacktrace:
NoSuchElementError: An element could not be located on the page using the given search parameters.
    at AndroidUiautomator2Driver.findElOrEls (E:\Appium-Server-GUI-windows-1.22.3-4\resources\app\node_modules\appium\node_modules\appium-android-driver\lib\commands\find.js:75:11)
    at runMicrotasks (<anonymous>)
    at processTicksAndRejections (internal/process/task_queues.js:97:5)
    at AndroidUiautomator2Driver.findElOrElsWithProcessing (E:\Appium-Server-GUI-windows-1.22.3-4\resources\app\node_modules\appium\node_modules\appium-base-driver\lib\basedriver\commands\find.js:33:12)
    at AndroidUiautomator2Driver.findElement (E:\Appium-Server-GUI-windows-1.22.3-4\resources\app\node_modules\appium\node_modules\appium-base-driver\lib\basedriver\commands\find.js:53:10)
2023-05-15 11:16:50 INFO 查找元素'(('id', 'com.inkr.sport:id/tvBd'),)'完成
2023-05-15 11:16:51 INFO 点击元素'('id', 'com.inkr.sport:id/tvBd')'完成
2023-05-15 11:16:51 INFO 查找元素'(('xpath', '//*[@resource-id="com.inkr.sport:id/recyclerView"]/android.view.ViewGroup[4]'),)'完成
2023-05-15 11:16:51 INFO 点击元素'('xpath', '//*[@resource-id="com.inkr.sport:id/recyclerView"]/android.view.ViewGroup[4]')'完成
2023-05-15 11:16:52 INFO 查找元素'(('id', 'com.inkr.sport:id/tvDraft'),)'完成
2023-05-15 11:17:13 ERROR 获取元素'(('xpath', "//*[@text='胜负']"),)'失败，原因：Message: 
Stacktrace:
NoSuchElementError: An element could not be located on the page using the given search parameters.
    at AndroidUiautomator2Driver.findElOrEls (E:\Appium-Server-GUI-windows-1.22.3-4\resources\app\node_modules\appium\node_modules\appium-android-driver\lib\commands\find.js:75:11)
    at runMicrotasks (<anonymous>)
    at processTicksAndRejections (internal/process/task_queues.js:97:5)
    at AndroidUiautomator2Driver.findElOrElsWithProcessing (E:\Appium-Server-GUI-windows-1.22.3-4\resources\app\node_modules\appium\node_modules\appium-base-driver\lib\basedriver\commands\find.js:33:12)
    at AndroidUiautomator2Driver.findElement (E:\Appium-Server-GUI-windows-1.22.3-4\resources\app\node_modules\appium\node_modules\appium-base-driver\lib\basedriver\commands\find.js:53:10)
2023-05-15 11:22:21 INFO *********开始启动APP*********
2023-05-15 11:22:21 INFO 手机参数：{'platformName': 'android', 'platformVersion': '12', 'deviceName': '127.0.0.1:7555', 'automationName': 'UiAutomator2', 'appPackage': 'com.inkr.sport', 'appActivity': 'com.inkr.sport.activities.SplashActivity'}
2023-05-15 11:22:28 INFO *********启动成功*********
2023-05-15 11:22:29 INFO 查找元素'(('id', 'com.inkr.sport:id/tvPopAgreementAgree'),)'完成
2023-05-15 11:22:29 INFO 点击元素'('id', 'com.inkr.sport:id/tvPopAgreementAgree')'完成
2023-05-15 11:22:29 INFO 开始左滑
2023-05-15 11:22:30 INFO 左滑1次
2023-05-15 11:22:32 INFO 左滑2次
2023-05-15 11:22:32 INFO 左滑完成
2023-05-15 11:22:32 INFO 查找元素'(('id', 'com.inkr.sport:id/ivEnterApp'),)'完成
2023-05-15 11:22:32 INFO 点击元素'('id', 'com.inkr.sport:id/ivEnterApp')'完成
2023-05-15 11:22:36 INFO 查找元素'(('id', 'com.inkr.sport:id/ivTbMine'),)'完成
2023-05-15 11:22:37 INFO 点击元素'('id', 'com.inkr.sport:id/ivTbMine')'完成
2023-05-15 11:22:37 INFO 查找元素'(('id', 'com.inkr.sport:id/tvUserName'),)'完成
2023-05-15 11:22:37 INFO 点击元素'('id', 'com.inkr.sport:id/tvUserName')'完成
2023-05-15 11:23:08 INFO 查找元素'(('id', 'com.inkr.sport:id/etMobile'),)'完成
2023-05-15 11:24:38 INFO 查找元素'(('id', 'com.inkr.sport:id/btSendCode'),)'完成
2023-05-15 11:25:08 INFO 点击元素'('id', 'com.inkr.sport:id/btSendCode')'完成
2023-05-15 11:25:39 INFO 查找元素'(('id', 'com.inkr.sport:id/etCode'),)'完成
2023-05-15 11:27:09 INFO 查找元素'(('id', 'com.inkr.sport:id/ivPolicyCheckBox'),)'完成
2023-05-15 11:27:39 INFO 点击元素'('id', 'com.inkr.sport:id/ivPolicyCheckBox')'完成
2023-05-15 11:28:10 INFO 查找元素'(('id', 'com.inkr.sport:id/btLogin'),)'完成
2023-05-15 11:28:32 INFO 点击元素'('id', 'com.inkr.sport:id/btLogin')'完成
2023-05-15 11:28:32 INFO 登录账号:13000000012 验证码：123456
2023-05-15 11:28:32 INFO 查找元素'(('id', 'com.inkr.sport:id/tvExpert'),)'完成
2023-05-15 11:28:33 INFO 点击元素'('id', 'com.inkr.sport:id/tvExpert')'完成
2023-05-15 11:28:33 INFO 查找元素'(('id', 'com.inkr.sport:id/tvMenuName'),)'完成
2023-05-15 11:28:33 INFO 点击元素'('id', 'com.inkr.sport:id/tvMenuName')'完成
2023-05-15 11:28:35 INFO 查找元素'(('id', 'com.inkr.sport:id/tvNotMind'),)'完成
2023-05-15 11:28:35 INFO 点击元素'('id', 'com.inkr.sport:id/tvNotMind')'完成
2023-05-15 11:28:35 INFO 查找元素'(('id', 'com.inkr.sport:id/tvConfirm'),)'完成
2023-05-15 11:28:35 INFO 点击元素'('id', 'com.inkr.sport:id/tvConfirm')'完成
2023-05-15 11:28:36 INFO 查找元素'(('id', 'com.inkr.sport:id/tvIKnow'),)'完成
2023-05-15 11:28:36 INFO 点击元素'('id', 'com.inkr.sport:id/tvIKnow')'完成
2023-05-15 11:28:37 INFO 查找元素'(('id', 'com.inkr.sport:id/rlAddMatch'),)'完成
2023-05-15 11:28:37 INFO 点击元素'('id', 'com.inkr.sport:id/rlAddMatch')'完成
2023-05-15 11:28:38 INFO 查找元素'(('id', 'com.inkr.sport:id/tvBasketball'),)'完成
2023-05-15 11:28:38 INFO 点击元素'('id', 'com.inkr.sport:id/tvBasketball')'完成
2023-05-15 11:28:58 ERROR 获取元素'(('xpath', '//*[@resource-id="com.inkr.sport:id/recyclerView"]/android.view.ViewGroup[3]'),)'失败，原因：Message: 
Stacktrace:
NoSuchElementError: An element could not be located on the page using the given search parameters.
    at AndroidUiautomator2Driver.findElOrEls (E:\Appium-Server-GUI-windows-1.22.3-4\resources\app\node_modules\appium\node_modules\appium-android-driver\lib\commands\find.js:75:11)
    at runMicrotasks (<anonymous>)
    at processTicksAndRejections (internal/process/task_queues.js:97:5)
    at AndroidUiautomator2Driver.findElOrElsWithProcessing (E:\Appium-Server-GUI-windows-1.22.3-4\resources\app\node_modules\appium\node_modules\appium-base-driver\lib\basedriver\commands\find.js:33:12)
    at AndroidUiautomator2Driver.findElement (E:\Appium-Server-GUI-windows-1.22.3-4\resources\app\node_modules\appium\node_modules\appium-base-driver\lib\basedriver\commands\find.js:53:10)
2023-05-15 11:28:59 INFO 查找元素'(('id', 'com.inkr.sport:id/tvBd'),)'完成
2023-05-15 11:28:59 INFO 点击元素'('id', 'com.inkr.sport:id/tvBd')'完成
2023-05-15 11:28:59 INFO 查找元素'(('xpath', '//*[@resource-id="com.inkr.sport:id/recyclerView"]/android.view.ViewGroup[4]'),)'完成
2023-05-15 11:29:00 INFO 点击元素'('xpath', '//*[@resource-id="com.inkr.sport:id/recyclerView"]/android.view.ViewGroup[4]')'完成
2023-05-15 11:29:00 INFO 查找元素'(('id', 'com.inkr.sport:id/tvDraft'),)'完成
2023-05-15 11:29:21 ERROR 获取元素'(('xpath', "//*[@text='胜负']"),)'失败，原因：Message: 
Stacktrace:
NoSuchElementError: An element could not be located on the page using the given search parameters.
    at AndroidUiautomator2Driver.findElOrEls (E:\Appium-Server-GUI-windows-1.22.3-4\resources\app\node_modules\appium\node_modules\appium-android-driver\lib\commands\find.js:75:11)
    at runMicrotasks (<anonymous>)
    at processTicksAndRejections (internal/process/task_queues.js:97:5)
    at AndroidUiautomator2Driver.findElOrElsWithProcessing (E:\Appium-Server-GUI-windows-1.22.3-4\resources\app\node_modules\appium\node_modules\appium-base-driver\lib\basedriver\commands\find.js:33:12)
    at AndroidUiautomator2Driver.findElement (E:\Appium-Server-GUI-windows-1.22.3-4\resources\app\node_modules\appium\node_modules\appium-base-driver\lib\basedriver\commands\find.js:53:10)
2023-05-15 11:31:43 INFO *********开始启动APP*********
2023-05-15 11:31:43 INFO 手机参数：{'platformName': 'android', 'platformVersion': '12', 'deviceName': '127.0.0.1:7555', 'automationName': 'UiAutomator2', 'appPackage': 'com.inkr.sport', 'appActivity': 'com.inkr.sport.activities.SplashActivity'}
2023-05-15 11:31:51 INFO *********启动成功*********
2023-05-15 11:31:52 INFO 查找元素'(('id', 'com.inkr.sport:id/tvPopAgreementAgree'),)'完成
2023-05-15 11:31:53 INFO 点击元素'('id', 'com.inkr.sport:id/tvPopAgreementAgree')'完成
2023-05-15 11:31:53 INFO 开始左滑
2023-05-15 11:31:54 INFO 左滑1次
2023-05-15 11:31:56 INFO 左滑2次
2023-05-15 11:31:56 INFO 左滑完成
2023-05-15 11:31:56 INFO 查找元素'(('id', 'com.inkr.sport:id/ivEnterApp'),)'完成
2023-05-15 11:31:56 INFO 点击元素'('id', 'com.inkr.sport:id/ivEnterApp')'完成
2023-05-15 11:31:59 INFO 查找元素'(('id', 'com.inkr.sport:id/ivTbMine'),)'完成
2023-05-15 11:31:59 INFO 点击元素'('id', 'com.inkr.sport:id/ivTbMine')'完成
2023-05-15 11:32:00 INFO 查找元素'(('id', 'com.inkr.sport:id/tvUserName'),)'完成
2023-05-15 11:32:10 INFO 点击元素'('id', 'com.inkr.sport:id/tvUserName')'完成
2023-05-15 11:32:41 INFO 查找元素'(('id', 'com.inkr.sport:id/etMobile'),)'完成
2023-05-15 11:34:11 INFO 查找元素'(('id', 'com.inkr.sport:id/btSendCode'),)'完成
2023-05-15 11:34:41 INFO 点击元素'('id', 'com.inkr.sport:id/btSendCode')'完成
2023-05-15 11:35:12 INFO 查找元素'(('id', 'com.inkr.sport:id/etCode'),)'完成
2023-05-15 11:36:42 INFO 查找元素'(('id', 'com.inkr.sport:id/ivPolicyCheckBox'),)'完成
2023-05-15 11:37:12 INFO 点击元素'('id', 'com.inkr.sport:id/ivPolicyCheckBox')'完成
2023-05-15 11:37:42 INFO 查找元素'(('id', 'com.inkr.sport:id/btLogin'),)'完成
2023-05-15 11:38:05 INFO 点击元素'('id', 'com.inkr.sport:id/btLogin')'完成
2023-05-15 11:38:05 INFO 登录账号:13000000012 验证码：123456
2023-05-15 11:38:05 INFO 查找元素'(('id', 'com.inkr.sport:id/tvExpert'),)'完成
2023-05-15 11:38:05 INFO 点击元素'('id', 'com.inkr.sport:id/tvExpert')'完成
2023-05-15 11:38:06 INFO 查找元素'(('id', 'com.inkr.sport:id/tvMenuName'),)'完成
2023-05-15 11:38:06 INFO 点击元素'('id', 'com.inkr.sport:id/tvMenuName')'完成
2023-05-15 11:38:08 INFO 查找元素'(('id', 'com.inkr.sport:id/tvNotMind'),)'完成
2023-05-15 11:38:08 INFO 点击元素'('id', 'com.inkr.sport:id/tvNotMind')'完成
2023-05-15 11:38:08 INFO 查找元素'(('id', 'com.inkr.sport:id/tvConfirm'),)'完成
2023-05-15 11:38:08 INFO 点击元素'('id', 'com.inkr.sport:id/tvConfirm')'完成
2023-05-15 11:38:09 INFO 查找元素'(('id', 'com.inkr.sport:id/tvIKnow'),)'完成
2023-05-15 11:38:09 INFO 点击元素'('id', 'com.inkr.sport:id/tvIKnow')'完成
2023-05-15 11:38:10 INFO 查找元素'(('id', 'com.inkr.sport:id/rlAddMatch'),)'完成
2023-05-15 11:38:10 INFO 点击元素'('id', 'com.inkr.sport:id/rlAddMatch')'完成
2023-05-15 11:38:11 INFO 查找元素'(('id', 'com.inkr.sport:id/tvBasketball'),)'完成
2023-05-15 11:38:12 INFO 点击元素'('id', 'com.inkr.sport:id/tvBasketball')'完成
2023-05-15 11:38:32 ERROR 获取元素'(('xpath', '//*[@resource-id="com.inkr.sport:id/recyclerView"]/android.view.ViewGroup[3]'),)'失败，原因：Message: 
Stacktrace:
NoSuchElementError: An element could not be located on the page using the given search parameters.
    at AndroidUiautomator2Driver.findElOrEls (E:\Appium-Server-GUI-windows-1.22.3-4\resources\app\node_modules\appium\node_modules\appium-android-driver\lib\commands\find.js:75:11)
    at runMicrotasks (<anonymous>)
    at processTicksAndRejections (internal/process/task_queues.js:97:5)
    at AndroidUiautomator2Driver.findElOrElsWithProcessing (E:\Appium-Server-GUI-windows-1.22.3-4\resources\app\node_modules\appium\node_modules\appium-base-driver\lib\basedriver\commands\find.js:33:12)
    at AndroidUiautomator2Driver.findElement (E:\Appium-Server-GUI-windows-1.22.3-4\resources\app\node_modules\appium\node_modules\appium-base-driver\lib\basedriver\commands\find.js:53:10)
2023-05-15 11:38:32 INFO 查找元素'(('id', 'com.inkr.sport:id/tvBd'),)'完成
2023-05-15 11:38:32 INFO 点击元素'('id', 'com.inkr.sport:id/tvBd')'完成
2023-05-15 11:38:33 INFO 查找元素'(('xpath', '//*[@resource-id="com.inkr.sport:id/recyclerView"]/android.view.ViewGroup[5]'),)'完成
2023-05-15 11:38:33 INFO 点击元素'('xpath', '//*[@resource-id="com.inkr.sport:id/recyclerView"]/android.view.ViewGroup[5]')'完成
2023-05-15 11:38:34 INFO 查找元素'(('id', 'com.inkr.sport:id/tvDraft'),)'完成
2023-05-15 11:38:34 INFO 查找元素'(('xpath', "//*[@text='胜平负']"),)'完成
2023-05-15 11:38:34 INFO 点击元素'('xpath', "//*[@text='胜平负']")'完成
2023-05-15 11:38:34 INFO 选择竞篮失败，默认选择北单
2023-05-15 11:38:35 INFO 查找元素'(('xpath', "//*[@text='胜平负']"),)'完成
2023-05-15 11:38:35 INFO 点击元素'('xpath', "//*[@text='胜平负']")'完成
2023-05-15 11:38:35 INFO 选择的玩法类型：竞篮，选择了第2场比赛，选择的玩法方式：胜平负
2023-05-15 11:38:35 INFO 点击元素'('id', 'com.inkr.sport:id/tvValue')'完成
2023-05-15 11:38:36 INFO 点击元素'('id', 'com.inkr.sport:id/tvValue')'完成
2023-05-15 11:38:36 INFO 不选择其他玩法
2023-05-15 11:38:37 INFO 查找元素'(('xpath', '//*[@resource-id ="com.inkr.sport:id/glPrice"]/android.view.ViewGroup[1]'),)'完成
2023-05-15 11:38:37 INFO 点击元素'('xpath', '//*[@resource-id ="com.inkr.sport:id/glPrice"]/android.view.ViewGroup[1]')'完成
2023-05-15 11:38:37 INFO 开始上滑
2023-05-15 11:38:37 INFO 上滑1次
2023-05-15 11:38:37 INFO 上滑完成
2023-05-15 11:38:38 INFO 查找元素'(('id', 'com.inkr.sport:id/tvLostRefund'),)'完成
2023-05-15 11:38:38 INFO 点击元素'('id', 'com.inkr.sport:id/tvLostRefund')'完成
2023-05-15 11:38:38 INFO 不选择专家福利
2023-05-15 11:38:38 INFO 查找元素'(('id', 'com.inkr.sport:id/tvTitle'),)'完成
2023-05-15 11:38:39 INFO 点击元素'('id', 'com.inkr.sport:id/tvTitle')'完成
2023-05-15 11:38:39 INFO 查找元素'(('id', 'com.inkr.sport:id/etContent'),)'完成
2023-05-15 11:38:40 INFO 查找元素'(('id', 'com.inkr.sport:id/tvConfirm'),)'完成
2023-05-15 11:38:40 INFO 点击元素'('id', 'com.inkr.sport:id/tvConfirm')'完成
2023-05-15 11:38:41 INFO 查找元素'(('id', 'com.inkr.sport:id/tvRecommend'),)'完成
2023-05-15 11:38:42 INFO 点击元素'('id', 'com.inkr.sport:id/tvRecommend')'完成
2023-05-15 11:38:42 INFO 查找元素'(('id', 'com.inkr.sport:id/etContent'),)'完成
2023-05-15 11:38:43 INFO 查找元素'(('id', 'com.inkr.sport:id/tvConfirm'),)'完成
2023-05-15 11:38:43 INFO 点击元素'('id', 'com.inkr.sport:id/tvConfirm')'完成
2023-05-15 11:38:44 INFO 查找元素'(('id', 'com.inkr.sport:id/tvContent'),)'完成
2023-05-15 11:38:45 INFO 点击元素'('id', 'com.inkr.sport:id/tvContent')'完成
2023-05-15 11:38:45 INFO 查找元素'(('id', 'com.inkr.sport:id/etContent'),)'完成
2023-05-15 11:38:46 INFO 查找元素'(('id', 'com.inkr.sport:id/tvConfirm'),)'完成
2023-05-15 11:38:46 INFO 点击元素'('id', 'com.inkr.sport:id/tvConfirm')'完成
2023-05-15 11:38:47 INFO 查找元素'(('id', 'com.inkr.sport:id/tvPublish'),)'完成
2023-05-15 11:38:48 INFO 点击元素'('id', 'com.inkr.sport:id/tvPublish')'完成
2023-05-15 11:38:48 INFO 查找元素'(('id', 'com.inkr.sport:id/tvPublish'),)'完成
2023-05-15 11:38:49 INFO 点击元素'('id', 'com.inkr.sport:id/tvPublish')'完成
2023-05-15 11:38:49 INFO 发布方案成功
2023-05-15 13:49:53 INFO *********开始启动APP*********
2023-05-15 13:49:53 INFO 手机参数：{'platformName': 'android', 'platformVersion': '12', 'deviceName': '127.0.0.1:7555', 'automationName': 'UiAutomator2', 'appPackage': 'com.inkr.sport', 'appActivity': 'com.inkr.sport.activities.SplashActivity'}
2023-05-15 13:49:59 INFO *********启动成功*********
2023-05-15 13:49:59 INFO 查找元素'(('id', 'com.inkr.sport:id/tvPopAgreementAgree'),)'完成
2023-05-15 13:50:00 INFO 点击元素'('id', 'com.inkr.sport:id/tvPopAgreementAgree')'完成
2023-05-15 13:50:00 INFO 开始左滑
2023-05-15 13:50:01 INFO 左滑1次
2023-05-15 13:50:02 INFO 左滑2次
2023-05-15 13:50:02 INFO 左滑完成
2023-05-15 13:50:03 INFO 查找元素'(('id', 'com.inkr.sport:id/ivEnterApp'),)'完成
2023-05-15 13:50:04 INFO 点击元素'('id', 'com.inkr.sport:id/ivEnterApp')'完成
2023-05-15 13:50:06 INFO 查找元素'(('id', 'com.inkr.sport:id/ivTbMine'),)'完成
2023-05-15 13:50:06 INFO 点击元素'('id', 'com.inkr.sport:id/ivTbMine')'完成
2023-05-15 13:50:07 INFO 查找元素'(('id', 'com.inkr.sport:id/tvUserName'),)'完成
2023-05-15 13:50:08 INFO 点击元素'('id', 'com.inkr.sport:id/tvUserName')'完成
2023-05-15 13:50:38 INFO 查找元素'(('id', 'com.inkr.sport:id/etMobile'),)'完成
2023-05-15 13:52:08 INFO 查找元素'(('id', 'com.inkr.sport:id/btSendCode'),)'完成
2023-05-15 13:52:39 INFO 点击元素'('id', 'com.inkr.sport:id/btSendCode')'完成
2023-05-15 13:53:09 INFO 查找元素'(('id', 'com.inkr.sport:id/etCode'),)'完成
2023-05-15 13:54:39 INFO 查找元素'(('id', 'com.inkr.sport:id/ivPolicyCheckBox'),)'完成
2023-05-15 13:55:10 INFO 点击元素'('id', 'com.inkr.sport:id/ivPolicyCheckBox')'完成
2023-05-15 13:55:40 INFO 查找元素'(('id', 'com.inkr.sport:id/btLogin'),)'完成
2023-05-15 13:56:03 INFO 点击元素'('id', 'com.inkr.sport:id/btLogin')'完成
2023-05-15 13:56:03 INFO 登录账号:13000000012 验证码：123456
2023-05-15 13:56:03 INFO 查找元素'(('id', 'com.inkr.sport:id/tvExpert'),)'完成
2023-05-15 13:56:04 INFO 点击元素'('id', 'com.inkr.sport:id/tvExpert')'完成
2023-05-15 13:56:04 INFO 查找元素'(('id', 'com.inkr.sport:id/tvMenuName'),)'完成
2023-05-15 13:56:04 INFO 点击元素'('id', 'com.inkr.sport:id/tvMenuName')'完成
2023-05-15 13:56:06 INFO 查找元素'(('id', 'com.inkr.sport:id/tvNotMind'),)'完成
2023-05-15 13:56:06 INFO 点击元素'('id', 'com.inkr.sport:id/tvNotMind')'完成
2023-05-15 13:56:07 INFO 查找元素'(('id', 'com.inkr.sport:id/tvConfirm'),)'完成
2023-05-15 13:56:07 INFO 点击元素'('id', 'com.inkr.sport:id/tvConfirm')'完成
2023-05-15 13:56:07 INFO 查找元素'(('id', 'com.inkr.sport:id/tvIKnow'),)'完成
2023-05-15 13:56:08 INFO 点击元素'('id', 'com.inkr.sport:id/tvIKnow')'完成
2023-05-15 13:56:08 INFO 查找元素'(('id', 'com.inkr.sport:id/rlAddMatch'),)'完成
2023-05-15 13:56:10 INFO 点击元素'('id', 'com.inkr.sport:id/rlAddMatch')'完成
2023-05-15 13:56:10 INFO 查找元素'(('id', 'com.inkr.sport:id/tvBasketball'),)'完成
2023-05-15 13:56:10 INFO 点击元素'('id', 'com.inkr.sport:id/tvBasketball')'完成
2023-05-15 13:56:30 ERROR 获取元素'(('xpath', '//*[@resource-id="com.inkr.sport:id/recyclerView"]/android.view.ViewGroup[3]'),)'失败，原因：Message: 
Stacktrace:
NoSuchElementError: An element could not be located on the page using the given search parameters.
    at AndroidUiautomator2Driver.findElOrEls (E:\Appium-Server-GUI-windows-1.22.3-4\resources\app\node_modules\appium\node_modules\appium-android-driver\lib\commands\find.js:75:11)
    at runMicrotasks (<anonymous>)
    at processTicksAndRejections (internal/process/task_queues.js:97:5)
    at AndroidUiautomator2Driver.findElOrElsWithProcessing (E:\Appium-Server-GUI-windows-1.22.3-4\resources\app\node_modules\appium\node_modules\appium-base-driver\lib\basedriver\commands\find.js:33:12)
    at AndroidUiautomator2Driver.findElement (E:\Appium-Server-GUI-windows-1.22.3-4\resources\app\node_modules\appium\node_modules\appium-base-driver\lib\basedriver\commands\find.js:53:10)
2023-05-15 13:56:30 INFO 查找元素'(('id', 'com.inkr.sport:id/tvBd'),)'完成
2023-05-15 13:56:30 INFO 点击元素'('id', 'com.inkr.sport:id/tvBd')'完成
2023-05-15 13:56:31 INFO 查找元素'(('xpath', '//*[@resource-id="com.inkr.sport:id/recyclerView"]/android.view.ViewGroup[3]'),)'完成
2023-05-15 13:56:31 INFO 点击元素'('xpath', '//*[@resource-id="com.inkr.sport:id/recyclerView"]/android.view.ViewGroup[3]')'完成
2023-05-15 13:56:32 INFO 查找元素'(('id', 'com.inkr.sport:id/tvDraft'),)'完成
2023-05-15 13:56:32 INFO 查找元素'(('xpath', "//*[@text='胜平负']"),)'完成
2023-05-15 13:56:32 INFO 点击元素'('xpath', "//*[@text='胜平负']")'完成
2023-05-15 13:56:32 INFO 选择竞篮失败，默认选择北单
2023-05-15 13:56:32 INFO 查找元素'(('xpath', "//*[@text='胜平负']"),)'完成
2023-05-15 13:56:33 INFO 点击元素'('xpath', "//*[@text='胜平负']")'完成
2023-05-15 13:56:33 INFO 选择的玩法类型：竞篮，选择了第2场比赛，选择的玩法方式：胜平负
2023-05-15 13:56:33 INFO 点击元素'('id', 'com.inkr.sport:id/tvValue')'完成
2023-05-15 13:56:34 INFO 点击元素'('id', 'com.inkr.sport:id/tvValue')'完成
2023-05-15 13:56:34 INFO 不选择其他玩法
2023-05-15 13:56:34 INFO 查找元素'(('xpath', '//*[@resource-id ="com.inkr.sport:id/glPrice"]/android.view.ViewGroup[1]'),)'完成
2023-05-15 13:56:34 INFO 点击元素'('xpath', '//*[@resource-id ="com.inkr.sport:id/glPrice"]/android.view.ViewGroup[1]')'完成
2023-05-15 13:56:34 INFO 开始上滑
2023-05-15 13:56:35 INFO 上滑1次
2023-05-15 13:56:35 INFO 上滑完成
2023-05-15 13:56:35 INFO 查找元素'(('id', 'com.inkr.sport:id/tvLostRefund'),)'完成
2023-05-15 13:56:36 INFO 点击元素'('id', 'com.inkr.sport:id/tvLostRefund')'完成
2023-05-15 13:56:36 INFO 不选择专家福利
2023-05-15 13:56:36 INFO 查找元素'(('id', 'com.inkr.sport:id/tvTitle'),)'完成
2023-05-15 13:56:36 INFO 点击元素'('id', 'com.inkr.sport:id/tvTitle')'完成
2023-05-15 13:56:37 INFO 查找元素'(('id', 'com.inkr.sport:id/etContent'),)'完成
2023-05-15 13:56:37 INFO 查找元素'(('id', 'com.inkr.sport:id/tvConfirm'),)'完成
2023-05-15 13:56:37 INFO 点击元素'('id', 'com.inkr.sport:id/tvConfirm')'完成
2023-05-15 13:56:38 INFO 查找元素'(('id', 'com.inkr.sport:id/tvRecommend'),)'完成
2023-05-15 13:56:39 INFO 点击元素'('id', 'com.inkr.sport:id/tvRecommend')'完成
2023-05-15 13:56:39 INFO 查找元素'(('id', 'com.inkr.sport:id/etContent'),)'完成
2023-05-15 13:56:40 INFO 查找元素'(('id', 'com.inkr.sport:id/tvConfirm'),)'完成
2023-05-15 13:56:40 INFO 点击元素'('id', 'com.inkr.sport:id/tvConfirm')'完成
2023-05-15 13:56:40 INFO 查找元素'(('id', 'com.inkr.sport:id/tvContent'),)'完成
2023-05-15 13:56:41 INFO 点击元素'('id', 'com.inkr.sport:id/tvContent')'完成
2023-05-15 13:56:41 INFO 查找元素'(('id', 'com.inkr.sport:id/etContent'),)'完成
2023-05-15 13:56:43 INFO 查找元素'(('id', 'com.inkr.sport:id/tvConfirm'),)'完成
2023-05-15 13:56:43 INFO 点击元素'('id', 'com.inkr.sport:id/tvConfirm')'完成
2023-05-15 13:56:43 INFO 查找元素'(('id', 'com.inkr.sport:id/tvPublish'),)'完成
2023-05-15 13:56:44 INFO 点击元素'('id', 'com.inkr.sport:id/tvPublish')'完成
2023-05-15 13:56:44 INFO 查找元素'(('id', 'com.inkr.sport:id/tvPublish'),)'完成
2023-05-15 13:56:45 INFO 点击元素'('id', 'com.inkr.sport:id/tvPublish')'完成
2023-05-15 13:56:45 INFO 发布方案成功
