2023-03-15 09:08:31 INFO 其他玩法选择完成
2023-03-15 09:08:31 INFO *********开始启动APP*********
2023-03-15 09:08:31 INFO 手机参数：{'platformName': 'android', 'platformVersion': '12', 'deviceName': '127.0.0.1:7555', 'automationName': 'UiAutomator2', 'appPackage': 'com.inkr.sport', 'appActivity': 'com.inkr.sport.activities.SplashActivity'}
2023-03-15 09:08:38 INFO *********启动成功*********
2023-03-15 09:08:39 INFO 查找元素'(('id', 'com.inkr.sport:id/tvPopAgreementAgree'),)'完成
2023-03-15 09:08:39 INFO 点击元素'('id', 'com.inkr.sport:id/tvPopAgreementAgree')'完成
2023-03-15 09:08:39 INFO 开始左滑
2023-03-15 09:08:40 INFO 左滑1次
2023-03-15 09:08:42 INFO 左滑2次
2023-03-15 09:08:42 INFO 左滑完成
2023-03-15 09:08:43 INFO 查找元素'(('id', 'com.inkr.sport:id/ivEnterApp'),)'完成
2023-03-15 09:08:43 INFO 点击元素'('id', 'com.inkr.sport:id/ivEnterApp')'完成
2023-03-15 09:08:48 INFO 查找元素'(('id', 'com.inkr.sport:id/ivTbMine'),)'完成
2023-03-15 09:08:48 INFO 点击元素'('id', 'com.inkr.sport:id/ivTbMine')'完成
2023-03-15 09:08:48 INFO 查找元素'(('id', 'com.inkr.sport:id/tvUserName'),)'完成
2023-03-15 09:08:48 INFO 点击元素'('id', 'com.inkr.sport:id/tvUserName')'完成
2023-03-15 09:09:20 INFO 查找元素'(('id', 'com.inkr.sport:id/tvAccountLogin'),)'完成
2023-03-15 09:09:50 INFO 点击元素'('id', 'com.inkr.sport:id/tvAccountLogin')'完成
2023-03-15 09:11:40 INFO 查找元素'(('id', 'com.inkr.sport:id/etPd'),)'完成
2023-03-15 09:13:11 INFO 查找元素'(('id', 'com.inkr.sport:id/ivPolicyCheckBox'),)'完成
2023-03-15 09:13:41 INFO 点击元素'('id', 'com.inkr.sport:id/ivPolicyCheckBox')'完成
2023-03-15 09:14:11 INFO 查找元素'(('id', 'com.inkr.sport:id/btLogin'),)'完成
2023-03-15 09:14:32 INFO 点击元素'('id', 'com.inkr.sport:id/btLogin')'完成
2023-03-15 09:14:32 INFO 登录成功账号:13000000011 密码：abc123456
2023-03-15 09:14:35 INFO 查找元素'(('id', 'com.inkr.sport:id/tvExpert'),)'完成
2023-03-15 09:14:35 INFO 点击元素'('id', 'com.inkr.sport:id/tvExpert')'完成
2023-03-15 09:14:35 INFO 查找元素'(('id', 'com.inkr.sport:id/tvMenuName'),)'完成
2023-03-15 09:14:36 INFO 点击元素'('id', 'com.inkr.sport:id/tvMenuName')'完成
2023-03-15 09:14:37 INFO 查找元素'(('id', 'com.inkr.sport:id/tvNotMind'),)'完成
2023-03-15 09:14:37 INFO 点击元素'('id', 'com.inkr.sport:id/tvNotMind')'完成
2023-03-15 09:14:38 INFO 查找元素'(('id', 'com.inkr.sport:id/tvConfirm'),)'完成
2023-03-15 09:14:38 INFO 点击元素'('id', 'com.inkr.sport:id/tvConfirm')'完成
2023-03-15 09:14:38 INFO 查找元素'(('id', 'com.inkr.sport:id/tvIKnow'),)'完成
2023-03-15 09:14:38 INFO 点击元素'('id', 'com.inkr.sport:id/tvIKnow')'完成
2023-03-15 09:14:39 INFO 查找元素'(('id', 'com.inkr.sport:id/rlAddMatch'),)'完成
2023-03-15 09:14:39 INFO 点击元素'('id', 'com.inkr.sport:id/rlAddMatch')'完成
2023-03-15 09:14:41 INFO 查找元素'(('id', 'com.inkr.sport:id/tvBasketball'),)'完成
2023-03-15 09:14:41 INFO 点击元素'('id', 'com.inkr.sport:id/tvBasketball')'完成
2023-03-15 09:14:41 INFO 选择了jinglan玩法
2023-03-15 09:14:42 INFO 查找元素'(('xpath', '//*[@resource-id="com.inkr.sport:id/recyclerView"]/android.view.ViewGroup[2]'),)'完成
2023-03-15 09:14:43 INFO 点击元素'('xpath', '//*[@resource-id="com.inkr.sport:id/recyclerView"]/android.view.ViewGroup[2]')'完成
2023-03-15 09:14:43 INFO 选择了第1比赛
2023-03-15 09:14:43 ERROR 获取第三个元素失败，原因list index out of range
2023-03-15 09:23:43 INFO 其他玩法选择完成
2023-03-15 09:23:43 INFO *********开始启动APP*********
2023-03-15 09:23:43 INFO 手机参数：{'platformName': 'android', 'platformVersion': '12', 'deviceName': '127.0.0.1:7555', 'automationName': 'UiAutomator2', 'appPackage': 'com.inkr.sport', 'appActivity': 'com.inkr.sport.activities.SplashActivity'}
2023-03-15 09:23:50 INFO *********启动成功*********
2023-03-15 09:23:51 INFO 查找元素'(('id', 'com.inkr.sport:id/tvPopAgreementAgree'),)'完成
2023-03-15 09:23:51 INFO 点击元素'('id', 'com.inkr.sport:id/tvPopAgreementAgree')'完成
2023-03-15 09:23:51 INFO 开始左滑
2023-03-15 09:23:52 INFO 左滑1次
2023-03-15 09:23:53 INFO 左滑2次
2023-03-15 09:23:53 INFO 左滑完成
2023-03-15 09:23:54 INFO 查找元素'(('id', 'com.inkr.sport:id/ivEnterApp'),)'完成
2023-03-15 09:23:55 INFO 点击元素'('id', 'com.inkr.sport:id/ivEnterApp')'完成
2023-03-15 09:23:59 INFO 查找元素'(('id', 'com.inkr.sport:id/ivTbMine'),)'完成
2023-03-15 09:23:59 INFO 点击元素'('id', 'com.inkr.sport:id/ivTbMine')'完成
2023-03-15 09:24:00 INFO 查找元素'(('id', 'com.inkr.sport:id/tvUserName'),)'完成
2023-03-15 09:24:00 INFO 点击元素'('id', 'com.inkr.sport:id/tvUserName')'完成
2023-03-15 09:24:30 INFO 查找元素'(('id', 'com.inkr.sport:id/tvAccountLogin'),)'完成
2023-03-15 09:25:00 INFO 点击元素'('id', 'com.inkr.sport:id/tvAccountLogin')'完成
2023-03-15 09:26:51 INFO 查找元素'(('id', 'com.inkr.sport:id/etPd'),)'完成
2023-03-15 09:28:21 INFO 查找元素'(('id', 'com.inkr.sport:id/ivPolicyCheckBox'),)'完成
2023-03-15 09:28:51 INFO 点击元素'('id', 'com.inkr.sport:id/ivPolicyCheckBox')'完成
2023-03-15 09:29:22 INFO 查找元素'(('id', 'com.inkr.sport:id/btLogin'),)'完成
2023-03-15 09:29:42 INFO 点击元素'('id', 'com.inkr.sport:id/btLogin')'完成
2023-03-15 09:29:42 INFO 登录成功账号:13000000011 密码：abc123456
2023-03-15 09:31:29 INFO 其他玩法选择完成
2023-03-15 09:31:29 INFO *********开始启动APP*********
2023-03-15 09:31:29 INFO 手机参数：{'platformName': 'android', 'platformVersion': '12', 'deviceName': '127.0.0.1:7555', 'automationName': 'UiAutomator2', 'appPackage': 'com.inkr.sport', 'appActivity': 'com.inkr.sport.activities.SplashActivity'}
2023-03-15 09:31:35 INFO *********启动成功*********
2023-03-15 09:31:35 INFO 查找元素'(('id', 'com.inkr.sport:id/tvPopAgreementAgree'),)'完成
2023-03-15 09:31:35 INFO 点击元素'('id', 'com.inkr.sport:id/tvPopAgreementAgree')'完成
2023-03-15 09:31:35 INFO 开始左滑
2023-03-15 09:31:37 INFO 左滑1次
2023-03-15 09:31:38 INFO 左滑2次
2023-03-15 09:31:38 INFO 左滑完成
2023-03-15 09:31:39 INFO 查找元素'(('id', 'com.inkr.sport:id/ivEnterApp'),)'完成
2023-03-15 09:31:39 INFO 点击元素'('id', 'com.inkr.sport:id/ivEnterApp')'完成
2023-03-15 09:31:42 INFO 查找元素'(('id', 'com.inkr.sport:id/ivTbMine'),)'完成
2023-03-15 09:31:43 INFO 点击元素'('id', 'com.inkr.sport:id/ivTbMine')'完成
2023-03-15 09:31:43 INFO 查找元素'(('id', 'com.inkr.sport:id/tvUserName'),)'完成
2023-03-15 09:31:43 INFO 点击元素'('id', 'com.inkr.sport:id/tvUserName')'完成
2023-03-15 09:32:14 INFO 查找元素'(('id', 'com.inkr.sport:id/tvAccountLogin'),)'完成
2023-03-15 09:32:44 INFO 点击元素'('id', 'com.inkr.sport:id/tvAccountLogin')'完成
2023-03-15 09:34:34 INFO 查找元素'(('id', 'com.inkr.sport:id/etPd'),)'完成
2023-03-15 09:36:05 INFO 查找元素'(('id', 'com.inkr.sport:id/ivPolicyCheckBox'),)'完成
2023-03-15 09:36:35 INFO 点击元素'('id', 'com.inkr.sport:id/ivPolicyCheckBox')'完成
2023-03-15 09:37:06 INFO 查找元素'(('id', 'com.inkr.sport:id/btLogin'),)'完成
2023-03-15 09:37:26 INFO 点击元素'('id', 'com.inkr.sport:id/btLogin')'完成
2023-03-15 09:37:26 INFO 登录成功账号:13000000011 密码：abc123456
2023-03-15 09:37:29 INFO 查找元素'(('id', 'com.inkr.sport:id/tvExpert'),)'完成
2023-03-15 09:37:29 INFO 点击元素'('id', 'com.inkr.sport:id/tvExpert')'完成
2023-03-15 09:37:30 INFO 查找元素'(('id', 'com.inkr.sport:id/tvMenuName'),)'完成
2023-03-15 09:37:30 INFO 点击元素'('id', 'com.inkr.sport:id/tvMenuName')'完成
2023-03-15 09:37:32 INFO 查找元素'(('id', 'com.inkr.sport:id/tvNotMind'),)'完成
2023-03-15 09:37:32 INFO 点击元素'('id', 'com.inkr.sport:id/tvNotMind')'完成
2023-03-15 09:37:32 INFO 查找元素'(('id', 'com.inkr.sport:id/tvConfirm'),)'完成
2023-03-15 09:37:32 INFO 点击元素'('id', 'com.inkr.sport:id/tvConfirm')'完成
2023-03-15 09:37:33 INFO 查找元素'(('id', 'com.inkr.sport:id/tvIKnow'),)'完成
2023-03-15 09:37:33 INFO 点击元素'('id', 'com.inkr.sport:id/tvIKnow')'完成
2023-03-15 09:37:34 INFO 查找元素'(('id', 'com.inkr.sport:id/rlAddMatch'),)'完成
2023-03-15 09:37:36 INFO 点击元素'('id', 'com.inkr.sport:id/rlAddMatch')'完成
2023-03-15 09:37:36 INFO 查找元素'(('id', 'com.inkr.sport:id/tvBasketball'),)'完成
2023-03-15 09:37:36 INFO 点击元素'('id', 'com.inkr.sport:id/tvBasketball')'完成
2023-03-15 09:37:36 INFO 选择了jinglan玩法
2023-03-15 09:37:37 INFO 查找元素'(('xpath', '//*[@resource-id="com.inkr.sport:id/recyclerView"]/android.view.ViewGroup[2]'),)'完成
2023-03-15 09:37:37 INFO 点击元素'('xpath', '//*[@resource-id="com.inkr.sport:id/recyclerView"]/android.view.ViewGroup[2]')'完成
2023-03-15 09:37:37 INFO 选择了第1比赛
2023-03-15 09:54:28 INFO 其他玩法选择完成
2023-03-15 09:54:28 INFO *********开始启动APP*********
2023-03-15 09:54:28 INFO 手机参数：{'platformName': 'android', 'platformVersion': '12', 'deviceName': '127.0.0.1:7555', 'automationName': 'UiAutomator2', 'appPackage': 'com.inkr.sport', 'appActivity': 'com.inkr.sport.activities.SplashActivity'}
2023-03-15 09:54:35 INFO *********启动成功*********
2023-03-15 09:54:35 INFO 查找元素'(('id', 'com.inkr.sport:id/tvPopAgreementAgree'),)'完成
2023-03-15 09:54:36 INFO 点击元素'('id', 'com.inkr.sport:id/tvPopAgreementAgree')'完成
2023-03-15 09:54:36 INFO 开始左滑
2023-03-15 09:54:38 INFO 左滑1次
2023-03-15 09:54:39 INFO 左滑2次
2023-03-15 09:54:39 INFO 左滑完成
2023-03-15 09:54:40 INFO 查找元素'(('id', 'com.inkr.sport:id/ivEnterApp'),)'完成
2023-03-15 09:54:40 INFO 点击元素'('id', 'com.inkr.sport:id/ivEnterApp')'完成
2023-03-15 09:54:44 INFO 查找元素'(('id', 'com.inkr.sport:id/ivTbMine'),)'完成
2023-03-15 09:54:45 INFO 点击元素'('id', 'com.inkr.sport:id/ivTbMine')'完成
2023-03-15 09:54:45 INFO 查找元素'(('id', 'com.inkr.sport:id/tvUserName'),)'完成
2023-03-15 09:54:55 INFO 点击元素'('id', 'com.inkr.sport:id/tvUserName')'完成
2023-03-15 09:55:25 INFO 查找元素'(('id', 'com.inkr.sport:id/tvAccountLogin'),)'完成
2023-03-15 09:55:56 INFO 点击元素'('id', 'com.inkr.sport:id/tvAccountLogin')'完成
2023-03-15 09:57:46 INFO 查找元素'(('id', 'com.inkr.sport:id/etPd'),)'完成
2023-03-15 09:59:17 INFO 查找元素'(('id', 'com.inkr.sport:id/ivPolicyCheckBox'),)'完成
2023-03-15 09:59:47 INFO 点击元素'('id', 'com.inkr.sport:id/ivPolicyCheckBox')'完成
2023-03-15 10:00:18 INFO 查找元素'(('id', 'com.inkr.sport:id/btLogin'),)'完成
2023-03-15 10:00:38 INFO 点击元素'('id', 'com.inkr.sport:id/btLogin')'完成
2023-03-15 10:00:38 INFO 登录成功账号:13000000011 密码：abc123456
2023-03-15 10:00:41 INFO 查找元素'(('id', 'com.inkr.sport:id/tvExpert'),)'完成
2023-03-15 10:00:41 INFO 点击元素'('id', 'com.inkr.sport:id/tvExpert')'完成
2023-03-15 10:00:42 INFO 查找元素'(('id', 'com.inkr.sport:id/tvMenuName'),)'完成
2023-03-15 10:00:42 INFO 点击元素'('id', 'com.inkr.sport:id/tvMenuName')'完成
2023-03-15 10:00:43 INFO 查找元素'(('id', 'com.inkr.sport:id/tvNotMind'),)'完成
2023-03-15 10:00:43 INFO 点击元素'('id', 'com.inkr.sport:id/tvNotMind')'完成
2023-03-15 10:00:44 INFO 查找元素'(('id', 'com.inkr.sport:id/tvConfirm'),)'完成
2023-03-15 10:00:44 INFO 点击元素'('id', 'com.inkr.sport:id/tvConfirm')'完成
2023-03-15 10:00:45 INFO 查找元素'(('id', 'com.inkr.sport:id/tvIKnow'),)'完成
2023-03-15 10:00:45 INFO 点击元素'('id', 'com.inkr.sport:id/tvIKnow')'完成
2023-03-15 10:00:45 INFO 查找元素'(('id', 'com.inkr.sport:id/rlAddMatch'),)'完成
2023-03-15 10:00:46 INFO 点击元素'('id', 'com.inkr.sport:id/rlAddMatch')'完成
2023-03-15 10:00:48 INFO 查找元素'(('id', 'com.inkr.sport:id/tvBasketball'),)'完成
2023-03-15 10:00:48 INFO 点击元素'('id', 'com.inkr.sport:id/tvBasketball')'完成
2023-03-15 10:00:48 INFO 选择了jinglan玩法
2023-03-15 10:01:09 ERROR 获取元素'(('xpath', '//*[@resource-id="com.inkr.sport:id/recyclerView"]/android.view.ViewGroup[2]'),)'失败，原因：Message: 
Stacktrace:
NoSuchElementError: An element could not be located on the page using the given search parameters.
    at AndroidUiautomator2Driver.findElOrEls (E:\Appium-Server-GUI-windows-1.22.3-4\resources\app\node_modules\appium\node_modules\appium-android-driver\lib\commands\find.js:75:11)
    at runMicrotasks (<anonymous>)
    at processTicksAndRejections (internal/process/task_queues.js:97:5)
    at AndroidUiautomator2Driver.findElOrElsWithProcessing (E:\Appium-Server-GUI-windows-1.22.3-4\resources\app\node_modules\appium\node_modules\appium-base-driver\lib\basedriver\commands\find.js:33:12)
    at AndroidUiautomator2Driver.findElement (E:\Appium-Server-GUI-windows-1.22.3-4\resources\app\node_modules\appium\node_modules\appium-base-driver\lib\basedriver\commands\find.js:53:10)
