2023-05-05 16:30:36 INFO *********开始启动APP*********
2023-05-05 16:30:36 INFO 手机参数：{'platformName': 'android', 'platformVersion': '12', 'deviceName': '127.0.0.1:7555', 'automationName': 'UiAutomator2', 'appPackage': 'com.inkr.sport', 'appActivity': 'com.inkr.sport.activities.SplashActivity'}
2023-05-05 16:30:38 WARNING Retrying (Retry(total=2, connect=None, read=None, redirect=None, status=None)) after connection broken by 'NewConnectionError('<urllib3.connection.HTTPConnection object at 0x00000286FDC25D88>: Failed to establish a new connection: [WinError 10061] 由于目标计算机积极拒绝，无法连接。')': /wd/hub/session
2023-05-05 16:30:40 WARNING Retrying (Retry(total=1, connect=None, read=None, redirect=None, status=None)) after connection broken by 'NewConnectionError('<urllib3.connection.HTTPConnection object at 0x00000286FDBE5848>: Failed to establish a new connection: [WinError 10061] 由于目标计算机积极拒绝，无法连接。')': /wd/hub/session
2023-05-05 16:30:42 WARNING Retrying (Retry(total=0, connect=None, read=None, redirect=None, status=None)) after connection broken by 'NewConnectionError('<urllib3.connection.HTTPConnection object at 0x00000286FDBE5308>: Failed to establish a new connection: [WinError 10061] 由于目标计算机积极拒绝，无法连接。')': /wd/hub/session
2023-05-05 16:31:13 INFO *********开始启动APP*********
2023-05-05 16:31:13 INFO 手机参数：{'platformName': 'android', 'platformVersion': '12', 'deviceName': '127.0.0.1:7555', 'automationName': 'UiAutomator2', 'appPackage': 'com.inkr.sport', 'appActivity': 'com.inkr.sport.activities.SplashActivity'}
2023-05-05 16:31:15 WARNING Retrying (Retry(total=2, connect=None, read=None, redirect=None, status=None)) after connection broken by 'NewConnectionError('<urllib3.connection.HTTPConnection object at 0x00000233A1882208>: Failed to establish a new connection: [WinError 10061] 由于目标计算机积极拒绝，无法连接。')': /wd/hub/session
2023-05-05 16:31:17 WARNING Retrying (Retry(total=1, connect=None, read=None, redirect=None, status=None)) after connection broken by 'NewConnectionError('<urllib3.connection.HTTPConnection object at 0x00000233A189A488>: Failed to establish a new connection: [WinError 10061] 由于目标计算机积极拒绝，无法连接。')': /wd/hub/session
2023-05-05 16:31:19 WARNING Retrying (Retry(total=0, connect=None, read=None, redirect=None, status=None)) after connection broken by 'NewConnectionError('<urllib3.connection.HTTPConnection object at 0x00000233A1871B88>: Failed to establish a new connection: [WinError 10061] 由于目标计算机积极拒绝，无法连接。')': /wd/hub/session
2023-05-05 16:31:34 INFO *********开始启动APP*********
2023-05-05 16:31:34 INFO 手机参数：{'platformName': 'android', 'platformVersion': '12', 'deviceName': '127.0.0.1:7555', 'automationName': 'UiAutomator2', 'appPackage': 'com.inkr.sport', 'appActivity': 'com.inkr.sport.activities.SplashActivity'}
2023-05-05 16:31:42 INFO *********启动成功*********
2023-05-05 16:31:58 INFO *********开始启动APP*********
2023-05-05 16:31:58 INFO 手机参数：{'platformName': 'android', 'platformVersion': '12', 'deviceName': '127.0.0.1:7555', 'automationName': 'UiAutomator2', 'appPackage': 'com.inkr.sport', 'appActivity': 'com.inkr.sport.activities.SplashActivity'}
2023-05-05 16:32:05 INFO *********启动成功*********
2023-05-05 16:32:05 INFO **************用例开始执行**************
2023-05-05 16:32:06 INFO 查找元素'(('id', 'com.inkr.sport:id/tvPopAgreementAgree'),)'完成
2023-05-05 16:32:06 INFO 点击元素'('id', 'com.inkr.sport:id/tvPopAgreementAgree')'完成
2023-05-05 16:32:06 INFO 开始左滑
2023-05-05 16:32:07 INFO 左滑1次
2023-05-05 16:32:08 INFO 左滑2次
2023-05-05 16:32:08 INFO 左滑完成
2023-05-05 16:32:09 INFO 查找元素'(('id', 'com.inkr.sport:id/ivEnterApp'),)'完成
2023-05-05 16:32:09 INFO 点击元素'('id', 'com.inkr.sport:id/ivEnterApp')'完成
2023-05-05 16:32:13 INFO 查找元素'(('id', 'com.inkr.sport:id/ivTbMine'),)'完成
2023-05-05 16:32:13 INFO 点击元素'('id', 'com.inkr.sport:id/ivTbMine')'完成
2023-05-05 16:32:13 INFO 查找元素'(('id', 'com.inkr.sport:id/tvUserName'),)'完成
2023-05-05 16:32:23 INFO 点击元素'('id', 'com.inkr.sport:id/tvUserName')'完成
2023-05-05 16:32:44 ERROR 获取元素'(('id', 'com.inkr.sport:id/tvAccountLogin'),)'失败，原因：Message: 
Stacktrace:
NoSuchElementError: An element could not be located on the page using the given search parameters.
    at AndroidUiautomator2Driver.findElOrEls (E:\Appium-Server-GUI-windows-1.22.3-4\resources\app\node_modules\appium\node_modules\appium-android-driver\lib\commands\find.js:75:11)
    at runMicrotasks (<anonymous>)
    at processTicksAndRejections (internal/process/task_queues.js:97:5)
    at AndroidUiautomator2Driver.findElOrElsWithProcessing (E:\Appium-Server-GUI-windows-1.22.3-4\resources\app\node_modules\appium\node_modules\appium-base-driver\lib\basedriver\commands\find.js:33:12)
    at AndroidUiautomator2Driver.findElement (E:\Appium-Server-GUI-windows-1.22.3-4\resources\app\node_modules\appium\node_modules\appium-base-driver\lib\basedriver\commands\find.js:53:10)
2023-05-05 16:32:56 INFO **************用例执行结束**************
2023-05-05 16:32:58 INFO *********开始启动APP*********
2023-05-05 16:32:58 INFO 手机参数：{'platformName': 'android', 'platformVersion': '12', 'deviceName': '127.0.0.1:7555', 'automationName': 'UiAutomator2', 'appPackage': 'com.inkr.sport', 'appActivity': 'com.inkr.sport.activities.SplashActivity'}
2023-05-05 16:33:05 INFO *********启动成功*********
2023-05-05 16:33:05 INFO **************用例开始执行**************
2023-05-05 16:33:05 INFO 查找元素'(('id', 'com.inkr.sport:id/tvPopAgreementAgree'),)'完成
2023-05-05 16:33:05 INFO 点击元素'('id', 'com.inkr.sport:id/tvPopAgreementAgree')'完成
2023-05-05 16:33:05 INFO 开始左滑
2023-05-05 16:33:07 INFO 左滑1次
2023-05-05 16:33:08 INFO 左滑2次
2023-05-05 16:33:08 INFO 左滑完成
2023-05-05 16:33:09 INFO 查找元素'(('id', 'com.inkr.sport:id/ivEnterApp'),)'完成
2023-05-05 16:33:09 INFO 点击元素'('id', 'com.inkr.sport:id/ivEnterApp')'完成
2023-05-05 16:33:12 INFO 查找元素'(('id', 'com.inkr.sport:id/ivTbMine'),)'完成
2023-05-05 16:33:13 INFO 点击元素'('id', 'com.inkr.sport:id/ivTbMine')'完成
2023-05-05 16:33:13 INFO 查找元素'(('id', 'com.inkr.sport:id/tvUserName'),)'完成
2023-05-05 16:33:23 INFO 点击元素'('id', 'com.inkr.sport:id/tvUserName')'完成
2023-05-05 16:33:53 INFO 查找元素'(('id', 'com.inkr.sport:id/tvAccountLogin'),)'完成
2023-05-05 16:34:23 INFO 点击元素'('id', 'com.inkr.sport:id/tvAccountLogin')'完成
2023-05-05 16:36:14 INFO 查找元素'(('id', 'com.inkr.sport:id/etPd'),)'完成
2023-05-05 16:37:45 INFO 查找元素'(('id', 'com.inkr.sport:id/ivPolicyCheckBox'),)'完成
2023-05-05 16:38:15 INFO 点击元素'('id', 'com.inkr.sport:id/ivPolicyCheckBox')'完成
2023-05-05 16:38:45 INFO 查找元素'(('id', 'com.inkr.sport:id/btLogin'),)'完成
2023-05-05 16:39:15 INFO 点击元素'('id', 'com.inkr.sport:id/btLogin')'完成
2023-05-05 16:39:15 INFO 登录账号:13000000011 密码：abc12456
2023-05-05 16:39:46 INFO 查找元素'(('id', 'com.inkr.sport:id/ivAuthQQ'),)'完成
2023-05-05 16:40:06 INFO 用户信息的value为：com.inkr.sport:id/ivAuthQQ
2023-05-05 16:40:36 INFO 查找元素'(('id', 'com.inkr.sport:id/tvAccountLogin'),)'完成
2023-05-05 16:41:06 INFO 点击元素'('id', 'com.inkr.sport:id/tvAccountLogin')'完成
2023-05-05 16:42:57 INFO 查找元素'(('id', 'com.inkr.sport:id/etPd'),)'完成
2023-05-05 16:44:27 INFO 查找元素'(('id', 'com.inkr.sport:id/btLogin'),)'完成
2023-05-05 16:44:57 INFO 点击元素'('id', 'com.inkr.sport:id/btLogin')'完成
2023-05-05 16:44:57 INFO 登录账号:23000000011 密码：abc123456
2023-05-05 16:45:28 INFO 查找元素'(('id', 'com.inkr.sport:id/ivAuthQQ'),)'完成
2023-05-05 16:45:48 INFO 用户信息的value为：com.inkr.sport:id/ivAuthQQ
2023-05-05 16:46:18 INFO 查找元素'(('id', 'com.inkr.sport:id/tvAccountLogin'),)'完成
2023-05-05 16:46:48 INFO 点击元素'('id', 'com.inkr.sport:id/tvAccountLogin')'完成
2023-05-05 16:48:39 INFO 查找元素'(('id', 'com.inkr.sport:id/etPd'),)'完成
2023-05-05 16:50:10 INFO 查找元素'(('id', 'com.inkr.sport:id/btLogin'),)'完成
2023-05-05 16:50:40 INFO 点击元素'('id', 'com.inkr.sport:id/btLogin')'完成
2023-05-05 16:50:40 INFO 登录账号:33000000011 密码：ab555c123456
2023-05-05 16:51:10 INFO 查找元素'(('id', 'com.inkr.sport:id/ivAuthQQ'),)'完成
2023-05-05 16:51:30 INFO 用户信息的value为：com.inkr.sport:id/ivAuthQQ
2023-05-05 16:52:00 INFO 查找元素'(('id', 'com.inkr.sport:id/tvAccountLogin'),)'完成
2023-05-05 16:52:31 INFO 点击元素'('id', 'com.inkr.sport:id/tvAccountLogin')'完成
2023-05-05 16:54:22 INFO 查找元素'(('id', 'com.inkr.sport:id/etPd'),)'完成
2023-05-05 16:55:52 INFO 查找元素'(('id', 'com.inkr.sport:id/btLogin'),)'完成
2023-05-05 16:56:13 INFO 点击元素'('id', 'com.inkr.sport:id/btLogin')'完成
2023-05-05 16:56:13 INFO 登录账号:13000000012 密码：abc123456
2023-05-05 16:56:15 INFO 查找元素'(('id', 'com.inkr.sport:id/tvUserName'),)'完成
2023-05-05 16:56:15 INFO 用户信息的value为：com.inkr.sport:id/tvUserName
2023-05-05 16:56:15 INFO 查找元素'(('id', 'com.inkr.sport:id/tvExpert'),)'完成
2023-05-05 16:56:15 INFO 点击元素'('id', 'com.inkr.sport:id/tvExpert')'完成
2023-05-05 16:56:16 INFO 查找元素'(('id', 'com.inkr.sport:id/tvMenuName'),)'完成
2023-05-05 16:56:16 INFO 点击元素'('id', 'com.inkr.sport:id/tvMenuName')'完成
2023-05-05 16:56:17 INFO 查找元素'(('id', 'com.inkr.sport:id/tvNotMind'),)'完成
2023-05-05 16:56:17 INFO 点击元素'('id', 'com.inkr.sport:id/tvNotMind')'完成
2023-05-05 16:56:18 INFO 查找元素'(('id', 'com.inkr.sport:id/tvConfirm'),)'完成
2023-05-05 16:56:18 INFO 点击元素'('id', 'com.inkr.sport:id/tvConfirm')'完成
2023-05-05 16:56:19 INFO 查找元素'(('id', 'com.inkr.sport:id/tvIKnow'),)'完成
2023-05-05 16:56:19 INFO 点击元素'('id', 'com.inkr.sport:id/tvIKnow')'完成
2023-05-05 16:56:20 INFO 查找元素'(('id', 'com.inkr.sport:id/rlAddMatch'),)'完成
2023-05-05 16:56:20 INFO 点击元素'('id', 'com.inkr.sport:id/rlAddMatch')'完成
2023-05-05 16:56:24 INFO 查找元素'(('id', 'com.inkr.sport:id/tvFootball'),)'完成
2023-05-05 16:56:24 INFO 点击元素'('id', 'com.inkr.sport:id/tvFootball')'完成
2023-05-05 16:56:25 INFO 查找元素'(('xpath', '//*[@resource-id="com.inkr.sport:id/recyclerView"]/android.view.ViewGroup[2]'),)'完成
2023-05-05 16:56:25 INFO 点击元素'('xpath', '//*[@resource-id="com.inkr.sport:id/recyclerView"]/android.view.ViewGroup[2]')'完成
2023-05-05 16:56:26 INFO 查找元素'(('id', 'com.inkr.sport:id/tvDraft'),)'完成
2023-05-05 16:56:26 INFO 查找元素'(('xpath', "//*[@text='胜平负']"),)'完成
2023-05-05 16:56:26 INFO 点击元素'('xpath', "//*[@text='胜平负']")'完成
2023-05-05 16:56:26 INFO 选择的玩法类型：竞足，选择了第1场比赛，选择的玩法方式：胜平负
2023-05-05 16:56:27 INFO 不能选择主推次推2
2023-05-05 16:56:27 INFO 查找元素'(('id', 'com.inkr.sport:id/firstItem'),)'完成
2023-05-05 16:56:27 INFO 点击元素'('id', 'com.inkr.sport:id/firstItem')'完成
2023-05-05 16:56:27 INFO 不选择其他玩法
2023-05-05 16:56:28 INFO 查找元素'(('xpath', '//*[@resource-id ="com.inkr.sport:id/glPrice"]/android.view.ViewGroup[1]'),)'完成
2023-05-05 16:56:28 INFO 点击元素'('xpath', '//*[@resource-id ="com.inkr.sport:id/glPrice"]/android.view.ViewGroup[1]')'完成
2023-05-05 16:56:28 INFO 开始上滑
2023-05-05 16:56:28 INFO 上滑完成
2023-05-05 16:56:28 INFO 不选择促销信息
2023-05-05 16:56:28 INFO 不选择专家福利
2023-05-05 16:56:29 INFO 查找元素'(('id', 'com.inkr.sport:id/tvTitle'),)'完成
2023-05-05 16:56:30 INFO 点击元素'('id', 'com.inkr.sport:id/tvTitle')'完成
2023-05-05 16:56:30 INFO 查找元素'(('id', 'com.inkr.sport:id/etContent'),)'完成
2023-05-05 16:56:31 INFO 查找元素'(('id', 'com.inkr.sport:id/tvConfirm'),)'完成
2023-05-05 16:56:31 INFO 点击元素'('id', 'com.inkr.sport:id/tvConfirm')'完成
2023-05-05 16:56:32 INFO 查找元素'(('id', 'com.inkr.sport:id/tvRecommend'),)'完成
2023-05-05 16:56:33 INFO 点击元素'('id', 'com.inkr.sport:id/tvRecommend')'完成
2023-05-05 16:56:33 INFO 查找元素'(('id', 'com.inkr.sport:id/etContent'),)'完成
2023-05-05 16:56:34 INFO 查找元素'(('id', 'com.inkr.sport:id/tvConfirm'),)'完成
2023-05-05 16:56:34 INFO 点击元素'('id', 'com.inkr.sport:id/tvConfirm')'完成
2023-05-05 16:56:35 INFO 查找元素'(('id', 'com.inkr.sport:id/tvContent'),)'完成
2023-05-05 16:56:36 INFO 点击元素'('id', 'com.inkr.sport:id/tvContent')'完成
2023-05-05 16:56:36 INFO 查找元素'(('id', 'com.inkr.sport:id/etContent'),)'完成
2023-05-05 16:56:36 INFO 查找元素'(('id', 'com.inkr.sport:id/tvConfirm'),)'完成
2023-05-05 16:56:36 INFO 点击元素'('id', 'com.inkr.sport:id/tvConfirm')'完成
2023-05-05 16:56:37 INFO 查找元素'(('id', 'com.inkr.sport:id/tvPublish'),)'完成
2023-05-05 16:56:38 INFO 点击元素'('id', 'com.inkr.sport:id/tvPublish')'完成
2023-05-05 16:56:38 INFO 查找元素'(('id', 'com.inkr.sport:id/tvPublish'),)'完成
2023-05-05 16:56:39 INFO 点击元素'('id', 'com.inkr.sport:id/tvPublish')'完成
2023-05-05 16:56:39 INFO 发布方案成功
2023-05-05 16:56:39 INFO 查找元素'(('id', 'com.inkr.sport:id/tvPublishSuccess'),)'完成
2023-05-05 16:56:39 INFO 用户信息的value为：发布成功
2023-05-05 16:56:39 INFO 查找元素'(('id', 'com.inkr.sport:id/tvPublishSuccess'),)'完成
2023-05-05 16:56:40 INFO 用户信息的value为：发布成功
2023-05-05 16:57:00 ERROR 获取元素'(('id', 'com.inkr.sport:id/tvExpert'),)'失败，原因：Message: 
Stacktrace:
NoSuchElementError: An element could not be located on the page using the given search parameters.
    at AndroidUiautomator2Driver.findElOrEls (E:\Appium-Server-GUI-windows-1.22.3-4\resources\app\node_modules\appium\node_modules\appium-android-driver\lib\commands\find.js:75:11)
    at runMicrotasks (<anonymous>)
    at processTicksAndRejections (internal/process/task_queues.js:97:5)
    at AndroidUiautomator2Driver.findElOrElsWithProcessing (E:\Appium-Server-GUI-windows-1.22.3-4\resources\app\node_modules\appium\node_modules\appium-base-driver\lib\basedriver\commands\find.js:33:12)
    at AndroidUiautomator2Driver.findElement (E:\Appium-Server-GUI-windows-1.22.3-4\resources\app\node_modules\appium\node_modules\appium-base-driver\lib\basedriver\commands\find.js:53:10)
2023-05-05 16:57:00 INFO 查找元素'(('id', 'com.inkr.sport:id/tvConfirm'),)'完成
2023-05-05 16:57:00 INFO 点击元素'('id', 'com.inkr.sport:id/tvConfirm')'完成
2023-05-05 16:57:00 INFO 查找元素'(('id', 'com.inkr.sport:id/tvPublish'),)'完成
2023-05-05 16:57:01 INFO 点击元素'('id', 'com.inkr.sport:id/tvPublish')'完成
2023-05-05 16:57:01 INFO 非首次发布，可以直接选择比赛
2023-05-05 16:57:01 INFO 查找元素'(('id', 'com.inkr.sport:id/rlAddMatch'),)'完成
2023-05-05 16:57:03 INFO 点击元素'('id', 'com.inkr.sport:id/rlAddMatch')'完成
2023-05-05 16:57:03 INFO 查找元素'(('id', 'com.inkr.sport:id/tvBasketball'),)'完成
2023-05-05 16:57:03 INFO 点击元素'('id', 'com.inkr.sport:id/tvBasketball')'完成
2023-05-05 16:57:04 INFO 查找元素'(('xpath', '//*[@resource-id="com.inkr.sport:id/recyclerView"]/android.view.ViewGroup[2]'),)'完成
2023-05-05 16:57:05 INFO 点击元素'('xpath', '//*[@resource-id="com.inkr.sport:id/recyclerView"]/android.view.ViewGroup[2]')'完成
2023-05-05 16:57:05 INFO 查找元素'(('id', 'com.inkr.sport:id/tvDraft'),)'完成
2023-05-05 16:57:05 INFO 查找元素'(('xpath', "//*[@text='大小分']"),)'完成
2023-05-05 16:57:05 INFO 点击元素'('xpath', "//*[@text='大小分']")'完成
2023-05-05 16:57:05 INFO 选择的玩法类型：竞篮，选择了第1场比赛，选择的玩法方式：大小分
2023-05-05 16:57:05 ERROR 获取第三个元素失败，原因list index out of range，默认选择第一个推荐结果
2023-05-05 16:57:05 INFO 不能选择主推次推3
2023-05-05 16:57:05 INFO 查找元素'(('id', 'com.inkr.sport:id/firstItem'),)'完成
2023-05-05 16:57:05 INFO 点击元素'('id', 'com.inkr.sport:id/firstItem')'完成
2023-05-05 16:57:05 INFO 不选择其他玩法
2023-05-05 16:57:06 INFO 查找元素'(('xpath', '//*[@resource-id ="com.inkr.sport:id/glPrice"]/android.view.ViewGroup[2]'),)'完成
2023-05-05 16:57:06 INFO 点击元素'('xpath', '//*[@resource-id ="com.inkr.sport:id/glPrice"]/android.view.ViewGroup[2]')'完成
2023-05-05 16:57:06 INFO 开始上滑
2023-05-05 16:57:07 INFO 上滑完成
2023-05-05 16:57:07 INFO 不选择促销信息
2023-05-05 16:57:07 INFO 不选择专家福利
2023-05-05 16:57:07 INFO 查找元素'(('id', 'com.inkr.sport:id/tvTitle'),)'完成
2023-05-05 16:57:08 INFO 点击元素'('id', 'com.inkr.sport:id/tvTitle')'完成
2023-05-05 16:57:08 INFO 查找元素'(('id', 'com.inkr.sport:id/etContent'),)'完成
2023-05-05 16:57:10 INFO 查找元素'(('id', 'com.inkr.sport:id/tvConfirm'),)'完成
2023-05-05 16:57:10 INFO 点击元素'('id', 'com.inkr.sport:id/tvConfirm')'完成
2023-05-05 16:57:11 INFO 查找元素'(('id', 'com.inkr.sport:id/tvRecommend'),)'完成
2023-05-05 16:57:11 INFO 点击元素'('id', 'com.inkr.sport:id/tvRecommend')'完成
2023-05-05 16:57:12 INFO 查找元素'(('id', 'com.inkr.sport:id/etContent'),)'完成
2023-05-05 16:57:13 INFO 查找元素'(('id', 'com.inkr.sport:id/tvConfirm'),)'完成
2023-05-05 16:57:13 INFO 点击元素'('id', 'com.inkr.sport:id/tvConfirm')'完成
2023-05-05 16:57:14 INFO 查找元素'(('id', 'com.inkr.sport:id/tvContent'),)'完成
2023-05-05 16:57:14 INFO 点击元素'('id', 'com.inkr.sport:id/tvContent')'完成
2023-05-05 16:57:14 INFO 查找元素'(('id', 'com.inkr.sport:id/etContent'),)'完成
2023-05-05 16:57:16 INFO 查找元素'(('id', 'com.inkr.sport:id/tvConfirm'),)'完成
2023-05-05 16:57:16 INFO 点击元素'('id', 'com.inkr.sport:id/tvConfirm')'完成
2023-05-05 16:57:17 INFO 查找元素'(('id', 'com.inkr.sport:id/tvPublish'),)'完成
2023-05-05 16:57:17 INFO 点击元素'('id', 'com.inkr.sport:id/tvPublish')'完成
2023-05-05 16:57:17 INFO 查找元素'(('id', 'com.inkr.sport:id/tvPublish'),)'完成
2023-05-05 16:57:18 INFO 点击元素'('id', 'com.inkr.sport:id/tvPublish')'完成
2023-05-05 16:57:18 INFO 发布方案成功
2023-05-05 16:57:32 INFO 查找元素'(('id', 'com.inkr.sport:id/tvPublishSuccess'),)'完成
2023-05-05 16:57:33 INFO 用户信息的value为：发布成功
2023-05-05 16:57:33 INFO 查找元素'(('id', 'com.inkr.sport:id/tvPublishSuccess'),)'完成
2023-05-05 16:57:33 INFO 用户信息的value为：发布成功
2023-05-05 16:57:33 INFO 查找元素'(('id', 'com.inkr.sport:id/tvConfirm'),)'完成
2023-05-05 16:57:34 INFO 点击元素'('id', 'com.inkr.sport:id/tvConfirm')'完成
2023-05-05 16:57:34 INFO 查找元素'(('id', 'com.inkr.sport:id/tvPublish'),)'完成
2023-05-05 16:57:34 INFO 点击元素'('id', 'com.inkr.sport:id/tvPublish')'完成
2023-05-05 16:57:34 INFO 非首次发布，可以直接选择比赛
2023-05-05 16:57:34 INFO 查找元素'(('id', 'com.inkr.sport:id/rlAddMatch'),)'完成
2023-05-05 16:57:36 INFO 点击元素'('id', 'com.inkr.sport:id/rlAddMatch')'完成
2023-05-05 16:57:36 INFO 查找元素'(('id', 'com.inkr.sport:id/tvFootball'),)'完成
2023-05-05 16:57:36 INFO 点击元素'('id', 'com.inkr.sport:id/tvFootball')'完成
2023-05-05 16:57:37 INFO 查找元素'(('xpath', '//*[@resource-id="com.inkr.sport:id/recyclerView"]/android.view.ViewGroup[4]'),)'完成
2023-05-05 16:57:37 INFO 点击元素'('xpath', '//*[@resource-id="com.inkr.sport:id/recyclerView"]/android.view.ViewGroup[4]')'完成
2023-05-05 16:57:38 INFO 查找元素'(('id', 'com.inkr.sport:id/tvDraft'),)'完成
2023-05-05 16:57:38 INFO 查找元素'(('xpath', "//*[@text='胜平负']"),)'完成
2023-05-05 16:57:38 INFO 点击元素'('xpath', "//*[@text='胜平负']")'完成
2023-05-05 16:57:38 INFO 选择的玩法类型：竞足，选择了第3场比赛，选择的玩法方式：胜平负
2023-05-05 16:57:38 INFO 查找元素'(('id', 'com.inkr.sport:id/firstItem'),)'完成
2023-05-05 16:57:38 INFO 点击元素'('id', 'com.inkr.sport:id/firstItem')'完成
2023-05-05 16:57:38 INFO 没有选择主推次推，单选一个结果
2023-05-05 16:57:39 INFO 查找元素'(('id', 'com.inkr.sport:id/tvSelect'),)'完成
2023-05-05 16:57:40 INFO 点击元素'('id', 'com.inkr.sport:id/tvSelect')'完成
2023-05-05 16:57:40 INFO 查找元素'(('xpath', '//*[@resource-id="com.inkr.sport:id/llOdds"]/android.view.ViewGroup[1]/androidx.recyclerview.widget.RecyclerView[1]/android.view.ViewGroup[2]'),)'完成
2023-05-05 16:57:40 INFO 点击元素'('xpath', '//*[@resource-id="com.inkr.sport:id/llOdds"]/android.view.ViewGroup[1]/androidx.recyclerview.widget.RecyclerView[1]/android.view.ViewGroup[2]')'完成
2023-05-05 16:57:41 INFO 查找元素'(('xpath', '//*[@resource-id="com.inkr.sport:id/llOdds"]/android.view.ViewGroup[1]/androidx.recyclerview.widget.RecyclerView[1]/android.view.ViewGroup[3]'),)'完成
2023-05-05 16:57:41 INFO 点击元素'('xpath', '//*[@resource-id="com.inkr.sport:id/llOdds"]/android.view.ViewGroup[1]/androidx.recyclerview.widget.RecyclerView[1]/android.view.ViewGroup[3]')'完成
2023-05-05 16:57:41 INFO 查找元素'(('id', 'com.inkr.sport:id/tvConfirm'),)'完成
2023-05-05 16:57:42 INFO 点击元素'('id', 'com.inkr.sport:id/tvConfirm')'完成
2023-05-05 16:57:42 INFO 总比分玩法选择成功
2023-05-05 16:57:42 INFO 查找元素'(('id', 'com.inkr.sport:id/tvSelect'),)'完成
2023-05-05 16:57:43 INFO 点击元素'('id', 'com.inkr.sport:id/tvSelect')'完成
2023-05-05 16:57:43 INFO 点击元素'('id', 'com.inkr.sport:id/tvOddsName')'完成
2023-05-05 16:57:44 INFO 点击元素'('id', 'com.inkr.sport:id/tvOddsName')'完成
2023-05-05 16:57:45 INFO 查找元素'(('id', 'com.inkr.sport:id/tvConfirm'),)'完成
2023-05-05 16:57:45 INFO 点击元素'('id', 'com.inkr.sport:id/tvConfirm')'完成
2023-05-05 16:57:45 INFO 总进球玩法选择成功
2023-05-05 16:57:45 INFO 其他玩法选择完成
2023-05-05 16:57:46 INFO 查找元素'(('xpath', '//*[@resource-id ="com.inkr.sport:id/glPrice"]/android.view.ViewGroup[5]'),)'完成
2023-05-05 16:57:46 INFO 点击元素'('xpath', '//*[@resource-id ="com.inkr.sport:id/glPrice"]/android.view.ViewGroup[5]')'完成
2023-05-05 16:57:46 INFO 开始上滑
2023-05-05 16:57:46 INFO 上滑完成
2023-05-05 16:57:46 INFO 不选择促销信息
2023-05-05 16:57:46 INFO 不选择专家福利
2023-05-05 16:57:47 INFO 查找元素'(('id', 'com.inkr.sport:id/tvTitle'),)'完成
2023-05-05 16:57:48 INFO 点击元素'('id', 'com.inkr.sport:id/tvTitle')'完成
2023-05-05 16:57:48 INFO 查找元素'(('id', 'com.inkr.sport:id/etContent'),)'完成
2023-05-05 16:57:48 INFO 查找元素'(('id', 'com.inkr.sport:id/tvConfirm'),)'完成
2023-05-05 16:57:48 INFO 点击元素'('id', 'com.inkr.sport:id/tvConfirm')'完成
2023-05-05 16:57:49 INFO 查找元素'(('id', 'com.inkr.sport:id/tvRecommend'),)'完成
2023-05-05 16:57:50 INFO 点击元素'('id', 'com.inkr.sport:id/tvRecommend')'完成
2023-05-05 16:57:50 INFO 查找元素'(('id', 'com.inkr.sport:id/etContent'),)'完成
2023-05-05 16:57:51 INFO 查找元素'(('id', 'com.inkr.sport:id/tvConfirm'),)'完成
2023-05-05 16:57:51 INFO 点击元素'('id', 'com.inkr.sport:id/tvConfirm')'完成
2023-05-05 16:57:52 INFO 查找元素'(('id', 'com.inkr.sport:id/tvContent'),)'完成
2023-05-05 16:57:53 INFO 点击元素'('id', 'com.inkr.sport:id/tvContent')'完成
2023-05-05 16:57:53 INFO 查找元素'(('id', 'com.inkr.sport:id/etContent'),)'完成
2023-05-05 16:57:54 INFO 查找元素'(('id', 'com.inkr.sport:id/tvConfirm'),)'完成
2023-05-05 16:57:54 INFO 点击元素'('id', 'com.inkr.sport:id/tvConfirm')'完成
2023-05-05 16:57:55 INFO 查找元素'(('id', 'com.inkr.sport:id/tvPublish'),)'完成
2023-05-05 16:57:56 INFO 点击元素'('id', 'com.inkr.sport:id/tvPublish')'完成
2023-05-05 16:57:56 INFO 查找元素'(('id', 'com.inkr.sport:id/tvPublish'),)'完成
2023-05-05 16:57:57 INFO 点击元素'('id', 'com.inkr.sport:id/tvPublish')'完成
2023-05-05 16:57:57 INFO 发布方案成功
2023-05-05 16:57:57 INFO 查找元素'(('id', 'com.inkr.sport:id/tvPublishSuccess'),)'完成
2023-05-05 16:57:57 INFO 用户信息的value为：发布成功
2023-05-05 16:57:57 INFO 查找元素'(('id', 'com.inkr.sport:id/tvPublishSuccess'),)'完成
2023-05-05 16:57:57 INFO 用户信息的value为：发布成功
2023-05-05 16:57:57 INFO 查找元素'(('id', 'com.inkr.sport:id/tvConfirm'),)'完成
2023-05-05 16:57:57 INFO 点击元素'('id', 'com.inkr.sport:id/tvConfirm')'完成
2023-05-05 16:58:17 ERROR 获取元素'(('id', 'com.inkr.sport:id/tvConfirm'),)'失败，原因：Message: 
Stacktrace:
NoSuchElementError: An element could not be located on the page using the given search parameters.
    at AndroidUiautomator2Driver.findElOrEls (E:\Appium-Server-GUI-windows-1.22.3-4\resources\app\node_modules\appium\node_modules\appium-android-driver\lib\commands\find.js:75:11)
    at runMicrotasks (<anonymous>)
    at processTicksAndRejections (internal/process/task_queues.js:97:5)
    at AndroidUiautomator2Driver.findElOrElsWithProcessing (E:\Appium-Server-GUI-windows-1.22.3-4\resources\app\node_modules\appium\node_modules\appium-base-driver\lib\basedriver\commands\find.js:33:12)
    at AndroidUiautomator2Driver.findElement (E:\Appium-Server-GUI-windows-1.22.3-4\resources\app\node_modules\appium\node_modules\appium-base-driver\lib\basedriver\commands\find.js:53:10)
2023-05-05 16:58:17 INFO **************用例执行结束**************
2023-05-05 17:00:41 INFO *********开始启动APP*********
2023-05-05 17:00:41 INFO 手机参数：{'platformName': 'android', 'platformVersion': '12', 'deviceName': '127.0.0.1:7555', 'automationName': 'UiAutomator2', 'appPackage': 'com.inkr.sport', 'appActivity': 'com.inkr.sport.activities.SplashActivity'}
2023-05-05 17:00:47 INFO *********启动成功*********
2023-05-05 17:00:47 INFO **************用例开始执行**************
2023-05-05 17:00:48 INFO 查找元素'(('id', 'com.inkr.sport:id/tvPopAgreementAgree'),)'完成
2023-05-05 17:00:48 INFO 点击元素'('id', 'com.inkr.sport:id/tvPopAgreementAgree')'完成
2023-05-05 17:00:48 INFO 开始左滑
2023-05-05 17:00:49 INFO 左滑1次
2023-05-05 17:00:51 INFO 左滑2次
2023-05-05 17:00:51 INFO 左滑完成
2023-05-05 17:00:52 INFO 查找元素'(('id', 'com.inkr.sport:id/ivEnterApp'),)'完成
2023-05-05 17:00:52 INFO 点击元素'('id', 'com.inkr.sport:id/ivEnterApp')'完成
2023-05-05 17:00:55 INFO 查找元素'(('id', 'com.inkr.sport:id/ivTbMine'),)'完成
2023-05-05 17:00:55 INFO 点击元素'('id', 'com.inkr.sport:id/ivTbMine')'完成
2023-05-05 17:00:56 INFO 查找元素'(('id', 'com.inkr.sport:id/tvUserName'),)'完成
2023-05-05 17:01:06 INFO 点击元素'('id', 'com.inkr.sport:id/tvUserName')'完成
2023-05-05 17:01:37 INFO 查找元素'(('id', 'com.inkr.sport:id/tvAccountLogin'),)'完成
2023-05-05 17:02:07 INFO 点击元素'('id', 'com.inkr.sport:id/tvAccountLogin')'完成
2023-05-05 17:03:57 INFO 查找元素'(('id', 'com.inkr.sport:id/etPd'),)'完成
2023-05-05 17:05:28 INFO 查找元素'(('id', 'com.inkr.sport:id/ivPolicyCheckBox'),)'完成
2023-05-05 17:05:58 INFO 点击元素'('id', 'com.inkr.sport:id/ivPolicyCheckBox')'完成
2023-05-05 17:06:28 INFO 查找元素'(('id', 'com.inkr.sport:id/btLogin'),)'完成
2023-05-05 17:06:58 INFO 点击元素'('id', 'com.inkr.sport:id/btLogin')'完成
2023-05-05 17:06:58 INFO 登录账号:33000000011 密码：ab555c123456
2023-05-05 17:07:29 INFO 查找元素'(('id', 'com.inkr.sport:id/ivAuthQQ'),)'完成
2023-05-05 17:07:49 INFO 用户信息的value为：com.inkr.sport:id/ivAuthQQ
2023-05-05 17:08:19 INFO 查找元素'(('id', 'com.inkr.sport:id/tvAccountLogin'),)'完成
2023-05-05 17:08:49 INFO 点击元素'('id', 'com.inkr.sport:id/tvAccountLogin')'完成
2023-05-05 17:10:40 INFO 查找元素'(('id', 'com.inkr.sport:id/etPd'),)'完成
2023-05-05 17:12:11 INFO 查找元素'(('id', 'com.inkr.sport:id/btLogin'),)'完成
2023-05-05 17:12:32 INFO 点击元素'('id', 'com.inkr.sport:id/btLogin')'完成
2023-05-05 17:12:32 INFO 登录账号:13000000010 密码：abc123456
2023-05-05 17:12:34 INFO 查找元素'(('id', 'com.inkr.sport:id/tvUserName'),)'完成
2023-05-05 17:12:34 INFO 用户信息的value为：com.inkr.sport:id/tvUserName
2023-05-05 17:12:34 INFO 查找元素'(('id', 'com.inkr.sport:id/tvExpert'),)'完成
2023-05-05 17:12:34 INFO 点击元素'('id', 'com.inkr.sport:id/tvExpert')'完成
2023-05-05 17:12:35 INFO 查找元素'(('id', 'com.inkr.sport:id/tvMenuName'),)'完成
2023-05-05 17:12:35 INFO 点击元素'('id', 'com.inkr.sport:id/tvMenuName')'完成
2023-05-05 17:12:37 INFO 查找元素'(('id', 'com.inkr.sport:id/tvNotMind'),)'完成
2023-05-05 17:12:37 INFO 点击元素'('id', 'com.inkr.sport:id/tvNotMind')'完成
2023-05-05 17:12:37 INFO 查找元素'(('id', 'com.inkr.sport:id/tvConfirm'),)'完成
2023-05-05 17:12:37 INFO 点击元素'('id', 'com.inkr.sport:id/tvConfirm')'完成
2023-05-05 17:12:38 INFO 查找元素'(('id', 'com.inkr.sport:id/tvIKnow'),)'完成
2023-05-05 17:12:39 INFO 点击元素'('id', 'com.inkr.sport:id/tvIKnow')'完成
2023-05-05 17:12:39 INFO 查找元素'(('id', 'com.inkr.sport:id/rlAddMatch'),)'完成
2023-05-05 17:12:39 INFO 点击元素'('id', 'com.inkr.sport:id/rlAddMatch')'完成
2023-05-05 17:12:41 INFO 查找元素'(('id', 'com.inkr.sport:id/tvFootball'),)'完成
2023-05-05 17:12:41 INFO 点击元素'('id', 'com.inkr.sport:id/tvFootball')'完成
2023-05-05 17:12:42 INFO 查找元素'(('xpath', '//*[@resource-id="com.inkr.sport:id/recyclerView"]/android.view.ViewGroup[2]'),)'完成
2023-05-05 17:12:42 INFO 点击元素'('xpath', '//*[@resource-id="com.inkr.sport:id/recyclerView"]/android.view.ViewGroup[2]')'完成
2023-05-05 17:12:43 INFO 查找元素'(('id', 'com.inkr.sport:id/tvDraft'),)'完成
2023-05-05 17:12:43 INFO 查找元素'(('xpath', "//*[@text='胜平负']"),)'完成
2023-05-05 17:12:43 INFO 点击元素'('xpath', "//*[@text='胜平负']")'完成
2023-05-05 17:12:43 INFO 选择的玩法类型：竞足，选择了第1场比赛，选择的玩法方式：胜平负
2023-05-05 17:12:44 INFO 不能选择主推次推2
2023-05-05 17:12:44 INFO 查找元素'(('id', 'com.inkr.sport:id/firstItem'),)'完成
2023-05-05 17:12:44 INFO 点击元素'('id', 'com.inkr.sport:id/firstItem')'完成
2023-05-05 17:12:44 INFO 不选择其他玩法
2023-05-05 17:12:45 INFO 查找元素'(('xpath', '//*[@resource-id ="com.inkr.sport:id/glPrice"]/android.view.ViewGroup[1]'),)'完成
2023-05-05 17:12:45 INFO 点击元素'('xpath', '//*[@resource-id ="com.inkr.sport:id/glPrice"]/android.view.ViewGroup[1]')'完成
2023-05-05 17:12:45 INFO 开始上滑
2023-05-05 17:12:45 INFO 上滑完成
2023-05-05 17:12:45 INFO 不选择促销信息
2023-05-05 17:12:45 INFO 不选择专家福利
2023-05-05 17:12:46 INFO 查找元素'(('id', 'com.inkr.sport:id/tvTitle'),)'完成
2023-05-05 17:12:47 INFO 点击元素'('id', 'com.inkr.sport:id/tvTitle')'完成
2023-05-05 17:12:47 INFO 查找元素'(('id', 'com.inkr.sport:id/etContent'),)'完成
2023-05-05 17:12:48 INFO 查找元素'(('id', 'com.inkr.sport:id/tvConfirm'),)'完成
2023-05-05 17:12:48 INFO 点击元素'('id', 'com.inkr.sport:id/tvConfirm')'完成
2023-05-05 17:12:49 INFO 查找元素'(('id', 'com.inkr.sport:id/tvRecommend'),)'完成
2023-05-05 17:12:50 INFO 点击元素'('id', 'com.inkr.sport:id/tvRecommend')'完成
2023-05-05 17:12:50 INFO 查找元素'(('id', 'com.inkr.sport:id/etContent'),)'完成
2023-05-05 17:12:51 INFO 查找元素'(('id', 'com.inkr.sport:id/tvConfirm'),)'完成
2023-05-05 17:12:51 INFO 点击元素'('id', 'com.inkr.sport:id/tvConfirm')'完成
2023-05-05 17:12:52 INFO 查找元素'(('id', 'com.inkr.sport:id/tvContent'),)'完成
2023-05-05 17:12:53 INFO 点击元素'('id', 'com.inkr.sport:id/tvContent')'完成
2023-05-05 17:12:53 INFO 查找元素'(('id', 'com.inkr.sport:id/etContent'),)'完成
2023-05-05 17:12:54 INFO 查找元素'(('id', 'com.inkr.sport:id/tvConfirm'),)'完成
2023-05-05 17:12:54 INFO 点击元素'('id', 'com.inkr.sport:id/tvConfirm')'完成
2023-05-05 17:12:55 INFO 查找元素'(('id', 'com.inkr.sport:id/tvPublish'),)'完成
2023-05-05 17:12:56 INFO 点击元素'('id', 'com.inkr.sport:id/tvPublish')'完成
2023-05-05 17:12:56 INFO 查找元素'(('id', 'com.inkr.sport:id/tvPublish'),)'完成
2023-05-05 17:12:57 INFO 点击元素'('id', 'com.inkr.sport:id/tvPublish')'完成
2023-05-05 17:12:57 INFO 发布方案成功
2023-05-05 17:12:57 INFO 查找元素'(('id', 'com.inkr.sport:id/tvPublishSuccess'),)'完成
2023-05-05 17:12:57 INFO 用户信息的value为：发布成功
2023-05-05 17:12:57 INFO 查找元素'(('id', 'com.inkr.sport:id/tvPublishSuccess'),)'完成
2023-05-05 17:12:57 INFO 用户信息的value为：发布成功
2023-05-05 17:13:17 ERROR 获取元素'(('id', 'com.inkr.sport:id/tvPublish'),)'失败，原因：Message: 
Stacktrace:
NoSuchElementError: An element could not be located on the page using the given search parameters.
    at AndroidUiautomator2Driver.findElOrEls (E:\Appium-Server-GUI-windows-1.22.3-4\resources\app\node_modules\appium\node_modules\appium-android-driver\lib\commands\find.js:75:11)
    at runMicrotasks (<anonymous>)
    at processTicksAndRejections (internal/process/task_queues.js:97:5)
    at AndroidUiautomator2Driver.findElOrElsWithProcessing (E:\Appium-Server-GUI-windows-1.22.3-4\resources\app\node_modules\appium\node_modules\appium-base-driver\lib\basedriver\commands\find.js:33:12)
    at AndroidUiautomator2Driver.findElement (E:\Appium-Server-GUI-windows-1.22.3-4\resources\app\node_modules\appium\node_modules\appium-base-driver\lib\basedriver\commands\find.js:53:10)
2023-05-05 17:13:17 INFO 查找元素'(('id', 'com.inkr.sport:id/tvConfirm'),)'完成
2023-05-05 17:13:17 INFO 点击元素'('id', 'com.inkr.sport:id/tvConfirm')'完成
2023-05-05 17:13:18 INFO 查找元素'(('id', 'com.inkr.sport:id/tvPublish'),)'完成
2023-05-05 17:13:18 INFO 点击元素'('id', 'com.inkr.sport:id/tvPublish')'完成
2023-05-05 17:13:18 INFO 非首次发布，可以直接选择比赛
2023-05-05 17:13:19 INFO 查找元素'(('id', 'com.inkr.sport:id/rlAddMatch'),)'完成
2023-05-05 17:13:20 INFO 点击元素'('id', 'com.inkr.sport:id/rlAddMatch')'完成
2023-05-05 17:13:20 INFO 查找元素'(('id', 'com.inkr.sport:id/tvBasketball'),)'完成
2023-05-05 17:13:20 INFO 点击元素'('id', 'com.inkr.sport:id/tvBasketball')'完成
2023-05-05 17:13:21 INFO 查找元素'(('xpath', '//*[@resource-id="com.inkr.sport:id/recyclerView"]/android.view.ViewGroup[2]'),)'完成
2023-05-05 17:13:21 INFO 点击元素'('xpath', '//*[@resource-id="com.inkr.sport:id/recyclerView"]/android.view.ViewGroup[2]')'完成
2023-05-05 17:13:22 INFO 查找元素'(('id', 'com.inkr.sport:id/tvDraft'),)'完成
2023-05-05 17:13:22 INFO 查找元素'(('xpath', "//*[@text='大小分']"),)'完成
2023-05-05 17:13:22 INFO 点击元素'('xpath', "//*[@text='大小分']")'完成
2023-05-05 17:13:22 INFO 选择的玩法类型：竞篮，选择了第1场比赛，选择的玩法方式：大小分
2023-05-05 17:13:23 ERROR 获取第三个元素失败，原因list index out of range，默认选择第一个推荐结果
2023-05-05 17:13:23 INFO 不能选择主推次推3
2023-05-05 17:13:23 INFO 查找元素'(('id', 'com.inkr.sport:id/firstItem'),)'完成
2023-05-05 17:13:23 INFO 点击元素'('id', 'com.inkr.sport:id/firstItem')'完成
2023-05-05 17:13:23 INFO 不选择其他玩法
2023-05-05 17:13:23 INFO 查找元素'(('xpath', '//*[@resource-id ="com.inkr.sport:id/glPrice"]/android.view.ViewGroup[2]'),)'完成
2023-05-05 17:13:23 INFO 点击元素'('xpath', '//*[@resource-id ="com.inkr.sport:id/glPrice"]/android.view.ViewGroup[2]')'完成
2023-05-05 17:13:23 INFO 开始上滑
2023-05-05 17:13:24 INFO 上滑完成
2023-05-05 17:13:24 INFO 不选择促销信息
2023-05-05 17:13:24 INFO 不选择专家福利
2023-05-05 17:13:24 INFO 查找元素'(('id', 'com.inkr.sport:id/tvTitle'),)'完成
2023-05-05 17:13:25 INFO 点击元素'('id', 'com.inkr.sport:id/tvTitle')'完成
2023-05-05 17:13:25 INFO 查找元素'(('id', 'com.inkr.sport:id/etContent'),)'完成
2023-05-05 17:13:26 INFO 查找元素'(('id', 'com.inkr.sport:id/tvConfirm'),)'完成
2023-05-05 17:13:27 INFO 点击元素'('id', 'com.inkr.sport:id/tvConfirm')'完成
2023-05-05 17:13:27 INFO 查找元素'(('id', 'com.inkr.sport:id/tvRecommend'),)'完成
2023-05-05 17:13:28 INFO 点击元素'('id', 'com.inkr.sport:id/tvRecommend')'完成
2023-05-05 17:13:28 INFO 查找元素'(('id', 'com.inkr.sport:id/etContent'),)'完成
2023-05-05 17:13:29 INFO 查找元素'(('id', 'com.inkr.sport:id/tvConfirm'),)'完成
2023-05-05 17:13:30 INFO 点击元素'('id', 'com.inkr.sport:id/tvConfirm')'完成
2023-05-05 17:13:30 INFO 查找元素'(('id', 'com.inkr.sport:id/tvContent'),)'完成
2023-05-05 17:13:31 INFO 点击元素'('id', 'com.inkr.sport:id/tvContent')'完成
2023-05-05 17:13:31 INFO 查找元素'(('id', 'com.inkr.sport:id/etContent'),)'完成
2023-05-05 17:13:32 INFO 查找元素'(('id', 'com.inkr.sport:id/tvConfirm'),)'完成
2023-05-05 17:13:32 INFO 点击元素'('id', 'com.inkr.sport:id/tvConfirm')'完成
2023-05-05 17:13:33 INFO 查找元素'(('id', 'com.inkr.sport:id/tvPublish'),)'完成
2023-05-05 17:13:34 INFO 点击元素'('id', 'com.inkr.sport:id/tvPublish')'完成
2023-05-05 17:13:34 INFO 查找元素'(('id', 'com.inkr.sport:id/tvPublish'),)'完成
2023-05-05 17:13:35 INFO 点击元素'('id', 'com.inkr.sport:id/tvPublish')'完成
2023-05-05 17:13:35 INFO 发布方案成功
2023-05-05 17:13:35 INFO 查找元素'(('id', 'com.inkr.sport:id/tvPublishSuccess'),)'完成
2023-05-05 17:13:35 INFO 用户信息的value为：发布成功
2023-05-05 17:13:35 INFO 查找元素'(('id', 'com.inkr.sport:id/tvPublishSuccess'),)'完成
2023-05-05 17:13:35 INFO 用户信息的value为：发布成功
2023-05-05 17:13:35 INFO 查找元素'(('id', 'com.inkr.sport:id/tvConfirm'),)'完成
2023-05-05 17:13:35 INFO 点击元素'('id', 'com.inkr.sport:id/tvConfirm')'完成
2023-05-05 17:13:36 INFO 查找元素'(('id', 'com.inkr.sport:id/tvPublish'),)'完成
2023-05-05 17:13:37 INFO 点击元素'('id', 'com.inkr.sport:id/tvPublish')'完成
2023-05-05 17:13:37 INFO 非首次发布，可以直接选择比赛
2023-05-05 17:13:37 INFO 查找元素'(('id', 'com.inkr.sport:id/rlAddMatch'),)'完成
2023-05-05 17:13:38 INFO 点击元素'('id', 'com.inkr.sport:id/rlAddMatch')'完成
2023-05-05 17:13:38 INFO 查找元素'(('id', 'com.inkr.sport:id/tvFootball'),)'完成
2023-05-05 17:13:38 INFO 点击元素'('id', 'com.inkr.sport:id/tvFootball')'完成
2023-05-05 17:13:39 INFO 查找元素'(('xpath', '//*[@resource-id="com.inkr.sport:id/recyclerView"]/android.view.ViewGroup[4]'),)'完成
2023-05-05 17:13:39 INFO 点击元素'('xpath', '//*[@resource-id="com.inkr.sport:id/recyclerView"]/android.view.ViewGroup[4]')'完成
2023-05-05 17:13:40 INFO 查找元素'(('id', 'com.inkr.sport:id/tvDraft'),)'完成
2023-05-05 17:13:40 INFO 查找元素'(('xpath', "//*[@text='胜平负']"),)'完成
2023-05-05 17:13:40 INFO 点击元素'('xpath', "//*[@text='胜平负']")'完成
2023-05-05 17:13:40 INFO 选择的玩法类型：竞足，选择了第3场比赛，选择的玩法方式：胜平负
2023-05-05 17:13:41 INFO 查找元素'(('id', 'com.inkr.sport:id/firstItem'),)'完成
2023-05-05 17:13:41 INFO 点击元素'('id', 'com.inkr.sport:id/firstItem')'完成
2023-05-05 17:13:41 INFO 没有选择主推次推，单选一个结果
2023-05-05 17:13:41 INFO 查找元素'(('id', 'com.inkr.sport:id/tvSelect'),)'完成
2023-05-05 17:13:42 INFO 点击元素'('id', 'com.inkr.sport:id/tvSelect')'完成
2023-05-05 17:13:43 INFO 查找元素'(('xpath', '//*[@resource-id="com.inkr.sport:id/llOdds"]/android.view.ViewGroup[1]/androidx.recyclerview.widget.RecyclerView[1]/android.view.ViewGroup[2]'),)'完成
2023-05-05 17:13:43 INFO 点击元素'('xpath', '//*[@resource-id="com.inkr.sport:id/llOdds"]/android.view.ViewGroup[1]/androidx.recyclerview.widget.RecyclerView[1]/android.view.ViewGroup[2]')'完成
2023-05-05 17:13:43 INFO 查找元素'(('xpath', '//*[@resource-id="com.inkr.sport:id/llOdds"]/android.view.ViewGroup[1]/androidx.recyclerview.widget.RecyclerView[1]/android.view.ViewGroup[3]'),)'完成
2023-05-05 17:13:44 INFO 点击元素'('xpath', '//*[@resource-id="com.inkr.sport:id/llOdds"]/android.view.ViewGroup[1]/androidx.recyclerview.widget.RecyclerView[1]/android.view.ViewGroup[3]')'完成
2023-05-05 17:13:44 INFO 查找元素'(('id', 'com.inkr.sport:id/tvConfirm'),)'完成
2023-05-05 17:13:44 INFO 点击元素'('id', 'com.inkr.sport:id/tvConfirm')'完成
2023-05-05 17:13:44 INFO 总比分玩法选择成功
2023-05-05 17:13:45 INFO 查找元素'(('id', 'com.inkr.sport:id/tvSelect'),)'完成
2023-05-05 17:13:46 INFO 点击元素'('id', 'com.inkr.sport:id/tvSelect')'完成
2023-05-05 17:13:46 INFO 点击元素'('id', 'com.inkr.sport:id/tvOddsName')'完成
2023-05-05 17:13:47 INFO 点击元素'('id', 'com.inkr.sport:id/tvOddsName')'完成
2023-05-05 17:13:47 INFO 查找元素'(('id', 'com.inkr.sport:id/tvConfirm'),)'完成
2023-05-05 17:13:47 INFO 点击元素'('id', 'com.inkr.sport:id/tvConfirm')'完成
2023-05-05 17:13:47 INFO 总进球玩法选择成功
2023-05-05 17:13:47 INFO 其他玩法选择完成
2023-05-05 17:13:48 INFO 查找元素'(('xpath', '//*[@resource-id ="com.inkr.sport:id/glPrice"]/android.view.ViewGroup[5]'),)'完成
2023-05-05 17:13:48 INFO 点击元素'('xpath', '//*[@resource-id ="com.inkr.sport:id/glPrice"]/android.view.ViewGroup[5]')'完成
2023-05-05 17:13:48 INFO 开始上滑
2023-05-05 17:13:49 INFO 上滑完成
2023-05-05 17:13:49 INFO 不选择促销信息
2023-05-05 17:13:49 INFO 不选择专家福利
2023-05-05 17:13:49 INFO 查找元素'(('id', 'com.inkr.sport:id/tvTitle'),)'完成
2023-05-05 17:13:50 INFO 点击元素'('id', 'com.inkr.sport:id/tvTitle')'完成
2023-05-05 17:13:50 INFO 查找元素'(('id', 'com.inkr.sport:id/etContent'),)'完成
2023-05-05 17:13:52 INFO 查找元素'(('id', 'com.inkr.sport:id/tvConfirm'),)'完成
2023-05-05 17:13:52 INFO 点击元素'('id', 'com.inkr.sport:id/tvConfirm')'完成
2023-05-05 17:13:52 INFO 查找元素'(('id', 'com.inkr.sport:id/tvRecommend'),)'完成
2023-05-05 17:13:53 INFO 点击元素'('id', 'com.inkr.sport:id/tvRecommend')'完成
2023-05-05 17:13:53 INFO 查找元素'(('id', 'com.inkr.sport:id/etContent'),)'完成
2023-05-05 17:13:55 INFO 查找元素'(('id', 'com.inkr.sport:id/tvConfirm'),)'完成
2023-05-05 17:13:55 INFO 点击元素'('id', 'com.inkr.sport:id/tvConfirm')'完成
2023-05-05 17:13:55 INFO 查找元素'(('id', 'com.inkr.sport:id/tvContent'),)'完成
2023-05-05 17:13:56 INFO 点击元素'('id', 'com.inkr.sport:id/tvContent')'完成
2023-05-05 17:13:56 INFO 查找元素'(('id', 'com.inkr.sport:id/etContent'),)'完成
2023-05-05 17:13:57 INFO 查找元素'(('id', 'com.inkr.sport:id/tvConfirm'),)'完成
2023-05-05 17:13:57 INFO 点击元素'('id', 'com.inkr.sport:id/tvConfirm')'完成
2023-05-05 17:13:58 INFO 查找元素'(('id', 'com.inkr.sport:id/tvPublish'),)'完成
2023-05-05 17:13:59 INFO 点击元素'('id', 'com.inkr.sport:id/tvPublish')'完成
2023-05-05 17:13:59 INFO 查找元素'(('id', 'com.inkr.sport:id/tvPublish'),)'完成
2023-05-05 17:14:00 INFO 点击元素'('id', 'com.inkr.sport:id/tvPublish')'完成
2023-05-05 17:14:00 INFO 发布方案成功
2023-05-05 17:14:00 INFO 查找元素'(('id', 'com.inkr.sport:id/tvPublishSuccess'),)'完成
2023-05-05 17:14:00 INFO 用户信息的value为：发布成功
2023-05-05 17:14:00 INFO 查找元素'(('id', 'com.inkr.sport:id/tvPublishSuccess'),)'完成
2023-05-05 17:14:00 INFO 用户信息的value为：发布成功
2023-05-05 17:14:00 INFO 查找元素'(('id', 'com.inkr.sport:id/tvConfirm'),)'完成
2023-05-05 17:14:01 INFO 点击元素'('id', 'com.inkr.sport:id/tvConfirm')'完成
2023-05-05 17:14:01 INFO 查找元素'(('id', 'com.inkr.sport:id/navTitle'),)'完成
2023-05-05 17:14:01 INFO 点击元素'('id', 'com.inkr.sport:id/navTitle')'完成
2023-05-05 17:14:02 INFO 查找元素'(('id', 'com.inkr.sport:id/navTitle'),)'完成
2023-05-05 17:14:03 INFO 点击元素'('id', 'com.inkr.sport:id/navTitle')'完成
2023-05-05 17:14:04 INFO 查找元素'(('id', 'com.inkr.sport:id/ivTbMine'),)'完成
2023-05-05 17:14:04 INFO 点击元素'('id', 'com.inkr.sport:id/ivTbMine')'完成
2023-05-05 17:14:05 INFO 查找元素'(('id', 'com.inkr.sport:id/ivSetting'),)'完成
2023-05-05 17:14:05 INFO 点击元素'('id', 'com.inkr.sport:id/ivSetting')'完成
2023-05-05 17:14:06 INFO 查找元素'(('id', 'com.inkr.sport:id/btExitLogin'),)'完成
2023-05-05 17:14:06 INFO 点击元素'('id', 'com.inkr.sport:id/btExitLogin')'完成
2023-05-05 17:14:06 INFO 查找元素'(('id', 'com.inkr.sport:id/btConfirm'),)'完成
2023-05-05 17:14:07 INFO 点击元素'('id', 'com.inkr.sport:id/btConfirm')'完成
2023-05-05 17:14:28 ERROR 获取元素'(('id', 'com.inkr.sport:id/tvAccountLogin'),)'失败，原因：Message: 
Stacktrace:
NoSuchElementError: An element could not be located on the page using the given search parameters.
    at AndroidUiautomator2Driver.findElOrEls (E:\Appium-Server-GUI-windows-1.22.3-4\resources\app\node_modules\appium\node_modules\appium-android-driver\lib\commands\find.js:75:11)
    at runMicrotasks (<anonymous>)
    at processTicksAndRejections (internal/process/task_queues.js:97:5)
    at AndroidUiautomator2Driver.findElOrElsWithProcessing (E:\Appium-Server-GUI-windows-1.22.3-4\resources\app\node_modules\appium\node_modules\appium-base-driver\lib\basedriver\commands\find.js:33:12)
    at AndroidUiautomator2Driver.findElement (E:\Appium-Server-GUI-windows-1.22.3-4\resources\app\node_modules\appium\node_modules\appium-base-driver\lib\basedriver\commands\find.js:53:10)
2023-05-05 17:14:28 INFO **************用例执行结束**************
2023-05-05 17:16:43 INFO *********开始启动APP*********
2023-05-05 17:16:43 INFO 手机参数：{'platformName': 'android', 'platformVersion': '12', 'deviceName': '127.0.0.1:7555', 'automationName': 'UiAutomator2', 'appPackage': 'com.inkr.sport', 'appActivity': 'com.inkr.sport.activities.SplashActivity'}
2023-05-05 17:16:50 INFO *********启动成功*********
2023-05-05 17:16:50 INFO **************用例开始执行**************
2023-05-05 17:16:51 INFO 查找元素'(('id', 'com.inkr.sport:id/tvPopAgreementAgree'),)'完成
2023-05-05 17:16:51 INFO 点击元素'('id', 'com.inkr.sport:id/tvPopAgreementAgree')'完成
2023-05-05 17:16:51 INFO 开始左滑
2023-05-05 17:16:52 INFO 左滑1次
2023-05-05 17:16:53 INFO 左滑2次
2023-05-05 17:16:53 INFO 左滑完成
2023-05-05 17:16:54 INFO 查找元素'(('id', 'com.inkr.sport:id/ivEnterApp'),)'完成
2023-05-05 17:16:55 INFO 点击元素'('id', 'com.inkr.sport:id/ivEnterApp')'完成
2023-05-05 17:16:58 INFO 查找元素'(('id', 'com.inkr.sport:id/ivTbMine'),)'完成
2023-05-05 17:16:58 INFO 点击元素'('id', 'com.inkr.sport:id/ivTbMine')'完成
2023-05-05 17:16:59 INFO 查找元素'(('id', 'com.inkr.sport:id/tvUserName'),)'完成
2023-05-05 17:17:09 INFO 点击元素'('id', 'com.inkr.sport:id/tvUserName')'完成
2023-05-05 17:17:39 INFO 查找元素'(('id', 'com.inkr.sport:id/tvAccountLogin'),)'完成
2023-05-05 17:18:10 INFO 点击元素'('id', 'com.inkr.sport:id/tvAccountLogin')'完成
2023-05-05 17:20:00 INFO 查找元素'(('id', 'com.inkr.sport:id/etPd'),)'完成
2023-05-05 17:21:31 INFO 查找元素'(('id', 'com.inkr.sport:id/ivPolicyCheckBox'),)'完成
2023-05-05 17:22:01 INFO 点击元素'('id', 'com.inkr.sport:id/ivPolicyCheckBox')'完成
2023-05-05 17:22:31 INFO 查找元素'(('id', 'com.inkr.sport:id/btLogin'),)'完成
2023-05-05 17:23:02 INFO 点击元素'('id', 'com.inkr.sport:id/btLogin')'完成
2023-05-05 17:23:02 INFO 登录账号:33000000011 密码：ab555c123456
2023-05-05 17:23:32 INFO 查找元素'(('id', 'com.inkr.sport:id/ivAuthQQ'),)'完成
2023-05-05 17:23:52 INFO 用户信息的value为：com.inkr.sport:id/ivAuthQQ
2023-05-05 17:24:22 INFO 查找元素'(('id', 'com.inkr.sport:id/tvAccountLogin'),)'完成
2023-05-05 17:24:52 INFO 点击元素'('id', 'com.inkr.sport:id/tvAccountLogin')'完成
2023-05-05 17:26:43 INFO 查找元素'(('id', 'com.inkr.sport:id/etPd'),)'完成
2023-05-05 17:28:14 INFO 查找元素'(('id', 'com.inkr.sport:id/btLogin'),)'完成
2023-05-05 17:28:34 INFO 点击元素'('id', 'com.inkr.sport:id/btLogin')'完成
2023-05-05 17:28:34 INFO 登录账号:13000000014 密码：abc123456
2023-05-05 17:28:36 INFO 查找元素'(('id', 'com.inkr.sport:id/tvUserName'),)'完成
2023-05-05 17:28:36 INFO 用户信息的value为：com.inkr.sport:id/tvUserName
2023-05-05 17:28:36 INFO 查找元素'(('id', 'com.inkr.sport:id/tvExpert'),)'完成
2023-05-05 17:28:37 INFO 点击元素'('id', 'com.inkr.sport:id/tvExpert')'完成
2023-05-05 17:28:37 INFO 查找元素'(('id', 'com.inkr.sport:id/tvMenuName'),)'完成
2023-05-05 17:28:37 INFO 点击元素'('id', 'com.inkr.sport:id/tvMenuName')'完成
2023-05-05 17:28:39 INFO 查找元素'(('id', 'com.inkr.sport:id/tvNotMind'),)'完成
2023-05-05 17:28:39 INFO 点击元素'('id', 'com.inkr.sport:id/tvNotMind')'完成
2023-05-05 17:28:40 INFO 查找元素'(('id', 'com.inkr.sport:id/tvConfirm'),)'完成
2023-05-05 17:28:40 INFO 点击元素'('id', 'com.inkr.sport:id/tvConfirm')'完成
2023-05-05 17:28:40 INFO 查找元素'(('id', 'com.inkr.sport:id/tvIKnow'),)'完成
2023-05-05 17:28:40 INFO 点击元素'('id', 'com.inkr.sport:id/tvIKnow')'完成
2023-05-05 17:28:41 INFO 查找元素'(('id', 'com.inkr.sport:id/rlAddMatch'),)'完成
2023-05-05 17:28:43 INFO 点击元素'('id', 'com.inkr.sport:id/rlAddMatch')'完成
2023-05-05 17:28:43 INFO 查找元素'(('id', 'com.inkr.sport:id/tvFootball'),)'完成
2023-05-05 17:28:43 INFO 点击元素'('id', 'com.inkr.sport:id/tvFootball')'完成
2023-05-05 17:28:44 INFO 查找元素'(('xpath', '//*[@resource-id="com.inkr.sport:id/recyclerView"]/android.view.ViewGroup[2]'),)'完成
2023-05-05 17:28:44 INFO 点击元素'('xpath', '//*[@resource-id="com.inkr.sport:id/recyclerView"]/android.view.ViewGroup[2]')'完成
2023-05-05 17:28:45 INFO 查找元素'(('id', 'com.inkr.sport:id/tvDraft'),)'完成
2023-05-05 17:28:45 INFO 查找元素'(('xpath', "//*[@text='胜平负']"),)'完成
2023-05-05 17:28:45 INFO 点击元素'('xpath', "//*[@text='胜平负']")'完成
2023-05-05 17:28:45 INFO 选择的玩法类型：竞足，选择了第1场比赛，选择的玩法方式：胜平负
2023-05-05 17:28:46 INFO 不能选择主推次推2
2023-05-05 17:28:46 INFO 查找元素'(('id', 'com.inkr.sport:id/firstItem'),)'完成
2023-05-05 17:28:46 INFO 点击元素'('id', 'com.inkr.sport:id/firstItem')'完成
2023-05-05 17:28:46 INFO 不选择其他玩法
2023-05-05 17:28:46 INFO 查找元素'(('xpath', '//*[@resource-id ="com.inkr.sport:id/glPrice"]/android.view.ViewGroup[1]'),)'完成
2023-05-05 17:28:46 INFO 点击元素'('xpath', '//*[@resource-id ="com.inkr.sport:id/glPrice"]/android.view.ViewGroup[1]')'完成
2023-05-05 17:28:46 INFO 开始上滑
2023-05-05 17:28:47 INFO 上滑完成
2023-05-05 17:28:47 INFO 不选择促销信息
2023-05-05 17:28:47 INFO 不选择专家福利
2023-05-05 17:28:48 INFO 查找元素'(('id', 'com.inkr.sport:id/tvTitle'),)'完成
2023-05-05 17:28:48 INFO 点击元素'('id', 'com.inkr.sport:id/tvTitle')'完成
2023-05-05 17:28:48 INFO 查找元素'(('id', 'com.inkr.sport:id/etContent'),)'完成
2023-05-05 17:28:50 INFO 查找元素'(('id', 'com.inkr.sport:id/tvConfirm'),)'完成
2023-05-05 17:28:50 INFO 点击元素'('id', 'com.inkr.sport:id/tvConfirm')'完成
2023-05-05 17:28:51 INFO 查找元素'(('id', 'com.inkr.sport:id/tvRecommend'),)'完成
2023-05-05 17:28:52 INFO 点击元素'('id', 'com.inkr.sport:id/tvRecommend')'完成
2023-05-05 17:28:52 INFO 查找元素'(('id', 'com.inkr.sport:id/etContent'),)'完成
2023-05-05 17:28:53 INFO 查找元素'(('id', 'com.inkr.sport:id/tvConfirm'),)'完成
2023-05-05 17:28:53 INFO 点击元素'('id', 'com.inkr.sport:id/tvConfirm')'完成
2023-05-05 17:28:54 INFO 查找元素'(('id', 'com.inkr.sport:id/tvContent'),)'完成
2023-05-05 17:28:55 INFO 点击元素'('id', 'com.inkr.sport:id/tvContent')'完成
2023-05-05 17:28:55 INFO 查找元素'(('id', 'com.inkr.sport:id/etContent'),)'完成
2023-05-05 17:28:56 INFO 查找元素'(('id', 'com.inkr.sport:id/tvConfirm'),)'完成
2023-05-05 17:28:56 INFO 点击元素'('id', 'com.inkr.sport:id/tvConfirm')'完成
2023-05-05 17:28:57 INFO 查找元素'(('id', 'com.inkr.sport:id/tvPublish'),)'完成
2023-05-05 17:28:58 INFO 点击元素'('id', 'com.inkr.sport:id/tvPublish')'完成
2023-05-05 17:28:58 INFO 查找元素'(('id', 'com.inkr.sport:id/tvPublish'),)'完成
2023-05-05 17:28:58 INFO 点击元素'('id', 'com.inkr.sport:id/tvPublish')'完成
2023-05-05 17:28:58 INFO 发布方案成功
2023-05-05 17:28:58 INFO 查找元素'(('id', 'com.inkr.sport:id/tvPublishSuccess'),)'完成
2023-05-05 17:28:58 INFO 用户信息的value为：发布成功
2023-05-05 17:28:58 INFO 查找元素'(('id', 'com.inkr.sport:id/tvPublishSuccess'),)'完成
2023-05-05 17:28:58 INFO 用户信息的value为：发布成功
2023-05-05 17:28:58 INFO 查找元素'(('id', 'com.inkr.sport:id/tvConfirm'),)'完成
2023-05-05 17:28:59 INFO 点击元素'('id', 'com.inkr.sport:id/tvConfirm')'完成
2023-05-05 17:28:59 INFO 查找元素'(('id', 'com.inkr.sport:id/tvPublish'),)'完成
2023-05-05 17:29:00 INFO 点击元素'('id', 'com.inkr.sport:id/tvPublish')'完成
2023-05-05 17:29:00 INFO 非首次发布，可以直接选择比赛
2023-05-05 17:29:00 INFO 查找元素'(('id', 'com.inkr.sport:id/rlAddMatch'),)'完成
2023-05-05 17:29:01 INFO 点击元素'('id', 'com.inkr.sport:id/rlAddMatch')'完成
2023-05-05 17:29:01 INFO 查找元素'(('xpath', '//*[@resource-id="com.inkr.sport:id/recyclerView"]/android.view.ViewGroup[3]'),)'完成
2023-05-05 17:29:02 INFO 点击元素'('xpath', '//*[@resource-id="com.inkr.sport:id/recyclerView"]/android.view.ViewGroup[3]')'完成
2023-05-05 17:29:02 INFO 查找元素'(('id', 'com.inkr.sport:id/tvDraft'),)'完成
2023-05-05 17:29:03 INFO 查找元素'(('xpath', "//*[@text='胜负过关']"),)'完成
2023-05-05 17:29:03 INFO 点击元素'('xpath', "//*[@text='胜负过关']")'完成
2023-05-05 17:29:03 INFO 选择的玩法类型：北单，选择了第2场比赛，选择的玩法方式：胜负过关
2023-05-05 17:29:03 ERROR 获取第三个元素失败，原因list index out of range，默认选择第一个推荐结果
2023-05-05 17:29:03 INFO 不能选择主推次推2
2023-05-05 17:29:03 INFO 查找元素'(('id', 'com.inkr.sport:id/firstItem'),)'完成
2023-05-05 17:29:03 INFO 点击元素'('id', 'com.inkr.sport:id/firstItem')'完成
2023-05-05 17:29:03 INFO 不选择其他玩法
2023-05-05 17:29:04 INFO 查找元素'(('xpath', '//*[@resource-id ="com.inkr.sport:id/glPrice"]/android.view.ViewGroup[2]'),)'完成
2023-05-05 17:29:04 INFO 点击元素'('xpath', '//*[@resource-id ="com.inkr.sport:id/glPrice"]/android.view.ViewGroup[2]')'完成
2023-05-05 17:29:04 INFO 开始上滑
2023-05-05 17:29:04 INFO 上滑完成
2023-05-05 17:29:04 INFO 不选择促销信息
2023-05-05 17:29:05 INFO 查找元素'现金红包'完成
2023-05-05 17:29:05 INFO 点击元素'现金红包'完成
2023-05-05 17:29:06 INFO 查找元素'(('id', 'com.inkr.sport:id/tvSelectGoods'),)'完成
2023-05-05 17:29:07 INFO 点击元素'('id', 'com.inkr.sport:id/tvSelectGoods')'完成
2023-05-05 17:29:07 INFO 点击元素'('id', 'com.inkr.sport:id/ivAward')'完成
2023-05-05 17:29:08 INFO 查找元素'(('id', 'com.inkr.sport:id/tvAllNum'),)'完成
2023-05-05 17:29:08 INFO 点击元素'('id', 'com.inkr.sport:id/tvAllNum')'完成
2023-05-05 17:29:08 INFO 查找元素'(('id', 'com.inkr.sport:id/tvTitle'),)'完成
2023-05-05 17:29:09 INFO 点击元素'('id', 'com.inkr.sport:id/tvTitle')'完成
2023-05-05 17:29:09 INFO 查找元素'(('id', 'com.inkr.sport:id/etContent'),)'完成
2023-05-05 17:29:10 INFO 查找元素'(('id', 'com.inkr.sport:id/tvConfirm'),)'完成
2023-05-05 17:29:10 INFO 点击元素'('id', 'com.inkr.sport:id/tvConfirm')'完成
2023-05-05 17:29:11 INFO 查找元素'(('id', 'com.inkr.sport:id/tvRecommend'),)'完成
2023-05-05 17:29:11 INFO 点击元素'('id', 'com.inkr.sport:id/tvRecommend')'完成
2023-05-05 17:29:11 INFO 查找元素'(('id', 'com.inkr.sport:id/etContent'),)'完成
2023-05-05 17:29:13 INFO 查找元素'(('id', 'com.inkr.sport:id/tvConfirm'),)'完成
2023-05-05 17:29:13 INFO 点击元素'('id', 'com.inkr.sport:id/tvConfirm')'完成
2023-05-05 17:29:13 INFO 查找元素'(('id', 'com.inkr.sport:id/tvContent'),)'完成
2023-05-05 17:29:14 INFO 点击元素'('id', 'com.inkr.sport:id/tvContent')'完成
2023-05-05 17:29:14 INFO 查找元素'(('id', 'com.inkr.sport:id/etContent'),)'完成
2023-05-05 17:29:16 INFO 查找元素'(('id', 'com.inkr.sport:id/tvConfirm'),)'完成
2023-05-05 17:29:16 INFO 点击元素'('id', 'com.inkr.sport:id/tvConfirm')'完成
2023-05-05 17:29:16 INFO 查找元素'(('id', 'com.inkr.sport:id/tvPublish'),)'完成
2023-05-05 17:29:17 INFO 点击元素'('id', 'com.inkr.sport:id/tvPublish')'完成
2023-05-05 17:29:17 INFO 查找元素'(('id', 'com.inkr.sport:id/tvPublish'),)'完成
2023-05-05 17:29:18 INFO 点击元素'('id', 'com.inkr.sport:id/tvPublish')'完成
2023-05-05 17:29:18 INFO 发布方案成功
2023-05-05 17:29:18 INFO 查找元素'(('id', 'com.inkr.sport:id/tvPublishSuccess'),)'完成
2023-05-05 17:29:18 INFO 用户信息的value为：发布成功
2023-05-05 17:29:18 INFO 查找元素'(('id', 'com.inkr.sport:id/tvPublishSuccess'),)'完成
2023-05-05 17:29:18 INFO 用户信息的value为：发布成功
2023-05-05 17:29:18 INFO 查找元素'(('id', 'com.inkr.sport:id/tvConfirm'),)'完成
2023-05-05 17:29:18 INFO 点击元素'('id', 'com.inkr.sport:id/tvConfirm')'完成
2023-05-05 17:29:19 INFO 查找元素'(('id', 'com.inkr.sport:id/tvPublish'),)'完成
2023-05-05 17:29:20 INFO 点击元素'('id', 'com.inkr.sport:id/tvPublish')'完成
2023-05-05 17:29:20 INFO 非首次发布，可以直接选择比赛
2023-05-05 17:29:20 INFO 查找元素'(('id', 'com.inkr.sport:id/rlAddMatch'),)'完成
2023-05-05 17:29:20 INFO 点击元素'('id', 'com.inkr.sport:id/rlAddMatch')'完成
2023-05-05 17:29:21 INFO 查找元素'(('id', 'com.inkr.sport:id/tvBasketball'),)'完成
2023-05-05 17:29:21 INFO 点击元素'('id', 'com.inkr.sport:id/tvBasketball')'完成
2023-05-05 17:29:22 INFO 查找元素'(('xpath', '//*[@resource-id="com.inkr.sport:id/recyclerView"]/android.view.ViewGroup[2]'),)'完成
2023-05-05 17:29:23 INFO 点击元素'('xpath', '//*[@resource-id="com.inkr.sport:id/recyclerView"]/android.view.ViewGroup[2]')'完成
2023-05-05 17:29:23 INFO 查找元素'(('id', 'com.inkr.sport:id/tvDraft'),)'完成
2023-05-05 17:29:23 INFO 查找元素'(('xpath', "//*[@text='大小分']"),)'完成
2023-05-05 17:29:24 INFO 点击元素'('xpath', "//*[@text='大小分']")'完成
2023-05-05 17:29:24 INFO 选择的玩法类型：竞篮，选择了第1场比赛，选择的玩法方式：大小分
2023-05-05 17:29:24 ERROR 获取第三个元素失败，原因list index out of range，默认选择第一个推荐结果
2023-05-05 17:29:24 INFO 不能选择主推次推3
2023-05-05 17:29:24 INFO 查找元素'(('id', 'com.inkr.sport:id/firstItem'),)'完成
2023-05-05 17:29:24 INFO 点击元素'('id', 'com.inkr.sport:id/firstItem')'完成
2023-05-05 17:29:24 INFO 不选择其他玩法
2023-05-05 17:29:24 INFO 查找元素'(('xpath', '//*[@resource-id ="com.inkr.sport:id/glPrice"]/android.view.ViewGroup[2]'),)'完成
2023-05-05 17:29:24 INFO 点击元素'('xpath', '//*[@resource-id ="com.inkr.sport:id/glPrice"]/android.view.ViewGroup[2]')'完成
2023-05-05 17:29:24 INFO 开始上滑
2023-05-05 17:29:25 INFO 上滑完成
2023-05-05 17:29:25 INFO 不选择促销信息
2023-05-05 17:29:25 INFO 不选择专家福利
2023-05-05 17:29:25 INFO 查找元素'(('id', 'com.inkr.sport:id/tvTitle'),)'完成
2023-05-05 17:29:26 INFO 点击元素'('id', 'com.inkr.sport:id/tvTitle')'完成
2023-05-05 17:29:26 INFO 查找元素'(('id', 'com.inkr.sport:id/etContent'),)'完成
2023-05-05 17:29:28 INFO 查找元素'(('id', 'com.inkr.sport:id/tvConfirm'),)'完成
2023-05-05 17:29:28 INFO 点击元素'('id', 'com.inkr.sport:id/tvConfirm')'完成
2023-05-05 17:29:28 INFO 查找元素'(('id', 'com.inkr.sport:id/tvRecommend'),)'完成
2023-05-05 17:29:29 INFO 点击元素'('id', 'com.inkr.sport:id/tvRecommend')'完成
2023-05-05 17:29:29 INFO 查找元素'(('id', 'com.inkr.sport:id/etContent'),)'完成
2023-05-05 17:29:30 INFO 查找元素'(('id', 'com.inkr.sport:id/tvConfirm'),)'完成
2023-05-05 17:29:30 INFO 点击元素'('id', 'com.inkr.sport:id/tvConfirm')'完成
2023-05-05 17:29:31 INFO 查找元素'(('id', 'com.inkr.sport:id/tvContent'),)'完成
2023-05-05 17:29:32 INFO 点击元素'('id', 'com.inkr.sport:id/tvContent')'完成
2023-05-05 17:29:32 INFO 查找元素'(('id', 'com.inkr.sport:id/etContent'),)'完成
2023-05-05 17:29:33 INFO 查找元素'(('id', 'com.inkr.sport:id/tvConfirm'),)'完成
2023-05-05 17:29:33 INFO 点击元素'('id', 'com.inkr.sport:id/tvConfirm')'完成
2023-05-05 17:29:34 INFO 查找元素'(('id', 'com.inkr.sport:id/tvPublish'),)'完成
2023-05-05 17:29:35 INFO 点击元素'('id', 'com.inkr.sport:id/tvPublish')'完成
2023-05-05 17:29:35 INFO 查找元素'(('id', 'com.inkr.sport:id/tvPublish'),)'完成
2023-05-05 17:29:35 INFO 点击元素'('id', 'com.inkr.sport:id/tvPublish')'完成
2023-05-05 17:29:35 INFO 发布方案成功
2023-05-05 17:29:35 INFO 查找元素'(('id', 'com.inkr.sport:id/tvPublishSuccess'),)'完成
2023-05-05 17:29:35 INFO 用户信息的value为：发布成功
2023-05-05 17:29:35 INFO 查找元素'(('id', 'com.inkr.sport:id/tvPublishSuccess'),)'完成
2023-05-05 17:29:35 INFO 用户信息的value为：发布成功
2023-05-05 17:29:36 INFO 查找元素'(('id', 'com.inkr.sport:id/tvConfirm'),)'完成
2023-05-05 17:29:36 INFO 点击元素'('id', 'com.inkr.sport:id/tvConfirm')'完成
2023-05-05 17:29:37 INFO 查找元素'(('id', 'com.inkr.sport:id/tvPublish'),)'完成
2023-05-05 17:29:37 INFO 点击元素'('id', 'com.inkr.sport:id/tvPublish')'完成
2023-05-05 17:29:37 INFO 非首次发布，可以直接选择比赛
2023-05-05 17:29:37 INFO 查找元素'(('id', 'com.inkr.sport:id/rlAddMatch'),)'完成
2023-05-05 17:29:39 INFO 点击元素'('id', 'com.inkr.sport:id/rlAddMatch')'完成
2023-05-05 17:29:39 INFO 查找元素'(('id', 'com.inkr.sport:id/tvFootball'),)'完成
2023-05-05 17:29:39 INFO 点击元素'('id', 'com.inkr.sport:id/tvFootball')'完成
2023-05-05 17:29:39 INFO 查找元素'(('xpath', '//*[@resource-id="com.inkr.sport:id/recyclerView"]/android.view.ViewGroup[4]'),)'完成
2023-05-05 17:29:40 INFO 点击元素'('xpath', '//*[@resource-id="com.inkr.sport:id/recyclerView"]/android.view.ViewGroup[4]')'完成
2023-05-05 17:29:40 INFO 查找元素'(('id', 'com.inkr.sport:id/tvDraft'),)'完成
2023-05-05 17:29:40 INFO 查找元素'(('xpath', "//*[@text='胜平负']"),)'完成
2023-05-05 17:29:40 INFO 点击元素'('xpath', "//*[@text='胜平负']")'完成
2023-05-05 17:29:40 INFO 选择的玩法类型：竞足，选择了第3场比赛，选择的玩法方式：胜平负
2023-05-05 17:29:41 INFO 查找元素'(('id', 'com.inkr.sport:id/firstItem'),)'完成
2023-05-05 17:29:41 INFO 点击元素'('id', 'com.inkr.sport:id/firstItem')'完成
2023-05-05 17:29:41 INFO 没有选择主推次推，单选一个结果
2023-05-05 17:29:42 INFO 查找元素'(('id', 'com.inkr.sport:id/tvSelect'),)'完成
2023-05-05 17:29:43 INFO 点击元素'('id', 'com.inkr.sport:id/tvSelect')'完成
2023-05-05 17:29:43 INFO 查找元素'(('xpath', '//*[@resource-id="com.inkr.sport:id/llOdds"]/android.view.ViewGroup[1]/androidx.recyclerview.widget.RecyclerView[1]/android.view.ViewGroup[2]'),)'完成
2023-05-05 17:29:43 INFO 点击元素'('xpath', '//*[@resource-id="com.inkr.sport:id/llOdds"]/android.view.ViewGroup[1]/androidx.recyclerview.widget.RecyclerView[1]/android.view.ViewGroup[2]')'完成
2023-05-05 17:29:43 INFO 查找元素'(('xpath', '//*[@resource-id="com.inkr.sport:id/llOdds"]/android.view.ViewGroup[1]/androidx.recyclerview.widget.RecyclerView[1]/android.view.ViewGroup[3]'),)'完成
2023-05-05 17:29:44 INFO 点击元素'('xpath', '//*[@resource-id="com.inkr.sport:id/llOdds"]/android.view.ViewGroup[1]/androidx.recyclerview.widget.RecyclerView[1]/android.view.ViewGroup[3]')'完成
2023-05-05 17:29:44 INFO 查找元素'(('id', 'com.inkr.sport:id/tvConfirm'),)'完成
2023-05-05 17:29:44 INFO 点击元素'('id', 'com.inkr.sport:id/tvConfirm')'完成
2023-05-05 17:29:44 INFO 总比分玩法选择成功
2023-05-05 17:29:45 INFO 查找元素'(('id', 'com.inkr.sport:id/tvSelect'),)'完成
2023-05-05 17:29:46 INFO 点击元素'('id', 'com.inkr.sport:id/tvSelect')'完成
2023-05-05 17:29:46 INFO 点击元素'('id', 'com.inkr.sport:id/tvOddsName')'完成
2023-05-05 17:29:47 INFO 点击元素'('id', 'com.inkr.sport:id/tvOddsName')'完成
2023-05-05 17:29:48 INFO 查找元素'(('id', 'com.inkr.sport:id/tvConfirm'),)'完成
2023-05-05 17:29:48 INFO 点击元素'('id', 'com.inkr.sport:id/tvConfirm')'完成
2023-05-05 17:29:48 INFO 总进球玩法选择成功
2023-05-05 17:29:48 INFO 其他玩法选择完成
2023-05-05 17:29:48 INFO 查找元素'(('xpath', '//*[@resource-id ="com.inkr.sport:id/glPrice"]/android.view.ViewGroup[5]'),)'完成
2023-05-05 17:29:49 INFO 点击元素'('xpath', '//*[@resource-id ="com.inkr.sport:id/glPrice"]/android.view.ViewGroup[5]')'完成
2023-05-05 17:29:49 INFO 开始上滑
2023-05-05 17:29:49 INFO 上滑完成
2023-05-05 17:29:49 INFO 不选择促销信息
2023-05-05 17:29:49 INFO 不选择专家福利
2023-05-05 17:29:50 INFO 查找元素'(('id', 'com.inkr.sport:id/tvTitle'),)'完成
2023-05-05 17:29:50 INFO 点击元素'('id', 'com.inkr.sport:id/tvTitle')'完成
2023-05-05 17:29:51 INFO 查找元素'(('id', 'com.inkr.sport:id/etContent'),)'完成
2023-05-05 17:29:52 INFO 查找元素'(('id', 'com.inkr.sport:id/tvConfirm'),)'完成
2023-05-05 17:29:52 INFO 点击元素'('id', 'com.inkr.sport:id/tvConfirm')'完成
2023-05-05 17:29:53 INFO 查找元素'(('id', 'com.inkr.sport:id/tvRecommend'),)'完成
2023-05-05 17:29:54 INFO 点击元素'('id', 'com.inkr.sport:id/tvRecommend')'完成
2023-05-05 17:29:54 INFO 查找元素'(('id', 'com.inkr.sport:id/etContent'),)'完成
2023-05-05 17:29:55 INFO 查找元素'(('id', 'com.inkr.sport:id/tvConfirm'),)'完成
2023-05-05 17:29:55 INFO 点击元素'('id', 'com.inkr.sport:id/tvConfirm')'完成
2023-05-05 17:29:56 INFO 查找元素'(('id', 'com.inkr.sport:id/tvContent'),)'完成
2023-05-05 17:29:56 INFO 点击元素'('id', 'com.inkr.sport:id/tvContent')'完成
2023-05-05 17:29:56 INFO 查找元素'(('id', 'com.inkr.sport:id/etContent'),)'完成
2023-05-05 17:29:58 INFO 查找元素'(('id', 'com.inkr.sport:id/tvConfirm'),)'完成
2023-05-05 17:29:58 INFO 点击元素'('id', 'com.inkr.sport:id/tvConfirm')'完成
2023-05-05 17:29:58 INFO 查找元素'(('id', 'com.inkr.sport:id/tvPublish'),)'完成
2023-05-05 17:29:59 INFO 点击元素'('id', 'com.inkr.sport:id/tvPublish')'完成
2023-05-05 17:29:59 INFO 查找元素'(('id', 'com.inkr.sport:id/tvPublish'),)'完成
2023-05-05 17:30:00 INFO 点击元素'('id', 'com.inkr.sport:id/tvPublish')'完成
2023-05-05 17:30:00 INFO 发布方案成功
2023-05-05 17:30:00 INFO 查找元素'(('id', 'com.inkr.sport:id/tvPublishSuccess'),)'完成
2023-05-05 17:30:00 INFO 用户信息的value为：发布成功
2023-05-05 17:30:00 INFO 查找元素'(('id', 'com.inkr.sport:id/tvPublishSuccess'),)'完成
2023-05-05 17:30:00 INFO 用户信息的value为：发布成功
2023-05-05 17:30:00 INFO 查找元素'(('id', 'com.inkr.sport:id/tvConfirm'),)'完成
2023-05-05 17:30:01 INFO 点击元素'('id', 'com.inkr.sport:id/tvConfirm')'完成
2023-05-05 17:30:01 INFO 查找元素'(('id', 'com.inkr.sport:id/navTitle'),)'完成
2023-05-05 17:30:01 INFO 点击元素'('id', 'com.inkr.sport:id/navTitle')'完成
2023-05-05 17:30:03 INFO 查找元素'(('id', 'com.inkr.sport:id/navTitle'),)'完成
2023-05-05 17:30:04 INFO 点击元素'('id', 'com.inkr.sport:id/navTitle')'完成
2023-05-05 17:30:04 INFO 查找元素'(('id', 'com.inkr.sport:id/ivTbMine'),)'完成
2023-05-05 17:30:04 INFO 点击元素'('id', 'com.inkr.sport:id/ivTbMine')'完成
2023-05-05 17:30:04 INFO 查找元素'(('id', 'com.inkr.sport:id/ivSetting'),)'完成
2023-05-05 17:30:04 INFO 点击元素'('id', 'com.inkr.sport:id/ivSetting')'完成
2023-05-05 17:30:05 INFO 查找元素'(('id', 'com.inkr.sport:id/btExitLogin'),)'完成
2023-05-05 17:30:06 INFO 点击元素'('id', 'com.inkr.sport:id/btExitLogin')'完成
2023-05-05 17:30:06 INFO 查找元素'(('id', 'com.inkr.sport:id/btConfirm'),)'完成
2023-05-05 17:30:07 INFO 点击元素'('id', 'com.inkr.sport:id/btConfirm')'完成
2023-05-05 17:30:27 ERROR 获取元素'(('id', 'com.inkr.sport:id/tvAccountLogin'),)'失败，原因：Message: 
Stacktrace:
NoSuchElementError: An element could not be located on the page using the given search parameters.
    at AndroidUiautomator2Driver.findElOrEls (E:\Appium-Server-GUI-windows-1.22.3-4\resources\app\node_modules\appium\node_modules\appium-android-driver\lib\commands\find.js:75:11)
    at runMicrotasks (<anonymous>)
    at processTicksAndRejections (internal/process/task_queues.js:97:5)
    at AndroidUiautomator2Driver.findElOrElsWithProcessing (E:\Appium-Server-GUI-windows-1.22.3-4\resources\app\node_modules\appium\node_modules\appium-base-driver\lib\basedriver\commands\find.js:33:12)
    at AndroidUiautomator2Driver.findElement (E:\Appium-Server-GUI-windows-1.22.3-4\resources\app\node_modules\appium\node_modules\appium-base-driver\lib\basedriver\commands\find.js:53:10)
2023-05-05 17:30:27 INFO **************用例执行结束**************
2023-05-05 17:32:52 INFO *********开始启动APP*********
2023-05-05 17:32:52 INFO 手机参数：{'platformName': 'android', 'platformVersion': '12', 'deviceName': '127.0.0.1:7555', 'automationName': 'UiAutomator2', 'appPackage': 'com.inkr.sport', 'appActivity': 'com.inkr.sport.activities.SplashActivity'}
2023-05-05 17:32:59 INFO *********启动成功*********
2023-05-05 17:32:59 INFO **************用例开始执行**************
2023-05-05 17:33:19 ERROR 获取元素'(('id', 'com.inkr.sport:id/tvConfirm'),)'失败，原因：Message: 
Stacktrace:
NoSuchElementError: An element could not be located on the page using the given search parameters.
    at AndroidUiautomator2Driver.findElOrEls (E:\Appium-Server-GUI-windows-1.22.3-4\resources\app\node_modules\appium\node_modules\appium-android-driver\lib\commands\find.js:75:11)
    at runMicrotasks (<anonymous>)
    at processTicksAndRejections (internal/process/task_queues.js:97:5)
    at AndroidUiautomator2Driver.findElOrElsWithProcessing (E:\Appium-Server-GUI-windows-1.22.3-4\resources\app\node_modules\appium\node_modules\appium-base-driver\lib\basedriver\commands\find.js:33:12)
    at AndroidUiautomator2Driver.findElement (E:\Appium-Server-GUI-windows-1.22.3-4\resources\app\node_modules\appium\node_modules\appium-base-driver\lib\basedriver\commands\find.js:53:10)
2023-05-05 17:33:19 INFO **************用例执行结束**************
2023-05-05 17:34:51 INFO *********开始启动APP*********
2023-05-05 17:34:51 INFO 手机参数：{'platformName': 'android', 'platformVersion': '12', 'deviceName': '127.0.0.1:7555', 'automationName': 'UiAutomator2', 'appPackage': 'com.inkr.sport', 'appActivity': 'com.inkr.sport.activities.SplashActivity'}
2023-05-05 17:34:58 INFO *********启动成功*********
2023-05-05 17:34:58 INFO **************用例开始执行**************
2023-05-05 17:34:58 INFO 查找元素'(('id', 'com.inkr.sport:id/tvPopAgreementAgree'),)'完成
2023-05-05 17:34:58 INFO 点击元素'('id', 'com.inkr.sport:id/tvPopAgreementAgree')'完成
2023-05-05 17:34:58 INFO 开始左滑
2023-05-05 17:35:00 INFO 左滑1次
2023-05-05 17:35:01 INFO 左滑2次
2023-05-05 17:35:01 INFO 左滑完成
2023-05-05 17:35:02 INFO 查找元素'(('id', 'com.inkr.sport:id/ivEnterApp'),)'完成
2023-05-05 17:35:02 INFO 点击元素'('id', 'com.inkr.sport:id/ivEnterApp')'完成
2023-05-05 17:35:05 INFO 查找元素'(('id', 'com.inkr.sport:id/ivTbMine'),)'完成
2023-05-05 17:35:06 INFO 点击元素'('id', 'com.inkr.sport:id/ivTbMine')'完成
2023-05-05 17:35:06 INFO 查找元素'(('id', 'com.inkr.sport:id/tvUserName'),)'完成
2023-05-05 17:35:16 INFO 点击元素'('id', 'com.inkr.sport:id/tvUserName')'完成
2023-05-05 17:35:46 INFO 查找元素'(('id', 'com.inkr.sport:id/tvAccountLogin'),)'完成
2023-05-05 17:36:16 INFO 点击元素'('id', 'com.inkr.sport:id/tvAccountLogin')'完成
2023-05-05 17:38:07 INFO 查找元素'(('id', 'com.inkr.sport:id/etPd'),)'完成
2023-05-05 17:39:38 INFO 查找元素'(('id', 'com.inkr.sport:id/ivPolicyCheckBox'),)'完成
2023-05-05 17:40:08 INFO 点击元素'('id', 'com.inkr.sport:id/ivPolicyCheckBox')'完成
2023-05-05 17:40:38 INFO 查找元素'(('id', 'com.inkr.sport:id/btLogin'),)'完成
2023-05-05 17:40:59 INFO 点击元素'('id', 'com.inkr.sport:id/btLogin')'完成
2023-05-05 17:40:59 INFO 登录账号:13000000000 密码：abc123456
2023-05-05 17:41:01 INFO 查找元素'(('id', 'com.inkr.sport:id/ivTbLottery'),)'完成
2023-05-05 17:41:02 INFO 点击元素'('id', 'com.inkr.sport:id/ivTbLottery')'完成
2023-05-05 17:41:04 INFO 查找元素'(('id', 'com.inkr.sport:id/ivTbLottery'),)'完成
2023-05-05 17:41:04 INFO 点击元素'('id', 'com.inkr.sport:id/ivTbLottery')'完成
2023-05-05 17:41:07 INFO 查找元素'(('id', 'com.inkr.sport:id/tvHitPlan'),)'完成
2023-05-05 17:41:07 INFO 点击元素'('id', 'com.inkr.sport:id/tvHitPlan')'完成
2023-05-05 17:41:08 INFO 查找元素'(('xpath', "// *[@resource-id='com.inkr.sport:id/recyclerView']/android.view.ViewGroup[1]/android.view.View[2]"),)'完成
2023-05-05 17:41:09 INFO 点击元素'('xpath', "// *[@resource-id='com.inkr.sport:id/recyclerView']/android.view.ViewGroup[1]/android.view.View[2]")'完成
2023-05-05 17:41:09 INFO 查找元素'(('id', 'com.inkr.sport:id/tvIKnow'),)'完成
2023-05-05 17:41:09 INFO 点击元素'('id', 'com.inkr.sport:id/tvIKnow')'完成
2023-05-05 17:41:30 ERROR 获取元素'(('id', 'com.inkr.sport:id/tvConfirm'),)'失败，原因：Message: 
Stacktrace:
NoSuchElementError: An element could not be located on the page using the given search parameters.
    at AndroidUiautomator2Driver.findElOrEls (E:\Appium-Server-GUI-windows-1.22.3-4\resources\app\node_modules\appium\node_modules\appium-android-driver\lib\commands\find.js:75:11)
    at runMicrotasks (<anonymous>)
    at processTicksAndRejections (internal/process/task_queues.js:97:5)
    at AndroidUiautomator2Driver.findElOrElsWithProcessing (E:\Appium-Server-GUI-windows-1.22.3-4\resources\app\node_modules\appium\node_modules\appium-base-driver\lib\basedriver\commands\find.js:33:12)
    at AndroidUiautomator2Driver.findElement (E:\Appium-Server-GUI-windows-1.22.3-4\resources\app\node_modules\appium\node_modules\appium-base-driver\lib\basedriver\commands\find.js:53:10)
2023-05-05 17:41:30 INFO **************用例执行结束**************
2023-05-05 17:46:25 INFO *********开始启动APP*********
2023-05-05 17:46:25 INFO 手机参数：{'platformName': 'android', 'platformVersion': '12', 'deviceName': '127.0.0.1:7555', 'automationName': 'UiAutomator2', 'appPackage': 'com.inkr.sport', 'appActivity': 'com.inkr.sport.activities.SplashActivity'}
2023-05-05 17:46:32 INFO *********启动成功*********
2023-05-05 17:46:32 INFO **************用例开始执行**************
2023-05-05 17:46:32 INFO 查找元素'(('id', 'com.inkr.sport:id/tvPopAgreementAgree'),)'完成
2023-05-05 17:46:33 INFO 点击元素'('id', 'com.inkr.sport:id/tvPopAgreementAgree')'完成
2023-05-05 17:46:33 INFO 开始左滑
2023-05-05 17:46:34 INFO 左滑1次
2023-05-05 17:46:35 INFO 左滑2次
2023-05-05 17:46:35 INFO 左滑完成
2023-05-05 17:46:36 INFO 查找元素'(('id', 'com.inkr.sport:id/ivEnterApp'),)'完成
2023-05-05 17:46:37 INFO 点击元素'('id', 'com.inkr.sport:id/ivEnterApp')'完成
2023-05-05 17:46:42 INFO 查找元素'(('id', 'com.inkr.sport:id/ivTbMine'),)'完成
2023-05-05 17:46:42 INFO 点击元素'('id', 'com.inkr.sport:id/ivTbMine')'完成
2023-05-05 17:46:43 INFO 查找元素'(('id', 'com.inkr.sport:id/tvUserName'),)'完成
2023-05-05 17:46:43 INFO 点击元素'('id', 'com.inkr.sport:id/tvUserName')'完成
2023-05-05 17:47:14 INFO 查找元素'(('id', 'com.inkr.sport:id/tvAccountLogin'),)'完成
2023-05-05 17:47:44 INFO 点击元素'('id', 'com.inkr.sport:id/tvAccountLogin')'完成
2023-05-05 17:49:35 INFO 查找元素'(('id', 'com.inkr.sport:id/etPd'),)'完成
2023-05-05 17:51:05 INFO 查找元素'(('id', 'com.inkr.sport:id/ivPolicyCheckBox'),)'完成
2023-05-05 17:51:36 INFO 点击元素'('id', 'com.inkr.sport:id/ivPolicyCheckBox')'完成
2023-05-05 17:52:06 INFO 查找元素'(('id', 'com.inkr.sport:id/btLogin'),)'完成
2023-05-05 17:52:26 INFO 点击元素'('id', 'com.inkr.sport:id/btLogin')'完成
2023-05-05 17:52:26 INFO 登录账号:13000000000 密码：abc123456
2023-05-05 17:52:30 INFO 查找元素'(('id', 'com.inkr.sport:id/ivTbLottery'),)'完成
2023-05-05 17:52:30 INFO 点击元素'('id', 'com.inkr.sport:id/ivTbLottery')'完成
2023-05-05 17:52:31 INFO 查找元素'(('id', 'com.inkr.sport:id/ivTbLottery'),)'完成
2023-05-05 17:52:31 INFO 点击元素'('id', 'com.inkr.sport:id/ivTbLottery')'完成
2023-05-05 17:52:34 INFO 查找元素'(('id', 'com.inkr.sport:id/tvHitPlan'),)'完成
2023-05-05 17:52:34 INFO 点击元素'('id', 'com.inkr.sport:id/tvHitPlan')'完成
2023-05-05 17:52:36 INFO 查找元素'(('xpath', "// *[@resource-id='com.inkr.sport:id/recyclerView']/android.view.ViewGroup[1]/android.view.View[2]"),)'完成
2023-05-05 17:52:36 INFO 点击元素'('xpath', "// *[@resource-id='com.inkr.sport:id/recyclerView']/android.view.ViewGroup[1]/android.view.View[2]")'完成
2023-05-05 17:52:37 INFO 查找元素'(('id', 'com.inkr.sport:id/tvIKnow'),)'完成
2023-05-05 17:52:37 INFO 点击元素'('id', 'com.inkr.sport:id/tvIKnow')'完成
2023-05-05 17:52:37 INFO 购买的方案无专家福利
2023-05-05 17:52:38 INFO 查找元素'(('id', 'com.inkr.sport:id/tvPayNow'),)'完成
2023-05-05 17:52:39 INFO 点击元素'('id', 'com.inkr.sport:id/tvPayNow')'完成
2023-05-05 17:52:39 INFO 查找元素'(('id', 'com.inkr.sport:id/tvUsed'),)'完成
2023-05-05 17:52:40 INFO 点击元素'('id', 'com.inkr.sport:id/tvUsed')'完成
2023-05-05 17:52:40 INFO 无需要点击我知啦按钮
2023-05-05 17:52:40 INFO 查找元素'(('id', 'com.inkr.sport:id/navTitle'),)'完成
2023-05-05 17:52:40 INFO 点击元素'('id', 'com.inkr.sport:id/navTitle')'完成
2023-05-05 17:52:40 INFO **************用例执行结束**************
