2023-02-14 16:58:28 INFO 开始启动APP
2023-02-14 16:58:28 INFO 手机参数：{'platformName': 'android', 'deviceName': 'xiaomi', 'automationName': 'UiAutomator2', 'appPackage': 'com.inkr.sport', 'appActivity': 'com.inkr.sport.activities.SplashActivity'}
2023-02-14 16:58:38 INFO 启动成功
2023-02-14 16:58:39 INFO 点击元素'('id', 'com.inkr.sport:id/tvPopAgreementAgree')'完成
2023-02-14 16:58:39 INFO 开始左滑
2023-02-14 16:58:40 INFO 左滑1次
2023-02-14 16:58:42 INFO 左滑2次
2023-02-14 16:58:42 INFO 左滑完成
2023-02-14 16:58:42 INFO 点击元素'('id', 'com.inkr.sport:id/ivEnterApp')'完成
2023-02-14 16:58:49 INFO 点击元素'('id', 'com.inkr.sport:id/ivTbMine')'完成
2023-02-14 16:58:49 INFO 点击元素'('id', 'com.inkr.sport:id/tvUserName')'完成
2023-02-14 16:59:11 INFO 查找元素'账号密码登录'完成
2023-02-14 16:59:42 INFO 点击元素'账号密码登录'完成
2023-02-14 17:00:02 INFO 查找元素'请输入手机号'完成
2023-02-14 17:01:22 INFO 查找元素'请输入密码'完成
2023-02-14 17:03:23 INFO 点击元素'('id', 'com.inkr.sport:id/ivPolicyCheckBox')'完成
2023-02-14 17:04:15 INFO 点击元素'('id', 'com.inkr.sport:id/btLogin')'完成
2023-02-14 17:05:21 INFO 开始启动APP
2023-02-14 17:05:21 INFO 手机参数：{'platformName': 'android', 'deviceName': 'xiaomi', 'automationName': 'UiAutomator2', 'appPackage': 'com.inkr.sport', 'appActivity': 'com.inkr.sport.activities.SplashActivity'}
2023-02-14 17:05:31 INFO 启动成功
2023-02-14 17:05:32 INFO 点击元素'('id', 'com.inkr.sport:id/tvPopAgreementAgree')'完成
2023-02-14 17:05:32 INFO 开始左滑
2023-02-14 17:05:33 INFO 左滑1次
2023-02-14 17:05:35 INFO 左滑2次
2023-02-14 17:05:35 INFO 左滑完成
2023-02-14 17:05:35 INFO 点击元素'('id', 'com.inkr.sport:id/ivEnterApp')'完成
2023-02-14 17:05:42 INFO 点击元素'('id', 'com.inkr.sport:id/ivTbMine')'完成
2023-02-14 17:05:42 INFO 点击元素'('id', 'com.inkr.sport:id/tvUserName')'完成
2023-02-14 17:06:04 INFO 查找元素'账号密码登录'完成
2023-02-14 17:06:34 INFO 点击元素'账号密码登录'完成
2023-02-14 17:06:55 INFO 查找元素'请输入手机号'完成
2023-02-14 17:08:15 INFO 查找元素'请输入密码'完成
2023-02-14 17:10:16 INFO 点击元素'('id', 'com.inkr.sport:id/ivPolicyCheckBox')'完成
2023-02-14 17:11:07 INFO 点击元素'('id', 'com.inkr.sport:id/btLogin')'完成
2023-02-14 17:11:21 INFO 开始启动APP
2023-02-14 17:11:21 INFO 手机参数：{'platformName': 'android', 'deviceName': 'xiaomi', 'automationName': 'UiAutomator2', 'appPackage': 'com.inkr.sport', 'appActivity': 'com.inkr.sport.activities.SplashActivity'}
2023-02-14 17:11:31 INFO 启动成功
2023-02-14 17:11:32 INFO 点击元素'('id', 'com.inkr.sport:id/tvPopAgreementAgree')'完成
2023-02-14 17:11:32 INFO 开始左滑
2023-02-14 17:11:33 INFO 左滑1次
2023-02-14 17:11:35 INFO 左滑2次
2023-02-14 17:11:35 INFO 左滑完成
2023-02-14 17:11:35 INFO 点击元素'('id', 'com.inkr.sport:id/ivEnterApp')'完成
2023-02-14 17:11:42 INFO 点击元素'('id', 'com.inkr.sport:id/ivTbMine')'完成
2023-02-14 17:11:42 INFO 点击元素'('id', 'com.inkr.sport:id/tvUserName')'完成
2023-02-14 17:12:04 INFO 查找元素'账号密码登录'完成
2023-02-14 17:18:21 INFO 开始启动APP
2023-02-14 17:18:21 INFO 手机参数：{'platformName': 'android', 'deviceName': 'xiaomi', 'automationName': 'UiAutomator2', 'appPackage': 'com.inkr.sport', 'appActivity': 'com.inkr.sport.activities.SplashActivity'}
2023-02-14 17:18:31 INFO 启动成功
2023-02-14 17:18:32 INFO 点击元素'('id', 'com.inkr.sport:id/tvPopAgreementAgree')'完成
2023-02-14 17:18:32 INFO 开始左滑
2023-02-14 17:18:34 INFO 左滑1次
2023-02-14 17:18:35 INFO 左滑2次
2023-02-14 17:18:35 INFO 左滑完成
2023-02-14 17:18:36 INFO 点击元素'('id', 'com.inkr.sport:id/ivEnterApp')'完成
2023-02-14 17:18:40 INFO 点击元素'('id', 'com.inkr.sport:id/ivTbMine')'完成
2023-02-14 17:18:42 INFO 点击元素'('id', 'com.inkr.sport:id/tvUserName')'完成
2023-02-14 17:19:05 INFO 查找元素'账号密码登录'完成
2023-02-14 17:19:35 INFO 点击元素'账号密码登录'完成
2023-02-14 17:19:55 INFO 查找元素'请输入手机号'完成
2023-02-14 17:21:16 INFO 查找元素'请输入密码'完成
2023-02-14 17:23:17 INFO 点击元素'('id', 'com.inkr.sport:id/ivPolicyCheckBox')'完成
2023-02-14 17:24:08 INFO 点击元素'('id', 'com.inkr.sport:id/btLogin')'完成
2023-02-14 17:25:39 INFO 开始启动APP
2023-02-14 17:25:39 INFO 手机参数：{'platformName': 'android', 'deviceName': 'xiaomi', 'automationName': 'UiAutomator2', 'appPackage': 'com.inkr.sport', 'appActivity': 'com.inkr.sport.activities.SplashActivity'}
2023-02-14 17:25:49 INFO 启动成功
2023-02-14 17:25:49 INFO 点击元素'('id', 'com.inkr.sport:id/tvPopAgreementAgree')'完成
2023-02-14 17:25:49 INFO 开始左滑
2023-02-14 17:25:51 INFO 左滑1次
2023-02-14 17:25:52 INFO 左滑2次
2023-02-14 17:25:52 INFO 左滑完成
2023-02-14 17:25:53 INFO 点击元素'('id', 'com.inkr.sport:id/ivEnterApp')'完成
2023-02-14 17:25:58 INFO 点击元素'('id', 'com.inkr.sport:id/ivTbMine')'完成
2023-02-14 17:25:58 INFO 点击元素'('id', 'com.inkr.sport:id/tvUserName')'完成
2023-02-14 17:26:20 INFO 查找元素'账号密码登录'完成
2023-02-14 17:26:51 INFO 点击元素'账号密码登录'完成
2023-02-14 17:27:11 INFO 查找元素'请输入手机号'完成
2023-02-14 17:28:32 INFO 查找元素'请输入密码'完成
2023-02-14 17:30:33 INFO 点击元素'('id', 'com.inkr.sport:id/ivPolicyCheckBox')'完成
2023-02-14 17:31:24 INFO 点击元素'('id', 'com.inkr.sport:id/btLogin')'完成
2023-02-14 17:31:27 INFO 获取属性的value为：体育用户在这2
2023-02-14 17:39:39 INFO 开始启动APP
2023-02-14 17:39:39 INFO 手机参数：{'platformName': 'android', 'deviceName': 'xiaomi', 'automationName': 'UiAutomator2', 'appPackage': 'com.inkr.sport', 'appActivity': 'com.inkr.sport.activities.SplashActivity'}
2023-02-14 17:39:49 INFO 启动成功
2023-02-14 17:39:49 INFO 点击元素'('id', 'com.inkr.sport:id/tvPopAgreementAgree')'完成
2023-02-14 17:39:49 INFO 开始左滑
2023-02-14 17:39:51 INFO 左滑1次
2023-02-14 17:39:52 INFO 左滑2次
2023-02-14 17:39:52 INFO 左滑完成
2023-02-14 17:39:53 INFO 点击元素'('id', 'com.inkr.sport:id/ivEnterApp')'完成
2023-02-14 17:39:58 INFO 点击元素'('id', 'com.inkr.sport:id/ivTbMine')'完成
2023-02-14 17:39:59 INFO 点击元素'('id', 'com.inkr.sport:id/tvUserName')'完成
2023-02-14 17:40:22 INFO 查找元素'账号密码登录'完成
2023-02-14 17:40:52 INFO 点击元素'账号密码登录'完成
2023-02-14 17:41:12 INFO 查找元素'请输入手机号'完成
2023-02-14 17:42:33 INFO 获取text元素'请输入密码'失败，原因：Message: An unknown server-side error occurred while processing the command. Original error: Could not proxy command to the remote server. Original error: socket hang up
Stacktrace:
UnknownError: An unknown server-side error occurred while processing the command. Original error: Could not proxy command to the remote server. Original error: socket hang up
    at UIA2Proxy.command (E:\Appium-Server-GUI-windows-1.22.3-4\resources\app\node_modules\appium\node_modules\appium-base-driver\lib\jsonwp-proxy\proxy.js:274:13)
    at runMicrotasks (<anonymous>)
    at processTicksAndRejections (internal/process/task_queues.js:97:5)
    at AndroidUiautomator2Driver.helpers.doFindElementOrEls (E:\Appium-Server-GUI-windows-1.22.3-4\resources\app\node_modules\appium\node_modules\appium-uiautomator2-driver\lib\commands\find.js:32:12)
    at doFind (E:\Appium-Server-GUI-windows-1.22.3-4\resources\app\node_modules\appium\node_modules\appium-android-driver\lib\commands\find.js:36:17)
    at wrappedCondFn (E:\Appium-Server-GUI-windows-1.22.3-4\resources\app\node_modules\appium\node_modules\appium-base-driver\lib\basedriver\commands\timeout.js:151:12)
    at spin (E:\Appium-Server-GUI-windows-1.22.3-4\resources\app\node_modules\appium\node_modules\asyncbox\lib\asyncbox.js:138:20)
    at waitForCondition (E:\Appium-Server-GUI-windows-1.22.3-4\resources\app\node_modules\appium\node_modules\asyncbox\lib\asyncbox.js:155:10)
    at AndroidUiautomator2Driver.implicitWaitForCondition (E:\Appium-Server-GUI-windows-1.22.3-4\resources\app\node_modules\appium\node_modules\appium-base-driver\lib\basedriver\commands\timeout.js:153:10)
    at AndroidUiautomator2Driver.findElOrEls (E:\Appium-Server-GUI-windows-1.22.3-4\resources\app\node_modules\appium\node_modules\appium-android-driver\lib\commands\find.js:60:5)
    at AndroidUiautomator2Driver.findElOrElsWithProcessing (E:\Appium-Server-GUI-windows-1.22.3-4\resources\app\node_modules\appium\node_modules\appium-base-driver\lib\basedriver\commands\find.js:33:12)
    at AndroidUiautomator2Driver.findElement (E:\Appium-Server-GUI-windows-1.22.3-4\resources\app\node_modules\appium\node_modules\appium-base-driver\lib\basedriver\commands\find.js:53:10)
