2023-02-15 17:06:53 INFO *********开始启动APP*********
2023-02-15 17:06:53 INFO 手机参数：{'platformName': 'android', 'deviceName': 'xiaomi', 'automationName': 'UiAutomator2', 'appPackage': 'com.inkr.sport', 'appActivity': 'com.inkr.sport.activities.SplashActivity'}
2023-02-15 17:07:04 INFO *********启动成功*********
2023-02-15 17:07:05 INFO 点击元素'('id', 'com.inkr.sport:id/tvPopAgreementAgree')'完成
2023-02-15 17:07:05 INFO 开始左滑
2023-02-15 17:07:07 INFO 左滑1次
2023-02-15 17:07:08 INFO 左滑2次
2023-02-15 17:07:08 INFO 左滑完成
2023-02-15 17:07:10 INFO 点击元素'('id', 'com.inkr.sport:id/ivEnterApp')'完成
2023-02-15 17:07:15 INFO 点击元素'('id', 'com.inkr.sport:id/ivTbMine')'完成
2023-02-15 17:07:17 INFO 点击元素'('id', 'com.inkr.sport:id/tvUserName')'完成
2023-02-15 17:07:39 INFO 查找元素'账号密码登录'完成
2023-02-15 17:08:09 INFO 点击元素'账号密码登录'完成
2023-02-15 17:08:29 INFO 查找元素'请输入手机号'完成
2023-02-15 17:09:50 INFO 查找元素'请输入密码'完成
2023-02-15 17:11:51 INFO 点击元素'('id', 'com.inkr.sport:id/ivPolicyCheckBox')'完成
2023-02-15 17:12:43 INFO 点击元素'('id', 'com.inkr.sport:id/btLogin')'完成
2023-02-15 17:12:46 INFO 获取属性的value为：体育用户在这2
2023-02-15 17:41:13 INFO *********开始启动APP*********
2023-02-15 17:41:13 INFO 手机参数：{'platformName': 'android', 'deviceName': 'xiaomi', 'automationName': 'UiAutomator2', 'appPackage': 'com.inkr.sport', 'appActivity': 'com.inkr.sport.activities.SplashActivity'}
2023-02-15 17:41:22 INFO *********启动成功*********
2023-02-15 17:41:23 INFO 点击元素'('id', 'com.inkr.sport:id/tvPopAgreementAgree')'完成
2023-02-15 17:41:23 INFO 开始左滑
2023-02-15 17:41:25 INFO 左滑1次
2023-02-15 17:41:26 INFO 左滑2次
2023-02-15 17:41:26 INFO 左滑完成
2023-02-15 17:41:27 INFO 点击元素'('id', 'com.inkr.sport:id/ivEnterApp')'完成
2023-02-15 17:41:32 INFO 点击元素'('id', 'com.inkr.sport:id/ivTbMine')'完成
2023-02-15 17:41:34 INFO 点击元素'('id', 'com.inkr.sport:id/tvUserName')'完成
2023-02-15 17:41:56 INFO 查找元素'账号密码登录'完成
2023-02-15 17:42:26 INFO 点击元素'账号密码登录'完成
2023-02-15 17:42:46 INFO 查找元素'请输入手机号'完成
2023-02-15 17:44:07 INFO 查找元素'请输入密码'完成
2023-02-15 17:46:08 INFO 点击元素'('id', 'com.inkr.sport:id/ivPolicyCheckBox')'完成
2023-02-15 17:46:59 INFO 点击元素'('id', 'com.inkr.sport:id/btLogin')'完成
2023-02-15 17:47:02 INFO 获取属性的value为：体育用户在这2
2023-02-15 17:55:16 INFO *********开始启动APP*********
2023-02-15 17:55:16 INFO 手机参数：{'platformName': 'android', 'deviceName': 'xiaomi', 'automationName': 'UiAutomator2', 'appPackage': 'com.inkr.sport', 'appActivity': 'com.inkr.sport.activities.SplashActivity'}
2023-02-15 17:55:25 INFO *********启动成功*********
2023-02-15 17:55:26 INFO 点击元素'('id', 'com.inkr.sport:id/tvPopAgreementAgree')'完成
2023-02-15 17:55:26 INFO 开始左滑
2023-02-15 17:55:28 INFO 左滑1次
2023-02-15 17:55:29 INFO 左滑2次
2023-02-15 17:55:29 INFO 左滑完成
2023-02-15 17:55:30 INFO 点击元素'('id', 'com.inkr.sport:id/ivEnterApp')'完成
2023-02-15 17:55:36 INFO 点击元素'('id', 'com.inkr.sport:id/ivTbMine')'完成
2023-02-15 17:55:48 INFO 点击元素'('id', 'com.inkr.sport:id/tvUserName')'完成
2023-02-15 17:56:10 INFO 查找元素'账号密码登录'完成
2023-02-15 17:56:40 INFO 点击元素'账号密码登录'完成
2023-02-15 17:57:01 INFO 查找元素'请输入手机号'完成
2023-02-15 17:58:21 INFO 查找元素'请输入密码'完成
2023-02-15 18:00:22 INFO 点击元素'('id', 'com.inkr.sport:id/ivPolicyCheckBox')'完成
2023-02-15 18:01:13 INFO 点击元素'('id', 'com.inkr.sport:id/btLogin')'完成
2023-02-15 18:01:16 INFO 获取属性的value为：体育用户在这2
2023-02-15 18:04:29 INFO *********开始启动APP*********
2023-02-15 18:04:29 INFO 手机参数：{'platformName': 'android', 'deviceName': 'xiaomi', 'automationName': 'UiAutomator2', 'appPackage': 'com.inkr.sport', 'appActivity': 'com.inkr.sport.activities.SplashActivity'}
2023-02-15 18:04:38 INFO *********启动成功*********
2023-02-15 18:04:39 INFO 点击元素'('id', 'com.inkr.sport:id/tvPopAgreementAgree')'完成
2023-02-15 18:04:39 INFO 开始左滑
2023-02-15 18:04:40 INFO 左滑1次
2023-02-15 18:04:42 INFO 左滑2次
2023-02-15 18:04:42 INFO 左滑完成
2023-02-15 18:04:43 INFO 点击元素'('id', 'com.inkr.sport:id/ivEnterApp')'完成
2023-02-15 18:04:48 INFO 点击元素'('id', 'com.inkr.sport:id/ivTbMine')'完成
2023-02-15 18:05:00 INFO 点击元素'('id', 'com.inkr.sport:id/tvUserName')'完成
2023-02-15 18:05:22 INFO 查找元素'账号密码登录'完成
2023-02-15 18:05:52 INFO 点击元素'账号密码登录'完成
2023-02-15 18:06:12 INFO 查找元素'请输入手机号'完成
2023-02-15 18:07:33 INFO 查找元素'请输入密码'完成
2023-02-15 18:09:34 INFO 点击元素'('id', 'com.inkr.sport:id/ivPolicyCheckBox')'完成
2023-02-15 18:10:26 INFO 点击元素'('id', 'com.inkr.sport:id/btLogin')'完成
2023-02-15 18:10:28 INFO 获取属性的value为：体育用户在这2
2023-02-15 18:21:30 INFO *********开始启动APP*********
2023-02-15 18:21:30 INFO 手机参数：{'platformName': 'android', 'deviceName': 'xiaomi', 'automationName': 'UiAutomator2', 'appPackage': 'com.inkr.sport', 'appActivity': 'com.inkr.sport.activities.SplashActivity'}
2023-02-15 18:21:39 INFO *********启动成功*********
2023-02-15 18:21:40 INFO 点击元素'('id', 'com.inkr.sport:id/tvPopAgreementAgree')'完成
2023-02-15 18:21:40 INFO 开始左滑
2023-02-15 18:21:41 INFO 左滑1次
2023-02-15 18:21:43 INFO 左滑2次
2023-02-15 18:21:43 INFO 左滑完成
2023-02-15 18:21:43 INFO 点击元素'('id', 'com.inkr.sport:id/ivEnterApp')'完成
2023-02-15 18:21:47 INFO 点击元素'('id', 'com.inkr.sport:id/ivTbMine')'完成
2023-02-15 18:21:49 INFO 点击元素'('id', 'com.inkr.sport:id/tvUserName')'完成
2023-02-15 18:22:11 INFO 查找元素'账号密码登录'完成
2023-02-15 18:22:42 INFO 点击元素'账号密码登录'完成
2023-02-15 18:23:02 INFO 查找元素'请输入手机号'完成
2023-02-15 18:24:22 INFO 查找元素'请输入密码'完成
2023-02-15 18:26:24 INFO 点击元素'('id', 'com.inkr.sport:id/ivPolicyCheckBox')'完成
2023-02-15 18:27:15 INFO 点击元素'('id', 'com.inkr.sport:id/btLogin')'完成
2023-02-15 18:27:17 INFO 获取属性的value为：体育用户在这2
2023-02-15 18:28:23 INFO *********开始启动APP*********
2023-02-15 18:28:23 INFO 手机参数：{'platformName': 'android', 'deviceName': 'xiaomi', 'automationName': 'UiAutomator2', 'appPackage': 'com.inkr.sport', 'appActivity': 'com.inkr.sport.activities.SplashActivity'}
