2023-03-28 09:07:51 INFO *********开始启动APP*********
2023-03-28 09:07:51 INFO 手机参数：{'platformName': 'android', 'platformVersion': '12', 'deviceName': '127.0.0.1:7555', 'automationName': 'UiAutomator2', 'appPackage': 'com.inkr.sport', 'appActivity': 'com.inkr.sport.activities.SplashActivity'}
2023-03-28 09:07:58 INFO *********启动成功*********
2023-03-28 09:07:58 ERROR 获取元素'(('id', 'com.inkr.sport:id/tvPopAgreementAgree'),)'失败，原因：'MyPage' object has no attribute 'driver'
2023-03-28 09:09:29 INFO *********开始启动APP*********
2023-03-28 09:09:29 INFO 手机参数：{'platformName': 'android', 'platformVersion': '12', 'deviceName': '127.0.0.1:7555', 'automationName': 'UiAutomator2', 'appPackage': 'com.inkr.sport', 'appActivity': 'com.inkr.sport.activities.SplashActivity'}
2023-03-28 09:09:36 INFO *********启动成功*********
2023-03-28 09:09:36 ERROR 获取元素'(('id', 'com.inkr.sport:id/tvPopAgreementAgree'),)'失败，原因：'MyPage' object has no attribute 'driver'
2023-03-28 09:10:12 INFO 555
2023-03-28 09:10:21 INFO *********开始启动APP*********
2023-03-28 09:10:21 INFO 手机参数：{'platformName': 'android', 'platformVersion': '12', 'deviceName': '127.0.0.1:7555', 'automationName': 'UiAutomator2', 'appPackage': 'com.inkr.sport', 'appActivity': 'com.inkr.sport.activities.SplashActivity'}
2023-03-28 09:10:28 INFO *********启动成功*********
2023-03-28 09:10:28 INFO 555
2023-03-28 09:10:40 INFO *********开始启动APP*********
2023-03-28 09:10:40 INFO 手机参数：{'platformName': 'android', 'platformVersion': '12', 'deviceName': '127.0.0.1:7555', 'automationName': 'UiAutomator2', 'appPackage': 'com.inkr.sport', 'appActivity': 'com.inkr.sport.activities.SplashActivity'}
2023-03-28 09:11:13 INFO *********开始启动APP*********
2023-03-28 09:11:13 INFO 手机参数：{'platformName': 'android', 'platformVersion': '12', 'deviceName': '127.0.0.1:7555', 'automationName': 'UiAutomator2', 'appPackage': 'com.inkr.sport', 'appActivity': 'com.inkr.sport.activities.SplashActivity'}
2023-03-28 09:11:20 INFO *********启动成功*********
2023-03-28 09:11:20 INFO 查找元素'(('id', 'com.inkr.sport:id/tvPopAgreementAgree'),)'完成
2023-03-28 09:11:21 INFO 点击元素'('id', 'com.inkr.sport:id/tvPopAgreementAgree')'完成
2023-03-28 09:11:21 INFO 555
2023-03-28 09:11:39 INFO *********开始启动APP*********
2023-03-28 09:11:39 INFO 手机参数：{'platformName': 'android', 'platformVersion': '12', 'deviceName': '127.0.0.1:7555', 'automationName': 'UiAutomator2', 'appPackage': 'com.inkr.sport', 'appActivity': 'com.inkr.sport.activities.SplashActivity'}
2023-03-28 09:11:46 INFO *********启动成功*********
2023-03-28 09:11:50 INFO *********开始启动APP*********
2023-03-28 09:11:50 INFO 手机参数：{'platformName': 'android', 'platformVersion': '12', 'deviceName': '127.0.0.1:7555', 'automationName': 'UiAutomator2', 'appPackage': 'com.inkr.sport', 'appActivity': 'com.inkr.sport.activities.SplashActivity'}
2023-03-28 09:11:57 INFO *********启动成功*********
2023-03-28 09:11:57 ERROR 获取元素'(('id', 'com.inkr.sport:id/tvPopAgreementAgree'),)'失败，原因：'MyPage' object has no attribute 'driver'
2023-03-28 09:12:07 INFO *********开始启动APP*********
2023-03-28 09:12:07 INFO 手机参数：{'platformName': 'android', 'platformVersion': '12', 'deviceName': '127.0.0.1:7555', 'automationName': 'UiAutomator2', 'appPackage': 'com.inkr.sport', 'appActivity': 'com.inkr.sport.activities.SplashActivity'}
2023-03-28 09:12:13 INFO *********启动成功*********
2023-03-28 09:12:36 INFO *********开始启动APP*********
2023-03-28 09:12:36 INFO 手机参数：{'platformName': 'android', 'platformVersion': '12', 'deviceName': '127.0.0.1:7555', 'automationName': 'UiAutomator2', 'appPackage': 'com.inkr.sport', 'appActivity': 'com.inkr.sport.activities.SplashActivity'}
2023-03-28 09:12:43 INFO *********启动成功*********
2023-03-28 09:12:43 INFO 查找元素'(('id', 'com.inkr.sport:id/tvPopAgreementAgree'),)'完成
2023-03-28 09:12:43 INFO 点击元素'('id', 'com.inkr.sport:id/tvPopAgreementAgree')'完成
2023-03-28 09:12:43 INFO 开始左滑
2023-03-28 09:12:45 INFO 左滑1次
2023-03-28 09:12:46 INFO 左滑2次
2023-03-28 09:12:46 INFO 左滑完成
2023-03-28 09:13:07 ERROR 获取元素'(('id', 'com.inkr.sport:id/ivEnterApp'),)'失败，原因：Message: 
Stacktrace:
NoSuchElementError: An element could not be located on the page using the given search parameters.
    at AndroidUiautomator2Driver.findElOrEls (E:\Appium-Server-GUI-windows-1.22.3-4\resources\app\node_modules\appium\node_modules\appium-android-driver\lib\commands\find.js:75:11)
    at runMicrotasks (<anonymous>)
    at processTicksAndRejections (internal/process/task_queues.js:97:5)
    at AndroidUiautomator2Driver.findElOrElsWithProcessing (E:\Appium-Server-GUI-windows-1.22.3-4\resources\app\node_modules\appium\node_modules\appium-base-driver\lib\basedriver\commands\find.js:33:12)
    at AndroidUiautomator2Driver.findElement (E:\Appium-Server-GUI-windows-1.22.3-4\resources\app\node_modules\appium\node_modules\appium-base-driver\lib\basedriver\commands\find.js:53:10)
2023-03-28 09:13:12 INFO *********开始启动APP*********
2023-03-28 09:13:12 INFO 手机参数：{'platformName': 'android', 'platformVersion': '12', 'deviceName': '127.0.0.1:7555', 'automationName': 'UiAutomator2', 'appPackage': 'com.inkr.sport', 'appActivity': 'com.inkr.sport.activities.SplashActivity'}
2023-03-28 09:13:19 INFO *********启动成功*********
2023-03-28 09:13:19 INFO 查找元素'(('id', 'com.inkr.sport:id/tvPopAgreementAgree'),)'完成
2023-03-28 09:13:19 INFO 点击元素'('id', 'com.inkr.sport:id/tvPopAgreementAgree')'完成
2023-03-28 09:13:19 INFO 开始左滑
2023-03-28 09:13:21 INFO 左滑1次
2023-03-28 09:13:22 INFO 左滑2次
2023-03-28 09:13:22 INFO 左滑完成
2023-03-28 09:13:23 INFO 查找元素'(('id', 'com.inkr.sport:id/ivEnterApp'),)'完成
2023-03-28 09:13:23 INFO 点击元素'('id', 'com.inkr.sport:id/ivEnterApp')'完成
2023-03-28 09:13:26 INFO 查找元素'(('id', 'com.inkr.sport:id/ivTbMine'),)'完成
2023-03-28 09:13:26 INFO 点击元素'('id', 'com.inkr.sport:id/ivTbMine')'完成
2023-03-28 09:13:26 INFO 查找元素'(('id', 'com.inkr.sport:id/tvUserName'),)'完成
2023-03-28 09:13:26 INFO 点击元素'('id', 'com.inkr.sport:id/tvUserName')'完成
2023-03-28 09:13:40 INFO *********开始启动APP*********
2023-03-28 09:13:40 INFO 手机参数：{'platformName': 'android', 'platformVersion': '12', 'deviceName': '127.0.0.1:7555', 'automationName': 'UiAutomator2', 'appPackage': 'com.inkr.sport', 'appActivity': 'com.inkr.sport.activities.SplashActivity'}
2023-03-28 09:13:47 INFO *********启动成功*********
2023-03-28 09:13:47 ERROR 获取元素'(('id', 'com.inkr.sport:id/ivTbLottery'),)'失败，原因：'HomePage' object has no attribute 'driver'
2023-03-28 09:14:16 INFO *********开始启动APP*********
2023-03-28 09:14:16 INFO 手机参数：{'platformName': 'android', 'platformVersion': '12', 'deviceName': '127.0.0.1:7555', 'automationName': 'UiAutomator2', 'appPackage': 'com.inkr.sport', 'appActivity': 'com.inkr.sport.activities.SplashActivity'}
2023-03-28 09:14:23 INFO *********启动成功*********
2023-03-28 09:14:23 INFO *********开始启动APP*********
2023-03-28 09:14:23 INFO 手机参数：{'platformName': 'android', 'platformVersion': '12', 'deviceName': '127.0.0.1:7555', 'automationName': 'UiAutomator2', 'appPackage': 'com.inkr.sport', 'appActivity': 'com.inkr.sport.activities.SplashActivity'}
2023-03-28 09:14:30 INFO *********启动成功*********
2023-03-28 09:14:50 ERROR 获取元素'(('id', 'com.inkr.sport:id/ivTbLottery'),)'失败，原因：Message: 
Stacktrace:
NoSuchElementError: An element could not be located on the page using the given search parameters.
    at AndroidUiautomator2Driver.findElOrEls (E:\Appium-Server-GUI-windows-1.22.3-4\resources\app\node_modules\appium\node_modules\appium-android-driver\lib\commands\find.js:75:11)
    at runMicrotasks (<anonymous>)
    at processTicksAndRejections (internal/process/task_queues.js:97:5)
    at AndroidUiautomator2Driver.findElOrElsWithProcessing (E:\Appium-Server-GUI-windows-1.22.3-4\resources\app\node_modules\appium\node_modules\appium-base-driver\lib\basedriver\commands\find.js:33:12)
    at AndroidUiautomator2Driver.findElement (E:\Appium-Server-GUI-windows-1.22.3-4\resources\app\node_modules\appium\node_modules\appium-base-driver\lib\basedriver\commands\find.js:53:10)
2023-03-28 13:50:48 INFO *********开始启动APP*********
2023-03-28 13:50:48 INFO 手机参数：{'platformName': 'android', 'platformVersion': '12', 'deviceName': '127.0.0.1:7555', 'automationName': 'UiAutomator2', 'appPackage': 'com.inkr.sport', 'appActivity': 'com.inkr.sport.activities.SplashActivity'}
2023-03-28 13:52:05 INFO *********开始启动APP*********
2023-03-28 13:52:05 INFO 手机参数：{'platformName': 'android', 'platformVersion': '12', 'deviceName': '127.0.0.1:7555', 'automationName': 'UiAutomator2', 'appPackage': 'com.inkr.sport', 'appActivity': 'com.inkr.sport.activities.SplashActivity'}
2023-03-28 13:52:11 INFO *********启动成功*********
2023-03-28 13:52:12 INFO 查找元素'(('id', 'com.inkr.sport:id/tvPopAgreementAgree'),)'完成
2023-03-28 13:52:12 INFO 点击元素'('id', 'com.inkr.sport:id/tvPopAgreementAgree')'完成
2023-03-28 13:52:12 INFO 开始左滑
2023-03-28 13:52:13 INFO 左滑1次
2023-03-28 13:52:15 INFO 左滑2次
2023-03-28 13:52:15 INFO 左滑完成
2023-03-28 13:52:15 INFO 查找元素'(('id', 'com.inkr.sport:id/ivEnterApp'),)'完成
2023-03-28 13:52:15 INFO 点击元素'('id', 'com.inkr.sport:id/ivEnterApp')'完成
2023-03-28 13:52:18 INFO 查找元素'(('id', 'com.inkr.sport:id/ivTbMine'),)'完成
2023-03-28 13:52:19 INFO 点击元素'('id', 'com.inkr.sport:id/ivTbMine')'完成
2023-03-28 13:52:19 INFO 查找元素'(('id', 'com.inkr.sport:id/tvUserName'),)'完成
2023-03-28 13:52:29 INFO 点击元素'('id', 'com.inkr.sport:id/tvUserName')'完成
2023-03-28 13:52:59 INFO 查找元素'(('id', 'com.inkr.sport:id/tvAccountLogin'),)'完成
2023-03-28 13:53:29 INFO 点击元素'('id', 'com.inkr.sport:id/tvAccountLogin')'完成
2023-03-28 13:55:20 INFO 查找元素'(('id', 'com.inkr.sport:id/etPd'),)'完成
2023-03-28 13:56:50 INFO 查找元素'(('id', 'com.inkr.sport:id/ivPolicyCheckBox'),)'完成
2023-03-28 13:57:21 INFO 点击元素'('id', 'com.inkr.sport:id/ivPolicyCheckBox')'完成
2023-03-28 13:57:51 INFO 查找元素'(('id', 'com.inkr.sport:id/btLogin'),)'完成
2023-03-28 13:58:12 INFO 点击元素'('id', 'com.inkr.sport:id/btLogin')'完成
2023-03-28 13:58:12 INFO 登录成功账号:13000000000 密码：abc123456
2023-03-28 13:58:14 INFO 查找元素'(('id', 'com.inkr.sport:id/ivTbStories'),)'完成
2023-03-28 13:58:14 INFO 点击元素'('id', 'com.inkr.sport:id/ivTbStories')'完成
2023-03-28 13:58:14 ERROR 输入底部标签名称有误
2023-03-28 13:58:16 INFO 查找元素'(('id', 'com.inkr.sport:id/tvCommunity'),)'完成
2023-03-28 13:58:17 INFO 点击元素'('id', 'com.inkr.sport:id/tvCommunity')'完成
2023-03-28 13:58:17 INFO 查找元素'(('id', 'com.inkr.sport:id/tvWritePost'),)'完成
2023-03-28 13:58:17 INFO 点击元素'('id', 'com.inkr.sport:id/tvWritePost')'完成
2023-03-28 13:58:18 INFO 查找元素'(('id', 'com.inkr.sport:id/tvIKnow'),)'完成
2023-03-28 13:58:18 INFO 点击元素'('id', 'com.inkr.sport:id/tvIKnow')'完成
2023-03-28 13:58:19 INFO 查找元素'(('id', 'com.inkr.sport:id/etTitle'),)'完成
2023-03-28 13:58:20 INFO 查找元素'(('id', 'com.inkr.sport:id/etPostContent'),)'完成
2023-03-28 13:58:21 INFO 查找元素'(('xpath', '//android.widget.RelativeLayout'),)'完成
2023-03-28 13:58:22 INFO 点击元素'('xpath', '//android.widget.RelativeLayout')'完成
2023-03-28 13:58:22 INFO 点击元素'('id', 'com.inkr.sport:id/iv_checkmark')'完成
2023-03-28 13:58:23 INFO 查找元素'(('id', 'com.inkr.sport:id/tvConfirm'),)'完成
2023-03-28 13:58:23 INFO 点击元素'('id', 'com.inkr.sport:id/tvConfirm')'完成
2023-03-28 13:58:23 INFO 查找元素'(('id', 'com.inkr.sport:id/tvSectionName'),)'完成
2023-03-28 13:58:24 INFO 点击元素'('id', 'com.inkr.sport:id/tvSectionName')'完成
2023-03-28 14:00:17 INFO *********开始启动APP*********
2023-03-28 14:00:17 INFO 手机参数：{'platformName': 'android', 'platformVersion': '12', 'deviceName': '127.0.0.1:7555', 'automationName': 'UiAutomator2', 'appPackage': 'com.inkr.sport', 'appActivity': 'com.inkr.sport.activities.SplashActivity'}
2023-03-28 14:00:24 INFO *********启动成功*********
2023-03-28 14:00:24 INFO 查找元素'(('id', 'com.inkr.sport:id/tvPopAgreementAgree'),)'完成
2023-03-28 14:00:25 INFO 点击元素'('id', 'com.inkr.sport:id/tvPopAgreementAgree')'完成
2023-03-28 14:00:25 INFO 开始左滑
2023-03-28 14:00:27 INFO 左滑1次
2023-03-28 14:00:28 INFO 左滑2次
2023-03-28 14:00:28 INFO 左滑完成
2023-03-28 14:00:29 INFO 查找元素'(('id', 'com.inkr.sport:id/ivEnterApp'),)'完成
2023-03-28 14:00:31 INFO 点击元素'('id', 'com.inkr.sport:id/ivEnterApp')'完成
2023-03-28 14:00:31 INFO 查找元素'(('id', 'com.inkr.sport:id/ivTbMine'),)'完成
2023-03-28 14:00:31 INFO 点击元素'('id', 'com.inkr.sport:id/ivTbMine')'完成
2023-03-28 14:00:31 INFO 查找元素'(('id', 'com.inkr.sport:id/tvUserName'),)'完成
2023-03-28 14:00:42 INFO 点击元素'('id', 'com.inkr.sport:id/tvUserName')'完成
2023-03-28 14:01:12 INFO 查找元素'(('id', 'com.inkr.sport:id/tvAccountLogin'),)'完成
2023-03-28 14:01:42 INFO 点击元素'('id', 'com.inkr.sport:id/tvAccountLogin')'完成
2023-03-28 14:03:33 INFO 查找元素'(('id', 'com.inkr.sport:id/etPd'),)'完成
2023-03-28 14:05:03 INFO 查找元素'(('id', 'com.inkr.sport:id/ivPolicyCheckBox'),)'完成
2023-03-28 14:05:34 INFO 点击元素'('id', 'com.inkr.sport:id/ivPolicyCheckBox')'完成
2023-03-28 14:06:04 INFO 查找元素'(('id', 'com.inkr.sport:id/btLogin'),)'完成
2023-03-28 14:06:24 INFO 点击元素'('id', 'com.inkr.sport:id/btLogin')'完成
2023-03-28 14:06:24 INFO 登录成功账号:13000000000 密码：abc123456
2023-03-28 14:06:27 INFO 查找元素'(('id', 'com.inkr.sport:id/ivTbStories'),)'完成
2023-03-28 14:06:27 INFO 点击元素'('id', 'com.inkr.sport:id/ivTbStories')'完成
2023-03-28 14:06:27 ERROR 输入底部标签名称有误
2023-03-28 14:06:28 INFO 查找元素'(('id', 'com.inkr.sport:id/tvCommunity'),)'完成
2023-03-28 14:06:28 INFO 点击元素'('id', 'com.inkr.sport:id/tvCommunity')'完成
2023-03-28 14:06:29 INFO 查找元素'(('id', 'com.inkr.sport:id/tvWritePost'),)'完成
2023-03-28 14:06:29 INFO 点击元素'('id', 'com.inkr.sport:id/tvWritePost')'完成
2023-03-28 14:06:30 INFO 查找元素'(('id', 'com.inkr.sport:id/tvIKnow'),)'完成
2023-03-28 14:06:30 INFO 点击元素'('id', 'com.inkr.sport:id/tvIKnow')'完成
2023-03-28 14:06:31 INFO 查找元素'(('id', 'com.inkr.sport:id/etTitle'),)'完成
2023-03-28 14:06:31 INFO 查找元素'(('id', 'com.inkr.sport:id/etPostContent'),)'完成
2023-03-28 14:06:32 INFO 查找元素'(('xpath', '//android.widget.RelativeLayout'),)'完成
2023-03-28 14:06:32 INFO 点击元素'('xpath', '//android.widget.RelativeLayout')'完成
2023-03-28 14:11:05 INFO *********开始启动APP*********
2023-03-28 14:11:05 INFO 手机参数：{'platformName': 'android', 'platformVersion': '12', 'deviceName': '127.0.0.1:7555', 'automationName': 'UiAutomator2', 'appPackage': 'com.inkr.sport', 'appActivity': 'com.inkr.sport.activities.SplashActivity'}
2023-03-28 14:11:11 INFO *********启动成功*********
2023-03-28 14:11:11 INFO 查找元素'(('id', 'com.inkr.sport:id/tvPopAgreementAgree'),)'完成
2023-03-28 14:11:11 INFO 点击元素'('id', 'com.inkr.sport:id/tvPopAgreementAgree')'完成
2023-03-28 14:11:11 INFO 开始左滑
2023-03-28 14:11:13 INFO 左滑1次
2023-03-28 14:11:14 INFO 左滑2次
2023-03-28 14:11:14 INFO 左滑完成
2023-03-28 14:11:15 INFO 查找元素'(('id', 'com.inkr.sport:id/ivEnterApp'),)'完成
2023-03-28 14:11:17 INFO 点击元素'('id', 'com.inkr.sport:id/ivEnterApp')'完成
2023-03-28 14:11:17 INFO 查找元素'(('id', 'com.inkr.sport:id/ivTbMine'),)'完成
2023-03-28 14:11:18 INFO 点击元素'('id', 'com.inkr.sport:id/ivTbMine')'完成
2023-03-28 14:11:18 INFO 查找元素'(('id', 'com.inkr.sport:id/tvUserName'),)'完成
2023-03-28 14:11:28 INFO 点击元素'('id', 'com.inkr.sport:id/tvUserName')'完成
2023-03-28 14:11:58 INFO 查找元素'(('id', 'com.inkr.sport:id/tvAccountLogin'),)'完成
2023-03-28 14:12:28 INFO 点击元素'('id', 'com.inkr.sport:id/tvAccountLogin')'完成
2023-03-28 14:14:19 INFO 查找元素'(('id', 'com.inkr.sport:id/etPd'),)'完成
2023-03-28 14:15:49 INFO 查找元素'(('id', 'com.inkr.sport:id/ivPolicyCheckBox'),)'完成
2023-03-28 14:16:20 INFO 点击元素'('id', 'com.inkr.sport:id/ivPolicyCheckBox')'完成
2023-03-28 14:16:50 INFO 查找元素'(('id', 'com.inkr.sport:id/btLogin'),)'完成
2023-03-28 14:17:10 INFO 点击元素'('id', 'com.inkr.sport:id/btLogin')'完成
2023-03-28 14:17:10 INFO 登录成功账号:13000000000 密码：abc123456
2023-03-28 14:17:13 INFO 查找元素'(('id', 'com.inkr.sport:id/ivTbStories'),)'完成
2023-03-28 14:17:14 INFO 点击元素'('id', 'com.inkr.sport:id/ivTbStories')'完成
2023-03-28 14:17:15 INFO 查找元素'(('id', 'com.inkr.sport:id/tvCommunity'),)'完成
2023-03-28 14:17:15 INFO 点击元素'('id', 'com.inkr.sport:id/tvCommunity')'完成
2023-03-28 14:17:16 INFO 查找元素'(('id', 'com.inkr.sport:id/tvWritePost'),)'完成
2023-03-28 14:17:16 INFO 点击元素'('id', 'com.inkr.sport:id/tvWritePost')'完成
2023-03-28 14:17:17 INFO 查找元素'(('id', 'com.inkr.sport:id/tvIKnow'),)'完成
2023-03-28 14:17:17 INFO 点击元素'('id', 'com.inkr.sport:id/tvIKnow')'完成
2023-03-28 14:17:18 INFO 查找元素'(('id', 'com.inkr.sport:id/etTitle'),)'完成
2023-03-28 14:17:19 INFO 查找元素'(('id', 'com.inkr.sport:id/etPostContent'),)'完成
2023-03-28 14:17:20 INFO 查找元素'(('xpath', '//android.widget.RelativeLayout'),)'完成
2023-03-28 14:17:21 INFO 点击元素'('xpath', '//android.widget.RelativeLayout')'完成
2023-03-28 14:17:21 INFO 点击元素'('id', 'com.inkr.sport:id/iv_checkmark')'完成
2023-03-28 14:17:22 INFO 查找元素'(('id', 'com.inkr.sport:id/tvConfirm'),)'完成
2023-03-28 14:17:22 INFO 点击元素'('id', 'com.inkr.sport:id/tvConfirm')'完成
2023-03-28 14:17:22 INFO 查找元素'(('id', 'com.inkr.sport:id/tvSectionName'),)'完成
2023-03-28 14:17:22 INFO 点击元素'('id', 'com.inkr.sport:id/tvSectionName')'完成
2023-03-28 14:18:06 INFO *********开始启动APP*********
2023-03-28 14:18:06 INFO 手机参数：{'platformName': 'android', 'platformVersion': '12', 'deviceName': '127.0.0.1:7555', 'automationName': 'UiAutomator2', 'appPackage': 'com.inkr.sport', 'appActivity': 'com.inkr.sport.activities.SplashActivity'}
2023-03-28 14:18:13 INFO *********启动成功*********
2023-03-28 14:18:13 INFO 查找元素'(('id', 'com.inkr.sport:id/tvPopAgreementAgree'),)'完成
2023-03-28 14:18:14 INFO 点击元素'('id', 'com.inkr.sport:id/tvPopAgreementAgree')'完成
2023-03-28 14:18:14 INFO 开始左滑
2023-03-28 14:18:15 INFO 左滑1次
2023-03-28 14:18:17 INFO 左滑2次
2023-03-28 14:18:17 INFO 左滑完成
2023-03-28 14:18:18 INFO 查找元素'(('id', 'com.inkr.sport:id/ivEnterApp'),)'完成
2023-03-28 14:18:18 INFO 点击元素'('id', 'com.inkr.sport:id/ivEnterApp')'完成
2023-03-28 14:18:20 INFO 查找元素'(('id', 'com.inkr.sport:id/ivTbMine'),)'完成
2023-03-28 14:18:20 INFO 点击元素'('id', 'com.inkr.sport:id/ivTbMine')'完成
2023-03-28 14:18:20 INFO 查找元素'(('id', 'com.inkr.sport:id/tvUserName'),)'完成
2023-03-28 14:18:23 INFO 点击元素'('id', 'com.inkr.sport:id/tvUserName')'完成
2023-03-28 14:19:01 INFO 查找元素'(('id', 'com.inkr.sport:id/tvAccountLogin'),)'完成
2023-03-28 14:19:31 INFO 点击元素'('id', 'com.inkr.sport:id/tvAccountLogin')'完成
2023-03-28 14:21:22 INFO 查找元素'(('id', 'com.inkr.sport:id/etPd'),)'完成
2023-03-28 14:22:52 INFO 查找元素'(('id', 'com.inkr.sport:id/ivPolicyCheckBox'),)'完成
2023-03-28 14:23:22 INFO 点击元素'('id', 'com.inkr.sport:id/ivPolicyCheckBox')'完成
2023-03-28 14:23:53 INFO 查找元素'(('id', 'com.inkr.sport:id/btLogin'),)'完成
2023-03-28 14:24:13 INFO 点击元素'('id', 'com.inkr.sport:id/btLogin')'完成
2023-03-28 14:24:13 INFO 登录成功账号:13000000000 密码：abc123456
2023-03-28 14:24:15 INFO 查找元素'(('id', 'com.inkr.sport:id/ivTbStories'),)'完成
2023-03-28 14:24:15 INFO 点击元素'('id', 'com.inkr.sport:id/ivTbStories')'完成
2023-03-28 14:24:17 INFO 查找元素'(('id', 'com.inkr.sport:id/tvCommunity'),)'完成
2023-03-28 14:24:17 INFO 点击元素'('id', 'com.inkr.sport:id/tvCommunity')'完成
2023-03-28 14:24:18 INFO 查找元素'(('id', 'com.inkr.sport:id/tvWritePost'),)'完成
2023-03-28 14:24:18 INFO 点击元素'('id', 'com.inkr.sport:id/tvWritePost')'完成
2023-03-28 14:24:19 INFO 查找元素'(('id', 'com.inkr.sport:id/tvIKnow'),)'完成
2023-03-28 14:24:19 INFO 点击元素'('id', 'com.inkr.sport:id/tvIKnow')'完成
2023-03-28 14:24:20 INFO 查找元素'(('id', 'com.inkr.sport:id/etTitle'),)'完成
2023-03-28 14:24:21 INFO 查找元素'(('id', 'com.inkr.sport:id/etPostContent'),)'完成
2023-03-28 14:24:22 INFO 查找元素'(('xpath', '//android.widget.RelativeLayout'),)'完成
2023-03-28 14:24:23 INFO 点击元素'('xpath', '//android.widget.RelativeLayout')'完成
2023-03-28 14:24:23 INFO 点击元素'('id', 'com.inkr.sport:id/iv_checkmark')'完成
2023-03-28 14:24:24 INFO 查找元素'(('id', 'com.inkr.sport:id/tvConfirm'),)'完成
2023-03-28 14:24:24 INFO 点击元素'('id', 'com.inkr.sport:id/tvConfirm')'完成
2023-03-28 14:24:25 INFO 查找元素'(('id', 'com.inkr.sport:id/tvSectionName'),)'完成
2023-03-28 14:24:25 INFO 点击元素'('id', 'com.inkr.sport:id/tvSectionName')'完成
2023-03-28 14:24:25 INFO 查找元素'(('id', 'com.inkr.sport:id/tvSection'),)'完成
2023-03-28 14:24:26 INFO 点击元素'('id', 'com.inkr.sport:id/tvSection')'完成
2023-03-28 14:24:26 INFO 查找元素'(('id', 'com.inkr.sport:id/tvName'),)'完成
2023-03-28 14:24:26 INFO 点击元素'('id', 'com.inkr.sport:id/tvName')'完成
2023-03-28 14:24:27 INFO 查找元素'(('id', 'com.inkr.sport:id/tvTopicName'),)'完成
2023-03-28 14:24:28 INFO 点击元素'('id', 'com.inkr.sport:id/tvTopicName')'完成
2023-03-28 14:25:11 INFO *********开始启动APP*********
2023-03-28 14:25:11 INFO 手机参数：{'platformName': 'android', 'platformVersion': '12', 'deviceName': '127.0.0.1:7555', 'automationName': 'UiAutomator2', 'appPackage': 'com.inkr.sport', 'appActivity': 'com.inkr.sport.activities.SplashActivity'}
2023-03-28 14:25:18 INFO *********启动成功*********
2023-03-28 14:25:19 INFO 查找元素'(('id', 'com.inkr.sport:id/tvPopAgreementAgree'),)'完成
2023-03-28 14:25:19 INFO 点击元素'('id', 'com.inkr.sport:id/tvPopAgreementAgree')'完成
2023-03-28 14:25:19 INFO 开始左滑
2023-03-28 14:25:20 INFO 左滑1次
2023-03-28 14:25:22 INFO 左滑2次
2023-03-28 14:25:22 INFO 左滑完成
2023-03-28 14:25:22 INFO 查找元素'(('id', 'com.inkr.sport:id/ivEnterApp'),)'完成
2023-03-28 14:25:24 INFO 点击元素'('id', 'com.inkr.sport:id/ivEnterApp')'完成
2023-03-28 14:25:24 INFO 查找元素'(('id', 'com.inkr.sport:id/ivTbMine'),)'完成
2023-03-28 14:25:25 INFO 点击元素'('id', 'com.inkr.sport:id/ivTbMine')'完成
2023-03-28 14:25:25 INFO 查找元素'(('id', 'com.inkr.sport:id/tvUserName'),)'完成
2023-03-28 14:25:29 INFO 点击元素'('id', 'com.inkr.sport:id/tvUserName')'完成
2023-03-28 14:25:49 ERROR 获取元素'(('id', 'com.inkr.sport:id/tvAccountLogin'),)'失败，原因：Message: 
Stacktrace:
NoSuchElementError: An element could not be located on the page using the given search parameters.
    at AndroidUiautomator2Driver.findElOrEls (E:\Appium-Server-GUI-windows-1.22.3-4\resources\app\node_modules\appium\node_modules\appium-android-driver\lib\commands\find.js:75:11)
    at runMicrotasks (<anonymous>)
    at processTicksAndRejections (internal/process/task_queues.js:97:5)
    at AndroidUiautomator2Driver.findElOrElsWithProcessing (E:\Appium-Server-GUI-windows-1.22.3-4\resources\app\node_modules\appium\node_modules\appium-base-driver\lib\basedriver\commands\find.js:33:12)
    at AndroidUiautomator2Driver.findElement (E:\Appium-Server-GUI-windows-1.22.3-4\resources\app\node_modules\appium\node_modules\appium-base-driver\lib\basedriver\commands\find.js:53:10)
2023-03-28 14:26:19 INFO *********开始启动APP*********
2023-03-28 14:26:19 INFO 手机参数：{'platformName': 'android', 'platformVersion': '12', 'deviceName': '127.0.0.1:7555', 'automationName': 'UiAutomator2', 'appPackage': 'com.inkr.sport', 'appActivity': 'com.inkr.sport.activities.SplashActivity'}
2023-03-28 14:26:25 INFO *********启动成功*********
2023-03-28 14:26:26 INFO 查找元素'(('id', 'com.inkr.sport:id/tvPopAgreementAgree'),)'完成
2023-03-28 14:26:26 INFO 点击元素'('id', 'com.inkr.sport:id/tvPopAgreementAgree')'完成
2023-03-28 14:26:26 INFO 开始左滑
2023-03-28 14:26:27 INFO 左滑1次
2023-03-28 14:26:29 INFO 左滑2次
2023-03-28 14:26:29 INFO 左滑完成
2023-03-28 14:26:29 INFO 查找元素'(('id', 'com.inkr.sport:id/ivEnterApp'),)'完成
2023-03-28 14:26:29 INFO 点击元素'('id', 'com.inkr.sport:id/ivEnterApp')'完成
2023-03-28 14:26:31 INFO 查找元素'(('id', 'com.inkr.sport:id/ivTbMine'),)'完成
2023-03-28 14:26:32 INFO 点击元素'('id', 'com.inkr.sport:id/ivTbMine')'完成
2023-03-28 14:26:32 INFO 查找元素'(('id', 'com.inkr.sport:id/tvUserName'),)'完成
2023-03-28 14:26:32 INFO 点击元素'('id', 'com.inkr.sport:id/tvUserName')'完成
2023-03-28 14:27:03 INFO 查找元素'(('id', 'com.inkr.sport:id/tvAccountLogin'),)'完成
2023-03-28 14:27:33 INFO 点击元素'('id', 'com.inkr.sport:id/tvAccountLogin')'完成
2023-03-28 14:29:24 INFO 查找元素'(('id', 'com.inkr.sport:id/etPd'),)'完成
2023-03-28 14:30:55 INFO 查找元素'(('id', 'com.inkr.sport:id/ivPolicyCheckBox'),)'完成
2023-03-28 14:31:25 INFO 点击元素'('id', 'com.inkr.sport:id/ivPolicyCheckBox')'完成
2023-03-28 14:31:55 INFO 查找元素'(('id', 'com.inkr.sport:id/btLogin'),)'完成
2023-03-28 14:32:16 INFO 点击元素'('id', 'com.inkr.sport:id/btLogin')'完成
2023-03-28 14:32:16 INFO 登录成功账号:13000000000 密码：abc123456
2023-03-28 14:32:18 INFO 查找元素'(('id', 'com.inkr.sport:id/ivTbStories'),)'完成
2023-03-28 14:32:18 INFO 点击元素'('id', 'com.inkr.sport:id/ivTbStories')'完成
2023-03-28 14:32:20 INFO 查找元素'(('id', 'com.inkr.sport:id/tvCommunity'),)'完成
2023-03-28 14:32:20 INFO 点击元素'('id', 'com.inkr.sport:id/tvCommunity')'完成
2023-03-28 14:32:21 INFO 查找元素'(('id', 'com.inkr.sport:id/tvWritePost'),)'完成
2023-03-28 14:32:21 INFO 点击元素'('id', 'com.inkr.sport:id/tvWritePost')'完成
2023-03-28 14:32:22 INFO 查找元素'(('id', 'com.inkr.sport:id/tvIKnow'),)'完成
2023-03-28 14:32:22 INFO 点击元素'('id', 'com.inkr.sport:id/tvIKnow')'完成
2023-03-28 14:32:22 INFO 查找元素'(('id', 'com.inkr.sport:id/etTitle'),)'完成
2023-03-28 14:32:23 INFO 查找元素'(('id', 'com.inkr.sport:id/etPostContent'),)'完成
2023-03-28 14:32:24 INFO 查找元素'(('xpath', '//android.widget.RelativeLayout'),)'完成
2023-03-28 14:32:24 INFO 点击元素'('xpath', '//android.widget.RelativeLayout')'完成
2023-03-28 14:32:38 INFO *********开始启动APP*********
2023-03-28 14:32:38 INFO 手机参数：{'platformName': 'android', 'platformVersion': '12', 'deviceName': '127.0.0.1:7555', 'automationName': 'UiAutomator2', 'appPackage': 'com.inkr.sport', 'appActivity': 'com.inkr.sport.activities.SplashActivity'}
2023-03-28 14:32:45 INFO *********启动成功*********
2023-03-28 14:32:46 INFO 查找元素'(('id', 'com.inkr.sport:id/tvPopAgreementAgree'),)'完成
2023-03-28 14:32:46 INFO 点击元素'('id', 'com.inkr.sport:id/tvPopAgreementAgree')'完成
2023-03-28 14:32:46 INFO 开始左滑
2023-03-28 14:32:47 INFO 左滑1次
2023-03-28 14:32:49 INFO 左滑2次
2023-03-28 14:32:49 INFO 左滑完成
2023-03-28 14:32:49 INFO 查找元素'(('id', 'com.inkr.sport:id/ivEnterApp'),)'完成
2023-03-28 14:32:50 INFO 点击元素'('id', 'com.inkr.sport:id/ivEnterApp')'完成
2023-03-28 14:32:52 INFO 查找元素'(('id', 'com.inkr.sport:id/ivTbMine'),)'完成
2023-03-28 14:32:52 INFO 点击元素'('id', 'com.inkr.sport:id/ivTbMine')'完成
2023-03-28 14:32:52 INFO 查找元素'(('id', 'com.inkr.sport:id/tvUserName'),)'完成
2023-03-28 14:33:02 INFO 点击元素'('id', 'com.inkr.sport:id/tvUserName')'完成
2023-03-28 14:33:26 ERROR 获取元素'(('id', 'com.inkr.sport:id/tvAccountLogin'),)'失败，原因：Message: 

2023-03-28 14:34:15 INFO *********开始启动APP*********
2023-03-28 14:34:15 INFO 手机参数：{'platformName': 'android', 'platformVersion': '12', 'deviceName': '127.0.0.1:7555', 'automationName': 'UiAutomator2', 'appPackage': 'com.inkr.sport', 'appActivity': 'com.inkr.sport.activities.SplashActivity'}
2023-03-28 14:34:22 INFO *********启动成功*********
2023-03-28 14:34:22 INFO 查找元素'(('id', 'com.inkr.sport:id/tvPopAgreementAgree'),)'完成
2023-03-28 14:34:22 INFO 点击元素'('id', 'com.inkr.sport:id/tvPopAgreementAgree')'完成
2023-03-28 14:34:22 INFO 开始左滑
2023-03-28 14:34:24 INFO 左滑1次
2023-03-28 14:34:25 INFO 左滑2次
2023-03-28 14:34:25 INFO 左滑完成
2023-03-28 14:34:26 INFO 查找元素'(('id', 'com.inkr.sport:id/ivEnterApp'),)'完成
2023-03-28 14:34:28 INFO 点击元素'('id', 'com.inkr.sport:id/ivEnterApp')'完成
2023-03-28 14:34:28 INFO 查找元素'(('id', 'com.inkr.sport:id/ivTbMine'),)'完成
2023-03-28 14:34:28 INFO 点击元素'('id', 'com.inkr.sport:id/ivTbMine')'完成
2023-03-28 14:34:28 INFO 查找元素'(('id', 'com.inkr.sport:id/tvUserName'),)'完成
2023-03-28 14:34:29 INFO 点击元素'('id', 'com.inkr.sport:id/tvUserName')'完成
2023-03-28 14:34:59 INFO 查找元素'(('id', 'com.inkr.sport:id/tvAccountLogin'),)'完成
2023-03-28 14:35:29 INFO 点击元素'('id', 'com.inkr.sport:id/tvAccountLogin')'完成
2023-03-28 14:37:20 INFO 查找元素'(('id', 'com.inkr.sport:id/etPd'),)'完成
2023-03-28 14:38:50 INFO 查找元素'(('id', 'com.inkr.sport:id/ivPolicyCheckBox'),)'完成
2023-03-28 14:39:20 INFO 点击元素'('id', 'com.inkr.sport:id/ivPolicyCheckBox')'完成
2023-03-28 14:39:50 INFO 查找元素'(('id', 'com.inkr.sport:id/btLogin'),)'完成
2023-03-28 14:40:11 INFO 点击元素'('id', 'com.inkr.sport:id/btLogin')'完成
2023-03-28 14:40:11 INFO 登录成功账号:13000000000 密码：abc123456
2023-03-28 14:40:13 INFO 查找元素'(('id', 'com.inkr.sport:id/ivTbStories'),)'完成
2023-03-28 14:40:13 INFO 点击元素'('id', 'com.inkr.sport:id/ivTbStories')'完成
2023-03-28 14:40:17 INFO 查找元素'(('id', 'com.inkr.sport:id/tvCommunity'),)'完成
2023-03-28 14:40:17 INFO 点击元素'('id', 'com.inkr.sport:id/tvCommunity')'完成
2023-03-28 14:40:17 INFO 查找元素'(('id', 'com.inkr.sport:id/tvWritePost'),)'完成
2023-03-28 14:40:17 INFO 点击元素'('id', 'com.inkr.sport:id/tvWritePost')'完成
2023-03-28 14:40:19 INFO 查找元素'(('id', 'com.inkr.sport:id/tvIKnow'),)'完成
2023-03-28 14:40:19 INFO 点击元素'('id', 'com.inkr.sport:id/tvIKnow')'完成
2023-03-28 14:40:19 INFO 查找元素'(('id', 'com.inkr.sport:id/etTitle'),)'完成
2023-03-28 14:40:20 INFO 查找元素'(('id', 'com.inkr.sport:id/etPostContent'),)'完成
2023-03-28 14:40:21 INFO 查找元素'(('xpath', '//android.widget.RelativeLayout'),)'完成
2023-03-28 14:40:22 INFO 点击元素'('xpath', '//android.widget.RelativeLayout')'完成
2023-03-28 14:40:22 INFO 查找元素'(('id', 'com.inkr.sport:id/iv_checkmark'),)'完成
2023-03-28 14:40:22 INFO 点击元素'('id', 'com.inkr.sport:id/iv_checkmark')'完成
2023-03-28 14:40:23 INFO 查找元素'(('id', 'com.inkr.sport:id/tvConfirm'),)'完成
2023-03-28 14:40:23 INFO 点击元素'('id', 'com.inkr.sport:id/tvConfirm')'完成
2023-03-28 14:40:24 INFO 查找元素'(('id', 'com.inkr.sport:id/tvSectionName'),)'完成
2023-03-28 14:40:25 INFO 点击元素'('id', 'com.inkr.sport:id/tvSectionName')'完成
2023-03-28 14:40:25 INFO 查找元素'(('id', 'com.inkr.sport:id/tvSection'),)'完成
2023-03-28 14:40:25 INFO 点击元素'('id', 'com.inkr.sport:id/tvSection')'完成
2023-03-28 14:40:26 INFO 查找元素'(('id', 'com.inkr.sport:id/tvName'),)'完成
2023-03-28 14:40:26 INFO 点击元素'('id', 'com.inkr.sport:id/tvName')'完成
2023-03-28 14:40:26 INFO 查找元素'(('id', 'com.inkr.sport:id/tvTopicName'),)'完成
2023-03-28 14:40:28 INFO 点击元素'('id', 'com.inkr.sport:id/tvTopicName')'完成
2023-03-28 14:40:48 ERROR 获取元素'(('id', 'com.inkr.sport:id/tvNavPublishcom.inkr.sport:id/tvTopic'),)'失败，原因：Message: 
Stacktrace:
NoSuchElementError: An element could not be located on the page using the given search parameters.
    at AndroidUiautomator2Driver.findElOrEls (E:\Appium-Server-GUI-windows-1.22.3-4\resources\app\node_modules\appium\node_modules\appium-android-driver\lib\commands\find.js:75:11)
    at runMicrotasks (<anonymous>)
    at processTicksAndRejections (internal/process/task_queues.js:97:5)
    at AndroidUiautomator2Driver.findElOrElsWithProcessing (E:\Appium-Server-GUI-windows-1.22.3-4\resources\app\node_modules\appium\node_modules\appium-base-driver\lib\basedriver\commands\find.js:33:12)
    at AndroidUiautomator2Driver.findElement (E:\Appium-Server-GUI-windows-1.22.3-4\resources\app\node_modules\appium\node_modules\appium-base-driver\lib\basedriver\commands\find.js:53:10)
2023-03-28 14:42:35 INFO *********开始启动APP*********
2023-03-28 14:42:35 INFO 手机参数：{'platformName': 'android', 'platformVersion': '12', 'deviceName': '127.0.0.1:7555', 'automationName': 'UiAutomator2', 'appPackage': 'com.inkr.sport', 'appActivity': 'com.inkr.sport.activities.SplashActivity'}
2023-03-28 14:42:42 INFO *********启动成功*********
2023-03-28 14:42:42 INFO 查找元素'(('id', 'com.inkr.sport:id/tvPopAgreementAgree'),)'完成
2023-03-28 14:42:42 INFO 点击元素'('id', 'com.inkr.sport:id/tvPopAgreementAgree')'完成
2023-03-28 14:42:42 INFO 开始左滑
2023-03-28 14:42:44 INFO 左滑1次
2023-03-28 14:42:45 INFO 左滑2次
2023-03-28 14:42:45 INFO 左滑完成
2023-03-28 14:42:46 INFO 查找元素'(('id', 'com.inkr.sport:id/ivEnterApp'),)'完成
2023-03-28 14:42:46 INFO 点击元素'('id', 'com.inkr.sport:id/ivEnterApp')'完成
2023-03-28 14:42:48 INFO 查找元素'(('id', 'com.inkr.sport:id/ivTbMine'),)'完成
2023-03-28 14:42:48 INFO 点击元素'('id', 'com.inkr.sport:id/ivTbMine')'完成
2023-03-28 14:42:49 INFO 查找元素'(('id', 'com.inkr.sport:id/tvUserName'),)'完成
2023-03-28 14:42:49 INFO 点击元素'('id', 'com.inkr.sport:id/tvUserName')'完成
2023-03-28 14:43:20 INFO 查找元素'(('id', 'com.inkr.sport:id/tvAccountLogin'),)'完成
2023-03-28 14:43:50 INFO 点击元素'('id', 'com.inkr.sport:id/tvAccountLogin')'完成
2023-03-28 14:45:41 INFO 查找元素'(('id', 'com.inkr.sport:id/etPd'),)'完成
2023-03-28 14:47:11 INFO 查找元素'(('id', 'com.inkr.sport:id/ivPolicyCheckBox'),)'完成
2023-03-28 14:47:42 INFO 点击元素'('id', 'com.inkr.sport:id/ivPolicyCheckBox')'完成
2023-03-28 14:48:12 INFO 查找元素'(('id', 'com.inkr.sport:id/btLogin'),)'完成
2023-03-28 14:48:32 INFO 点击元素'('id', 'com.inkr.sport:id/btLogin')'完成
2023-03-28 14:48:32 INFO 登录成功账号:13000000000 密码：abc123456
2023-03-28 14:48:35 INFO 查找元素'(('id', 'com.inkr.sport:id/ivTbStories'),)'完成
2023-03-28 14:48:35 INFO 点击元素'('id', 'com.inkr.sport:id/ivTbStories')'完成
2023-03-28 14:48:36 INFO 查找元素'(('id', 'com.inkr.sport:id/tvCommunity'),)'完成
2023-03-28 14:48:37 INFO 点击元素'('id', 'com.inkr.sport:id/tvCommunity')'完成
2023-03-28 14:48:37 INFO 查找元素'(('id', 'com.inkr.sport:id/tvWritePost'),)'完成
2023-03-28 14:48:37 INFO 点击元素'('id', 'com.inkr.sport:id/tvWritePost')'完成
2023-03-28 14:48:39 INFO 查找元素'(('id', 'com.inkr.sport:id/tvIKnow'),)'完成
2023-03-28 14:48:39 INFO 点击元素'('id', 'com.inkr.sport:id/tvIKnow')'完成
2023-03-28 14:48:39 INFO 查找元素'(('id', 'com.inkr.sport:id/etTitle'),)'完成
2023-03-28 14:48:40 INFO 查找元素'(('id', 'com.inkr.sport:id/etPostContent'),)'完成
2023-03-28 14:48:41 INFO 查找元素'(('xpath', '//android.widget.RelativeLayout'),)'完成
2023-03-28 14:48:42 INFO 点击元素'('xpath', '//android.widget.RelativeLayout')'完成
2023-03-28 14:48:42 INFO 查找元素'(('id', 'com.inkr.sport:id/iv_checkmark'),)'完成
2023-03-28 14:48:42 INFO 点击元素'('id', 'com.inkr.sport:id/iv_checkmark')'完成
2023-03-28 14:48:43 INFO 查找元素'(('id', 'com.inkr.sport:id/tvConfirm'),)'完成
2023-03-28 14:48:43 INFO 点击元素'('id', 'com.inkr.sport:id/tvConfirm')'完成
2023-03-28 14:48:44 INFO 查找元素'(('id', 'com.inkr.sport:id/tvSectionName'),)'完成
2023-03-28 14:48:44 INFO 点击元素'('id', 'com.inkr.sport:id/tvSectionName')'完成
2023-03-28 14:48:45 INFO 查找元素'(('id', 'com.inkr.sport:id/tvSection'),)'完成
2023-03-28 14:48:45 INFO 点击元素'('id', 'com.inkr.sport:id/tvSection')'完成
2023-03-28 14:48:46 INFO 查找元素'(('id', 'com.inkr.sport:id/tvName'),)'完成
2023-03-28 14:48:46 INFO 点击元素'('id', 'com.inkr.sport:id/tvName')'完成
2023-03-28 14:48:47 INFO 查找元素'(('id', 'com.inkr.sport:id/tvTopicName'),)'完成
2023-03-28 14:48:47 INFO 点击元素'('id', 'com.inkr.sport:id/tvTopicName')'完成
2023-03-28 14:48:48 INFO 查找元素'(('id', 'com.inkr.sport:id/tvTopic'),)'完成
2023-03-28 14:48:49 INFO 点击元素'('id', 'com.inkr.sport:id/tvTopic')'完成
2023-03-28 14:48:49 INFO 查找元素'(('id', 'com.inkr.sport:id/tvNavPublish'),)'完成
2023-03-28 14:48:49 INFO 点击元素'('id', 'com.inkr.sport:id/tvNavPublish')'完成
2023-03-28 15:08:11 INFO *********开始启动APP*********
2023-03-28 15:08:11 INFO 手机参数：{'platformName': 'android', 'platformVersion': '12', 'deviceName': '127.0.0.1:7555', 'automationName': 'UiAutomator2', 'appPackage': 'com.inkr.sport', 'appActivity': 'com.inkr.sport.activities.SplashActivity'}
2023-03-28 15:08:17 INFO *********启动成功*********
2023-03-28 15:08:18 INFO 查找元素'(('id', 'com.inkr.sport:id/tvPopAgreementAgree'),)'完成
2023-03-28 15:08:18 INFO 点击元素'('id', 'com.inkr.sport:id/tvPopAgreementAgree')'完成
2023-03-28 15:08:18 INFO 开始左滑
2023-03-28 15:08:19 INFO 左滑1次
2023-03-28 15:08:20 INFO 左滑2次
2023-03-28 15:08:20 INFO 左滑完成
2023-03-28 15:08:21 INFO 查找元素'(('id', 'com.inkr.sport:id/ivEnterApp'),)'完成
2023-03-28 15:08:21 INFO 点击元素'('id', 'com.inkr.sport:id/ivEnterApp')'完成
2023-03-28 15:08:23 INFO 查找元素'(('id', 'com.inkr.sport:id/ivTbMine'),)'完成
2023-03-28 15:08:24 INFO 点击元素'('id', 'com.inkr.sport:id/ivTbMine')'完成
2023-03-28 15:08:24 INFO 查找元素'(('id', 'com.inkr.sport:id/tvUserName'),)'完成
2023-03-28 15:08:34 INFO 点击元素'('id', 'com.inkr.sport:id/tvUserName')'完成
2023-03-28 15:09:05 INFO 查找元素'(('id', 'com.inkr.sport:id/tvAccountLogin'),)'完成
2023-03-28 15:09:35 INFO 点击元素'('id', 'com.inkr.sport:id/tvAccountLogin')'完成
2023-03-28 15:11:25 INFO 查找元素'(('id', 'com.inkr.sport:id/etPd'),)'完成
2023-03-28 15:12:56 INFO 查找元素'(('id', 'com.inkr.sport:id/ivPolicyCheckBox'),)'完成
2023-03-28 15:13:26 INFO 点击元素'('id', 'com.inkr.sport:id/ivPolicyCheckBox')'完成
2023-03-28 15:13:56 INFO 查找元素'(('id', 'com.inkr.sport:id/btLogin'),)'完成
2023-03-28 15:14:17 INFO 点击元素'('id', 'com.inkr.sport:id/btLogin')'完成
2023-03-28 15:14:17 INFO 登录成功账号:13000000000 密码：abc123456
2023-03-28 15:14:19 INFO 查找元素'(('id', 'com.inkr.sport:id/ivTbStories'),)'完成
2023-03-28 15:14:19 INFO 点击元素'('id', 'com.inkr.sport:id/ivTbStories')'完成
2023-03-28 15:14:21 INFO 查找元素'(('id', 'com.inkr.sport:id/tvCommunity'),)'完成
2023-03-28 15:14:21 INFO 点击元素'('id', 'com.inkr.sport:id/tvCommunity')'完成
2023-03-28 15:14:22 INFO 查找元素'(('id', 'com.inkr.sport:id/tvWritePost'),)'完成
2023-03-28 15:14:22 INFO 点击元素'('id', 'com.inkr.sport:id/tvWritePost')'完成
2023-03-28 15:14:23 INFO 查找元素'(('id', 'com.inkr.sport:id/tvIKnow'),)'完成
2023-03-28 15:14:23 INFO 点击元素'('id', 'com.inkr.sport:id/tvIKnow')'完成
2023-03-28 15:14:24 INFO 查找元素'(('id', 'com.inkr.sport:id/etTitle'),)'完成
2023-03-28 15:14:25 INFO 查找元素'(('id', 'com.inkr.sport:id/tvWriteVideo'),)'完成
2023-03-28 15:14:26 INFO 点击元素'('id', 'com.inkr.sport:id/tvWriteVideo')'完成
2023-03-28 15:14:46 ERROR 获取元素'(('id', 'com.inkr.sport:id/iv_checkmark'),)'失败，原因：Message: 
Stacktrace:
NoSuchElementError: An element could not be located on the page using the given search parameters.
    at AndroidUiautomator2Driver.findElOrEls (E:\Appium-Server-GUI-windows-1.22.3-4\resources\app\node_modules\appium\node_modules\appium-android-driver\lib\commands\find.js:75:11)
    at runMicrotasks (<anonymous>)
    at processTicksAndRejections (internal/process/task_queues.js:97:5)
    at AndroidUiautomator2Driver.findElOrElsWithProcessing (E:\Appium-Server-GUI-windows-1.22.3-4\resources\app\node_modules\appium\node_modules\appium-base-driver\lib\basedriver\commands\find.js:33:12)
    at AndroidUiautomator2Driver.findElement (E:\Appium-Server-GUI-windows-1.22.3-4\resources\app\node_modules\appium\node_modules\appium-base-driver\lib\basedriver\commands\find.js:53:10)
2023-03-28 15:22:31 INFO *********开始启动APP*********
2023-03-28 15:22:31 INFO 手机参数：{'platformName': 'android', 'platformVersion': '12', 'deviceName': '127.0.0.1:7555', 'automationName': 'UiAutomator2', 'appPackage': 'com.inkr.sport', 'appActivity': 'com.inkr.sport.activities.SplashActivity'}
2023-03-28 15:22:33 WARNING Retrying (Retry(total=2, connect=None, read=None, redirect=None, status=None)) after connection broken by 'NewConnectionError('<urllib3.connection.HTTPConnection object at 0x000002A5E416C7C8>: Failed to establish a new connection: [WinError 10061] 由于目标计算机积极拒绝，无法连接。')': /wd/hub/session
2023-03-28 15:22:35 WARNING Retrying (Retry(total=1, connect=None, read=None, redirect=None, status=None)) after connection broken by 'NewConnectionError('<urllib3.connection.HTTPConnection object at 0x000002A5E419F408>: Failed to establish a new connection: [WinError 10061] 由于目标计算机积极拒绝，无法连接。')': /wd/hub/session
2023-03-28 15:22:37 WARNING Retrying (Retry(total=0, connect=None, read=None, redirect=None, status=None)) after connection broken by 'NewConnectionError('<urllib3.connection.HTTPConnection object at 0x000002A5E41BD188>: Failed to establish a new connection: [WinError 10061] 由于目标计算机积极拒绝，无法连接。')': /wd/hub/session
2023-03-28 15:25:42 INFO *********开始启动APP*********
2023-03-28 15:25:42 INFO 手机参数：{'platformName': 'android', 'platformVersion': '12', 'deviceName': '127.0.0.1:7555', 'automationName': 'UiAutomator2', 'appPackage': 'com.inkr.sport', 'appActivity': 'com.inkr.sport.activities.SplashActivity'}
2023-03-28 15:26:30 INFO *********开始启动APP*********
2023-03-28 15:26:30 INFO 手机参数：{'platformName': 'android', 'platformVersion': '12', 'deviceName': '127.0.0.1:7555', 'automationName': 'UiAutomator2', 'appPackage': 'com.inkr.sport', 'appActivity': 'com.inkr.sport.activities.SplashActivity'}
2023-03-28 15:26:36 INFO *********启动成功*********
2023-03-28 15:26:36 INFO 查找元素'(('id', 'com.inkr.sport:id/tvPopAgreementAgree'),)'完成
2023-03-28 15:26:36 INFO 点击元素'('id', 'com.inkr.sport:id/tvPopAgreementAgree')'完成
2023-03-28 15:26:36 INFO 开始左滑
2023-03-28 15:26:38 INFO 左滑1次
2023-03-28 15:26:39 INFO 左滑2次
2023-03-28 15:26:39 INFO 左滑完成
2023-03-28 15:26:40 INFO 查找元素'(('id', 'com.inkr.sport:id/ivEnterApp'),)'完成
2023-03-28 15:26:40 INFO 点击元素'('id', 'com.inkr.sport:id/ivEnterApp')'完成
2023-03-28 15:26:42 INFO 查找元素'(('id', 'com.inkr.sport:id/ivTbMine'),)'完成
2023-03-28 15:26:43 INFO 点击元素'('id', 'com.inkr.sport:id/ivTbMine')'完成
2023-03-28 15:26:43 INFO 查找元素'(('id', 'com.inkr.sport:id/tvUserName'),)'完成
2023-03-28 15:26:43 INFO 点击元素'('id', 'com.inkr.sport:id/tvUserName')'完成
2023-03-28 15:27:13 INFO 查找元素'(('id', 'com.inkr.sport:id/tvAccountLogin'),)'完成
2023-03-28 15:27:43 INFO 点击元素'('id', 'com.inkr.sport:id/tvAccountLogin')'完成
2023-03-28 15:29:34 INFO 查找元素'(('id', 'com.inkr.sport:id/etPd'),)'完成
2023-03-28 15:31:05 INFO 查找元素'(('id', 'com.inkr.sport:id/ivPolicyCheckBox'),)'完成
2023-03-28 15:31:35 INFO 点击元素'('id', 'com.inkr.sport:id/ivPolicyCheckBox')'完成
2023-03-28 15:32:05 INFO 查找元素'(('id', 'com.inkr.sport:id/btLogin'),)'完成
2023-03-28 15:32:26 INFO 点击元素'('id', 'com.inkr.sport:id/btLogin')'完成
2023-03-28 15:32:26 INFO 登录成功账号:13000000000 密码：abc123456
2023-03-28 15:32:28 INFO 查找元素'(('id', 'com.inkr.sport:id/ivTbStories'),)'完成
2023-03-28 15:32:28 INFO 点击元素'('id', 'com.inkr.sport:id/ivTbStories')'完成
2023-03-28 15:32:31 INFO 查找元素'(('id', 'com.inkr.sport:id/tvCommunity'),)'完成
2023-03-28 15:32:32 INFO 点击元素'('id', 'com.inkr.sport:id/tvCommunity')'完成
2023-03-28 15:32:32 INFO 查找元素'(('id', 'com.inkr.sport:id/tvWritePost'),)'完成
2023-03-28 15:32:32 INFO 点击元素'('id', 'com.inkr.sport:id/tvWritePost')'完成
2023-03-28 15:32:33 INFO 查找元素'(('id', 'com.inkr.sport:id/tvIKnow'),)'完成
2023-03-28 15:32:34 INFO 点击元素'('id', 'com.inkr.sport:id/tvIKnow')'完成
2023-03-28 15:32:34 INFO 查找元素'(('id', 'com.inkr.sport:id/etTitle'),)'完成
2023-03-28 15:32:55 ERROR 获取元素'(('id', 'com.inkr.sport:id/btConfirm'),)'失败，原因：Message: 
Stacktrace:
NoSuchElementError: An element could not be located on the page using the given search parameters.
    at AndroidUiautomator2Driver.findElOrEls (E:\Appium-Server-GUI-windows-1.22.3-4\resources\app\node_modules\appium\node_modules\appium-android-driver\lib\commands\find.js:75:11)
    at runMicrotasks (<anonymous>)
    at processTicksAndRejections (internal/process/task_queues.js:97:5)
    at AndroidUiautomator2Driver.findElOrElsWithProcessing (E:\Appium-Server-GUI-windows-1.22.3-4\resources\app\node_modules\appium\node_modules\appium-base-driver\lib\basedriver\commands\find.js:33:12)
    at AndroidUiautomator2Driver.findElement (E:\Appium-Server-GUI-windows-1.22.3-4\resources\app\node_modules\appium\node_modules\appium-base-driver\lib\basedriver\commands\find.js:53:10)
2023-03-28 15:35:08 INFO *********开始启动APP*********
2023-03-28 15:35:08 INFO 手机参数：{'platformName': 'android', 'platformVersion': '12', 'deviceName': '127.0.0.1:7555', 'automationName': 'UiAutomator2', 'appPackage': 'com.inkr.sport', 'appActivity': 'com.inkr.sport.activities.SplashActivity'}
2023-03-28 15:35:15 INFO *********启动成功*********
2023-03-28 15:35:16 INFO 查找元素'(('id', 'com.inkr.sport:id/tvPopAgreementAgree'),)'完成
2023-03-28 15:35:16 INFO 点击元素'('id', 'com.inkr.sport:id/tvPopAgreementAgree')'完成
2023-03-28 15:35:16 INFO 开始左滑
2023-03-28 15:35:17 INFO 左滑1次
2023-03-28 15:35:19 INFO 左滑2次
2023-03-28 15:35:19 INFO 左滑完成
2023-03-28 15:35:19 INFO 查找元素'(('id', 'com.inkr.sport:id/ivEnterApp'),)'完成
2023-03-28 15:35:19 INFO 点击元素'('id', 'com.inkr.sport:id/ivEnterApp')'完成
2023-03-28 15:35:22 INFO 查找元素'(('id', 'com.inkr.sport:id/ivTbMine'),)'完成
2023-03-28 15:35:22 INFO 点击元素'('id', 'com.inkr.sport:id/ivTbMine')'完成
2023-03-28 15:35:22 INFO 查找元素'(('id', 'com.inkr.sport:id/tvUserName'),)'完成
2023-03-28 15:35:22 INFO 点击元素'('id', 'com.inkr.sport:id/tvUserName')'完成
2023-03-28 15:35:53 INFO 查找元素'(('id', 'com.inkr.sport:id/tvAccountLogin'),)'完成
2023-03-28 15:36:24 INFO 点击元素'('id', 'com.inkr.sport:id/tvAccountLogin')'完成
2023-03-28 15:38:15 INFO 查找元素'(('id', 'com.inkr.sport:id/etPd'),)'完成
2023-03-28 15:39:45 INFO 查找元素'(('id', 'com.inkr.sport:id/ivPolicyCheckBox'),)'完成
2023-03-28 15:40:15 INFO 点击元素'('id', 'com.inkr.sport:id/ivPolicyCheckBox')'完成
2023-03-28 15:40:46 INFO 查找元素'(('id', 'com.inkr.sport:id/btLogin'),)'完成
2023-03-28 15:41:06 INFO 点击元素'('id', 'com.inkr.sport:id/btLogin')'完成
2023-03-28 15:41:06 INFO 登录成功账号:13000000000 密码：abc123456
2023-03-28 15:41:09 INFO 查找元素'(('id', 'com.inkr.sport:id/ivTbStories'),)'完成
2023-03-28 15:41:09 INFO 点击元素'('id', 'com.inkr.sport:id/ivTbStories')'完成
2023-03-28 15:41:11 INFO 查找元素'(('id', 'com.inkr.sport:id/tvCommunity'),)'完成
2023-03-28 15:41:11 INFO 点击元素'('id', 'com.inkr.sport:id/tvCommunity')'完成
2023-03-28 15:41:12 INFO 查找元素'(('id', 'com.inkr.sport:id/tvWritePost'),)'完成
2023-03-28 15:41:12 INFO 点击元素'('id', 'com.inkr.sport:id/tvWritePost')'完成
2023-03-28 15:41:13 INFO 查找元素'(('id', 'com.inkr.sport:id/tvIKnow'),)'完成
2023-03-28 15:41:13 INFO 点击元素'('id', 'com.inkr.sport:id/tvIKnow')'完成
2023-03-28 15:41:14 INFO 查找元素'(('id', 'com.inkr.sport:id/tvWriteVideo'),)'完成
2023-03-28 15:41:14 INFO 点击元素'('id', 'com.inkr.sport:id/tvWriteVideo')'完成
2023-03-28 15:41:35 ERROR 获取元素'(('id', 'com.inkr.sport:id/btConfirm'),)'失败，原因：Message: 
Stacktrace:
NoSuchElementError: An element could not be located on the page using the given search parameters.
    at AndroidUiautomator2Driver.findElOrEls (E:\Appium-Server-GUI-windows-1.22.3-4\resources\app\node_modules\appium\node_modules\appium-android-driver\lib\commands\find.js:75:11)
    at runMicrotasks (<anonymous>)
    at processTicksAndRejections (internal/process/task_queues.js:97:5)
    at AndroidUiautomator2Driver.findElOrElsWithProcessing (E:\Appium-Server-GUI-windows-1.22.3-4\resources\app\node_modules\appium\node_modules\appium-base-driver\lib\basedriver\commands\find.js:33:12)
    at AndroidUiautomator2Driver.findElement (E:\Appium-Server-GUI-windows-1.22.3-4\resources\app\node_modules\appium\node_modules\appium-base-driver\lib\basedriver\commands\find.js:53:10)
2023-03-28 15:42:14 INFO *********开始启动APP*********
2023-03-28 15:42:14 INFO 手机参数：{'platformName': 'android', 'platformVersion': '12', 'deviceName': '127.0.0.1:7555', 'automationName': 'UiAutomator2', 'appPackage': 'com.inkr.sport', 'appActivity': 'com.inkr.sport.activities.SplashActivity'}
2023-03-28 15:42:21 INFO *********启动成功*********
2023-03-28 15:42:22 INFO 查找元素'(('id', 'com.inkr.sport:id/tvPopAgreementAgree'),)'完成
2023-03-28 15:42:22 INFO 点击元素'('id', 'com.inkr.sport:id/tvPopAgreementAgree')'完成
2023-03-28 15:42:22 INFO 开始左滑
2023-03-28 15:42:23 INFO 左滑1次
2023-03-28 15:42:24 INFO 左滑2次
2023-03-28 15:42:24 INFO 左滑完成
2023-03-28 15:42:25 INFO 查找元素'(('id', 'com.inkr.sport:id/ivEnterApp'),)'完成
2023-03-28 15:42:25 INFO 点击元素'('id', 'com.inkr.sport:id/ivEnterApp')'完成
2023-03-28 15:42:27 INFO 查找元素'(('id', 'com.inkr.sport:id/ivTbMine'),)'完成
2023-03-28 15:42:28 INFO 点击元素'('id', 'com.inkr.sport:id/ivTbMine')'完成
2023-03-28 15:42:28 INFO 查找元素'(('id', 'com.inkr.sport:id/tvUserName'),)'完成
2023-03-28 15:42:28 INFO 点击元素'('id', 'com.inkr.sport:id/tvUserName')'完成
2023-03-28 15:42:58 INFO 查找元素'(('id', 'com.inkr.sport:id/tvAccountLogin'),)'完成
2023-03-28 15:43:28 INFO 点击元素'('id', 'com.inkr.sport:id/tvAccountLogin')'完成
2023-03-28 15:45:19 INFO 查找元素'(('id', 'com.inkr.sport:id/etPd'),)'完成
2023-03-28 15:46:50 INFO 查找元素'(('id', 'com.inkr.sport:id/ivPolicyCheckBox'),)'完成
2023-03-28 15:47:20 INFO 点击元素'('id', 'com.inkr.sport:id/ivPolicyCheckBox')'完成
2023-03-28 15:47:50 INFO 查找元素'(('id', 'com.inkr.sport:id/btLogin'),)'完成
2023-03-28 15:48:11 INFO 点击元素'('id', 'com.inkr.sport:id/btLogin')'完成
2023-03-28 15:48:11 INFO 登录成功账号:13000000000 密码：abc123456
2023-03-28 15:48:13 INFO 查找元素'(('id', 'com.inkr.sport:id/ivTbStories'),)'完成
2023-03-28 15:48:13 INFO 点击元素'('id', 'com.inkr.sport:id/ivTbStories')'完成
2023-03-28 15:48:15 INFO 查找元素'(('id', 'com.inkr.sport:id/tvCommunity'),)'完成
2023-03-28 15:48:15 INFO 点击元素'('id', 'com.inkr.sport:id/tvCommunity')'完成
2023-03-28 15:48:16 INFO 查找元素'(('id', 'com.inkr.sport:id/tvWritePost'),)'完成
2023-03-28 15:48:16 INFO 点击元素'('id', 'com.inkr.sport:id/tvWritePost')'完成
2023-03-28 15:48:17 INFO 查找元素'(('id', 'com.inkr.sport:id/tvIKnow'),)'完成
2023-03-28 15:48:18 INFO 点击元素'('id', 'com.inkr.sport:id/tvIKnow')'完成
2023-03-28 15:48:18 INFO 查找元素'(('id', 'com.inkr.sport:id/tvWriteVideo'),)'完成
2023-03-28 15:48:18 INFO 点击元素'('id', 'com.inkr.sport:id/tvWriteVideo')'完成
2023-03-28 15:48:39 ERROR 获取元素'(('id', 'com.inkr.sport:id/iv_checkmark'),)'失败，原因：Message: 
Stacktrace:
NoSuchElementError: An element could not be located on the page using the given search parameters.
    at AndroidUiautomator2Driver.findElOrEls (E:\Appium-Server-GUI-windows-1.22.3-4\resources\app\node_modules\appium\node_modules\appium-android-driver\lib\commands\find.js:75:11)
    at runMicrotasks (<anonymous>)
    at processTicksAndRejections (internal/process/task_queues.js:97:5)
    at AndroidUiautomator2Driver.findElOrElsWithProcessing (E:\Appium-Server-GUI-windows-1.22.3-4\resources\app\node_modules\appium\node_modules\appium-base-driver\lib\basedriver\commands\find.js:33:12)
    at AndroidUiautomator2Driver.findElement (E:\Appium-Server-GUI-windows-1.22.3-4\resources\app\node_modules\appium\node_modules\appium-base-driver\lib\basedriver\commands\find.js:53:10)
2023-03-28 15:50:02 INFO *********开始启动APP*********
2023-03-28 15:50:02 INFO 手机参数：{'platformName': 'android', 'platformVersion': '12', 'deviceName': '127.0.0.1:7555', 'automationName': 'UiAutomator2', 'appPackage': 'com.inkr.sport', 'appActivity': 'com.inkr.sport.activities.SplashActivity'}
2023-03-28 15:50:09 INFO *********启动成功*********
2023-03-28 15:50:09 INFO 查找元素'(('id', 'com.inkr.sport:id/tvPopAgreementAgree'),)'完成
2023-03-28 15:50:09 INFO 点击元素'('id', 'com.inkr.sport:id/tvPopAgreementAgree')'完成
2023-03-28 15:50:09 INFO 开始左滑
2023-03-28 15:50:11 INFO 左滑1次
2023-03-28 15:50:12 INFO 左滑2次
2023-03-28 15:50:12 INFO 左滑完成
2023-03-28 15:50:13 INFO 查找元素'(('id', 'com.inkr.sport:id/ivEnterApp'),)'完成
2023-03-28 15:50:13 INFO 点击元素'('id', 'com.inkr.sport:id/ivEnterApp')'完成
2023-03-28 15:50:15 INFO 查找元素'(('id', 'com.inkr.sport:id/ivTbMine'),)'完成
2023-03-28 15:50:16 INFO 点击元素'('id', 'com.inkr.sport:id/ivTbMine')'完成
2023-03-28 15:50:16 INFO 查找元素'(('id', 'com.inkr.sport:id/tvUserName'),)'完成
2023-03-28 15:50:26 INFO 点击元素'('id', 'com.inkr.sport:id/tvUserName')'完成
2023-03-28 15:50:56 INFO 查找元素'(('id', 'com.inkr.sport:id/tvAccountLogin'),)'完成
2023-03-28 15:51:26 INFO 点击元素'('id', 'com.inkr.sport:id/tvAccountLogin')'完成
2023-03-28 15:53:17 INFO 查找元素'(('id', 'com.inkr.sport:id/etPd'),)'完成
2023-03-28 15:54:48 INFO 查找元素'(('id', 'com.inkr.sport:id/ivPolicyCheckBox'),)'完成
2023-03-28 15:55:18 INFO 点击元素'('id', 'com.inkr.sport:id/ivPolicyCheckBox')'完成
2023-03-28 15:55:48 INFO 查找元素'(('id', 'com.inkr.sport:id/btLogin'),)'完成
2023-03-28 15:56:09 INFO 点击元素'('id', 'com.inkr.sport:id/btLogin')'完成
2023-03-28 15:56:09 INFO 登录成功账号:13000000000 密码：abc123456
2023-03-28 15:56:10 INFO 查找元素'(('id', 'com.inkr.sport:id/ivTbStories'),)'完成
2023-03-28 15:56:12 INFO 点击元素'('id', 'com.inkr.sport:id/ivTbStories')'完成
2023-03-28 15:56:13 INFO 查找元素'(('id', 'com.inkr.sport:id/tvCommunity'),)'完成
2023-03-28 15:56:13 INFO 点击元素'('id', 'com.inkr.sport:id/tvCommunity')'完成
2023-03-28 15:56:14 INFO 查找元素'(('id', 'com.inkr.sport:id/tvWritePost'),)'完成
2023-03-28 15:56:14 INFO 点击元素'('id', 'com.inkr.sport:id/tvWritePost')'完成
2023-03-28 15:56:15 INFO 查找元素'(('id', 'com.inkr.sport:id/tvIKnow'),)'完成
2023-03-28 15:56:15 INFO 点击元素'('id', 'com.inkr.sport:id/tvIKnow')'完成
2023-03-28 15:56:16 INFO 查找元素'(('id', 'com.inkr.sport:id/tvWriteVideo'),)'完成
2023-03-28 15:56:16 INFO 点击元素'('id', 'com.inkr.sport:id/tvWriteVideo')'完成
2023-03-28 15:56:17 INFO 查找元素'(('id', 'com.inkr.sport:id/clVideo'),)'完成
2023-03-28 15:56:17 INFO 点击元素'('id', 'com.inkr.sport:id/clVideo')'完成
2023-03-28 15:56:18 INFO 查找元素'(('id', 'com.inkr.sport:id/iv_checkmark'),)'完成
2023-03-28 15:56:19 INFO 点击元素'('id', 'com.inkr.sport:id/iv_checkmark')'完成
2023-03-28 15:56:39 ERROR 获取元素'(('id', 'com.inkr.sport:id/btConfirm'),)'失败，原因：Message: 
Stacktrace:
NoSuchElementError: An element could not be located on the page using the given search parameters.
    at AndroidUiautomator2Driver.findElOrEls (E:\Appium-Server-GUI-windows-1.22.3-4\resources\app\node_modules\appium\node_modules\appium-android-driver\lib\commands\find.js:75:11)
    at runMicrotasks (<anonymous>)
    at processTicksAndRejections (internal/process/task_queues.js:97:5)
    at AndroidUiautomator2Driver.findElOrElsWithProcessing (E:\Appium-Server-GUI-windows-1.22.3-4\resources\app\node_modules\appium\node_modules\appium-base-driver\lib\basedriver\commands\find.js:33:12)
    at AndroidUiautomator2Driver.findElement (E:\Appium-Server-GUI-windows-1.22.3-4\resources\app\node_modules\appium\node_modules\appium-base-driver\lib\basedriver\commands\find.js:53:10)
2023-03-28 15:58:37 INFO *********开始启动APP*********
2023-03-28 15:58:37 INFO 手机参数：{'platformName': 'android', 'platformVersion': '12', 'deviceName': '127.0.0.1:7555', 'automationName': 'UiAutomator2', 'appPackage': 'com.inkr.sport', 'appActivity': 'com.inkr.sport.activities.SplashActivity'}
2023-03-28 15:58:44 INFO *********启动成功*********
2023-03-28 15:58:45 INFO 查找元素'(('id', 'com.inkr.sport:id/tvPopAgreementAgree'),)'完成
2023-03-28 15:58:45 INFO 点击元素'('id', 'com.inkr.sport:id/tvPopAgreementAgree')'完成
2023-03-28 15:58:45 INFO 开始左滑
2023-03-28 15:58:46 INFO 左滑1次
2023-03-28 15:58:47 INFO 左滑2次
2023-03-28 15:58:47 INFO 左滑完成
2023-03-28 15:58:48 INFO 查找元素'(('id', 'com.inkr.sport:id/ivEnterApp'),)'完成
2023-03-28 15:58:48 INFO 点击元素'('id', 'com.inkr.sport:id/ivEnterApp')'完成
2023-03-28 15:58:50 INFO 查找元素'(('id', 'com.inkr.sport:id/ivTbMine'),)'完成
2023-03-28 15:58:51 INFO 点击元素'('id', 'com.inkr.sport:id/ivTbMine')'完成
2023-03-28 15:58:51 INFO 查找元素'(('id', 'com.inkr.sport:id/tvUserName'),)'完成
2023-03-28 15:58:51 INFO 点击元素'('id', 'com.inkr.sport:id/tvUserName')'完成
2023-03-28 15:59:21 INFO 查找元素'(('id', 'com.inkr.sport:id/tvAccountLogin'),)'完成
2023-03-28 15:59:51 INFO 点击元素'('id', 'com.inkr.sport:id/tvAccountLogin')'完成
2023-03-28 16:01:42 INFO 查找元素'(('id', 'com.inkr.sport:id/etPd'),)'完成
2023-03-28 16:03:13 INFO 查找元素'(('id', 'com.inkr.sport:id/ivPolicyCheckBox'),)'完成
2023-03-28 16:03:43 INFO 点击元素'('id', 'com.inkr.sport:id/ivPolicyCheckBox')'完成
2023-03-28 16:04:13 INFO 查找元素'(('id', 'com.inkr.sport:id/btLogin'),)'完成
2023-03-28 16:04:34 INFO 点击元素'('id', 'com.inkr.sport:id/btLogin')'完成
2023-03-28 16:04:34 INFO 登录成功账号:13000000000 密码：abc123456
2023-03-28 16:04:36 INFO 查找元素'(('id', 'com.inkr.sport:id/ivTbStories'),)'完成
2023-03-28 16:04:36 INFO 点击元素'('id', 'com.inkr.sport:id/ivTbStories')'完成
2023-03-28 16:04:39 INFO 查找元素'(('id', 'com.inkr.sport:id/tvCommunity'),)'完成
2023-03-28 16:04:39 INFO 点击元素'('id', 'com.inkr.sport:id/tvCommunity')'完成
2023-03-28 16:04:39 INFO 查找元素'(('id', 'com.inkr.sport:id/tvWritePost'),)'完成
2023-03-28 16:04:39 INFO 点击元素'('id', 'com.inkr.sport:id/tvWritePost')'完成
2023-03-28 16:04:41 INFO 查找元素'(('id', 'com.inkr.sport:id/tvIKnow'),)'完成
2023-03-28 16:04:41 INFO 点击元素'('id', 'com.inkr.sport:id/tvIKnow')'完成
2023-03-28 16:04:41 INFO 查找元素'(('id', 'com.inkr.sport:id/tvWriteVideo'),)'完成
2023-03-28 16:04:42 INFO 点击元素'('id', 'com.inkr.sport:id/tvWriteVideo')'完成
2023-03-28 16:04:42 INFO 查找元素'(('id', 'com.inkr.sport:id/clVideo'),)'完成
2023-03-28 16:04:43 INFO 点击元素'('id', 'com.inkr.sport:id/clVideo')'完成
2023-03-28 16:04:43 INFO 查找元素'(('id', 'com.inkr.sport:id/iv_checkmark'),)'完成
2023-03-28 16:04:43 INFO 点击元素'('id', 'com.inkr.sport:id/iv_checkmark')'完成
2023-03-28 16:05:03 ERROR 获取元素'(('id', 'com.inkr.sport:id/btConfirm'),)'失败，原因：Message: 
Stacktrace:
NoSuchElementError: An element could not be located on the page using the given search parameters.
    at AndroidUiautomator2Driver.findElOrEls (E:\Appium-Server-GUI-windows-1.22.3-4\resources\app\node_modules\appium\node_modules\appium-android-driver\lib\commands\find.js:75:11)
    at runMicrotasks (<anonymous>)
    at processTicksAndRejections (internal/process/task_queues.js:97:5)
    at AndroidUiautomator2Driver.findElOrElsWithProcessing (E:\Appium-Server-GUI-windows-1.22.3-4\resources\app\node_modules\appium\node_modules\appium-base-driver\lib\basedriver\commands\find.js:33:12)
    at AndroidUiautomator2Driver.findElement (E:\Appium-Server-GUI-windows-1.22.3-4\resources\app\node_modules\appium\node_modules\appium-base-driver\lib\basedriver\commands\find.js:53:10)
2023-03-28 16:06:01 INFO *********开始启动APP*********
2023-03-28 16:06:01 INFO 手机参数：{'platformName': 'android', 'platformVersion': '12', 'deviceName': '127.0.0.1:7555', 'automationName': 'UiAutomator2', 'appPackage': 'com.inkr.sport', 'appActivity': 'com.inkr.sport.activities.SplashActivity'}
2023-03-28 16:06:08 INFO *********启动成功*********
2023-03-28 16:06:09 INFO 查找元素'(('id', 'com.inkr.sport:id/tvPopAgreementAgree'),)'完成
2023-03-28 16:06:09 INFO 点击元素'('id', 'com.inkr.sport:id/tvPopAgreementAgree')'完成
2023-03-28 16:06:09 INFO 开始左滑
2023-03-28 16:06:10 INFO 左滑1次
2023-03-28 16:06:11 INFO 左滑2次
2023-03-28 16:06:11 INFO 左滑完成
2023-03-28 16:06:12 INFO 查找元素'(('id', 'com.inkr.sport:id/ivEnterApp'),)'完成
2023-03-28 16:06:13 INFO 点击元素'('id', 'com.inkr.sport:id/ivEnterApp')'完成
2023-03-28 16:06:14 INFO 查找元素'(('id', 'com.inkr.sport:id/ivTbMine'),)'完成
2023-03-28 16:06:15 INFO 点击元素'('id', 'com.inkr.sport:id/ivTbMine')'完成
2023-03-28 16:06:15 INFO 查找元素'(('id', 'com.inkr.sport:id/tvUserName'),)'完成
2023-03-28 16:06:15 INFO 点击元素'('id', 'com.inkr.sport:id/tvUserName')'完成
2023-03-28 16:06:45 INFO 查找元素'(('id', 'com.inkr.sport:id/tvAccountLogin'),)'完成
2023-03-28 16:07:15 INFO 点击元素'('id', 'com.inkr.sport:id/tvAccountLogin')'完成
2023-03-28 16:09:06 INFO 查找元素'(('id', 'com.inkr.sport:id/etPd'),)'完成
2023-03-28 16:10:37 INFO 查找元素'(('id', 'com.inkr.sport:id/ivPolicyCheckBox'),)'完成
2023-03-28 16:11:07 INFO 点击元素'('id', 'com.inkr.sport:id/ivPolicyCheckBox')'完成
2023-03-28 16:11:37 INFO 查找元素'(('id', 'com.inkr.sport:id/btLogin'),)'完成
2023-03-28 16:11:58 INFO 点击元素'('id', 'com.inkr.sport:id/btLogin')'完成
2023-03-28 16:11:58 INFO 登录成功账号:13000000000 密码：abc123456
2023-03-28 16:12:00 INFO 查找元素'(('id', 'com.inkr.sport:id/ivTbStories'),)'完成
2023-03-28 16:12:00 INFO 点击元素'('id', 'com.inkr.sport:id/ivTbStories')'完成
2023-03-28 16:12:02 INFO 查找元素'(('id', 'com.inkr.sport:id/tvCommunity'),)'完成
2023-03-28 16:12:02 INFO 点击元素'('id', 'com.inkr.sport:id/tvCommunity')'完成
2023-03-28 16:12:03 INFO 查找元素'(('id', 'com.inkr.sport:id/tvWritePost'),)'完成
2023-03-28 16:12:03 INFO 点击元素'('id', 'com.inkr.sport:id/tvWritePost')'完成
2023-03-28 16:12:03 INFO 查找元素'(('id', 'com.inkr.sport:id/tvIKnow'),)'完成
2023-03-28 16:12:04 INFO 点击元素'('id', 'com.inkr.sport:id/tvIKnow')'完成
2023-03-28 16:12:04 INFO 查找元素'(('id', 'com.inkr.sport:id/tvWriteVideo'),)'完成
2023-03-28 16:12:05 INFO 点击元素'('id', 'com.inkr.sport:id/tvWriteVideo')'完成
2023-03-28 16:12:05 INFO 查找元素'(('id', 'com.inkr.sport:id/clVideo'),)'完成
2023-03-28 16:12:06 INFO 点击元素'('id', 'com.inkr.sport:id/clVideo')'完成
2023-03-28 16:12:06 INFO 查找元素'(('id', 'com.inkr.sport:id/iv_checkmark'),)'完成
2023-03-28 16:12:06 INFO 点击元素'('id', 'com.inkr.sport:id/iv_checkmark')'完成
2023-03-28 16:12:07 INFO 查找元素'(('id', 'com.inkr.sport:id/tvConfirm'),)'完成
2023-03-28 16:12:07 INFO 点击元素'('id', 'com.inkr.sport:id/tvConfirm')'完成
2023-03-28 16:12:07 INFO 查找元素'(('id', 'com.inkr.sport:id/etTitle'),)'完成
2023-03-28 16:12:31 ERROR 获取元素'(('id', 'com.inkr.sport:id/tvSection'),)'失败，原因：Message: 
Stacktrace:
NoSuchElementError: An element could not be located on the page using the given search parameters.
    at AndroidUiautomator2Driver.findElOrEls (E:\Appium-Server-GUI-windows-1.22.3-4\resources\app\node_modules\appium\node_modules\appium-android-driver\lib\commands\find.js:75:11)
    at runMicrotasks (<anonymous>)
    at processTicksAndRejections (internal/process/task_queues.js:97:5)
    at AndroidUiautomator2Driver.findElOrElsWithProcessing (E:\Appium-Server-GUI-windows-1.22.3-4\resources\app\node_modules\appium\node_modules\appium-base-driver\lib\basedriver\commands\find.js:33:12)
    at AndroidUiautomator2Driver.findElement (E:\Appium-Server-GUI-windows-1.22.3-4\resources\app\node_modules\appium\node_modules\appium-base-driver\lib\basedriver\commands\find.js:53:10)
2023-03-28 16:12:38 INFO *********开始启动APP*********
2023-03-28 16:12:38 INFO 手机参数：{'platformName': 'android', 'platformVersion': '12', 'deviceName': '127.0.0.1:7555', 'automationName': 'UiAutomator2', 'appPackage': 'com.inkr.sport', 'appActivity': 'com.inkr.sport.activities.SplashActivity'}
2023-03-28 16:12:44 INFO *********启动成功*********
2023-03-28 16:12:45 INFO 查找元素'(('id', 'com.inkr.sport:id/tvPopAgreementAgree'),)'完成
2023-03-28 16:12:46 INFO 点击元素'('id', 'com.inkr.sport:id/tvPopAgreementAgree')'完成
2023-03-28 16:12:46 INFO 开始左滑
2023-03-28 16:12:47 INFO 左滑1次
2023-03-28 16:12:49 INFO 左滑2次
2023-03-28 16:12:49 INFO 左滑完成
2023-03-28 16:12:49 INFO 查找元素'(('id', 'com.inkr.sport:id/ivEnterApp'),)'完成
2023-03-28 16:12:50 INFO 点击元素'('id', 'com.inkr.sport:id/ivEnterApp')'完成
2023-03-28 16:12:52 INFO 查找元素'(('id', 'com.inkr.sport:id/ivTbMine'),)'完成
2023-03-28 16:12:52 INFO 点击元素'('id', 'com.inkr.sport:id/ivTbMine')'完成
2023-03-28 16:12:52 INFO 查找元素'(('id', 'com.inkr.sport:id/tvUserName'),)'完成
2023-03-28 16:13:02 INFO 点击元素'('id', 'com.inkr.sport:id/tvUserName')'完成
2023-03-28 16:13:33 INFO 查找元素'(('id', 'com.inkr.sport:id/tvAccountLogin'),)'完成
2023-03-28 16:14:03 INFO 点击元素'('id', 'com.inkr.sport:id/tvAccountLogin')'完成
2023-03-28 16:15:53 INFO 查找元素'(('id', 'com.inkr.sport:id/etPd'),)'完成
2023-03-28 16:17:24 INFO 查找元素'(('id', 'com.inkr.sport:id/ivPolicyCheckBox'),)'完成
2023-03-28 16:17:54 INFO 点击元素'('id', 'com.inkr.sport:id/ivPolicyCheckBox')'完成
2023-03-28 16:18:24 INFO 查找元素'(('id', 'com.inkr.sport:id/btLogin'),)'完成
2023-03-28 16:18:45 INFO 点击元素'('id', 'com.inkr.sport:id/btLogin')'完成
2023-03-28 16:18:45 INFO 登录成功账号:13000000000 密码：abc123456
2023-03-28 16:18:47 INFO 查找元素'(('id', 'com.inkr.sport:id/ivTbStories'),)'完成
2023-03-28 16:18:47 INFO 点击元素'('id', 'com.inkr.sport:id/ivTbStories')'完成
2023-03-28 16:18:50 INFO 查找元素'(('id', 'com.inkr.sport:id/tvCommunity'),)'完成
2023-03-28 16:18:50 INFO 点击元素'('id', 'com.inkr.sport:id/tvCommunity')'完成
2023-03-28 16:18:50 INFO 查找元素'(('id', 'com.inkr.sport:id/tvWritePost'),)'完成
2023-03-28 16:18:50 INFO 点击元素'('id', 'com.inkr.sport:id/tvWritePost')'完成
2023-03-28 16:18:52 INFO 查找元素'(('id', 'com.inkr.sport:id/tvIKnow'),)'完成
2023-03-28 16:18:52 INFO 点击元素'('id', 'com.inkr.sport:id/tvIKnow')'完成
2023-03-28 16:18:52 INFO 查找元素'(('id', 'com.inkr.sport:id/tvWriteVideo'),)'完成
2023-03-28 16:18:53 INFO 点击元素'('id', 'com.inkr.sport:id/tvWriteVideo')'完成
2023-03-28 16:18:53 INFO 查找元素'(('id', 'com.inkr.sport:id/clVideo'),)'完成
2023-03-28 16:18:54 INFO 点击元素'('id', 'com.inkr.sport:id/clVideo')'完成
2023-03-28 16:18:54 INFO 查找元素'(('id', 'com.inkr.sport:id/iv_checkmark'),)'完成
2023-03-28 16:18:54 INFO 点击元素'('id', 'com.inkr.sport:id/iv_checkmark')'完成
2023-03-28 16:18:55 INFO 查找元素'(('id', 'com.inkr.sport:id/tvConfirm'),)'完成
2023-03-28 16:18:55 INFO 点击元素'('id', 'com.inkr.sport:id/tvConfirm')'完成
2023-03-28 16:18:56 INFO 查找元素'(('id', 'com.inkr.sport:id/etTitle'),)'完成
2023-03-28 16:19:03 INFO 查找元素'(('id', 'com.inkr.sport:id/tvSectionName'),)'完成
2023-03-28 16:19:04 INFO 点击元素'('id', 'com.inkr.sport:id/tvSectionName')'完成
2023-03-28 16:19:04 INFO 查找元素'(('id', 'com.inkr.sport:id/tvSection'),)'完成
2023-03-28 16:19:04 INFO 点击元素'('id', 'com.inkr.sport:id/tvSection')'完成
2023-03-28 16:19:05 INFO 查找元素'(('id', 'com.inkr.sport:id/tvName'),)'完成
2023-03-28 16:19:05 INFO 点击元素'('id', 'com.inkr.sport:id/tvName')'完成
2023-03-28 16:19:05 INFO 查找元素'(('id', 'com.inkr.sport:id/tvTopicName'),)'完成
2023-03-28 16:19:05 INFO 点击元素'('id', 'com.inkr.sport:id/tvTopicName')'完成
2023-03-28 16:19:06 INFO 查找元素'(('id', 'com.inkr.sport:id/tvTopic'),)'完成
2023-03-28 16:19:07 INFO 点击元素'('id', 'com.inkr.sport:id/tvTopic')'完成
2023-03-28 16:19:07 INFO 查找元素'(('id', 'com.inkr.sport:id/tvNavPublish'),)'完成
2023-03-28 16:19:08 INFO 点击元素'('id', 'com.inkr.sport:id/tvNavPublish')'完成
2023-03-28 16:19:08 INFO 视频帖发布成功
