2023-03-30 11:46:44 INFO *********开始启动APP*********
2023-03-30 11:46:44 INFO 手机参数：{'platformName': 'android', 'platformVersion': '12', 'deviceName': '127.0.0.1:7555', 'automationName': 'UiAutomator2', 'appPackage': 'com.inkr.sport', 'appActivity': 'com.inkr.sport.activities.SplashActivity'}
2023-03-30 11:46:55 INFO *********启动成功*********
2023-03-30 11:46:55 INFO 查找元素'(('id', 'com.inkr.sport:id/tvPopAgreementAgree'),)'完成
2023-03-30 11:46:55 INFO 点击元素'('id', 'com.inkr.sport:id/tvPopAgreementAgree')'完成
2023-03-30 11:46:55 INFO 开始左滑
2023-03-30 11:46:57 INFO 左滑1次
2023-03-30 11:46:58 INFO 左滑2次
2023-03-30 11:46:58 INFO 左滑完成
2023-03-30 11:46:59 INFO 查找元素'(('id', 'com.inkr.sport:id/ivEnterApp'),)'完成
2023-03-30 11:46:59 INFO 点击元素'('id', 'com.inkr.sport:id/ivEnterApp')'完成
2023-03-30 11:47:02 INFO 查找元素'(('id', 'com.inkr.sport:id/ivTbMine'),)'完成
2023-03-30 11:47:03 INFO 点击元素'('id', 'com.inkr.sport:id/ivTbMine')'完成
2023-03-30 11:47:03 INFO 查找元素'(('id', 'com.inkr.sport:id/tvUserName'),)'完成
2023-03-30 11:47:03 INFO 点击元素'('id', 'com.inkr.sport:id/tvUserName')'完成
2023-03-30 11:47:34 INFO 查找元素'(('id', 'com.inkr.sport:id/tvAccountLogin'),)'完成
2023-03-30 11:48:04 INFO 点击元素'('id', 'com.inkr.sport:id/tvAccountLogin')'完成
2023-03-30 11:49:55 INFO 查找元素'(('id', 'com.inkr.sport:id/etPd'),)'完成
2023-03-30 11:51:25 INFO 查找元素'(('id', 'com.inkr.sport:id/ivPolicyCheckBox'),)'完成
2023-03-30 11:51:55 INFO 点击元素'('id', 'com.inkr.sport:id/ivPolicyCheckBox')'完成
2023-03-30 11:52:26 INFO 查找元素'(('id', 'com.inkr.sport:id/btLogin'),)'完成
2023-03-30 11:52:46 INFO 点击元素'('id', 'com.inkr.sport:id/btLogin')'完成
2023-03-30 11:52:46 INFO 登录成功账号:13000000000 密码：abc123456
2023-03-30 11:52:49 INFO 查找元素'(('id', 'com.inkr.sport:id/ivTbStories'),)'完成
2023-03-30 11:52:49 INFO 点击元素'('id', 'com.inkr.sport:id/ivTbStories')'完成
2023-03-30 11:52:52 INFO 查找元素'(('id', 'com.inkr.sport:id/tvCommunity'),)'完成
2023-03-30 11:52:52 INFO 点击元素'('id', 'com.inkr.sport:id/tvCommunity')'完成
2023-03-30 11:52:53 INFO 查找元素'(('id', 'com.inkr.sport:id/tvWritePost'),)'完成
2023-03-30 11:52:53 INFO 点击元素'('id', 'com.inkr.sport:id/tvWritePost')'完成
2023-03-30 11:52:54 INFO 查找元素'(('id', 'com.inkr.sport:id/tvIKnow'),)'完成
2023-03-30 11:52:55 INFO 点击元素'('id', 'com.inkr.sport:id/tvIKnow')'完成
2023-03-30 11:52:55 INFO 查找元素'(('id', 'com.inkr.sport:id/tvWriteVideo'),)'完成
2023-03-30 11:52:55 INFO 点击元素'('id', 'com.inkr.sport:id/tvWriteVideo')'完成
2023-03-30 11:52:55 INFO 查找元素'(('id', 'com.inkr.sport:id/clVideo'),)'完成
2023-03-30 11:52:57 INFO 点击元素'('id', 'com.inkr.sport:id/clVideo')'完成
2023-03-30 11:52:57 INFO 查找元素'(('id', 'com.inkr.sport:id/iv_checkmark'),)'完成
2023-03-30 11:52:57 INFO 点击元素'('id', 'com.inkr.sport:id/iv_checkmark')'完成
2023-03-30 11:52:57 INFO 查找元素'(('id', 'com.inkr.sport:id/tvConfirm'),)'完成
2023-03-30 11:52:57 INFO 点击元素'('id', 'com.inkr.sport:id/tvConfirm')'完成
2023-03-30 11:52:58 INFO 查找元素'(('id', 'com.inkr.sport:id/etTitle'),)'完成
2023-03-30 11:52:59 INFO 查找元素'(('id', 'com.inkr.sport:id/tvSectionName'),)'完成
2023-03-30 11:53:01 INFO 点击元素'('id', 'com.inkr.sport:id/tvSectionName')'完成
2023-03-30 11:53:01 INFO 查找元素'(('id', 'com.inkr.sport:id/tvSection'),)'完成
2023-03-30 11:53:01 INFO 点击元素'('id', 'com.inkr.sport:id/tvSection')'完成
2023-03-30 11:53:02 INFO 查找元素'(('id', 'com.inkr.sport:id/tvName'),)'完成
2023-03-30 11:53:02 INFO 点击元素'('id', 'com.inkr.sport:id/tvName')'完成
2023-03-30 11:53:05 INFO 查找元素'(('id', 'com.inkr.sport:id/tvTopicName'),)'完成
2023-03-30 11:53:05 INFO 点击元素'('id', 'com.inkr.sport:id/tvTopicName')'完成
2023-03-30 11:53:06 INFO 查找元素'(('id', 'com.inkr.sport:id/tvTopic'),)'完成
2023-03-30 11:53:07 INFO 点击元素'('id', 'com.inkr.sport:id/tvTopic')'完成
2023-03-30 11:53:07 INFO 查找元素'(('id', 'com.inkr.sport:id/tvNavPublish'),)'完成
2023-03-30 11:53:07 INFO 点击元素'('id', 'com.inkr.sport:id/tvNavPublish')'完成
2023-03-30 11:53:07 INFO 视频帖发布成功
2023-03-30 11:53:07 ERROR 获取元素'(('com.inkr.sport:id/ivLike',),)'失败，原因：Message: Locator Strategy 'com.inkr.sport:id/ivLike' is not supported for this session
Stacktrace:
InvalidSelectorError: Locator Strategy 'com.inkr.sport:id/ivLike' is not supported for this session
    at AndroidUiautomator2Driver.validateLocatorStrategy (E:\Appium-Server-GUI-windows-1.22.3-4\resources\app\node_modules\appium\node_modules\appium-base-driver\lib\basedriver\driver.js:393:13)
    at AndroidUiautomator2Driver.findElOrElsWithProcessing (E:\Appium-Server-GUI-windows-1.22.3-4\resources\app\node_modules\appium\node_modules\appium-base-driver\lib\basedriver\commands\find.js:31:8)
    at AndroidUiautomator2Driver.findElement (E:\Appium-Server-GUI-windows-1.22.3-4\resources\app\node_modules\appium\node_modules\appium-base-driver\lib\basedriver\commands\find.js:53:21)
    at commandExecutor (E:\Appium-Server-GUI-windows-1.22.3-4\resources\app\node_modules\appium\node_modules\appium-base-driver\lib\basedriver\driver.js:335:9)
    at E:\Appium-Server-GUI-windows-1.22.3-4\resources\app\node_modules\appium\node_modules\async-lock\lib\index.js:146:12
    at AsyncLock._promiseTry (E:\Appium-Server-GUI-windows-1.22.3-4\resources\app\node_modules\appium\node_modules\async-lock\lib\index.js:280:31)
    at exec (E:\Appium-Server-GUI-windows-1.22.3-4\resources\app\node_modules\appium\node_modules\async-lock\lib\index.js:145:9)
    at AsyncLock.acquire (E:\Appium-Server-GUI-windows-1.22.3-4\resources\app\node_modules\appium\node_modules\async-lock\lib\index.js:162:3)
    at AndroidUiautomator2Driver.executeCommand (E:\Appium-Server-GUI-windows-1.22.3-4\resources\app\node_modules\appium\node_modules\appium-base-driver\lib\basedriver\driver.js:348:39)
    at AppiumDriver.executeCommand (E:\Appium-Server-GUI-windows-1.22.3-4\resources\app\node_modules\appium\lib\appium.js:563:36)
    at runMicrotasks (<anonymous>)
    at processTicksAndRejections (internal/process/task_queues.js:97:5)
    at asyncHandler (E:\Appium-Server-GUI-windows-1.22.3-4\resources\app\node_modules\appium\node_modules\appium-base-driver\lib\protocol\protocol.js:297:21)
