2023-03-23 13:44:42 INFO 其他玩法选择完成
2023-03-23 13:44:42 INFO *********开始启动APP*********
2023-03-23 13:44:42 INFO 手机参数：{'platformName': 'android', 'platformVersion': '12', 'deviceName': '127.0.0.1:7555', 'automationName': 'UiAutomator2', 'appPackage': 'com.inkr.sport', 'appActivity': 'com.inkr.sport.activities.SplashActivity'}
2023-03-23 13:46:19 INFO 其他玩法选择完成
2023-03-23 13:46:19 INFO *********开始启动APP*********
2023-03-23 13:46:19 INFO 手机参数：{'platformName': 'android', 'platformVersion': '12', 'deviceName': '127.0.0.1:7555', 'automationName': 'UiAutomator2', 'appPackage': 'com.inkr.sport', 'appActivity': 'com.inkr.sport.activities.SplashActivity'}
2023-03-23 13:46:49 INFO 其他玩法选择完成
2023-03-23 13:46:49 INFO *********开始启动APP*********
2023-03-23 13:46:49 INFO 手机参数：{'platformName': 'android', 'platformVersion': '12', 'deviceName': '127.0.0.1:7555', 'automationName': 'UiAutomator2', 'appPackage': 'com.inkr.sport', 'appActivity': 'com.inkr.sport.activities.SplashActivity'}
2023-03-23 13:46:56 INFO *********启动成功*********
2023-03-23 13:46:56 INFO 查找元素'(('id', 'com.inkr.sport:id/tvPopAgreementAgree'),)'完成
2023-03-23 13:46:57 INFO 点击元素'('id', 'com.inkr.sport:id/tvPopAgreementAgree')'完成
2023-03-23 13:46:57 INFO 开始左滑
2023-03-23 13:46:59 INFO 左滑1次
2023-03-23 13:47:00 INFO 左滑2次
2023-03-23 13:47:00 INFO 左滑完成
2023-03-23 13:47:01 INFO 查找元素'(('id', 'com.inkr.sport:id/ivEnterApp'),)'完成
2023-03-23 13:47:03 INFO 点击元素'('id', 'com.inkr.sport:id/ivEnterApp')'完成
2023-03-23 13:47:04 INFO 查找元素'(('id', 'com.inkr.sport:id/ivTbMine'),)'完成
2023-03-23 13:47:04 INFO 点击元素'('id', 'com.inkr.sport:id/ivTbMine')'完成
2023-03-23 13:47:05 INFO 查找元素'(('id', 'com.inkr.sport:id/tvUserName'),)'完成
2023-03-23 13:47:15 INFO 点击元素'('id', 'com.inkr.sport:id/tvUserName')'完成
2023-03-23 13:47:45 INFO 查找元素'(('id', 'com.inkr.sport:id/tvAccountLogin'),)'完成
2023-03-23 13:48:16 INFO 点击元素'('id', 'com.inkr.sport:id/tvAccountLogin')'完成
2023-03-23 13:50:06 INFO 查找元素'(('id', 'com.inkr.sport:id/etPd'),)'完成
2023-03-23 13:51:37 INFO 查找元素'(('id', 'com.inkr.sport:id/ivPolicyCheckBox'),)'完成
2023-03-23 13:52:07 INFO 点击元素'('id', 'com.inkr.sport:id/ivPolicyCheckBox')'完成
2023-03-23 13:52:37 INFO 查找元素'(('id', 'com.inkr.sport:id/btLogin'),)'完成
2023-03-23 13:52:58 INFO 点击元素'('id', 'com.inkr.sport:id/btLogin')'完成
2023-03-23 13:52:58 INFO 登录成功账号:13000000011 密码：abc123456
2023-03-23 13:53:00 INFO 查找元素'(('id', 'com.inkr.sport:id/tvExpert'),)'完成
2023-03-23 13:53:00 INFO 点击元素'('id', 'com.inkr.sport:id/tvExpert')'完成
2023-03-23 13:53:00 INFO 查找元素'(('id', 'com.inkr.sport:id/tvMenuName'),)'完成
2023-03-23 13:53:01 INFO 点击元素'('id', 'com.inkr.sport:id/tvMenuName')'完成
2023-03-23 13:53:02 INFO 查找元素'(('id', 'com.inkr.sport:id/tvNotMind'),)'完成
2023-03-23 13:53:03 INFO 点击元素'('id', 'com.inkr.sport:id/tvNotMind')'完成
2023-03-23 13:53:03 INFO 查找元素'(('id', 'com.inkr.sport:id/tvConfirm'),)'完成
2023-03-23 13:53:03 INFO 点击元素'('id', 'com.inkr.sport:id/tvConfirm')'完成
2023-03-23 13:53:04 INFO 查找元素'(('id', 'com.inkr.sport:id/tvIKnow'),)'完成
2023-03-23 13:53:04 INFO 点击元素'('id', 'com.inkr.sport:id/tvIKnow')'完成
2023-03-23 13:53:04 INFO 查找元素'(('id', 'com.inkr.sport:id/rlAddMatch'),)'完成
2023-03-23 13:53:04 INFO 点击元素'('id', 'com.inkr.sport:id/rlAddMatch')'完成
2023-03-23 13:53:08 INFO 查找元素'(('id', 'com.inkr.sport:id/tvBasketball'),)'完成
2023-03-23 13:53:08 INFO 点击元素'('id', 'com.inkr.sport:id/tvBasketball')'完成
2023-03-23 13:53:08 INFO 选择了jinglan玩法
2023-03-23 13:53:09 INFO 查找元素'(('xpath', '//*[@resource-id="com.inkr.sport:id/recyclerView"]/android.view.ViewGroup[2]'),)'完成
2023-03-23 13:53:09 INFO 点击元素'('xpath', '//*[@resource-id="com.inkr.sport:id/recyclerView"]/android.view.ViewGroup[2]')'完成
2023-03-23 13:53:09 INFO 选择了第1比赛
2023-03-23 13:54:41 INFO 其他玩法选择完成
2023-03-23 13:54:41 INFO *********开始启动APP*********
2023-03-23 13:54:41 INFO 手机参数：{'platformName': 'android', 'platformVersion': '12', 'deviceName': '127.0.0.1:7555', 'automationName': 'UiAutomator2', 'appPackage': 'com.inkr.sport', 'appActivity': 'com.inkr.sport.activities.SplashActivity'}
2023-03-23 13:54:48 INFO *********启动成功*********
2023-03-23 13:54:48 INFO 查找元素'(('id', 'com.inkr.sport:id/tvPopAgreementAgree'),)'完成
2023-03-23 13:54:48 INFO 点击元素'('id', 'com.inkr.sport:id/tvPopAgreementAgree')'完成
2023-03-23 13:54:48 INFO 开始左滑
2023-03-23 13:54:50 INFO 左滑1次
2023-03-23 13:54:51 INFO 左滑2次
2023-03-23 13:54:51 INFO 左滑完成
2023-03-23 13:54:52 INFO 查找元素'(('id', 'com.inkr.sport:id/ivEnterApp'),)'完成
2023-03-23 13:54:52 INFO 点击元素'('id', 'com.inkr.sport:id/ivEnterApp')'完成
2023-03-23 13:54:54 INFO 查找元素'(('id', 'com.inkr.sport:id/ivTbMine'),)'完成
2023-03-23 13:54:55 INFO 点击元素'('id', 'com.inkr.sport:id/ivTbMine')'完成
2023-03-23 13:54:55 INFO 查找元素'(('id', 'com.inkr.sport:id/tvUserName'),)'完成
2023-03-23 13:54:55 INFO 点击元素'('id', 'com.inkr.sport:id/tvUserName')'完成
2023-03-23 13:55:26 INFO 查找元素'(('id', 'com.inkr.sport:id/tvAccountLogin'),)'完成
2023-03-23 13:55:56 INFO 点击元素'('id', 'com.inkr.sport:id/tvAccountLogin')'完成
2023-03-23 13:57:47 INFO 查找元素'(('id', 'com.inkr.sport:id/etPd'),)'完成
2023-03-23 13:59:17 INFO 查找元素'(('id', 'com.inkr.sport:id/ivPolicyCheckBox'),)'完成
2023-03-23 13:59:48 INFO 点击元素'('id', 'com.inkr.sport:id/ivPolicyCheckBox')'完成
2023-03-23 14:00:18 INFO 查找元素'(('id', 'com.inkr.sport:id/btLogin'),)'完成
2023-03-23 14:00:39 INFO 点击元素'('id', 'com.inkr.sport:id/btLogin')'完成
2023-03-23 14:00:39 INFO 登录成功账号:13000000011 密码：abc123456
2023-03-23 14:00:42 INFO 查找元素'(('id', 'com.inkr.sport:id/tvExpert'),)'完成
2023-03-23 14:00:42 INFO 点击元素'('id', 'com.inkr.sport:id/tvExpert')'完成
2023-03-23 14:00:43 INFO 查找元素'(('id', 'com.inkr.sport:id/tvMenuName'),)'完成
2023-03-23 14:00:43 INFO 点击元素'('id', 'com.inkr.sport:id/tvMenuName')'完成
2023-03-23 14:00:44 INFO 查找元素'(('id', 'com.inkr.sport:id/tvNotMind'),)'完成
2023-03-23 14:00:45 INFO 点击元素'('id', 'com.inkr.sport:id/tvNotMind')'完成
2023-03-23 14:00:45 INFO 查找元素'(('id', 'com.inkr.sport:id/tvConfirm'),)'完成
2023-03-23 14:00:45 INFO 点击元素'('id', 'com.inkr.sport:id/tvConfirm')'完成
2023-03-23 14:00:46 INFO 查找元素'(('id', 'com.inkr.sport:id/tvIKnow'),)'完成
2023-03-23 14:00:46 INFO 点击元素'('id', 'com.inkr.sport:id/tvIKnow')'完成
2023-03-23 14:00:47 INFO 查找元素'(('id', 'com.inkr.sport:id/rlAddMatch'),)'完成
2023-03-23 14:00:49 INFO 点击元素'('id', 'com.inkr.sport:id/rlAddMatch')'完成
2023-03-23 14:00:49 INFO 查找元素'(('id', 'com.inkr.sport:id/tvBasketball'),)'完成
2023-03-23 14:00:49 INFO 点击元素'('id', 'com.inkr.sport:id/tvBasketball')'完成
2023-03-23 14:00:49 INFO 选择了jinglan玩法
2023-03-23 14:00:50 INFO 查找元素'(('xpath', '//*[@resource-id="com.inkr.sport:id/recyclerView"]/android.view.ViewGroup[2]'),)'完成
2023-03-23 14:00:50 INFO 点击元素'('xpath', '//*[@resource-id="com.inkr.sport:id/recyclerView"]/android.view.ViewGroup[2]')'完成
2023-03-23 14:00:50 INFO 选择了第1比赛
2023-03-23 14:04:31 INFO 其他玩法选择完成
2023-03-23 14:04:31 INFO *********开始启动APP*********
2023-03-23 14:04:31 INFO 手机参数：{'platformName': 'android', 'platformVersion': '12', 'deviceName': '127.0.0.1:7555', 'automationName': 'UiAutomator2', 'appPackage': 'com.inkr.sport', 'appActivity': 'com.inkr.sport.activities.SplashActivity'}
2023-03-23 14:04:38 INFO *********启动成功*********
2023-03-23 14:04:39 INFO 查找元素'(('id', 'com.inkr.sport:id/tvPopAgreementAgree'),)'完成
2023-03-23 14:04:39 INFO 点击元素'('id', 'com.inkr.sport:id/tvPopAgreementAgree')'完成
2023-03-23 14:04:39 INFO 开始左滑
2023-03-23 14:04:40 INFO 左滑1次
2023-03-23 14:04:41 INFO 左滑2次
2023-03-23 14:04:41 INFO 左滑完成
2023-03-23 14:04:42 INFO 查找元素'(('id', 'com.inkr.sport:id/ivEnterApp'),)'完成
2023-03-23 14:04:42 INFO 点击元素'('id', 'com.inkr.sport:id/ivEnterApp')'完成
2023-03-23 14:04:44 INFO 查找元素'(('id', 'com.inkr.sport:id/ivTbMine'),)'完成
2023-03-23 14:04:45 INFO 点击元素'('id', 'com.inkr.sport:id/ivTbMine')'完成
2023-03-23 14:04:45 INFO 查找元素'(('id', 'com.inkr.sport:id/tvUserName'),)'完成
2023-03-23 14:04:45 INFO 点击元素'('id', 'com.inkr.sport:id/tvUserName')'完成
2023-03-23 14:05:15 INFO 查找元素'(('id', 'com.inkr.sport:id/tvAccountLogin'),)'完成
2023-03-23 14:05:45 INFO 点击元素'('id', 'com.inkr.sport:id/tvAccountLogin')'完成
2023-03-23 14:07:36 INFO 查找元素'(('id', 'com.inkr.sport:id/etPd'),)'完成
2023-03-23 14:09:07 INFO 查找元素'(('id', 'com.inkr.sport:id/ivPolicyCheckBox'),)'完成
2023-03-23 14:09:37 INFO 点击元素'('id', 'com.inkr.sport:id/ivPolicyCheckBox')'完成
2023-03-23 14:10:07 INFO 查找元素'(('id', 'com.inkr.sport:id/btLogin'),)'完成
2023-03-23 14:10:28 INFO 点击元素'('id', 'com.inkr.sport:id/btLogin')'完成
2023-03-23 14:10:28 INFO 登录成功账号:13000000011 密码：abc123456
2023-03-23 14:10:30 INFO 查找元素'(('id', 'com.inkr.sport:id/tvExpert'),)'完成
2023-03-23 14:10:30 INFO 点击元素'('id', 'com.inkr.sport:id/tvExpert')'完成
2023-03-23 14:10:31 INFO 查找元素'(('id', 'com.inkr.sport:id/tvMenuName'),)'完成
2023-03-23 14:10:31 INFO 点击元素'('id', 'com.inkr.sport:id/tvMenuName')'完成
2023-03-23 14:10:32 INFO 查找元素'(('id', 'com.inkr.sport:id/tvNotMind'),)'完成
2023-03-23 14:10:32 INFO 点击元素'('id', 'com.inkr.sport:id/tvNotMind')'完成
2023-03-23 14:10:33 INFO 查找元素'(('id', 'com.inkr.sport:id/tvConfirm'),)'完成
2023-03-23 14:10:33 INFO 点击元素'('id', 'com.inkr.sport:id/tvConfirm')'完成
2023-03-23 14:10:33 INFO 查找元素'(('id', 'com.inkr.sport:id/tvIKnow'),)'完成
2023-03-23 14:10:33 INFO 点击元素'('id', 'com.inkr.sport:id/tvIKnow')'完成
2023-03-23 14:10:34 INFO 查找元素'(('id', 'com.inkr.sport:id/rlAddMatch'),)'完成
2023-03-23 14:10:34 INFO 点击元素'('id', 'com.inkr.sport:id/rlAddMatch')'完成
2023-03-23 14:10:35 INFO 查找元素'(('id', 'com.inkr.sport:id/tvBasketball'),)'完成
2023-03-23 14:10:38 INFO 点击元素'('id', 'com.inkr.sport:id/tvBasketball')'完成
2023-03-23 14:10:38 INFO 选择了jinglan玩法
2023-03-23 14:10:38 INFO 查找元素'(('xpath', '//*[@resource-id="com.inkr.sport:id/recyclerView"]/android.view.ViewGroup[2]'),)'完成
2023-03-23 14:10:38 INFO 点击元素'('xpath', '//*[@resource-id="com.inkr.sport:id/recyclerView"]/android.view.ViewGroup[2]')'完成
2023-03-23 14:10:38 INFO 选择了第1比赛
2023-03-23 15:06:26 INFO 其他玩法选择完成
2023-03-23 15:06:26 INFO *********开始启动APP*********
2023-03-23 15:06:26 INFO 手机参数：{'platformName': 'android', 'platformVersion': '12', 'deviceName': '127.0.0.1:7555', 'automationName': 'UiAutomator2', 'appPackage': 'com.inkr.sport', 'appActivity': 'com.inkr.sport.activities.SplashActivity'}
2023-03-23 15:06:28 WARNING Retrying (Retry(total=2, connect=None, read=None, redirect=None, status=None)) after connection broken by 'NewConnectionError('<urllib3.connection.HTTPConnection object at 0x000001656D2391C8>: Failed to establish a new connection: [WinError 10061] 由于目标计算机积极拒绝，无法连接。')': /wd/hub/session
2023-03-23 15:06:30 WARNING Retrying (Retry(total=1, connect=None, read=None, redirect=None, status=None)) after connection broken by 'NewConnectionError('<urllib3.connection.HTTPConnection object at 0x000001656D264A88>: Failed to establish a new connection: [WinError 10061] 由于目标计算机积极拒绝，无法连接。')': /wd/hub/session
2023-03-23 15:06:32 WARNING Retrying (Retry(total=0, connect=None, read=None, redirect=None, status=None)) after connection broken by 'NewConnectionError('<urllib3.connection.HTTPConnection object at 0x000001656D26A148>: Failed to establish a new connection: [WinError 10061] 由于目标计算机积极拒绝，无法连接。')': /wd/hub/session
2023-03-23 15:07:01 INFO 其他玩法选择完成
2023-03-23 15:07:01 INFO *********开始启动APP*********
2023-03-23 15:07:01 INFO 手机参数：{'platformName': 'android', 'platformVersion': '12', 'deviceName': '127.0.0.1:7555', 'automationName': 'UiAutomator2', 'appPackage': 'com.inkr.sport', 'appActivity': 'com.inkr.sport.activities.SplashActivity'}
2023-03-23 15:07:37 INFO 其他玩法选择完成
2023-03-23 15:07:37 INFO *********开始启动APP*********
2023-03-23 15:07:37 INFO 手机参数：{'platformName': 'android', 'platformVersion': '12', 'deviceName': '127.0.0.1:7555', 'automationName': 'UiAutomator2', 'appPackage': 'com.inkr.sport', 'appActivity': 'com.inkr.sport.activities.SplashActivity'}
2023-03-23 15:08:08 INFO 其他玩法选择完成
2023-03-23 15:08:08 INFO *********开始启动APP*********
2023-03-23 15:08:08 INFO 手机参数：{'platformName': 'android', 'platformVersion': '12', 'deviceName': '127.0.0.1:7555', 'automationName': 'UiAutomator2', 'appPackage': 'com.inkr.sport', 'appActivity': 'com.inkr.sport.activities.SplashActivity'}
2023-03-23 15:12:49 INFO 其他玩法选择完成
2023-03-23 15:12:49 INFO *********开始启动APP*********
2023-03-23 15:12:49 INFO 手机参数：{'platformName': 'android', 'platformVersion': '12', 'deviceName': '127.0.0.1:7555', 'automationName': 'UiAutomator2', 'appPackage': 'com.inkr.sport', 'appActivity': 'com.inkr.sport.activities.SplashActivity'}
2023-03-23 15:12:55 INFO *********启动成功*********
2023-03-23 15:12:56 INFO 查找元素'(('id', 'com.inkr.sport:id/tvPopAgreementAgree'),)'完成
2023-03-23 15:12:56 INFO 点击元素'('id', 'com.inkr.sport:id/tvPopAgreementAgree')'完成
2023-03-23 15:12:56 INFO 开始左滑
2023-03-23 15:12:57 INFO 左滑1次
2023-03-23 15:12:59 INFO 左滑2次
2023-03-23 15:12:59 INFO 左滑完成
2023-03-23 15:12:59 ERROR 获取元素'(('id', 'com.inkr.sport:id/ivEnterApp'),)'失败，原因：('Connection aborted.', RemoteDisconnected('Remote end closed connection without response'))
2023-03-23 15:13:12 INFO 其他玩法选择完成
2023-03-23 15:13:12 INFO *********开始启动APP*********
2023-03-23 15:13:12 INFO 手机参数：{'platformName': 'android', 'platformVersion': '12', 'deviceName': '127.0.0.1:7555', 'automationName': 'UiAutomator2', 'appPackage': 'com.inkr.sport', 'appActivity': 'com.inkr.sport.activities.SplashActivity'}
2023-03-23 15:13:14 WARNING Retrying (Retry(total=2, connect=None, read=None, redirect=None, status=None)) after connection broken by 'NewConnectionError('<urllib3.connection.HTTPConnection object at 0x00000295D45B4A88>: Failed to establish a new connection: [WinError 10061] 由于目标计算机积极拒绝，无法连接。')': /wd/hub/session
2023-03-23 15:13:16 WARNING Retrying (Retry(total=1, connect=None, read=None, redirect=None, status=None)) after connection broken by 'NewConnectionError('<urllib3.connection.HTTPConnection object at 0x00000295D45E3788>: Failed to establish a new connection: [WinError 10061] 由于目标计算机积极拒绝，无法连接。')': /wd/hub/session
2023-03-23 15:13:18 WARNING Retrying (Retry(total=0, connect=None, read=None, redirect=None, status=None)) after connection broken by 'NewConnectionError('<urllib3.connection.HTTPConnection object at 0x00000295D45E3E88>: Failed to establish a new connection: [WinError 10061] 由于目标计算机积极拒绝，无法连接。')': /wd/hub/session
2023-03-23 15:13:23 INFO 其他玩法选择完成
2023-03-23 15:13:23 INFO *********开始启动APP*********
2023-03-23 15:13:23 INFO 手机参数：{'platformName': 'android', 'platformVersion': '12', 'deviceName': '127.0.0.1:7555', 'automationName': 'UiAutomator2', 'appPackage': 'com.inkr.sport', 'appActivity': 'com.inkr.sport.activities.SplashActivity'}
2023-03-23 15:13:25 WARNING Retrying (Retry(total=2, connect=None, read=None, redirect=None, status=None)) after connection broken by 'NewConnectionError('<urllib3.connection.HTTPConnection object at 0x00000266B2769DC8>: Failed to establish a new connection: [WinError 10061] 由于目标计算机积极拒绝，无法连接。')': /wd/hub/session
2023-03-23 15:13:27 WARNING Retrying (Retry(total=1, connect=None, read=None, redirect=None, status=None)) after connection broken by 'NewConnectionError('<urllib3.connection.HTTPConnection object at 0x00000266B2794808>: Failed to establish a new connection: [WinError 10061] 由于目标计算机积极拒绝，无法连接。')': /wd/hub/session
2023-03-23 15:13:29 WARNING Retrying (Retry(total=0, connect=None, read=None, redirect=None, status=None)) after connection broken by 'NewConnectionError('<urllib3.connection.HTTPConnection object at 0x00000266B2794E48>: Failed to establish a new connection: [WinError 10061] 由于目标计算机积极拒绝，无法连接。')': /wd/hub/session
2023-03-23 15:13:49 INFO 其他玩法选择完成
2023-03-23 15:13:49 INFO *********开始启动APP*********
2023-03-23 15:13:49 INFO 手机参数：{'platformName': 'android', 'platformVersion': '12', 'deviceName': '127.0.0.1:7555', 'automationName': 'UiAutomator2', 'appPackage': 'com.inkr.sport', 'appActivity': 'com.inkr.sport.activities.SplashActivity'}
2023-03-23 15:13:51 WARNING Retrying (Retry(total=2, connect=None, read=None, redirect=None, status=None)) after connection broken by 'NewConnectionError('<urllib3.connection.HTTPConnection object at 0x000001C34E14B108>: Failed to establish a new connection: [WinError 10061] 由于目标计算机积极拒绝，无法连接。')': /wd/hub/session
2023-03-23 15:13:53 WARNING Retrying (Retry(total=1, connect=None, read=None, redirect=None, status=None)) after connection broken by 'NewConnectionError('<urllib3.connection.HTTPConnection object at 0x000001C34E173948>: Failed to establish a new connection: [WinError 10061] 由于目标计算机积极拒绝，无法连接。')': /wd/hub/session
2023-03-23 15:13:55 WARNING Retrying (Retry(total=0, connect=None, read=None, redirect=None, status=None)) after connection broken by 'NewConnectionError('<urllib3.connection.HTTPConnection object at 0x000001C34E179088>: Failed to establish a new connection: [WinError 10061] 由于目标计算机积极拒绝，无法连接。')': /wd/hub/session
2023-03-23 15:15:03 INFO 其他玩法选择完成
2023-03-23 15:15:03 INFO *********开始启动APP*********
2023-03-23 15:15:03 INFO 手机参数：{'platformName': 'android', 'platformVersion': '12', 'deviceName': '127.0.0.1:7555', 'automationName': 'UiAutomator2', 'appPackage': 'com.inkr.sport', 'appActivity': 'com.inkr.sport.activities.SplashActivity'}
2023-03-23 15:15:05 WARNING Retrying (Retry(total=2, connect=None, read=None, redirect=None, status=None)) after connection broken by 'NewConnectionError('<urllib3.connection.HTTPConnection object at 0x000002631E7C5788>: Failed to establish a new connection: [WinError 10061] 由于目标计算机积极拒绝，无法连接。')': /wd/hub/session
2023-03-23 15:15:07 WARNING Retrying (Retry(total=1, connect=None, read=None, redirect=None, status=None)) after connection broken by 'NewConnectionError('<urllib3.connection.HTTPConnection object at 0x000002631E7F3808>: Failed to establish a new connection: [WinError 10061] 由于目标计算机积极拒绝，无法连接。')': /wd/hub/session
2023-03-23 15:15:09 WARNING Retrying (Retry(total=0, connect=None, read=None, redirect=None, status=None)) after connection broken by 'NewConnectionError('<urllib3.connection.HTTPConnection object at 0x000002631E7F3F08>: Failed to establish a new connection: [WinError 10061] 由于目标计算机积极拒绝，无法连接。')': /wd/hub/session
2023-03-23 15:15:26 INFO *********开始启动APP*********
2023-03-23 15:15:26 INFO 手机参数：{'platformName': 'android', 'platformVersion': '12', 'deviceName': '127.0.0.1:7555', 'automationName': 'UiAutomator2', 'appPackage': 'com.inkr.sport', 'appActivity': 'com.inkr.sport.activities.SplashActivity'}
2023-03-23 15:15:28 WARNING Retrying (Retry(total=2, connect=None, read=None, redirect=None, status=None)) after connection broken by 'NewConnectionError('<urllib3.connection.HTTPConnection object at 0x000001521C8F4E48>: Failed to establish a new connection: [WinError 10061] 由于目标计算机积极拒绝，无法连接。')': /wd/hub/session
2023-03-23 15:15:30 WARNING Retrying (Retry(total=1, connect=None, read=None, redirect=None, status=None)) after connection broken by 'NewConnectionError('<urllib3.connection.HTTPConnection object at 0x000001521C91D208>: Failed to establish a new connection: [WinError 10061] 由于目标计算机积极拒绝，无法连接。')': /wd/hub/session
2023-03-23 15:15:32 WARNING Retrying (Retry(total=0, connect=None, read=None, redirect=None, status=None)) after connection broken by 'NewConnectionError('<urllib3.connection.HTTPConnection object at 0x000001521C8F1908>: Failed to establish a new connection: [WinError 10061] 由于目标计算机积极拒绝，无法连接。')': /wd/hub/session
2023-03-23 15:15:45 INFO *********开始启动APP*********
2023-03-23 15:15:45 INFO 手机参数：{'platformName': 'android', 'platformVersion': '12', 'deviceName': '127.0.0.1:7555', 'automationName': 'UiAutomator2', 'appPackage': 'com.inkr.sport', 'appActivity': 'com.inkr.sport.activities.SplashActivity'}
2023-03-23 15:15:53 INFO *********启动成功*********
2023-03-23 15:16:10 INFO 其他玩法选择完成
2023-03-23 15:16:10 INFO *********开始启动APP*********
2023-03-23 15:16:10 INFO 手机参数：{'platformName': 'android', 'platformVersion': '12', 'deviceName': '127.0.0.1:7555', 'automationName': 'UiAutomator2', 'appPackage': 'com.inkr.sport', 'appActivity': 'com.inkr.sport.activities.SplashActivity'}
2023-03-23 15:16:17 INFO *********启动成功*********
2023-03-23 15:16:17 INFO 查找元素'(('id', 'com.inkr.sport:id/tvPopAgreementAgree'),)'完成
2023-03-23 15:16:17 INFO 点击元素'('id', 'com.inkr.sport:id/tvPopAgreementAgree')'完成
2023-03-23 15:16:17 INFO 开始左滑
2023-03-23 15:16:19 INFO 左滑1次
2023-03-23 15:16:20 INFO 左滑2次
2023-03-23 15:16:20 INFO 左滑完成
2023-03-23 15:16:21 INFO 查找元素'(('id', 'com.inkr.sport:id/ivEnterApp'),)'完成
2023-03-23 15:16:21 INFO 点击元素'('id', 'com.inkr.sport:id/ivEnterApp')'完成
2023-03-23 15:16:23 INFO 查找元素'(('id', 'com.inkr.sport:id/ivTbMine'),)'完成
2023-03-23 15:16:24 INFO 点击元素'('id', 'com.inkr.sport:id/ivTbMine')'完成
2023-03-23 15:16:24 INFO 查找元素'(('id', 'com.inkr.sport:id/tvUserName'),)'完成
2023-03-23 15:16:34 INFO 点击元素'('id', 'com.inkr.sport:id/tvUserName')'完成
2023-03-23 15:16:55 ERROR 获取元素'(('id', 'com.inkr.sport:id/tvAccountLogin'),)'失败，原因：Message: 

2023-03-23 15:17:29 INFO 其他玩法选择完成
2023-03-23 15:17:29 INFO *********开始启动APP*********
2023-03-23 15:17:29 INFO 手机参数：{'platformName': 'android', 'platformVersion': '12', 'deviceName': '127.0.0.1:7555', 'automationName': 'UiAutomator2', 'appPackage': 'com.inkr.sport', 'appActivity': 'com.inkr.sport.activities.SplashActivity'}
2023-03-23 15:17:35 INFO *********启动成功*********
2023-03-23 15:17:36 INFO 查找元素'(('id', 'com.inkr.sport:id/tvPopAgreementAgree'),)'完成
2023-03-23 15:17:36 INFO 点击元素'('id', 'com.inkr.sport:id/tvPopAgreementAgree')'完成
2023-03-23 15:17:36 INFO 开始左滑
2023-03-23 15:17:37 INFO 左滑1次
2023-03-23 15:17:39 INFO 左滑2次
2023-03-23 15:17:39 INFO 左滑完成
2023-03-23 15:17:39 INFO 查找元素'(('id', 'com.inkr.sport:id/ivEnterApp'),)'完成
2023-03-23 15:17:39 INFO 点击元素'('id', 'com.inkr.sport:id/ivEnterApp')'完成
2023-03-23 15:17:42 INFO 查找元素'(('id', 'com.inkr.sport:id/ivTbMine'),)'完成
2023-03-23 15:17:42 INFO 点击元素'('id', 'com.inkr.sport:id/ivTbMine')'完成
2023-03-23 15:17:42 INFO 查找元素'(('id', 'com.inkr.sport:id/tvUserName'),)'完成
2023-03-23 15:17:52 INFO 点击元素'('id', 'com.inkr.sport:id/tvUserName')'完成
2023-03-23 15:18:23 INFO 查找元素'(('id', 'com.inkr.sport:id/tvAccountLogin'),)'完成
2023-03-23 15:18:53 INFO 点击元素'('id', 'com.inkr.sport:id/tvAccountLogin')'完成
2023-03-23 15:20:44 INFO 查找元素'(('id', 'com.inkr.sport:id/etPd'),)'完成
2023-03-23 15:22:14 INFO 查找元素'(('id', 'com.inkr.sport:id/ivPolicyCheckBox'),)'完成
2023-03-23 15:22:44 INFO 点击元素'('id', 'com.inkr.sport:id/ivPolicyCheckBox')'完成
2023-03-23 15:23:14 INFO 查找元素'(('id', 'com.inkr.sport:id/btLogin'),)'完成
2023-03-23 15:23:35 INFO 点击元素'('id', 'com.inkr.sport:id/btLogin')'完成
2023-03-23 15:23:35 INFO 登录成功账号:13000000011 密码：abc123456
2023-03-23 15:23:37 INFO 查找元素'(('id', 'com.inkr.sport:id/tvExpert'),)'完成
2023-03-23 15:23:37 INFO 点击元素'('id', 'com.inkr.sport:id/tvExpert')'完成
2023-03-23 15:23:38 INFO 查找元素'(('id', 'com.inkr.sport:id/tvMenuName'),)'完成
2023-03-23 15:23:38 INFO 点击元素'('id', 'com.inkr.sport:id/tvMenuName')'完成
2023-03-23 15:23:39 INFO 查找元素'(('id', 'com.inkr.sport:id/tvNotMind'),)'完成
2023-03-23 15:23:40 INFO 点击元素'('id', 'com.inkr.sport:id/tvNotMind')'完成
2023-03-23 15:23:40 INFO 查找元素'(('id', 'com.inkr.sport:id/tvConfirm'),)'完成
2023-03-23 15:23:40 INFO 点击元素'('id', 'com.inkr.sport:id/tvConfirm')'完成
2023-03-23 15:23:41 INFO 查找元素'(('id', 'com.inkr.sport:id/tvIKnow'),)'完成
2023-03-23 15:23:41 INFO 点击元素'('id', 'com.inkr.sport:id/tvIKnow')'完成
2023-03-23 15:23:42 INFO 查找元素'(('id', 'com.inkr.sport:id/rlAddMatch'),)'完成
2023-03-23 15:23:44 INFO 点击元素'('id', 'com.inkr.sport:id/rlAddMatch')'完成
2023-03-23 15:23:44 ERROR 输入玩法类型错误：jingzi
2023-03-23 15:23:44 INFO 查找元素'(('xpath', '//*[@resource-id="com.inkr.sport:id/recyclerView"]/android.view.ViewGroup[2]'),)'完成
2023-03-23 15:23:44 INFO 点击元素'('xpath', '//*[@resource-id="com.inkr.sport:id/recyclerView"]/android.view.ViewGroup[2]')'完成
2023-03-23 15:23:44 INFO 选择了第1比赛
2023-03-23 15:23:45 INFO 点击元素'('id', 'com.inkr.sport:id/tvValue')'完成
2023-03-23 15:23:45 INFO 没有选择主推次推，单选一个结果
2023-03-23 15:23:45 INFO 查找元素'(('id', 'com.inkr.sport:id/tvSelect'),)'完成
2023-03-23 15:23:46 INFO 点击元素'('id', 'com.inkr.sport:id/tvSelect')'完成
2023-03-23 15:23:46 INFO 查找元素'(('xpath', '//*[@resource-id="com.inkr.sport:id/llOdds"]/android.view.ViewGroup[2]/androidx.recyclerview.widget.RecyclerView[1]/android.view.ViewGroup[1]'),)'完成
2023-03-23 15:23:46 INFO 点击元素'('xpath', '//*[@resource-id="com.inkr.sport:id/llOdds"]/android.view.ViewGroup[2]/androidx.recyclerview.widget.RecyclerView[1]/android.view.ViewGroup[1]')'完成
2023-03-23 15:23:47 INFO 查找元素'(('id', 'com.inkr.sport:id/tvConfirm'),)'完成
2023-03-23 15:23:47 INFO 点击元素'('id', 'com.inkr.sport:id/tvConfirm')'完成
2023-03-23 15:23:47 INFO 总比分玩法选择成功
2023-03-23 15:23:48 INFO 查找元素'(('id', 'com.inkr.sport:id/tvSelect'),)'完成
2023-03-23 15:23:49 INFO 点击元素'('id', 'com.inkr.sport:id/tvSelect')'完成
2023-03-23 15:23:49 INFO 点击元素'('id', 'com.inkr.sport:id/tvOddsName')'完成
2023-03-23 15:23:50 INFO 查找元素'(('id', 'com.inkr.sport:id/tvConfirm'),)'完成
2023-03-23 15:23:50 INFO 点击元素'('id', 'com.inkr.sport:id/tvConfirm')'完成
2023-03-23 15:23:50 INFO 总进球玩法选择成功
2023-03-23 15:23:51 INFO 查找元素'(('xpath', '//*[@resource-id ="com.inkr.sport:id/glPrice"]/android.view.ViewGroup[1]'),)'完成
2023-03-23 15:23:51 INFO 点击元素'('xpath', '//*[@resource-id ="com.inkr.sport:id/glPrice"]/android.view.ViewGroup[1]')'完成
2023-03-23 15:23:51 INFO 开始上滑
2023-03-23 15:23:51 INFO 上滑完成
2023-03-23 15:23:52 INFO 查找元素'现金红包'完成
2023-03-23 15:23:52 INFO 点击元素'现金红包'完成
2023-03-23 15:24:12 ERROR 获取元素'(('id', 'com.inkr.sport:id/tvSelectGoods'),)'失败，原因：Message: 
Stacktrace:
NoSuchElementError: An element could not be located on the page using the given search parameters.
    at AndroidUiautomator2Driver.findElOrEls (E:\Appium-Server-GUI-windows-1.22.3-4\resources\app\node_modules\appium\node_modules\appium-android-driver\lib\commands\find.js:75:11)
    at runMicrotasks (<anonymous>)
    at processTicksAndRejections (internal/process/task_queues.js:97:5)
    at AndroidUiautomator2Driver.findElOrElsWithProcessing (E:\Appium-Server-GUI-windows-1.22.3-4\resources\app\node_modules\appium\node_modules\appium-base-driver\lib\basedriver\commands\find.js:33:12)
    at AndroidUiautomator2Driver.findElement (E:\Appium-Server-GUI-windows-1.22.3-4\resources\app\node_modules\appium\node_modules\appium-base-driver\lib\basedriver\commands\find.js:53:10)
2023-03-23 15:25:58 INFO 其他玩法选择完成
2023-03-23 15:25:58 INFO *********开始启动APP*********
2023-03-23 15:25:58 INFO 手机参数：{'platformName': 'android', 'platformVersion': '12', 'deviceName': '127.0.0.1:7555', 'automationName': 'UiAutomator2', 'appPackage': 'com.inkr.sport', 'appActivity': 'com.inkr.sport.activities.SplashActivity'}
2023-03-23 15:26:05 INFO *********启动成功*********
2023-03-23 15:26:05 INFO 查找元素'(('id', 'com.inkr.sport:id/tvPopAgreementAgree'),)'完成
2023-03-23 15:26:05 INFO 点击元素'('id', 'com.inkr.sport:id/tvPopAgreementAgree')'完成
2023-03-23 15:26:05 INFO 开始左滑
2023-03-23 15:26:07 INFO 左滑1次
2023-03-23 15:26:08 INFO 左滑2次
2023-03-23 15:26:08 INFO 左滑完成
2023-03-23 15:26:09 INFO 查找元素'(('id', 'com.inkr.sport:id/ivEnterApp'),)'完成
2023-03-23 15:26:09 INFO 点击元素'('id', 'com.inkr.sport:id/ivEnterApp')'完成
2023-03-23 15:26:11 INFO 查找元素'(('id', 'com.inkr.sport:id/ivTbMine'),)'完成
2023-03-23 15:26:12 INFO 点击元素'('id', 'com.inkr.sport:id/ivTbMine')'完成
2023-03-23 15:26:12 INFO 查找元素'(('id', 'com.inkr.sport:id/tvUserName'),)'完成
2023-03-23 15:26:12 INFO 点击元素'('id', 'com.inkr.sport:id/tvUserName')'完成
2023-03-23 15:26:43 INFO 查找元素'(('id', 'com.inkr.sport:id/tvAccountLogin'),)'完成
2023-03-23 15:27:13 INFO 点击元素'('id', 'com.inkr.sport:id/tvAccountLogin')'完成
2023-03-23 15:29:04 INFO 查找元素'(('id', 'com.inkr.sport:id/etPd'),)'完成
2023-03-23 15:30:34 INFO 查找元素'(('id', 'com.inkr.sport:id/ivPolicyCheckBox'),)'完成
2023-03-23 15:31:04 INFO 点击元素'('id', 'com.inkr.sport:id/ivPolicyCheckBox')'完成
2023-03-23 15:31:35 INFO 查找元素'(('id', 'com.inkr.sport:id/btLogin'),)'完成
2023-03-23 15:31:55 INFO 点击元素'('id', 'com.inkr.sport:id/btLogin')'完成
2023-03-23 15:31:55 INFO 登录成功账号:13000000011 密码：abc123456
2023-03-23 15:31:57 INFO 查找元素'(('id', 'com.inkr.sport:id/tvExpert'),)'完成
2023-03-23 15:31:57 INFO 点击元素'('id', 'com.inkr.sport:id/tvExpert')'完成
2023-03-23 15:31:58 INFO 查找元素'(('id', 'com.inkr.sport:id/tvMenuName'),)'完成
2023-03-23 15:31:58 INFO 点击元素'('id', 'com.inkr.sport:id/tvMenuName')'完成
2023-03-23 15:32:00 INFO 查找元素'(('id', 'com.inkr.sport:id/tvNotMind'),)'完成
2023-03-23 15:32:00 INFO 点击元素'('id', 'com.inkr.sport:id/tvNotMind')'完成
2023-03-23 15:32:01 INFO 查找元素'(('id', 'com.inkr.sport:id/tvConfirm'),)'完成
2023-03-23 15:32:01 INFO 点击元素'('id', 'com.inkr.sport:id/tvConfirm')'完成
2023-03-23 15:32:02 INFO 查找元素'(('id', 'com.inkr.sport:id/tvIKnow'),)'完成
2023-03-23 15:32:02 INFO 点击元素'('id', 'com.inkr.sport:id/tvIKnow')'完成
2023-03-23 15:32:03 INFO 查找元素'(('id', 'com.inkr.sport:id/rlAddMatch'),)'完成
2023-03-23 15:32:03 INFO 点击元素'('id', 'com.inkr.sport:id/rlAddMatch')'完成
2023-03-23 15:32:03 ERROR 输入玩法类型错误：jingzi
2023-03-23 15:32:05 INFO 查找元素'(('xpath', '//*[@resource-id="com.inkr.sport:id/recyclerView"]/android.view.ViewGroup[2]'),)'完成
2023-03-23 15:32:05 INFO 点击元素'('xpath', '//*[@resource-id="com.inkr.sport:id/recyclerView"]/android.view.ViewGroup[2]')'完成
2023-03-23 15:32:05 INFO 选择了第1比赛
2023-03-23 15:39:08 INFO 其他玩法选择完成
2023-03-23 15:39:08 INFO *********开始启动APP*********
2023-03-23 15:39:08 INFO 手机参数：{'platformName': 'android', 'platformVersion': '12', 'deviceName': '127.0.0.1:7555', 'automationName': 'UiAutomator2', 'appPackage': 'com.inkr.sport', 'appActivity': 'com.inkr.sport.activities.SplashActivity'}
2023-03-23 15:39:15 INFO *********启动成功*********
2023-03-23 15:39:15 INFO 查找元素'(('id', 'com.inkr.sport:id/tvPopAgreementAgree'),)'完成
2023-03-23 15:39:16 INFO 点击元素'('id', 'com.inkr.sport:id/tvPopAgreementAgree')'完成
2023-03-23 15:39:16 INFO 开始左滑
2023-03-23 15:39:18 INFO 左滑1次
2023-03-23 15:39:19 INFO 左滑2次
2023-03-23 15:39:19 INFO 左滑完成
2023-03-23 15:39:20 INFO 查找元素'(('id', 'com.inkr.sport:id/ivEnterApp'),)'完成
2023-03-23 15:39:20 INFO 点击元素'('id', 'com.inkr.sport:id/ivEnterApp')'完成
2023-03-23 15:39:23 INFO 查找元素'(('id', 'com.inkr.sport:id/ivTbMine'),)'完成
2023-03-23 15:39:23 INFO 点击元素'('id', 'com.inkr.sport:id/ivTbMine')'完成
2023-03-23 15:39:23 INFO 查找元素'(('id', 'com.inkr.sport:id/tvUserName'),)'完成
2023-03-23 15:39:23 INFO 点击元素'('id', 'com.inkr.sport:id/tvUserName')'完成
2023-03-23 15:39:55 INFO 查找元素'(('id', 'com.inkr.sport:id/tvAccountLogin'),)'完成
2023-03-23 15:40:25 INFO 点击元素'('id', 'com.inkr.sport:id/tvAccountLogin')'完成
2023-03-23 15:42:16 INFO 查找元素'(('id', 'com.inkr.sport:id/etPd'),)'完成
2023-03-23 15:43:46 INFO 查找元素'(('id', 'com.inkr.sport:id/ivPolicyCheckBox'),)'完成
2023-03-23 15:44:17 INFO 点击元素'('id', 'com.inkr.sport:id/ivPolicyCheckBox')'完成
2023-03-23 15:44:47 INFO 查找元素'(('id', 'com.inkr.sport:id/btLogin'),)'完成
2023-03-23 15:45:07 INFO 点击元素'('id', 'com.inkr.sport:id/btLogin')'完成
2023-03-23 15:45:07 INFO 登录成功账号:13000000011 密码：abc123456
2023-03-23 15:45:10 INFO 查找元素'(('id', 'com.inkr.sport:id/tvExpert'),)'完成
2023-03-23 15:45:10 INFO 点击元素'('id', 'com.inkr.sport:id/tvExpert')'完成
2023-03-23 15:45:11 INFO 查找元素'(('id', 'com.inkr.sport:id/tvMenuName'),)'完成
2023-03-23 15:45:11 INFO 点击元素'('id', 'com.inkr.sport:id/tvMenuName')'完成
2023-03-23 15:45:13 INFO 查找元素'(('id', 'com.inkr.sport:id/tvNotMind'),)'完成
2023-03-23 15:45:13 INFO 点击元素'('id', 'com.inkr.sport:id/tvNotMind')'完成
2023-03-23 15:45:13 INFO 查找元素'(('id', 'com.inkr.sport:id/tvConfirm'),)'完成
2023-03-23 15:45:13 INFO 点击元素'('id', 'com.inkr.sport:id/tvConfirm')'完成
2023-03-23 15:45:14 INFO 查找元素'(('id', 'com.inkr.sport:id/tvIKnow'),)'完成
2023-03-23 15:45:15 INFO 点击元素'('id', 'com.inkr.sport:id/tvIKnow')'完成
2023-03-23 15:45:15 INFO 查找元素'(('id', 'com.inkr.sport:id/rlAddMatch'),)'完成
2023-03-23 15:45:15 INFO 点击元素'('id', 'com.inkr.sport:id/rlAddMatch')'完成
2023-03-23 15:45:17 INFO 查找元素'(('id', 'com.inkr.sport:id/tvFootball'),)'完成
2023-03-23 15:45:17 INFO 点击元素'('id', 'com.inkr.sport:id/tvFootball')'完成
2023-03-23 15:45:17 INFO 选择了jingzu玩法
2023-03-23 15:45:18 INFO 查找元素'(('xpath', '//*[@resource-id="com.inkr.sport:id/recyclerView"]/android.view.ViewGroup[2]'),)'完成
2023-03-23 15:45:18 INFO 点击元素'('xpath', '//*[@resource-id="com.inkr.sport:id/recyclerView"]/android.view.ViewGroup[2]')'完成
2023-03-23 15:45:18 INFO 选择了第1比赛
2023-03-23 15:45:19 INFO 查找元素'(('id', 'com.inkr.sport:id/tvValue'),)'完成
2023-03-23 15:45:19 INFO 点击元素'('id', 'com.inkr.sport:id/tvValue')'完成
2023-03-23 15:45:19 INFO 没有选择主推次推，单选一个结果
2023-03-23 15:45:19 INFO 查找元素'(('id', 'com.inkr.sport:id/tvSelect'),)'完成
2023-03-23 15:45:20 INFO 点击元素'('id', 'com.inkr.sport:id/tvSelect')'完成
2023-03-23 15:45:20 INFO 查找元素'(('xpath', '//*[@resource-id="com.inkr.sport:id/llOdds"]/android.view.ViewGroup[2]/androidx.recyclerview.widget.RecyclerView[1]/android.view.ViewGroup[1]'),)'完成
2023-03-23 15:45:20 INFO 点击元素'('xpath', '//*[@resource-id="com.inkr.sport:id/llOdds"]/android.view.ViewGroup[2]/androidx.recyclerview.widget.RecyclerView[1]/android.view.ViewGroup[1]')'完成
2023-03-23 15:45:21 INFO 查找元素'(('id', 'com.inkr.sport:id/tvConfirm'),)'完成
2023-03-23 15:45:21 INFO 点击元素'('id', 'com.inkr.sport:id/tvConfirm')'完成
2023-03-23 15:45:21 INFO 总比分玩法选择成功
2023-03-23 15:45:22 INFO 查找元素'(('id', 'com.inkr.sport:id/tvSelect'),)'完成
2023-03-23 15:45:23 INFO 点击元素'('id', 'com.inkr.sport:id/tvSelect')'完成
2023-03-23 15:45:23 INFO 点击元素'('id', 'com.inkr.sport:id/tvOddsName')'完成
2023-03-23 15:45:23 INFO 查找元素'(('id', 'com.inkr.sport:id/tvConfirm'),)'完成
2023-03-23 15:45:23 INFO 点击元素'('id', 'com.inkr.sport:id/tvConfirm')'完成
2023-03-23 15:45:23 INFO 总进球玩法选择成功
2023-03-23 15:45:24 INFO 查找元素'(('xpath', '//*[@resource-id ="com.inkr.sport:id/glPrice"]/android.view.ViewGroup[2]'),)'完成
2023-03-23 15:45:24 INFO 点击元素'('xpath', '//*[@resource-id ="com.inkr.sport:id/glPrice"]/android.view.ViewGroup[2]')'完成
2023-03-23 15:45:24 INFO 开始上滑
2023-03-23 15:45:25 INFO 上滑完成
2023-03-23 15:45:25 INFO 查找元素'现金红包'完成
2023-03-23 15:45:26 INFO 点击元素'现金红包'完成
2023-03-23 15:45:26 INFO 查找元素'(('id', 'com.inkr.sport:id/tvSelectGoods'),)'完成
2023-03-23 15:45:27 INFO 点击元素'('id', 'com.inkr.sport:id/tvSelectGoods')'完成
2023-03-23 15:45:27 INFO 点击元素'('id', 'com.inkr.sport:id/ivAward')'完成
2023-03-23 15:45:28 INFO 查找元素'(('id', 'com.inkr.sport:id/tvAllNum'),)'完成
2023-03-23 15:45:28 INFO 点击元素'('id', 'com.inkr.sport:id/tvAllNum')'完成
2023-03-23 15:45:29 INFO 查找元素'(('id', 'com.inkr.sport:id/tvTitle'),)'完成
2023-03-23 15:45:30 INFO 点击元素'('id', 'com.inkr.sport:id/tvTitle')'完成
2023-03-23 15:45:30 INFO 查找元素'(('id', 'com.inkr.sport:id/etContent'),)'完成
2023-03-23 15:45:31 INFO 查找元素'(('id', 'com.inkr.sport:id/tvConfirm'),)'完成
2023-03-23 15:45:31 INFO 点击元素'('id', 'com.inkr.sport:id/tvConfirm')'完成
2023-03-23 15:45:32 INFO 查找元素'(('id', 'com.inkr.sport:id/tvRecommend'),)'完成
2023-03-23 15:45:33 INFO 点击元素'('id', 'com.inkr.sport:id/tvRecommend')'完成
2023-03-23 15:45:33 INFO 查找元素'(('id', 'com.inkr.sport:id/etContent'),)'完成
2023-03-23 15:45:34 INFO 查找元素'(('id', 'com.inkr.sport:id/tvConfirm'),)'完成
2023-03-23 15:45:34 INFO 点击元素'('id', 'com.inkr.sport:id/tvConfirm')'完成
2023-03-23 15:45:35 INFO 查找元素'(('id', 'com.inkr.sport:id/tvContent'),)'完成
2023-03-23 15:45:36 INFO 点击元素'('id', 'com.inkr.sport:id/tvContent')'完成
2023-03-23 15:45:36 INFO 查找元素'(('id', 'com.inkr.sport:id/etContent'),)'完成
2023-03-23 15:45:37 INFO 查找元素'(('id', 'com.inkr.sport:id/tvConfirm'),)'完成
2023-03-23 15:45:37 INFO 点击元素'('id', 'com.inkr.sport:id/tvConfirm')'完成
2023-03-23 15:45:38 INFO 查找元素'(('id', 'com.inkr.sport:id/tvPublish'),)'完成
2023-03-23 15:45:38 INFO 点击元素'('id', 'com.inkr.sport:id/tvPublish')'完成
2023-03-23 15:45:38 INFO 查找元素'(('id', 'com.inkr.sport:id/tvPublish'),)'完成
2023-03-23 15:45:39 INFO 点击元素'('id', 'com.inkr.sport:id/tvPublish')'完成
2023-03-23 15:45:39 INFO 发布方案成功
2023-03-23 15:48:51 INFO 其他玩法选择完成
2023-03-23 15:48:51 INFO *********开始启动APP*********
2023-03-23 15:48:51 INFO 手机参数：{'platformName': 'android', 'platformVersion': '12', 'deviceName': '127.0.0.1:7555', 'automationName': 'UiAutomator2', 'appPackage': 'com.inkr.sport', 'appActivity': 'com.inkr.sport.activities.SplashActivity'}
2023-03-23 15:48:57 INFO *********启动成功*********
2023-03-23 15:48:57 INFO 查找元素'(('id', 'com.inkr.sport:id/tvPopAgreementAgree'),)'完成
2023-03-23 15:48:58 INFO 点击元素'('id', 'com.inkr.sport:id/tvPopAgreementAgree')'完成
2023-03-23 15:48:58 INFO 开始左滑
2023-03-23 15:48:59 INFO 左滑1次
2023-03-23 15:49:01 INFO 左滑2次
2023-03-23 15:49:01 INFO 左滑完成
2023-03-23 15:49:02 INFO 查找元素'(('id', 'com.inkr.sport:id/ivEnterApp'),)'完成
2023-03-23 15:49:02 INFO 点击元素'('id', 'com.inkr.sport:id/ivEnterApp')'完成
2023-03-23 15:49:04 INFO 查找元素'(('id', 'com.inkr.sport:id/ivTbMine'),)'完成
2023-03-23 15:49:04 INFO 点击元素'('id', 'com.inkr.sport:id/ivTbMine')'完成
2023-03-23 15:49:04 INFO 查找元素'(('id', 'com.inkr.sport:id/tvUserName'),)'完成
2023-03-23 15:49:14 INFO 点击元素'('id', 'com.inkr.sport:id/tvUserName')'完成
2023-03-23 15:49:36 ERROR 获取元素'(('id', 'com.inkr.sport:id/tvAccountLogin'),)'失败，原因：Message: 

2023-03-23 15:49:41 INFO 其他玩法选择完成
2023-03-23 15:49:41 INFO *********开始启动APP*********
2023-03-23 15:49:41 INFO 手机参数：{'platformName': 'android', 'platformVersion': '12', 'deviceName': '127.0.0.1:7555', 'automationName': 'UiAutomator2', 'appPackage': 'com.inkr.sport', 'appActivity': 'com.inkr.sport.activities.SplashActivity'}
2023-03-23 15:49:48 INFO *********启动成功*********
2023-03-23 15:49:49 INFO 查找元素'(('id', 'com.inkr.sport:id/tvPopAgreementAgree'),)'完成
2023-03-23 15:49:49 INFO 点击元素'('id', 'com.inkr.sport:id/tvPopAgreementAgree')'完成
2023-03-23 15:49:49 INFO 开始左滑
2023-03-23 15:49:50 INFO 左滑1次
2023-03-23 15:49:52 INFO 左滑2次
2023-03-23 15:49:52 INFO 左滑完成
2023-03-23 15:49:52 INFO 查找元素'(('id', 'com.inkr.sport:id/ivEnterApp'),)'完成
2023-03-23 15:49:52 INFO 点击元素'('id', 'com.inkr.sport:id/ivEnterApp')'完成
2023-03-23 15:49:55 INFO 查找元素'(('id', 'com.inkr.sport:id/ivTbMine'),)'完成
2023-03-23 15:49:55 INFO 点击元素'('id', 'com.inkr.sport:id/ivTbMine')'完成
2023-03-23 15:49:55 INFO 查找元素'(('id', 'com.inkr.sport:id/tvUserName'),)'完成
2023-03-23 15:50:06 INFO 点击元素'('id', 'com.inkr.sport:id/tvUserName')'完成
2023-03-23 15:50:36 INFO 查找元素'(('id', 'com.inkr.sport:id/tvAccountLogin'),)'完成
2023-03-23 15:51:06 INFO 点击元素'('id', 'com.inkr.sport:id/tvAccountLogin')'完成
2023-03-23 15:52:57 INFO 查找元素'(('id', 'com.inkr.sport:id/etPd'),)'完成
2023-03-23 15:54:27 INFO 查找元素'(('id', 'com.inkr.sport:id/ivPolicyCheckBox'),)'完成
2023-03-23 15:54:58 INFO 点击元素'('id', 'com.inkr.sport:id/ivPolicyCheckBox')'完成
2023-03-23 15:55:28 INFO 查找元素'(('id', 'com.inkr.sport:id/btLogin'),)'完成
2023-03-23 15:55:48 INFO 点击元素'('id', 'com.inkr.sport:id/btLogin')'完成
2023-03-23 15:55:48 INFO 登录成功账号:13000000011 密码：abc123456
2023-03-23 15:55:50 INFO 查找元素'(('id', 'com.inkr.sport:id/tvExpert'),)'完成
2023-03-23 15:55:50 INFO 点击元素'('id', 'com.inkr.sport:id/tvExpert')'完成
2023-03-23 15:55:51 INFO 查找元素'(('id', 'com.inkr.sport:id/tvMenuName'),)'完成
2023-03-23 15:55:51 INFO 点击元素'('id', 'com.inkr.sport:id/tvMenuName')'完成
2023-03-23 15:55:53 INFO 查找元素'(('id', 'com.inkr.sport:id/tvNotMind'),)'完成
2023-03-23 15:55:53 INFO 点击元素'('id', 'com.inkr.sport:id/tvNotMind')'完成
2023-03-23 15:55:53 INFO 查找元素'(('id', 'com.inkr.sport:id/tvConfirm'),)'完成
2023-03-23 15:55:53 INFO 点击元素'('id', 'com.inkr.sport:id/tvConfirm')'完成
2023-03-23 15:55:54 INFO 查找元素'(('id', 'com.inkr.sport:id/tvIKnow'),)'完成
2023-03-23 15:55:55 INFO 点击元素'('id', 'com.inkr.sport:id/tvIKnow')'完成
2023-03-23 15:55:55 INFO 查找元素'(('id', 'com.inkr.sport:id/rlAddMatch'),)'完成
2023-03-23 15:55:55 INFO 点击元素'('id', 'com.inkr.sport:id/rlAddMatch')'完成
2023-03-23 15:55:57 INFO 查找元素'(('id', 'com.inkr.sport:id/tvFootball'),)'完成
2023-03-23 15:55:58 INFO 点击元素'('id', 'com.inkr.sport:id/tvFootball')'完成
2023-03-23 15:55:58 INFO 选择了jingzu玩法
2023-03-23 15:55:58 INFO 查找元素'(('xpath', '//*[@resource-id="com.inkr.sport:id/recyclerView"]/android.view.ViewGroup[2]'),)'完成
2023-03-23 15:55:58 INFO 点击元素'('xpath', '//*[@resource-id="com.inkr.sport:id/recyclerView"]/android.view.ViewGroup[2]')'完成
2023-03-23 15:55:58 INFO 选择了第1比赛
2023-03-23 15:56:19 ERROR 获取元素'(('id', '//*[@text="胜平负"]'),)'失败，原因：Message: 
Stacktrace:
NoSuchElementError: An element could not be located on the page using the given search parameters.
    at AndroidUiautomator2Driver.findElOrEls (E:\Appium-Server-GUI-windows-1.22.3-4\resources\app\node_modules\appium\node_modules\appium-android-driver\lib\commands\find.js:75:11)
    at runMicrotasks (<anonymous>)
    at processTicksAndRejections (internal/process/task_queues.js:97:5)
    at AndroidUiautomator2Driver.findElOrElsWithProcessing (E:\Appium-Server-GUI-windows-1.22.3-4\resources\app\node_modules\appium\node_modules\appium-base-driver\lib\basedriver\commands\find.js:33:12)
    at AndroidUiautomator2Driver.findElement (E:\Appium-Server-GUI-windows-1.22.3-4\resources\app\node_modules\appium\node_modules\appium-base-driver\lib\basedriver\commands\find.js:53:10)
2023-03-23 16:00:06 INFO 其他玩法选择完成
2023-03-23 16:00:06 INFO *********开始启动APP*********
2023-03-23 16:00:06 INFO 手机参数：{'platformName': 'android', 'platformVersion': '12', 'deviceName': '127.0.0.1:7555', 'automationName': 'UiAutomator2', 'appPackage': 'com.inkr.sport', 'appActivity': 'com.inkr.sport.activities.SplashActivity'}
2023-03-23 16:00:08 WARNING Retrying (Retry(total=2, connect=None, read=None, redirect=None, status=None)) after connection broken by 'NewConnectionError('<urllib3.connection.HTTPConnection object at 0x0000025321531208>: Failed to establish a new connection: [WinError 10061] 由于目标计算机积极拒绝，无法连接。')': /wd/hub/session
2023-03-23 16:00:10 WARNING Retrying (Retry(total=1, connect=None, read=None, redirect=None, status=None)) after connection broken by 'NewConnectionError('<urllib3.connection.HTTPConnection object at 0x000002532154C388>: Failed to establish a new connection: [WinError 10061] 由于目标计算机积极拒绝，无法连接。')': /wd/hub/session
2023-03-23 16:00:12 WARNING Retrying (Retry(total=0, connect=None, read=None, redirect=None, status=None)) after connection broken by 'NewConnectionError('<urllib3.connection.HTTPConnection object at 0x000002532154CA88>: Failed to establish a new connection: [WinError 10061] 由于目标计算机积极拒绝，无法连接。')': /wd/hub/session
2023-03-23 16:00:40 INFO 其他玩法选择完成
2023-03-23 16:00:40 INFO *********开始启动APP*********
2023-03-23 16:00:40 INFO 手机参数：{'platformName': 'android', 'platformVersion': '12', 'deviceName': '127.0.0.1:7555', 'automationName': 'UiAutomator2', 'appPackage': 'com.inkr.sport', 'appActivity': 'com.inkr.sport.activities.SplashActivity'}
2023-03-23 16:02:48 INFO 其他玩法选择完成
2023-03-23 16:02:48 INFO *********开始启动APP*********
2023-03-23 16:02:48 INFO 手机参数：{'platformName': 'android', 'platformVersion': '12', 'deviceName': '127.0.0.1:7555', 'automationName': 'UiAutomator2', 'appPackage': 'com.inkr.sport', 'appActivity': 'com.inkr.sport.activities.SplashActivity'}
2023-03-23 16:03:40 INFO 其他玩法选择完成
2023-03-23 16:03:40 INFO *********开始启动APP*********
2023-03-23 16:03:40 INFO 手机参数：{'platformName': 'android', 'platformVersion': '12', 'deviceName': '127.0.0.1:7555', 'automationName': 'UiAutomator2', 'appPackage': 'com.inkr.sport', 'appActivity': 'com.inkr.sport.activities.SplashActivity'}
2023-03-23 16:03:42 WARNING Retrying (Retry(total=2, connect=None, read=None, redirect=None, status=None)) after connection broken by 'NewConnectionError('<urllib3.connection.HTTPConnection object at 0x00000182366C9688>: Failed to establish a new connection: [WinError 10061] 由于目标计算机积极拒绝，无法连接。')': /wd/hub/session
2023-03-23 16:03:44 WARNING Retrying (Retry(total=1, connect=None, read=None, redirect=None, status=None)) after connection broken by 'NewConnectionError('<urllib3.connection.HTTPConnection object at 0x00000182366EC5C8>: Failed to establish a new connection: [WinError 10061] 由于目标计算机积极拒绝，无法连接。')': /wd/hub/session
2023-03-23 16:03:46 WARNING Retrying (Retry(total=0, connect=None, read=None, redirect=None, status=None)) after connection broken by 'NewConnectionError('<urllib3.connection.HTTPConnection object at 0x00000182366ECCC8>: Failed to establish a new connection: [WinError 10061] 由于目标计算机积极拒绝，无法连接。')': /wd/hub/session
2023-03-23 16:04:09 INFO 其他玩法选择完成
2023-03-23 16:04:09 INFO *********开始启动APP*********
2023-03-23 16:04:09 INFO 手机参数：{'platformName': 'android', 'platformVersion': '12', 'deviceName': '127.0.0.1:7555', 'automationName': 'UiAutomator2', 'appPackage': 'com.inkr.sport', 'appActivity': 'com.inkr.sport.activities.SplashActivity'}
2023-03-23 16:04:17 INFO *********启动成功*********
2023-03-23 16:04:17 INFO 查找元素'(('id', 'com.inkr.sport:id/tvPopAgreementAgree'),)'完成
2023-03-23 16:04:17 INFO 点击元素'('id', 'com.inkr.sport:id/tvPopAgreementAgree')'完成
2023-03-23 16:04:17 INFO 开始左滑
2023-03-23 16:04:19 INFO 左滑1次
2023-03-23 16:04:20 INFO 左滑2次
2023-03-23 16:04:20 INFO 左滑完成
2023-03-23 16:04:21 INFO 查找元素'(('id', 'com.inkr.sport:id/ivEnterApp'),)'完成
2023-03-23 16:04:21 INFO 点击元素'('id', 'com.inkr.sport:id/ivEnterApp')'完成
2023-03-23 16:04:23 INFO 查找元素'(('id', 'com.inkr.sport:id/ivTbMine'),)'完成
2023-03-23 16:04:24 INFO 点击元素'('id', 'com.inkr.sport:id/ivTbMine')'完成
2023-03-23 16:04:24 INFO 查找元素'(('id', 'com.inkr.sport:id/tvUserName'),)'完成
2023-03-23 16:04:25 INFO 点击元素'('id', 'com.inkr.sport:id/tvUserName')'完成
2023-03-23 16:04:55 INFO 查找元素'(('id', 'com.inkr.sport:id/tvAccountLogin'),)'完成
2023-03-23 16:05:26 INFO 点击元素'('id', 'com.inkr.sport:id/tvAccountLogin')'完成
2023-03-23 16:07:17 INFO 查找元素'(('id', 'com.inkr.sport:id/etPd'),)'完成
2023-03-23 16:08:47 INFO 查找元素'(('id', 'com.inkr.sport:id/ivPolicyCheckBox'),)'完成
2023-03-23 16:09:17 INFO 点击元素'('id', 'com.inkr.sport:id/ivPolicyCheckBox')'完成
2023-03-23 16:09:48 INFO 查找元素'(('id', 'com.inkr.sport:id/btLogin'),)'完成
2023-03-23 16:10:08 INFO 点击元素'('id', 'com.inkr.sport:id/btLogin')'完成
2023-03-23 16:10:08 INFO 登录成功账号:13000000011 密码：abc123456
2023-03-23 16:10:11 INFO 查找元素'(('id', 'com.inkr.sport:id/tvExpert'),)'完成
2023-03-23 16:10:11 INFO 点击元素'('id', 'com.inkr.sport:id/tvExpert')'完成
2023-03-23 16:10:12 INFO 查找元素'(('id', 'com.inkr.sport:id/tvMenuName'),)'完成
2023-03-23 16:10:12 INFO 点击元素'('id', 'com.inkr.sport:id/tvMenuName')'完成
2023-03-23 16:10:13 INFO 查找元素'(('id', 'com.inkr.sport:id/tvNotMind'),)'完成
2023-03-23 16:10:13 INFO 点击元素'('id', 'com.inkr.sport:id/tvNotMind')'完成
2023-03-23 16:10:13 INFO 查找元素'(('id', 'com.inkr.sport:id/tvConfirm'),)'完成
2023-03-23 16:10:13 INFO 点击元素'('id', 'com.inkr.sport:id/tvConfirm')'完成
2023-03-23 16:10:14 INFO 查找元素'(('id', 'com.inkr.sport:id/tvIKnow'),)'完成
2023-03-23 16:10:14 INFO 点击元素'('id', 'com.inkr.sport:id/tvIKnow')'完成
2023-03-23 16:10:15 INFO 查找元素'(('id', 'com.inkr.sport:id/rlAddMatch'),)'完成
2023-03-23 16:10:17 INFO 点击元素'('id', 'com.inkr.sport:id/rlAddMatch')'完成
2023-03-23 16:10:17 INFO 查找元素'(('id', 'com.inkr.sport:id/tvFootball'),)'完成
2023-03-23 16:10:17 INFO 点击元素'('id', 'com.inkr.sport:id/tvFootball')'完成
2023-03-23 16:10:17 INFO 选择了jingzu玩法
2023-03-23 16:10:18 INFO 查找元素'(('xpath', '//*[@resource-id="com.inkr.sport:id/recyclerView"]/android.view.ViewGroup[2]'),)'完成
2023-03-23 16:10:18 INFO 点击元素'('xpath', '//*[@resource-id="com.inkr.sport:id/recyclerView"]/android.view.ViewGroup[2]')'完成
2023-03-23 16:10:18 INFO 选择了第1比赛
2023-03-23 16:10:19 INFO 查找元素'(('id', 'com.inkr.sport:id/firstItem'),)'完成
2023-03-23 16:10:19 INFO 点击元素'('id', 'com.inkr.sport:id/firstItem')'完成
2023-03-23 16:10:19 INFO 没有选择主推次推，单选一个结果
2023-03-23 16:10:20 INFO 查找元素'(('id', 'com.inkr.sport:id/tvSelect'),)'完成
2023-03-23 16:10:21 INFO 点击元素'('id', 'com.inkr.sport:id/tvSelect')'完成
2023-03-23 16:10:21 INFO 查找元素'(('xpath', '//*[@resource-id="com.inkr.sport:id/llOdds"]/android.view.ViewGroup[2]/androidx.recyclerview.widget.RecyclerView[1]/android.view.ViewGroup[1]'),)'完成
2023-03-23 16:10:21 INFO 点击元素'('xpath', '//*[@resource-id="com.inkr.sport:id/llOdds"]/android.view.ViewGroup[2]/androidx.recyclerview.widget.RecyclerView[1]/android.view.ViewGroup[1]')'完成
2023-03-23 16:10:21 INFO 查找元素'(('id', 'com.inkr.sport:id/tvConfirm'),)'完成
2023-03-23 16:10:21 INFO 点击元素'('id', 'com.inkr.sport:id/tvConfirm')'完成
2023-03-23 16:10:21 INFO 总比分玩法选择成功
2023-03-23 16:10:22 INFO 查找元素'(('id', 'com.inkr.sport:id/tvSelect'),)'完成
2023-03-23 16:10:23 INFO 点击元素'('id', 'com.inkr.sport:id/tvSelect')'完成
2023-03-23 16:10:23 INFO 点击元素'('id', 'com.inkr.sport:id/tvOddsName')'完成
2023-03-23 16:10:24 INFO 查找元素'(('id', 'com.inkr.sport:id/tvConfirm'),)'完成
2023-03-23 16:10:24 INFO 点击元素'('id', 'com.inkr.sport:id/tvConfirm')'完成
2023-03-23 16:10:24 INFO 总进球玩法选择成功
2023-03-23 16:10:25 INFO 查找元素'(('xpath', '//*[@resource-id ="com.inkr.sport:id/glPrice"]/android.view.ViewGroup[2]'),)'完成
2023-03-23 16:10:25 INFO 点击元素'('xpath', '//*[@resource-id ="com.inkr.sport:id/glPrice"]/android.view.ViewGroup[2]')'完成
2023-03-23 16:10:25 INFO 开始上滑
2023-03-23 16:10:25 INFO 上滑完成
2023-03-23 16:10:26 INFO 查找元素'现金红包'完成
2023-03-23 16:10:27 INFO 点击元素'现金红包'完成
2023-03-23 16:10:27 INFO 查找元素'(('id', 'com.inkr.sport:id/tvSelectGoods'),)'完成
2023-03-23 16:10:28 INFO 点击元素'('id', 'com.inkr.sport:id/tvSelectGoods')'完成
2023-03-23 16:10:28 INFO 点击元素'('id', 'com.inkr.sport:id/ivAward')'完成
2023-03-23 16:10:28 INFO 查找元素'(('id', 'com.inkr.sport:id/tvAllNum'),)'完成
2023-03-23 16:10:28 INFO 点击元素'('id', 'com.inkr.sport:id/tvAllNum')'完成
2023-03-23 16:10:29 INFO 查找元素'(('id', 'com.inkr.sport:id/tvTitle'),)'完成
2023-03-23 16:10:30 INFO 点击元素'('id', 'com.inkr.sport:id/tvTitle')'完成
2023-03-23 16:10:30 INFO 查找元素'(('id', 'com.inkr.sport:id/etContent'),)'完成
2023-03-23 16:10:31 INFO 查找元素'(('id', 'com.inkr.sport:id/tvConfirm'),)'完成
2023-03-23 16:10:31 INFO 点击元素'('id', 'com.inkr.sport:id/tvConfirm')'完成
2023-03-23 16:10:31 INFO 查找元素'(('id', 'com.inkr.sport:id/tvRecommend'),)'完成
2023-03-23 16:10:32 INFO 点击元素'('id', 'com.inkr.sport:id/tvRecommend')'完成
2023-03-23 16:10:32 INFO 查找元素'(('id', 'com.inkr.sport:id/etContent'),)'完成
2023-03-23 16:10:34 INFO 查找元素'(('id', 'com.inkr.sport:id/tvConfirm'),)'完成
2023-03-23 16:10:34 INFO 点击元素'('id', 'com.inkr.sport:id/tvConfirm')'完成
2023-03-23 16:10:34 INFO 查找元素'(('id', 'com.inkr.sport:id/tvContent'),)'完成
2023-03-23 16:10:35 INFO 点击元素'('id', 'com.inkr.sport:id/tvContent')'完成
2023-03-23 16:10:35 INFO 查找元素'(('id', 'com.inkr.sport:id/etContent'),)'完成
2023-03-23 16:10:36 INFO 查找元素'(('id', 'com.inkr.sport:id/tvConfirm'),)'完成
2023-03-23 16:10:36 INFO 点击元素'('id', 'com.inkr.sport:id/tvConfirm')'完成
2023-03-23 16:10:37 INFO 查找元素'(('id', 'com.inkr.sport:id/tvPublish'),)'完成
2023-03-23 16:10:37 INFO 点击元素'('id', 'com.inkr.sport:id/tvPublish')'完成
2023-03-23 16:10:38 INFO 查找元素'(('id', 'com.inkr.sport:id/tvPublish'),)'完成
2023-03-23 16:10:38 INFO 点击元素'('id', 'com.inkr.sport:id/tvPublish')'完成
2023-03-23 16:10:38 INFO 发布方案成功
2023-03-23 16:37:19 INFO 其他玩法选择完成
2023-03-23 16:37:19 INFO *********开始启动APP*********
2023-03-23 16:37:19 INFO 手机参数：{'platformName': 'android', 'platformVersion': '12', 'deviceName': '127.0.0.1:7555', 'automationName': 'UiAutomator2', 'appPackage': 'com.inkr.sport', 'appActivity': 'com.inkr.sport.activities.SplashActivity'}
2023-03-23 16:37:21 WARNING Retrying (Retry(total=2, connect=None, read=None, redirect=None, status=None)) after connection broken by 'NewConnectionError('<urllib3.connection.HTTPConnection object at 0x000001B3AB499148>: Failed to establish a new connection: [WinError 10061] 由于目标计算机积极拒绝，无法连接。')': /wd/hub/session
2023-03-23 16:37:23 WARNING Retrying (Retry(total=1, connect=None, read=None, redirect=None, status=None)) after connection broken by 'NewConnectionError('<urllib3.connection.HTTPConnection object at 0x000001B3AB4C2748>: Failed to establish a new connection: [WinError 10061] 由于目标计算机积极拒绝，无法连接。')': /wd/hub/session
2023-03-23 16:37:25 WARNING Retrying (Retry(total=0, connect=None, read=None, redirect=None, status=None)) after connection broken by 'NewConnectionError('<urllib3.connection.HTTPConnection object at 0x000001B3AB4C2E48>: Failed to establish a new connection: [WinError 10061] 由于目标计算机积极拒绝，无法连接。')': /wd/hub/session
2023-03-23 16:37:36 INFO 其他玩法选择完成
2023-03-23 16:37:36 INFO *********开始启动APP*********
2023-03-23 16:37:36 INFO 手机参数：{'platformName': 'android', 'platformVersion': '12', 'deviceName': '127.0.0.1:7555', 'automationName': 'UiAutomator2', 'appPackage': 'com.inkr.sport', 'appActivity': 'com.inkr.sport.activities.SplashActivity'}
2023-03-23 16:39:13 INFO 其他玩法选择完成
2023-03-23 16:39:13 INFO *********开始启动APP*********
2023-03-23 16:39:13 INFO 手机参数：{'platformName': 'android', 'platformVersion': '12', 'deviceName': '127.0.0.1:7555', 'automationName': 'UiAutomator2', 'appPackage': 'com.inkr.sport', 'appActivity': 'com.inkr.sport.activities.SplashActivity'}
2023-03-23 16:39:19 INFO *********启动成功*********
2023-03-23 16:39:20 INFO 查找元素'(('id', 'com.inkr.sport:id/tvPopAgreementAgree'),)'完成
2023-03-23 16:39:20 INFO 点击元素'('id', 'com.inkr.sport:id/tvPopAgreementAgree')'完成
2023-03-23 16:39:20 INFO 开始左滑
2023-03-23 16:39:21 INFO 左滑1次
2023-03-23 16:39:22 INFO 左滑2次
2023-03-23 16:39:22 INFO 左滑完成
2023-03-23 16:39:23 INFO 查找元素'(('id', 'com.inkr.sport:id/ivEnterApp'),)'完成
2023-03-23 16:39:23 INFO 点击元素'('id', 'com.inkr.sport:id/ivEnterApp')'完成
2023-03-23 16:39:26 INFO 查找元素'(('id', 'com.inkr.sport:id/ivTbMine'),)'完成
2023-03-23 16:39:26 INFO 点击元素'('id', 'com.inkr.sport:id/ivTbMine')'完成
2023-03-23 16:39:26 INFO 查找元素'(('id', 'com.inkr.sport:id/tvUserName'),)'完成
2023-03-23 16:39:36 INFO 点击元素'('id', 'com.inkr.sport:id/tvUserName')'完成
2023-03-23 16:40:07 INFO 查找元素'(('id', 'com.inkr.sport:id/tvAccountLogin'),)'完成
2023-03-23 16:40:37 INFO 点击元素'('id', 'com.inkr.sport:id/tvAccountLogin')'完成
2023-03-23 16:42:28 INFO 查找元素'(('id', 'com.inkr.sport:id/etPd'),)'完成
2023-03-23 16:43:58 INFO 查找元素'(('id', 'com.inkr.sport:id/ivPolicyCheckBox'),)'完成
2023-03-23 16:44:29 INFO 点击元素'('id', 'com.inkr.sport:id/ivPolicyCheckBox')'完成
2023-03-23 16:44:59 INFO 查找元素'(('id', 'com.inkr.sport:id/btLogin'),)'完成
2023-03-23 16:45:19 INFO 点击元素'('id', 'com.inkr.sport:id/btLogin')'完成
2023-03-23 16:45:19 INFO 登录成功账号:13000000011 密码：abc123456
2023-03-23 16:47:14 INFO 其他玩法选择完成
2023-03-23 16:47:14 INFO *********开始启动APP*********
2023-03-23 16:47:14 INFO 手机参数：{'platformName': 'android', 'platformVersion': '12', 'deviceName': '127.0.0.1:7555', 'automationName': 'UiAutomator2', 'appPackage': 'com.inkr.sport', 'appActivity': 'com.inkr.sport.activities.SplashActivity'}
2023-03-23 16:47:20 INFO *********启动成功*********
2023-03-23 16:47:21 INFO 查找元素'(('id', 'com.inkr.sport:id/tvPopAgreementAgree'),)'完成
2023-03-23 16:47:21 INFO 点击元素'('id', 'com.inkr.sport:id/tvPopAgreementAgree')'完成
2023-03-23 16:47:21 INFO 开始左滑
2023-03-23 16:47:22 INFO 左滑1次
2023-03-23 16:47:24 INFO 左滑2次
2023-03-23 16:47:24 INFO 左滑完成
2023-03-23 16:47:25 INFO 查找元素'(('id', 'com.inkr.sport:id/ivEnterApp'),)'完成
2023-03-23 16:47:25 INFO 点击元素'('id', 'com.inkr.sport:id/ivEnterApp')'完成
2023-03-23 16:47:27 INFO 查找元素'(('id', 'com.inkr.sport:id/ivTbMine'),)'完成
2023-03-23 16:47:27 INFO 点击元素'('id', 'com.inkr.sport:id/ivTbMine')'完成
2023-03-23 16:47:27 INFO 查找元素'(('id', 'com.inkr.sport:id/tvUserName'),)'完成
2023-03-23 16:47:38 INFO 点击元素'('id', 'com.inkr.sport:id/tvUserName')'完成
2023-03-23 16:48:08 INFO 查找元素'(('id', 'com.inkr.sport:id/tvAccountLogin'),)'完成
2023-03-23 16:48:38 INFO 点击元素'('id', 'com.inkr.sport:id/tvAccountLogin')'完成
2023-03-23 16:50:29 INFO 查找元素'(('id', 'com.inkr.sport:id/etPd'),)'完成
2023-03-23 16:51:59 INFO 查找元素'(('id', 'com.inkr.sport:id/ivPolicyCheckBox'),)'完成
2023-03-23 16:52:29 INFO 点击元素'('id', 'com.inkr.sport:id/ivPolicyCheckBox')'完成
2023-03-23 16:53:00 INFO 查找元素'(('id', 'com.inkr.sport:id/btLogin'),)'完成
2023-03-23 16:53:20 INFO 点击元素'('id', 'com.inkr.sport:id/btLogin')'完成
2023-03-23 16:53:20 INFO 登录成功账号:13000000011 密码：abc123456
2023-03-23 16:53:22 INFO 查找元素'(('id', 'com.inkr.sport:id/tvExpert'),)'完成
2023-03-23 16:53:22 INFO 点击元素'('id', 'com.inkr.sport:id/tvExpert')'完成
2023-03-23 16:53:23 INFO 查找元素'(('id', 'com.inkr.sport:id/tvMenuName'),)'完成
2023-03-23 16:53:23 INFO 点击元素'('id', 'com.inkr.sport:id/tvMenuName')'完成
2023-03-23 16:53:25 INFO 查找元素'(('id', 'com.inkr.sport:id/tvNotMind'),)'完成
2023-03-23 16:53:25 INFO 点击元素'('id', 'com.inkr.sport:id/tvNotMind')'完成
2023-03-23 16:53:25 INFO 查找元素'(('id', 'com.inkr.sport:id/tvConfirm'),)'完成
2023-03-23 16:53:25 INFO 点击元素'('id', 'com.inkr.sport:id/tvConfirm')'完成
2023-03-23 16:53:26 INFO 查找元素'(('id', 'com.inkr.sport:id/tvIKnow'),)'完成
2023-03-23 16:53:26 INFO 点击元素'('id', 'com.inkr.sport:id/tvIKnow')'完成
2023-03-23 16:53:27 INFO 查找元素'(('id', 'com.inkr.sport:id/rlAddMatch'),)'完成
2023-03-23 16:53:30 INFO 点击元素'('id', 'com.inkr.sport:id/rlAddMatch')'完成
2023-03-23 16:53:30 ERROR 输入玩法类型错误：None
2023-03-23 16:53:30 INFO 查找元素'(('xpath', '//*[@resource-id="com.inkr.sport:id/recyclerView"]/android.view.ViewGroup[2]'),)'完成
2023-03-23 16:53:31 INFO 点击元素'('xpath', '//*[@resource-id="com.inkr.sport:id/recyclerView"]/android.view.ViewGroup[2]')'完成
2023-03-23 16:53:31 INFO 选择了第1比赛
2023-03-23 16:53:31 INFO 查找元素'(('id', 'com.inkr.sport:id/firstItem'),)'完成
2023-03-23 16:53:31 INFO 点击元素'('id', 'com.inkr.sport:id/firstItem')'完成
2023-03-23 16:53:31 INFO 没有选择主推次推，单选一个结果
2023-03-23 16:53:31 INFO 查找元素'(('id', 'com.inkr.sport:id/tvSelect'),)'完成
2023-03-23 16:53:32 INFO 点击元素'('id', 'com.inkr.sport:id/tvSelect')'完成
2023-03-23 16:53:33 INFO 查找元素'(('xpath', '//*[@resource-id="com.inkr.sport:id/llOdds"]/android.view.ViewGroup[2]/androidx.recyclerview.widget.RecyclerView[1]/android.view.ViewGroup[1]'),)'完成
2023-03-23 16:53:33 INFO 点击元素'('xpath', '//*[@resource-id="com.inkr.sport:id/llOdds"]/android.view.ViewGroup[2]/androidx.recyclerview.widget.RecyclerView[1]/android.view.ViewGroup[1]')'完成
2023-03-23 16:53:33 INFO 查找元素'(('id', 'com.inkr.sport:id/tvConfirm'),)'完成
2023-03-23 16:53:33 INFO 点击元素'('id', 'com.inkr.sport:id/tvConfirm')'完成
2023-03-23 16:53:33 INFO 总比分玩法选择成功
2023-03-23 16:53:34 INFO 查找元素'(('id', 'com.inkr.sport:id/tvSelect'),)'完成
2023-03-23 16:53:35 INFO 点击元素'('id', 'com.inkr.sport:id/tvSelect')'完成
2023-03-23 16:53:35 INFO 点击元素'('id', 'com.inkr.sport:id/tvOddsName')'完成
2023-03-23 16:53:36 INFO 查找元素'(('id', 'com.inkr.sport:id/tvConfirm'),)'完成
2023-03-23 16:53:36 INFO 点击元素'('id', 'com.inkr.sport:id/tvConfirm')'完成
2023-03-23 16:53:36 INFO 总进球玩法选择成功
2023-03-23 16:53:37 INFO 查找元素'(('xpath', '//*[@resource-id ="com.inkr.sport:id/glPrice"]/android.view.ViewGroup[2]'),)'完成
2023-03-23 16:53:37 INFO 点击元素'('xpath', '//*[@resource-id ="com.inkr.sport:id/glPrice"]/android.view.ViewGroup[2]')'完成
2023-03-23 16:53:37 INFO 开始上滑
2023-03-23 16:53:37 INFO 上滑完成
2023-03-23 16:53:38 INFO 查找元素'现金红包'完成
2023-03-23 16:53:39 INFO 点击元素'现金红包'完成
2023-03-23 16:53:39 INFO 查找元素'(('id', 'com.inkr.sport:id/tvSelectGoods'),)'完成
2023-03-23 16:53:40 INFO 点击元素'('id', 'com.inkr.sport:id/tvSelectGoods')'完成
2023-03-23 16:53:40 INFO 点击元素'('id', 'com.inkr.sport:id/ivAward')'完成
2023-03-23 16:53:41 INFO 查找元素'(('id', 'com.inkr.sport:id/tvAllNum'),)'完成
2023-03-23 16:53:41 INFO 点击元素'('id', 'com.inkr.sport:id/tvAllNum')'完成
2023-03-23 16:53:41 INFO 查找元素'(('id', 'com.inkr.sport:id/tvTitle'),)'完成
2023-03-23 16:53:42 INFO 点击元素'('id', 'com.inkr.sport:id/tvTitle')'完成
2023-03-23 16:53:42 INFO 查找元素'(('id', 'com.inkr.sport:id/etContent'),)'完成
2023-03-23 16:53:43 INFO 查找元素'(('id', 'com.inkr.sport:id/tvConfirm'),)'完成
2023-03-23 16:53:43 INFO 点击元素'('id', 'com.inkr.sport:id/tvConfirm')'完成
2023-03-23 16:53:44 INFO 查找元素'(('id', 'com.inkr.sport:id/tvRecommend'),)'完成
2023-03-23 16:53:45 INFO 点击元素'('id', 'com.inkr.sport:id/tvRecommend')'完成
2023-03-23 16:53:45 INFO 查找元素'(('id', 'com.inkr.sport:id/etContent'),)'完成
2023-03-23 16:53:46 INFO 查找元素'(('id', 'com.inkr.sport:id/tvConfirm'),)'完成
2023-03-23 16:53:46 INFO 点击元素'('id', 'com.inkr.sport:id/tvConfirm')'完成
2023-03-23 16:53:47 INFO 查找元素'(('id', 'com.inkr.sport:id/tvContent'),)'完成
2023-03-23 16:53:48 INFO 点击元素'('id', 'com.inkr.sport:id/tvContent')'完成
2023-03-23 16:53:48 INFO 查找元素'(('id', 'com.inkr.sport:id/etContent'),)'完成
2023-03-23 16:53:49 INFO 查找元素'(('id', 'com.inkr.sport:id/tvConfirm'),)'完成
2023-03-23 16:53:49 INFO 点击元素'('id', 'com.inkr.sport:id/tvConfirm')'完成
2023-03-23 16:53:50 INFO 查找元素'(('id', 'com.inkr.sport:id/tvPublish'),)'完成
2023-03-23 16:53:51 INFO 点击元素'('id', 'com.inkr.sport:id/tvPublish')'完成
2023-03-23 16:53:51 INFO 查找元素'(('id', 'com.inkr.sport:id/tvPublish'),)'完成
2023-03-23 16:53:52 INFO 点击元素'('id', 'com.inkr.sport:id/tvPublish')'完成
2023-03-23 16:53:52 INFO 发布方案成功
2023-03-23 16:55:57 INFO 其他玩法选择完成
2023-03-23 16:55:57 INFO *********开始启动APP*********
2023-03-23 16:55:57 INFO 手机参数：{'platformName': 'android', 'platformVersion': '12', 'deviceName': '127.0.0.1:7555', 'automationName': 'UiAutomator2', 'appPackage': 'com.inkr.sport', 'appActivity': 'com.inkr.sport.activities.SplashActivity'}
2023-03-23 16:56:03 INFO *********启动成功*********
2023-03-23 16:56:04 INFO 查找元素'(('id', 'com.inkr.sport:id/tvPopAgreementAgree'),)'完成
2023-03-23 16:56:04 INFO 点击元素'('id', 'com.inkr.sport:id/tvPopAgreementAgree')'完成
2023-03-23 16:56:04 INFO 开始左滑
2023-03-23 16:56:05 INFO 左滑1次
2023-03-23 16:56:07 INFO 左滑2次
2023-03-23 16:56:07 INFO 左滑完成
2023-03-23 16:56:07 INFO 查找元素'(('id', 'com.inkr.sport:id/ivEnterApp'),)'完成
2023-03-23 16:56:08 INFO 点击元素'('id', 'com.inkr.sport:id/ivEnterApp')'完成
2023-03-23 16:56:10 INFO 查找元素'(('id', 'com.inkr.sport:id/ivTbMine'),)'完成
2023-03-23 16:56:10 INFO 点击元素'('id', 'com.inkr.sport:id/ivTbMine')'完成
2023-03-23 16:56:10 INFO 查找元素'(('id', 'com.inkr.sport:id/tvUserName'),)'完成
2023-03-23 16:56:20 INFO 点击元素'('id', 'com.inkr.sport:id/tvUserName')'完成
2023-03-23 16:56:51 INFO 查找元素'(('id', 'com.inkr.sport:id/tvAccountLogin'),)'完成
2023-03-23 16:57:21 INFO 点击元素'('id', 'com.inkr.sport:id/tvAccountLogin')'完成
2023-03-23 16:59:12 INFO 查找元素'(('id', 'com.inkr.sport:id/etPd'),)'完成
2023-03-23 17:00:42 INFO 查找元素'(('id', 'com.inkr.sport:id/ivPolicyCheckBox'),)'完成
2023-03-23 17:01:12 INFO 点击元素'('id', 'com.inkr.sport:id/ivPolicyCheckBox')'完成
2023-03-23 17:01:43 INFO 查找元素'(('id', 'com.inkr.sport:id/btLogin'),)'完成
2023-03-23 17:02:03 INFO 点击元素'('id', 'com.inkr.sport:id/btLogin')'完成
2023-03-23 17:02:03 INFO 登录成功账号:13000000011 密码：abc123456
2023-03-23 17:02:05 INFO 查找元素'(('id', 'com.inkr.sport:id/tvExpert'),)'完成
2023-03-23 17:02:05 INFO 点击元素'('id', 'com.inkr.sport:id/tvExpert')'完成
2023-03-23 17:02:06 INFO 查找元素'(('id', 'com.inkr.sport:id/tvMenuName'),)'完成
2023-03-23 17:02:06 INFO 点击元素'('id', 'com.inkr.sport:id/tvMenuName')'完成
2023-03-23 17:02:07 INFO 查找元素'(('id', 'com.inkr.sport:id/tvNotMind'),)'完成
2023-03-23 17:02:07 INFO 点击元素'('id', 'com.inkr.sport:id/tvNotMind')'完成
2023-03-23 17:02:08 INFO 查找元素'(('id', 'com.inkr.sport:id/tvConfirm'),)'完成
2023-03-23 17:02:08 INFO 点击元素'('id', 'com.inkr.sport:id/tvConfirm')'完成
2023-03-23 17:02:09 INFO 查找元素'(('id', 'com.inkr.sport:id/tvIKnow'),)'完成
2023-03-23 17:02:09 INFO 点击元素'('id', 'com.inkr.sport:id/tvIKnow')'完成
2023-03-23 17:02:09 INFO 查找元素'(('id', 'com.inkr.sport:id/rlAddMatch'),)'完成
2023-03-23 17:02:09 INFO 点击元素'('id', 'com.inkr.sport:id/rlAddMatch')'完成
2023-03-23 17:02:30 ERROR 获取元素'(('xpath', "//*[@text='胜平负']"),)'失败，原因：Message: 
Stacktrace:
NoSuchElementError: An element could not be located on the page using the given search parameters.
    at AndroidUiautomator2Driver.findElOrEls (E:\Appium-Server-GUI-windows-1.22.3-4\resources\app\node_modules\appium\node_modules\appium-android-driver\lib\commands\find.js:75:11)
    at runMicrotasks (<anonymous>)
    at processTicksAndRejections (internal/process/task_queues.js:97:5)
    at AndroidUiautomator2Driver.findElOrElsWithProcessing (E:\Appium-Server-GUI-windows-1.22.3-4\resources\app\node_modules\appium\node_modules\appium-base-driver\lib\basedriver\commands\find.js:33:12)
    at AndroidUiautomator2Driver.findElement (E:\Appium-Server-GUI-windows-1.22.3-4\resources\app\node_modules\appium\node_modules\appium-base-driver\lib\basedriver\commands\find.js:53:10)
2023-03-23 17:16:10 INFO 其他玩法选择完成
2023-03-23 17:16:10 INFO *********开始启动APP*********
2023-03-23 17:16:10 INFO 手机参数：{'platformName': 'android', 'platformVersion': '12', 'deviceName': '127.0.0.1:7555', 'automationName': 'UiAutomator2', 'appPackage': 'com.inkr.sport', 'appActivity': 'com.inkr.sport.activities.SplashActivity'}
2023-03-23 17:16:17 INFO *********启动成功*********
2023-03-23 17:16:18 INFO 查找元素'(('id', 'com.inkr.sport:id/tvPopAgreementAgree'),)'完成
2023-03-23 17:16:19 INFO 点击元素'('id', 'com.inkr.sport:id/tvPopAgreementAgree')'完成
2023-03-23 17:16:19 INFO 开始左滑
2023-03-23 17:16:20 INFO 左滑1次
2023-03-23 17:16:21 INFO 左滑2次
2023-03-23 17:16:21 INFO 左滑完成
2023-03-23 17:16:22 INFO 查找元素'(('id', 'com.inkr.sport:id/ivEnterApp'),)'完成
2023-03-23 17:16:22 INFO 点击元素'('id', 'com.inkr.sport:id/ivEnterApp')'完成
2023-03-23 17:16:25 INFO 查找元素'(('id', 'com.inkr.sport:id/ivTbMine'),)'完成
2023-03-23 17:16:25 INFO 点击元素'('id', 'com.inkr.sport:id/ivTbMine')'完成
2023-03-23 17:16:25 INFO 查找元素'(('id', 'com.inkr.sport:id/tvUserName'),)'完成
2023-03-23 17:16:35 INFO 点击元素'('id', 'com.inkr.sport:id/tvUserName')'完成
2023-03-23 17:17:05 INFO 查找元素'(('id', 'com.inkr.sport:id/tvAccountLogin'),)'完成
2023-03-23 17:17:36 INFO 点击元素'('id', 'com.inkr.sport:id/tvAccountLogin')'完成
2023-03-23 17:19:26 INFO 查找元素'(('id', 'com.inkr.sport:id/etPd'),)'完成
2023-03-23 17:20:57 INFO 查找元素'(('id', 'com.inkr.sport:id/ivPolicyCheckBox'),)'完成
2023-03-23 17:21:27 INFO 点击元素'('id', 'com.inkr.sport:id/ivPolicyCheckBox')'完成
2023-03-23 17:21:57 INFO 查找元素'(('id', 'com.inkr.sport:id/btLogin'),)'完成
2023-03-23 17:22:18 INFO 点击元素'('id', 'com.inkr.sport:id/btLogin')'完成
2023-03-23 17:22:18 INFO 登录成功账号:13000000011 密码：abc123456
2023-03-23 17:22:20 INFO 查找元素'(('id', 'com.inkr.sport:id/tvExpert'),)'完成
2023-03-23 17:22:20 INFO 点击元素'('id', 'com.inkr.sport:id/tvExpert')'完成
2023-03-23 17:22:21 INFO 查找元素'(('id', 'com.inkr.sport:id/tvMenuName'),)'完成
2023-03-23 17:22:21 INFO 点击元素'('id', 'com.inkr.sport:id/tvMenuName')'完成
2023-03-23 17:22:23 INFO 查找元素'(('id', 'com.inkr.sport:id/tvNotMind'),)'完成
2023-03-23 17:22:23 INFO 点击元素'('id', 'com.inkr.sport:id/tvNotMind')'完成
2023-03-23 17:22:24 INFO 查找元素'(('id', 'com.inkr.sport:id/tvConfirm'),)'完成
2023-03-23 17:22:24 INFO 点击元素'('id', 'com.inkr.sport:id/tvConfirm')'完成
2023-03-23 17:22:25 INFO 查找元素'(('id', 'com.inkr.sport:id/tvIKnow'),)'完成
2023-03-23 17:22:25 INFO 点击元素'('id', 'com.inkr.sport:id/tvIKnow')'完成
2023-03-23 17:22:25 INFO 查找元素'(('id', 'com.inkr.sport:id/rlAddMatch'),)'完成
2023-03-23 17:22:27 INFO 点击元素'('id', 'com.inkr.sport:id/rlAddMatch')'完成
2023-03-23 17:22:27 INFO 查找元素'(('id', 'com.inkr.sport:id/tvBasketball'),)'完成
2023-03-23 17:22:27 INFO 点击元素'('id', 'com.inkr.sport:id/tvBasketball')'完成
2023-03-23 17:22:48 ERROR 获取元素'(('xpath', "//*[@text='大小分']"),)'失败，原因：Message: 
Stacktrace:
NoSuchElementError: An element could not be located on the page using the given search parameters.
    at AndroidUiautomator2Driver.findElOrEls (E:\Appium-Server-GUI-windows-1.22.3-4\resources\app\node_modules\appium\node_modules\appium-android-driver\lib\commands\find.js:75:11)
    at runMicrotasks (<anonymous>)
    at processTicksAndRejections (internal/process/task_queues.js:97:5)
    at AndroidUiautomator2Driver.findElOrElsWithProcessing (E:\Appium-Server-GUI-windows-1.22.3-4\resources\app\node_modules\appium\node_modules\appium-base-driver\lib\basedriver\commands\find.js:33:12)
    at AndroidUiautomator2Driver.findElement (E:\Appium-Server-GUI-windows-1.22.3-4\resources\app\node_modules\appium\node_modules\appium-base-driver\lib\basedriver\commands\find.js:53:10)
2023-03-23 17:38:57 INFO 其他玩法选择完成
2023-03-23 17:38:57 INFO *********开始启动APP*********
2023-03-23 17:38:57 INFO 手机参数：{'platformName': 'android', 'platformVersion': '12', 'deviceName': '127.0.0.1:7555', 'automationName': 'UiAutomator2', 'appPackage': 'com.inkr.sport', 'appActivity': 'com.inkr.sport.activities.SplashActivity'}
2023-03-23 17:39:04 INFO *********启动成功*********
2023-03-23 17:39:05 INFO 查找元素'(('id', 'com.inkr.sport:id/tvPopAgreementAgree'),)'完成
2023-03-23 17:39:05 INFO 点击元素'('id', 'com.inkr.sport:id/tvPopAgreementAgree')'完成
2023-03-23 17:39:05 INFO 开始左滑
2023-03-23 17:39:06 INFO 左滑1次
2023-03-23 17:39:08 INFO 左滑2次
2023-03-23 17:39:08 INFO 左滑完成
2023-03-23 17:39:09 INFO 查找元素'(('id', 'com.inkr.sport:id/ivEnterApp'),)'完成
2023-03-23 17:39:09 INFO 点击元素'('id', 'com.inkr.sport:id/ivEnterApp')'完成
2023-03-23 17:39:11 INFO 查找元素'(('id', 'com.inkr.sport:id/ivTbMine'),)'完成
2023-03-23 17:39:12 INFO 点击元素'('id', 'com.inkr.sport:id/ivTbMine')'完成
2023-03-23 17:39:12 INFO 查找元素'(('id', 'com.inkr.sport:id/tvUserName'),)'完成
2023-03-23 17:39:22 INFO 点击元素'('id', 'com.inkr.sport:id/tvUserName')'完成
2023-03-23 17:39:52 INFO 查找元素'(('id', 'com.inkr.sport:id/tvAccountLogin'),)'完成
2023-03-23 17:40:22 INFO 点击元素'('id', 'com.inkr.sport:id/tvAccountLogin')'完成
2023-03-23 17:42:13 INFO 查找元素'(('id', 'com.inkr.sport:id/etPd'),)'完成
2023-03-23 17:43:44 INFO 查找元素'(('id', 'com.inkr.sport:id/ivPolicyCheckBox'),)'完成
2023-03-23 17:44:14 INFO 点击元素'('id', 'com.inkr.sport:id/ivPolicyCheckBox')'完成
2023-03-23 17:44:44 INFO 查找元素'(('id', 'com.inkr.sport:id/btLogin'),)'完成
2023-03-23 17:45:05 INFO 点击元素'('id', 'com.inkr.sport:id/btLogin')'完成
2023-03-23 17:45:05 INFO 登录成功账号:13000000011 密码：abc123456
2023-03-23 17:45:06 INFO 查找元素'(('id', 'com.inkr.sport:id/tvExpert'),)'完成
2023-03-23 17:45:06 INFO 点击元素'('id', 'com.inkr.sport:id/tvExpert')'完成
2023-03-23 17:45:07 INFO 查找元素'(('id', 'com.inkr.sport:id/tvMenuName'),)'完成
2023-03-23 17:45:07 INFO 点击元素'('id', 'com.inkr.sport:id/tvMenuName')'完成
2023-03-23 17:45:09 INFO 查找元素'(('id', 'com.inkr.sport:id/tvNotMind'),)'完成
2023-03-23 17:45:09 INFO 点击元素'('id', 'com.inkr.sport:id/tvNotMind')'完成
2023-03-23 17:45:09 INFO 查找元素'(('id', 'com.inkr.sport:id/tvConfirm'),)'完成
2023-03-23 17:45:09 INFO 点击元素'('id', 'com.inkr.sport:id/tvConfirm')'完成
2023-03-23 17:45:10 INFO 查找元素'(('id', 'com.inkr.sport:id/tvIKnow'),)'完成
2023-03-23 17:45:11 INFO 点击元素'('id', 'com.inkr.sport:id/tvIKnow')'完成
2023-03-23 17:45:11 INFO 查找元素'(('id', 'com.inkr.sport:id/rlAddMatch'),)'完成
2023-03-23 17:45:13 INFO 点击元素'('id', 'com.inkr.sport:id/rlAddMatch')'完成
2023-03-23 17:45:13 INFO 查找元素'(('id', 'com.inkr.sport:id/tvBasketball'),)'完成
2023-03-23 17:45:13 INFO 点击元素'('id', 'com.inkr.sport:id/tvBasketball')'完成
2023-03-23 17:45:26 INFO 其他玩法选择完成
2023-03-23 17:45:26 INFO *********开始启动APP*********
2023-03-23 17:45:26 INFO 手机参数：{'platformName': 'android', 'platformVersion': '12', 'deviceName': '127.0.0.1:7555', 'automationName': 'UiAutomator2', 'appPackage': 'com.inkr.sport', 'appActivity': 'com.inkr.sport.activities.SplashActivity'}
2023-03-23 17:45:33 INFO *********启动成功*********
2023-03-23 17:45:34 INFO 查找元素'(('id', 'com.inkr.sport:id/tvPopAgreementAgree'),)'完成
2023-03-23 17:45:34 INFO 点击元素'('id', 'com.inkr.sport:id/tvPopAgreementAgree')'完成
2023-03-23 17:45:34 INFO 开始左滑
2023-03-23 17:45:35 INFO 左滑1次
2023-03-23 17:45:37 INFO 左滑2次
2023-03-23 17:45:37 INFO 左滑完成
2023-03-23 17:45:37 INFO 查找元素'(('id', 'com.inkr.sport:id/ivEnterApp'),)'完成
2023-03-23 17:45:38 INFO 点击元素'('id', 'com.inkr.sport:id/ivEnterApp')'完成
2023-03-23 17:45:40 INFO 查找元素'(('id', 'com.inkr.sport:id/ivTbMine'),)'完成
2023-03-23 17:45:41 INFO 点击元素'('id', 'com.inkr.sport:id/ivTbMine')'完成
2023-03-23 17:45:41 INFO 查找元素'(('id', 'com.inkr.sport:id/tvUserName'),)'完成
2023-03-23 17:45:41 INFO 点击元素'('id', 'com.inkr.sport:id/tvUserName')'完成
2023-03-23 17:46:12 INFO 查找元素'(('id', 'com.inkr.sport:id/tvAccountLogin'),)'完成
2023-03-23 17:47:23 INFO 其他玩法选择完成
2023-03-23 17:47:23 INFO *********开始启动APP*********
2023-03-23 17:47:23 INFO 手机参数：{'platformName': 'android', 'platformVersion': '12', 'deviceName': '127.0.0.1:7555', 'automationName': 'UiAutomator2', 'appPackage': 'com.inkr.sport', 'appActivity': 'com.inkr.sport.activities.SplashActivity'}
2023-03-23 17:47:30 INFO *********启动成功*********
2023-03-23 17:47:30 INFO 查找元素'(('id', 'com.inkr.sport:id/tvPopAgreementAgree'),)'完成
2023-03-23 17:47:30 INFO 点击元素'('id', 'com.inkr.sport:id/tvPopAgreementAgree')'完成
2023-03-23 17:47:30 INFO 开始左滑
2023-03-23 17:47:32 INFO 左滑1次
2023-03-23 17:47:33 INFO 左滑2次
2023-03-23 17:47:33 INFO 左滑完成
2023-03-23 17:47:34 INFO 查找元素'(('id', 'com.inkr.sport:id/ivEnterApp'),)'完成
2023-03-23 17:47:36 INFO 点击元素'('id', 'com.inkr.sport:id/ivEnterApp')'完成
2023-03-23 17:47:36 INFO 查找元素'(('id', 'com.inkr.sport:id/ivTbMine'),)'完成
2023-03-23 17:47:36 INFO 点击元素'('id', 'com.inkr.sport:id/ivTbMine')'完成
2023-03-23 17:47:36 INFO 查找元素'(('id', 'com.inkr.sport:id/tvUserName'),)'完成
2023-03-23 17:47:37 INFO 点击元素'('id', 'com.inkr.sport:id/tvUserName')'完成
2023-03-23 17:48:07 INFO 查找元素'(('id', 'com.inkr.sport:id/tvAccountLogin'),)'完成
2023-03-23 17:48:37 INFO 点击元素'('id', 'com.inkr.sport:id/tvAccountLogin')'完成
2023-03-23 17:50:28 INFO 查找元素'(('id', 'com.inkr.sport:id/etPd'),)'完成
2023-03-23 17:51:58 INFO 查找元素'(('id', 'com.inkr.sport:id/ivPolicyCheckBox'),)'完成
2023-03-23 17:52:28 INFO 点击元素'('id', 'com.inkr.sport:id/ivPolicyCheckBox')'完成
2023-03-23 17:52:59 INFO 查找元素'(('id', 'com.inkr.sport:id/btLogin'),)'完成
2023-03-23 17:53:19 INFO 点击元素'('id', 'com.inkr.sport:id/btLogin')'完成
2023-03-23 17:53:19 INFO 登录成功账号:13000000011 密码：abc123456
2023-03-23 17:53:21 INFO 查找元素'(('id', 'com.inkr.sport:id/tvExpert'),)'完成
2023-03-23 17:53:21 INFO 点击元素'('id', 'com.inkr.sport:id/tvExpert')'完成
2023-03-23 17:53:22 INFO 查找元素'(('id', 'com.inkr.sport:id/tvMenuName'),)'完成
2023-03-23 17:53:22 INFO 点击元素'('id', 'com.inkr.sport:id/tvMenuName')'完成
2023-03-23 17:53:23 INFO 查找元素'(('id', 'com.inkr.sport:id/tvNotMind'),)'完成
2023-03-23 17:53:24 INFO 点击元素'('id', 'com.inkr.sport:id/tvNotMind')'完成
2023-03-23 17:53:24 INFO 查找元素'(('id', 'com.inkr.sport:id/tvConfirm'),)'完成
2023-03-23 17:53:24 INFO 点击元素'('id', 'com.inkr.sport:id/tvConfirm')'完成
2023-03-23 17:53:24 INFO 查找元素'(('id', 'com.inkr.sport:id/tvIKnow'),)'完成
2023-03-23 17:53:24 INFO 点击元素'('id', 'com.inkr.sport:id/tvIKnow')'完成
2023-03-23 17:53:25 INFO 查找元素'(('id', 'com.inkr.sport:id/rlAddMatch'),)'完成
2023-03-23 17:53:27 INFO 点击元素'('id', 'com.inkr.sport:id/rlAddMatch')'完成
2023-03-23 17:53:27 INFO 查找元素'(('id', 'com.inkr.sport:id/tvBasketball'),)'完成
2023-03-23 17:53:27 INFO 点击元素'('id', 'com.inkr.sport:id/tvBasketball')'完成
2023-03-23 17:53:28 INFO 查找元素'(('xpath', '//*[@resource-id="com.inkr.sport:id/recyclerView"]/android.view.ViewGroup[2]'),)'完成
2023-03-23 17:53:28 INFO 点击元素'('xpath', '//*[@resource-id="com.inkr.sport:id/recyclerView"]/android.view.ViewGroup[2]')'完成
2023-03-23 17:53:28 INFO 选择了第1比赛
2023-03-23 17:53:29 INFO 查找元素'(('xpath', "//*[@text='大小分']"),)'完成
2023-03-23 17:53:30 INFO 点击元素'('xpath', "//*[@text='大小分']")'完成
2023-03-23 17:53:30 INFO 选择的玩法类型：竞篮，选择了第1比赛，选择的玩法方式：大小分
2023-03-23 17:53:30 INFO 查找元素'(('id', 'com.inkr.sport:id/firstItem'),)'完成
2023-03-23 17:53:30 INFO 点击元素'('id', 'com.inkr.sport:id/firstItem')'完成
2023-03-23 17:53:30 INFO 没有选择主推次推，单选一个结果
2023-03-23 17:53:50 ERROR 获取元素'(('id', 'com.inkr.sport:id/tvSelect'),)'失败，原因：Message: 
Stacktrace:
NoSuchElementError: An element could not be located on the page using the given search parameters.
    at AndroidUiautomator2Driver.findElOrEls (E:\Appium-Server-GUI-windows-1.22.3-4\resources\app\node_modules\appium\node_modules\appium-android-driver\lib\commands\find.js:75:11)
    at runMicrotasks (<anonymous>)
    at processTicksAndRejections (internal/process/task_queues.js:97:5)
    at AndroidUiautomator2Driver.findElOrElsWithProcessing (E:\Appium-Server-GUI-windows-1.22.3-4\resources\app\node_modules\appium\node_modules\appium-base-driver\lib\basedriver\commands\find.js:33:12)
    at AndroidUiautomator2Driver.findElement (E:\Appium-Server-GUI-windows-1.22.3-4\resources\app\node_modules\appium\node_modules\appium-base-driver\lib\basedriver\commands\find.js:53:10)
2023-03-23 17:54:35 INFO 其他玩法选择完成
2023-03-23 17:54:35 INFO *********开始启动APP*********
2023-03-23 17:54:35 INFO 手机参数：{'platformName': 'android', 'platformVersion': '12', 'deviceName': '127.0.0.1:7555', 'automationName': 'UiAutomator2', 'appPackage': 'com.inkr.sport', 'appActivity': 'com.inkr.sport.activities.SplashActivity'}
2023-03-23 17:54:42 INFO *********启动成功*********
2023-03-23 17:54:42 INFO 查找元素'(('id', 'com.inkr.sport:id/tvPopAgreementAgree'),)'完成
2023-03-23 17:54:42 INFO 点击元素'('id', 'com.inkr.sport:id/tvPopAgreementAgree')'完成
2023-03-23 17:54:42 INFO 开始左滑
2023-03-23 17:54:44 INFO 左滑1次
2023-03-23 17:54:45 INFO 左滑2次
2023-03-23 17:54:45 INFO 左滑完成
2023-03-23 17:54:46 INFO 查找元素'(('id', 'com.inkr.sport:id/ivEnterApp'),)'完成
2023-03-23 17:54:46 INFO 点击元素'('id', 'com.inkr.sport:id/ivEnterApp')'完成
2023-03-23 17:54:48 INFO 查找元素'(('id', 'com.inkr.sport:id/ivTbMine'),)'完成
2023-03-23 17:54:49 INFO 点击元素'('id', 'com.inkr.sport:id/ivTbMine')'完成
2023-03-23 17:54:49 INFO 查找元素'(('id', 'com.inkr.sport:id/tvUserName'),)'完成
2023-03-23 17:54:59 INFO 点击元素'('id', 'com.inkr.sport:id/tvUserName')'完成
2023-03-23 17:55:29 INFO 查找元素'(('id', 'com.inkr.sport:id/tvAccountLogin'),)'完成
2023-03-23 17:55:59 INFO 点击元素'('id', 'com.inkr.sport:id/tvAccountLogin')'完成
2023-03-23 17:57:50 INFO 查找元素'(('id', 'com.inkr.sport:id/etPd'),)'完成
2023-03-23 17:59:21 INFO 查找元素'(('id', 'com.inkr.sport:id/ivPolicyCheckBox'),)'完成
2023-03-23 17:59:51 INFO 点击元素'('id', 'com.inkr.sport:id/ivPolicyCheckBox')'完成
2023-03-23 18:00:21 INFO 查找元素'(('id', 'com.inkr.sport:id/btLogin'),)'完成
2023-03-23 18:00:42 INFO 点击元素'('id', 'com.inkr.sport:id/btLogin')'完成
2023-03-23 18:00:42 INFO 登录成功账号:13000000011 密码：abc123456
2023-03-23 18:01:44 INFO 其他玩法选择完成
2023-03-23 18:01:44 INFO *********开始启动APP*********
2023-03-23 18:01:44 INFO 手机参数：{'platformName': 'android', 'platformVersion': '12', 'deviceName': '127.0.0.1:7555', 'automationName': 'UiAutomator2', 'appPackage': 'com.inkr.sport', 'appActivity': 'com.inkr.sport.activities.SplashActivity'}
2023-03-23 18:01:50 INFO *********启动成功*********
2023-03-23 18:01:51 INFO 查找元素'(('id', 'com.inkr.sport:id/tvPopAgreementAgree'),)'完成
2023-03-23 18:01:51 INFO 点击元素'('id', 'com.inkr.sport:id/tvPopAgreementAgree')'完成
2023-03-23 18:01:51 INFO 开始左滑
2023-03-23 18:01:52 INFO 左滑1次
2023-03-23 18:01:53 INFO 左滑2次
2023-03-23 18:01:53 INFO 左滑完成
2023-03-23 18:01:54 INFO 查找元素'(('id', 'com.inkr.sport:id/ivEnterApp'),)'完成
2023-03-23 18:01:54 INFO 点击元素'('id', 'com.inkr.sport:id/ivEnterApp')'完成
2023-03-23 18:01:57 INFO 查找元素'(('id', 'com.inkr.sport:id/ivTbMine'),)'完成
2023-03-23 18:01:57 INFO 点击元素'('id', 'com.inkr.sport:id/ivTbMine')'完成
2023-03-23 18:01:57 INFO 查找元素'(('id', 'com.inkr.sport:id/tvUserName'),)'完成
2023-03-23 18:01:57 INFO 点击元素'('id', 'com.inkr.sport:id/tvUserName')'完成
2023-03-23 18:02:29 INFO 查找元素'(('id', 'com.inkr.sport:id/tvAccountLogin'),)'完成
2023-03-23 18:02:59 INFO 点击元素'('id', 'com.inkr.sport:id/tvAccountLogin')'完成
2023-03-23 18:04:49 INFO 查找元素'(('id', 'com.inkr.sport:id/etPd'),)'完成
2023-03-23 18:06:20 INFO 查找元素'(('id', 'com.inkr.sport:id/ivPolicyCheckBox'),)'完成
2023-03-23 18:06:50 INFO 点击元素'('id', 'com.inkr.sport:id/ivPolicyCheckBox')'完成
2023-03-23 18:07:20 INFO 查找元素'(('id', 'com.inkr.sport:id/btLogin'),)'完成
2023-03-23 18:07:41 INFO 点击元素'('id', 'com.inkr.sport:id/btLogin')'完成
2023-03-23 18:07:41 INFO 登录成功账号:13000000011 密码：abc123456
2023-03-23 18:07:43 INFO 查找元素'(('id', 'com.inkr.sport:id/tvExpert'),)'完成
2023-03-23 18:07:43 INFO 点击元素'('id', 'com.inkr.sport:id/tvExpert')'完成
2023-03-23 18:07:44 INFO 查找元素'(('id', 'com.inkr.sport:id/tvMenuName'),)'完成
2023-03-23 18:07:44 INFO 点击元素'('id', 'com.inkr.sport:id/tvMenuName')'完成
2023-03-23 18:07:46 INFO 查找元素'(('id', 'com.inkr.sport:id/tvNotMind'),)'完成
2023-03-23 18:07:46 INFO 点击元素'('id', 'com.inkr.sport:id/tvNotMind')'完成
2023-03-23 18:07:46 INFO 查找元素'(('id', 'com.inkr.sport:id/tvConfirm'),)'完成
2023-03-23 18:07:46 INFO 点击元素'('id', 'com.inkr.sport:id/tvConfirm')'完成
2023-03-23 18:07:47 INFO 查找元素'(('id', 'com.inkr.sport:id/tvIKnow'),)'完成
2023-03-23 18:07:48 INFO 点击元素'('id', 'com.inkr.sport:id/tvIKnow')'完成
2023-03-23 18:07:48 INFO 查找元素'(('id', 'com.inkr.sport:id/rlAddMatch'),)'完成
2023-03-23 18:07:49 INFO 点击元素'('id', 'com.inkr.sport:id/rlAddMatch')'完成
2023-03-23 18:07:49 INFO 查找元素'(('id', 'com.inkr.sport:id/tvBasketball'),)'完成
2023-03-23 18:07:49 INFO 点击元素'('id', 'com.inkr.sport:id/tvBasketball')'完成
2023-03-23 18:07:50 INFO 查找元素'(('xpath', '//*[@resource-id="com.inkr.sport:id/recyclerView"]/android.view.ViewGroup[2]'),)'完成
2023-03-23 18:07:50 INFO 点击元素'('xpath', '//*[@resource-id="com.inkr.sport:id/recyclerView"]/android.view.ViewGroup[2]')'完成
2023-03-23 18:07:50 INFO 选择了第1比赛
2023-03-23 18:07:51 INFO 查找元素'(('xpath', "//*[@text='大小分']"),)'完成
2023-03-23 18:07:52 INFO 点击元素'('xpath', "//*[@text='大小分']")'完成
2023-03-23 18:07:52 INFO 选择的玩法类型：竞篮，选择了第1比赛，选择的玩法方式：大小分
2023-03-23 18:07:52 INFO 查找元素'(('id', 'com.inkr.sport:id/firstItem'),)'完成
2023-03-23 18:07:53 INFO 点击元素'('id', 'com.inkr.sport:id/firstItem')'完成
2023-03-23 18:07:53 INFO 没有选择主推次推，单选一个结果
2023-03-23 18:08:13 ERROR 获取元素'(('id', 'com.inkr.sport:id/tvSelect'),)'失败，原因：Message: 
Stacktrace:
NoSuchElementError: An element could not be located on the page using the given search parameters.
    at AndroidUiautomator2Driver.findElOrEls (E:\Appium-Server-GUI-windows-1.22.3-4\resources\app\node_modules\appium\node_modules\appium-android-driver\lib\commands\find.js:75:11)
    at runMicrotasks (<anonymous>)
    at processTicksAndRejections (internal/process/task_queues.js:97:5)
    at AndroidUiautomator2Driver.findElOrElsWithProcessing (E:\Appium-Server-GUI-windows-1.22.3-4\resources\app\node_modules\appium\node_modules\appium-base-driver\lib\basedriver\commands\find.js:33:12)
    at AndroidUiautomator2Driver.findElement (E:\Appium-Server-GUI-windows-1.22.3-4\resources\app\node_modules\appium\node_modules\appium-base-driver\lib\basedriver\commands\find.js:53:10)
2023-03-23 18:09:30 INFO 其他玩法选择完成
2023-03-23 18:09:30 INFO *********开始启动APP*********
2023-03-23 18:09:30 INFO 手机参数：{'platformName': 'android', 'platformVersion': '12', 'deviceName': '127.0.0.1:7555', 'automationName': 'UiAutomator2', 'appPackage': 'com.inkr.sport', 'appActivity': 'com.inkr.sport.activities.SplashActivity'}
2023-03-23 18:09:37 INFO *********启动成功*********
2023-03-23 18:09:38 INFO 查找元素'(('id', 'com.inkr.sport:id/tvPopAgreementAgree'),)'完成
2023-03-23 18:09:39 INFO 点击元素'('id', 'com.inkr.sport:id/tvPopAgreementAgree')'完成
2023-03-23 18:09:39 INFO 开始左滑
2023-03-23 18:09:40 INFO 左滑1次
2023-03-23 18:09:41 INFO 左滑2次
2023-03-23 18:09:41 INFO 左滑完成
2023-03-23 18:09:42 INFO 查找元素'(('id', 'com.inkr.sport:id/ivEnterApp'),)'完成
2023-03-23 18:09:42 INFO 点击元素'('id', 'com.inkr.sport:id/ivEnterApp')'完成
2023-03-23 18:09:44 INFO 查找元素'(('id', 'com.inkr.sport:id/ivTbMine'),)'完成
2023-03-23 18:09:45 INFO 点击元素'('id', 'com.inkr.sport:id/ivTbMine')'完成
2023-03-23 18:09:45 INFO 查找元素'(('id', 'com.inkr.sport:id/tvUserName'),)'完成
2023-03-23 18:09:45 INFO 点击元素'('id', 'com.inkr.sport:id/tvUserName')'完成
2023-03-23 18:10:15 INFO 查找元素'(('id', 'com.inkr.sport:id/tvAccountLogin'),)'完成
2023-03-23 18:10:45 INFO 点击元素'('id', 'com.inkr.sport:id/tvAccountLogin')'完成
2023-03-23 18:12:36 INFO 查找元素'(('id', 'com.inkr.sport:id/etPd'),)'完成
2023-03-23 18:14:07 INFO 查找元素'(('id', 'com.inkr.sport:id/ivPolicyCheckBox'),)'完成
2023-03-23 18:14:37 INFO 点击元素'('id', 'com.inkr.sport:id/ivPolicyCheckBox')'完成
2023-03-23 18:15:07 INFO 查找元素'(('id', 'com.inkr.sport:id/btLogin'),)'完成
2023-03-23 18:15:28 INFO 点击元素'('id', 'com.inkr.sport:id/btLogin')'完成
2023-03-23 18:15:28 INFO 登录成功账号:13000000011 密码：abc123456
2023-03-23 18:15:29 INFO 查找元素'(('id', 'com.inkr.sport:id/tvExpert'),)'完成
2023-03-23 18:15:30 INFO 点击元素'('id', 'com.inkr.sport:id/tvExpert')'完成
2023-03-23 18:15:30 INFO 查找元素'(('id', 'com.inkr.sport:id/tvMenuName'),)'完成
2023-03-23 18:15:30 INFO 点击元素'('id', 'com.inkr.sport:id/tvMenuName')'完成
2023-03-23 18:15:32 INFO 查找元素'(('id', 'com.inkr.sport:id/tvNotMind'),)'完成
2023-03-23 18:15:32 INFO 点击元素'('id', 'com.inkr.sport:id/tvNotMind')'完成
2023-03-23 18:15:33 INFO 查找元素'(('id', 'com.inkr.sport:id/tvConfirm'),)'完成
2023-03-23 18:15:33 INFO 点击元素'('id', 'com.inkr.sport:id/tvConfirm')'完成
2023-03-23 18:15:34 INFO 查找元素'(('id', 'com.inkr.sport:id/tvIKnow'),)'完成
2023-03-23 18:15:34 INFO 点击元素'('id', 'com.inkr.sport:id/tvIKnow')'完成
2023-03-23 18:15:34 INFO 查找元素'(('id', 'com.inkr.sport:id/rlAddMatch'),)'完成
2023-03-23 18:15:34 INFO 点击元素'('id', 'com.inkr.sport:id/rlAddMatch')'完成
2023-03-23 18:15:36 INFO 查找元素'(('id', 'com.inkr.sport:id/tvBasketball'),)'完成
2023-03-23 18:15:36 INFO 点击元素'('id', 'com.inkr.sport:id/tvBasketball')'完成
2023-03-23 18:15:37 INFO 查找元素'(('xpath', '//*[@resource-id="com.inkr.sport:id/recyclerView"]/android.view.ViewGroup[2]'),)'完成
2023-03-23 18:15:37 INFO 点击元素'('xpath', '//*[@resource-id="com.inkr.sport:id/recyclerView"]/android.view.ViewGroup[2]')'完成
2023-03-23 18:15:37 INFO 选择了第1比赛
2023-03-23 18:15:38 INFO 查找元素'(('xpath', "//*[@text='大小分']"),)'完成
2023-03-23 18:15:39 INFO 点击元素'('xpath', "//*[@text='大小分']")'完成
2023-03-23 18:15:39 INFO 选择的玩法类型：竞篮，选择了第1比赛，选择的玩法方式：大小分
2023-03-23 18:15:39 INFO 查找元素'(('id', 'com.inkr.sport:id/firstItem'),)'完成
2023-03-23 18:15:39 INFO 点击元素'('id', 'com.inkr.sport:id/firstItem')'完成
2023-03-23 18:15:39 INFO 没有选择主推次推，单选一个结果
2023-03-23 18:15:39 INFO 查找元素'(('xpath', '//*[@resource-id ="com.inkr.sport:id/glPrice"]/android.view.ViewGroup[3]'),)'完成
2023-03-23 18:15:39 INFO 点击元素'('xpath', '//*[@resource-id ="com.inkr.sport:id/glPrice"]/android.view.ViewGroup[3]')'完成
2023-03-23 18:15:39 INFO 开始上滑
2023-03-23 18:15:40 INFO 上滑完成
2023-03-23 18:15:40 INFO 查找元素'现金红包'完成
2023-03-23 18:15:41 INFO 点击元素'现金红包'完成
2023-03-23 18:15:41 INFO 查找元素'(('id', 'com.inkr.sport:id/tvSelectGoods'),)'完成
2023-03-23 18:15:42 INFO 点击元素'('id', 'com.inkr.sport:id/tvSelectGoods')'完成
2023-03-23 18:15:42 INFO 点击元素'('id', 'com.inkr.sport:id/ivAward')'完成
2023-03-23 18:15:43 INFO 查找元素'(('id', 'com.inkr.sport:id/tvAllNum'),)'完成
2023-03-23 18:15:43 INFO 点击元素'('id', 'com.inkr.sport:id/tvAllNum')'完成
2023-03-23 18:15:43 INFO 查找元素'(('id', 'com.inkr.sport:id/tvTitle'),)'完成
2023-03-23 18:15:44 INFO 点击元素'('id', 'com.inkr.sport:id/tvTitle')'完成
2023-03-23 18:15:44 INFO 查找元素'(('id', 'com.inkr.sport:id/etContent'),)'完成
2023-03-23 18:15:46 INFO 查找元素'(('id', 'com.inkr.sport:id/tvConfirm'),)'完成
2023-03-23 18:15:46 INFO 点击元素'('id', 'com.inkr.sport:id/tvConfirm')'完成
2023-03-23 18:15:47 INFO 查找元素'(('id', 'com.inkr.sport:id/tvRecommend'),)'完成
2023-03-23 18:15:47 INFO 点击元素'('id', 'com.inkr.sport:id/tvRecommend')'完成
2023-03-23 18:15:48 INFO 查找元素'(('id', 'com.inkr.sport:id/etContent'),)'完成
2023-03-23 18:15:49 INFO 查找元素'(('id', 'com.inkr.sport:id/tvConfirm'),)'完成
2023-03-23 18:15:49 INFO 点击元素'('id', 'com.inkr.sport:id/tvConfirm')'完成
2023-03-23 18:15:50 INFO 查找元素'(('id', 'com.inkr.sport:id/tvContent'),)'完成
2023-03-23 18:15:50 INFO 点击元素'('id', 'com.inkr.sport:id/tvContent')'完成
2023-03-23 18:15:50 INFO 查找元素'(('id', 'com.inkr.sport:id/etContent'),)'完成
2023-03-23 18:15:52 INFO 查找元素'(('id', 'com.inkr.sport:id/tvConfirm'),)'完成
2023-03-23 18:15:52 INFO 点击元素'('id', 'com.inkr.sport:id/tvConfirm')'完成
2023-03-23 18:15:52 INFO 查找元素'(('id', 'com.inkr.sport:id/tvPublish'),)'完成
2023-03-23 18:15:53 INFO 点击元素'('id', 'com.inkr.sport:id/tvPublish')'完成
2023-03-23 18:15:53 INFO 查找元素'(('id', 'com.inkr.sport:id/tvPublish'),)'完成
2023-03-23 18:15:54 INFO 点击元素'('id', 'com.inkr.sport:id/tvPublish')'完成
2023-03-23 18:15:54 INFO 发布方案成功
