2023-04-28 10:14:12 INFO *********开始启动APP*********
2023-04-28 10:14:12 INFO 手机参数：{'platformName': 'android', 'platformVersion': '12', 'deviceName': '127.0.0.1:7555', 'automationName': 'UiAutomator2', 'appPackage': 'com.inkr.sport', 'appActivity': 'com.inkr.sport.activities.SplashActivity'}
2023-04-28 10:14:19 INFO *********启动成功*********
2023-04-28 10:14:19 INFO **************用例开始执行**************
2023-04-28 10:14:19 INFO 查找元素'(('id', 'com.inkr.sport:id/tvPopAgreementAgree'),)'完成
2023-04-28 10:14:19 INFO 点击元素'('id', 'com.inkr.sport:id/tvPopAgreementAgree')'完成
2023-04-28 10:14:19 INFO 开始左滑
2023-04-28 10:14:21 INFO 左滑1次
2023-04-28 10:14:22 INFO 左滑2次
2023-04-28 10:14:22 INFO 左滑完成
2023-04-28 10:14:23 INFO 查找元素'(('id', 'com.inkr.sport:id/ivEnterApp'),)'完成
2023-04-28 10:14:23 INFO 点击元素'('id', 'com.inkr.sport:id/ivEnterApp')'完成
2023-04-28 10:14:27 INFO 查找元素'(('id', 'com.inkr.sport:id/ivTbMine'),)'完成
2023-04-28 10:14:27 INFO 点击元素'('id', 'com.inkr.sport:id/ivTbMine')'完成
2023-04-28 10:14:28 INFO 查找元素'(('id', 'com.inkr.sport:id/tvUserName'),)'完成
2023-04-28 10:14:38 INFO 点击元素'('id', 'com.inkr.sport:id/tvUserName')'完成
2023-04-28 10:15:08 INFO 查找元素'(('id', 'com.inkr.sport:id/tvAccountLogin'),)'完成
2023-04-28 10:15:38 INFO 点击元素'('id', 'com.inkr.sport:id/tvAccountLogin')'完成
2023-04-28 10:17:29 INFO 查找元素'(('id', 'com.inkr.sport:id/etPd'),)'完成
2023-04-28 10:18:59 INFO 查找元素'(('id', 'com.inkr.sport:id/ivPolicyCheckBox'),)'完成
2023-04-28 10:19:29 INFO 点击元素'('id', 'com.inkr.sport:id/ivPolicyCheckBox')'完成
2023-04-28 10:20:00 INFO 查找元素'(('id', 'com.inkr.sport:id/btLogin'),)'完成
2023-04-28 10:20:30 INFO 点击元素'('id', 'com.inkr.sport:id/btLogin')'完成
2023-04-28 10:20:30 INFO 登录账号:23000000011 密码：abc123456
2023-04-28 10:21:00 INFO 查找元素'(('id', 'com.inkr.sport:id/ivAuthQQ'),)'完成
2023-04-28 10:21:20 INFO 用户信息的value为：com.inkr.sport:id/ivAuthQQ
2023-04-28 10:21:50 INFO 查找元素'(('id', 'com.inkr.sport:id/tvAccountLogin'),)'完成
2023-04-28 10:22:20 INFO 点击元素'('id', 'com.inkr.sport:id/tvAccountLogin')'完成
2023-04-28 10:24:11 INFO 查找元素'(('id', 'com.inkr.sport:id/etPd'),)'完成
2023-04-28 10:25:41 INFO 查找元素'(('id', 'com.inkr.sport:id/btLogin'),)'完成
2023-04-28 10:26:11 INFO 点击元素'('id', 'com.inkr.sport:id/btLogin')'完成
2023-04-28 10:26:11 INFO 登录账号:33000000011 密码：ab555c123456
2023-04-28 10:26:42 INFO 查找元素'(('id', 'com.inkr.sport:id/ivAuthQQ'),)'完成
2023-04-28 10:27:02 INFO 用户信息的value为：com.inkr.sport:id/ivAuthQQ
2023-04-28 10:27:32 INFO 查找元素'(('id', 'com.inkr.sport:id/tvAccountLogin'),)'完成
2023-04-28 10:28:02 INFO 点击元素'('id', 'com.inkr.sport:id/tvAccountLogin')'完成
2023-04-28 10:29:53 INFO 查找元素'(('id', 'com.inkr.sport:id/etPd'),)'完成
2023-04-28 10:31:24 INFO 查找元素'(('id', 'com.inkr.sport:id/btLogin'),)'完成
2023-04-28 10:31:54 INFO 点击元素'('id', 'com.inkr.sport:id/btLogin')'完成
2023-04-28 10:31:54 INFO 登录账号:13000000011 密码：abc123456
2023-04-28 10:32:24 INFO 查找元素'(('id', 'com.inkr.sport:id/ivAuthQQ'),)'完成
2023-04-28 10:32:45 INFO 用户信息的value为：com.inkr.sport:id/ivAuthQQ
2023-04-28 10:32:45 INFO **************用例执行结束**************
2023-04-28 10:45:41 INFO *********开始启动APP*********
2023-04-28 10:45:41 INFO 手机参数：{'platformName': 'android', 'platformVersion': '12', 'deviceName': '127.0.0.1:7555', 'automationName': 'UiAutomator2', 'appPackage': 'com.inkr.sport', 'appActivity': 'com.inkr.sport.activities.SplashActivity'}
2023-04-28 10:45:47 INFO *********启动成功*********
2023-04-28 10:45:47 INFO **************用例开始执行**************
2023-04-28 10:45:48 INFO **************用例执行结束**************
2023-04-28 10:45:50 INFO *********开始启动APP*********
2023-04-28 10:45:50 INFO 手机参数：{'platformName': 'android', 'platformVersion': '12', 'deviceName': '127.0.0.1:7555', 'automationName': 'UiAutomator2', 'appPackage': 'com.inkr.sport', 'appActivity': 'com.inkr.sport.activities.SplashActivity'}
2023-04-28 10:45:57 INFO *********启动成功*********
2023-04-28 10:45:57 INFO **************用例开始执行**************
2023-04-28 10:46:17 ERROR 获取元素'(('id', 'com.inkr.sport:id/tvAccountLogin'),)'失败，原因：Message: 
Stacktrace:
NoSuchElementError: An element could not be located on the page using the given search parameters.
    at AndroidUiautomator2Driver.findElOrEls (E:\Appium-Server-GUI-windows-1.22.3-4\resources\app\node_modules\appium\node_modules\appium-android-driver\lib\commands\find.js:75:11)
    at runMicrotasks (<anonymous>)
    at processTicksAndRejections (internal/process/task_queues.js:97:5)
    at AndroidUiautomator2Driver.findElOrElsWithProcessing (E:\Appium-Server-GUI-windows-1.22.3-4\resources\app\node_modules\appium\node_modules\appium-base-driver\lib\basedriver\commands\find.js:33:12)
    at AndroidUiautomator2Driver.findElement (E:\Appium-Server-GUI-windows-1.22.3-4\resources\app\node_modules\appium\node_modules\appium-base-driver\lib\basedriver\commands\find.js:53:10)
2023-04-28 10:46:17 INFO 查找元素'(('id', 'com.inkr.sport:id/tvPopAgreementAgree'),)'完成
2023-04-28 10:46:18 INFO 点击元素'('id', 'com.inkr.sport:id/tvPopAgreementAgree')'完成
2023-04-28 10:46:18 INFO 开始左滑
2023-04-28 10:46:19 INFO 左滑1次
2023-04-28 10:46:20 INFO 左滑2次
2023-04-28 10:46:20 INFO 左滑完成
2023-04-28 10:46:21 INFO 查找元素'(('id', 'com.inkr.sport:id/ivEnterApp'),)'完成
2023-04-28 10:46:21 INFO 点击元素'('id', 'com.inkr.sport:id/ivEnterApp')'完成
2023-04-28 10:46:24 INFO 查找元素'(('id', 'com.inkr.sport:id/ivTbMine'),)'完成
2023-04-28 10:46:24 INFO 点击元素'('id', 'com.inkr.sport:id/ivTbMine')'完成
2023-04-28 10:46:26 INFO 查找元素'(('id', 'com.inkr.sport:id/tvUserName'),)'完成
2023-04-28 10:46:26 INFO 点击元素'('id', 'com.inkr.sport:id/tvUserName')'完成
2023-04-28 10:46:56 INFO 查找元素'(('id', 'com.inkr.sport:id/tvAccountLogin'),)'完成
2023-04-28 10:47:27 INFO 点击元素'('id', 'com.inkr.sport:id/tvAccountLogin')'完成
2023-04-28 10:49:17 INFO 查找元素'(('id', 'com.inkr.sport:id/etPd'),)'完成
2023-04-28 10:50:48 INFO 查找元素'(('id', 'com.inkr.sport:id/ivPolicyCheckBox'),)'完成
2023-04-28 10:51:18 INFO 点击元素'('id', 'com.inkr.sport:id/ivPolicyCheckBox')'完成
2023-04-28 10:51:48 INFO 查找元素'(('id', 'com.inkr.sport:id/btLogin'),)'完成
2023-04-28 10:52:19 INFO 点击元素'('id', 'com.inkr.sport:id/btLogin')'完成
2023-04-28 10:52:19 INFO 登录账号:23000000011 密码：abc123456
2023-04-28 10:52:49 INFO 查找元素'(('id', 'com.inkr.sport:id/ivAuthQQ'),)'完成
2023-04-28 10:53:09 INFO 用户信息的value为：com.inkr.sport:id/ivAuthQQ
2023-04-28 10:53:39 INFO 查找元素'(('id', 'com.inkr.sport:id/tvAccountLogin'),)'完成
2023-04-28 10:54:09 INFO 点击元素'('id', 'com.inkr.sport:id/tvAccountLogin')'完成
2023-04-28 10:56:00 INFO 查找元素'(('id', 'com.inkr.sport:id/etPd'),)'完成
2023-04-28 10:57:30 INFO 查找元素'(('id', 'com.inkr.sport:id/btLogin'),)'完成
2023-04-28 10:58:01 INFO 点击元素'('id', 'com.inkr.sport:id/btLogin')'完成
2023-04-28 10:58:01 INFO 登录账号:33000000011 密码：ab555c123456
2023-04-28 10:58:31 INFO 查找元素'(('id', 'com.inkr.sport:id/ivAuthQQ'),)'完成
2023-04-28 10:58:51 INFO 用户信息的value为：com.inkr.sport:id/ivAuthQQ
2023-04-28 10:59:21 INFO 查找元素'(('id', 'com.inkr.sport:id/tvAccountLogin'),)'完成
2023-04-28 10:59:51 INFO 点击元素'('id', 'com.inkr.sport:id/tvAccountLogin')'完成
2023-04-28 11:01:42 INFO 查找元素'(('id', 'com.inkr.sport:id/etPd'),)'完成
2023-04-28 11:03:12 INFO 查找元素'(('id', 'com.inkr.sport:id/btLogin'),)'完成
2023-04-28 11:03:33 INFO 点击元素'('id', 'com.inkr.sport:id/btLogin')'完成
2023-04-28 11:03:33 INFO 登录账号:13000000012 密码：abc123456
2023-04-28 11:03:35 INFO 查找元素'(('id', 'com.inkr.sport:id/tvUserName'),)'完成
2023-04-28 11:03:35 INFO 用户信息的value为：com.inkr.sport:id/tvUserName
2023-04-28 11:03:36 INFO **************用例执行结束**************
2023-04-28 11:06:15 INFO *********开始启动APP*********
2023-04-28 11:06:15 INFO 手机参数：{'platformName': 'android', 'platformVersion': '12', 'deviceName': '127.0.0.1:7555', 'automationName': 'UiAutomator2', 'appPackage': 'com.inkr.sport', 'appActivity': 'com.inkr.sport.activities.SplashActivity'}
2023-04-28 11:06:21 INFO *********启动成功*********
2023-04-28 11:06:21 INFO **************用例开始执行**************
2023-04-28 11:06:41 ERROR 获取元素'(('id', 'com.inkr.sport:id/tvAccountLogin'),)'失败，原因：Message: 
Stacktrace:
NoSuchElementError: An element could not be located on the page using the given search parameters.
    at AndroidUiautomator2Driver.findElOrEls (E:\Appium-Server-GUI-windows-1.22.3-4\resources\app\node_modules\appium\node_modules\appium-android-driver\lib\commands\find.js:75:11)
    at runMicrotasks (<anonymous>)
    at processTicksAndRejections (internal/process/task_queues.js:97:5)
    at AndroidUiautomator2Driver.findElOrElsWithProcessing (E:\Appium-Server-GUI-windows-1.22.3-4\resources\app\node_modules\appium\node_modules\appium-base-driver\lib\basedriver\commands\find.js:33:12)
    at AndroidUiautomator2Driver.findElement (E:\Appium-Server-GUI-windows-1.22.3-4\resources\app\node_modules\appium\node_modules\appium-base-driver\lib\basedriver\commands\find.js:53:10)
2023-04-28 11:06:41 INFO 查找元素'(('id', 'com.inkr.sport:id/tvPopAgreementAgree'),)'完成
2023-04-28 11:06:41 INFO 点击元素'('id', 'com.inkr.sport:id/tvPopAgreementAgree')'完成
2023-04-28 11:06:41 INFO 开始左滑
2023-04-28 11:06:43 INFO 左滑1次
2023-04-28 11:06:44 INFO 左滑2次
2023-04-28 11:06:44 INFO 左滑完成
2023-04-28 11:06:45 INFO 查找元素'(('id', 'com.inkr.sport:id/ivEnterApp'),)'完成
2023-04-28 11:06:45 INFO 点击元素'('id', 'com.inkr.sport:id/ivEnterApp')'完成
2023-04-28 11:06:48 INFO 查找元素'(('id', 'com.inkr.sport:id/ivTbMine'),)'完成
2023-04-28 11:06:48 INFO 点击元素'('id', 'com.inkr.sport:id/ivTbMine')'完成
2023-04-28 11:06:48 INFO 查找元素'(('id', 'com.inkr.sport:id/tvUserName'),)'完成
2023-04-28 11:06:48 INFO 点击元素'('id', 'com.inkr.sport:id/tvUserName')'完成
2023-04-28 11:07:20 INFO 查找元素'(('id', 'com.inkr.sport:id/tvAccountLogin'),)'完成
2023-04-28 11:07:50 INFO 点击元素'('id', 'com.inkr.sport:id/tvAccountLogin')'完成
2023-04-28 11:09:41 INFO 查找元素'(('id', 'com.inkr.sport:id/etPd'),)'完成
2023-04-28 11:11:11 INFO 查找元素'(('id', 'com.inkr.sport:id/ivPolicyCheckBox'),)'完成
2023-04-28 11:11:42 INFO 点击元素'('id', 'com.inkr.sport:id/ivPolicyCheckBox')'完成
2023-04-28 11:12:12 INFO 查找元素'(('id', 'com.inkr.sport:id/btLogin'),)'完成
2023-04-28 11:12:42 INFO 点击元素'('id', 'com.inkr.sport:id/btLogin')'完成
2023-04-28 11:12:42 INFO 登录账号:23000000011 密码：abc123456
2023-04-28 11:13:12 INFO 查找元素'(('id', 'com.inkr.sport:id/ivAuthQQ'),)'完成
2023-04-28 11:13:32 INFO 用户信息的value为：com.inkr.sport:id/ivAuthQQ
2023-04-28 11:14:03 INFO 查找元素'(('id', 'com.inkr.sport:id/tvAccountLogin'),)'完成
2023-04-28 11:14:33 INFO 点击元素'('id', 'com.inkr.sport:id/tvAccountLogin')'完成
2023-04-28 11:16:23 INFO 查找元素'(('id', 'com.inkr.sport:id/etPd'),)'完成
2023-04-28 11:17:54 INFO 查找元素'(('id', 'com.inkr.sport:id/btLogin'),)'完成
2023-04-28 11:18:24 INFO 点击元素'('id', 'com.inkr.sport:id/btLogin')'完成
2023-04-28 11:18:24 INFO 登录账号:33000000011 密码：ab555c123456
2023-04-28 11:18:54 INFO 查找元素'(('id', 'com.inkr.sport:id/ivAuthQQ'),)'完成
2023-04-28 11:19:14 INFO 用户信息的value为：com.inkr.sport:id/ivAuthQQ
2023-04-28 11:19:44 INFO 查找元素'(('id', 'com.inkr.sport:id/tvAccountLogin'),)'完成
2023-04-28 11:20:15 INFO 点击元素'('id', 'com.inkr.sport:id/tvAccountLogin')'完成
2023-04-28 11:22:05 INFO 查找元素'(('id', 'com.inkr.sport:id/etPd'),)'完成
2023-04-28 11:23:36 INFO 查找元素'(('id', 'com.inkr.sport:id/btLogin'),)'完成
2023-04-28 11:23:57 INFO 点击元素'('id', 'com.inkr.sport:id/btLogin')'完成
2023-04-28 11:23:57 INFO 登录账号:13000000012 密码：abc123456
2023-04-28 11:23:59 INFO 查找元素'(('id', 'com.inkr.sport:id/tvUserName'),)'完成
2023-04-28 11:23:59 INFO 用户信息的value为：com.inkr.sport:id/tvUserName
2023-04-28 11:23:59 INFO **************用例执行结束**************
2023-04-28 11:26:10 INFO *********开始启动APP*********
2023-04-28 11:26:10 INFO 手机参数：{'platformName': 'android', 'platformVersion': '12', 'deviceName': '127.0.0.1:7555', 'automationName': 'UiAutomator2', 'appPackage': 'com.inkr.sport', 'appActivity': 'com.inkr.sport.activities.SplashActivity'}
2023-04-28 11:26:16 INFO *********启动成功*********
2023-04-28 11:26:16 INFO **************用例开始执行**************
2023-04-28 11:26:16 INFO 查找元素'(('id', 'com.inkr.sport:id/tvPopAgreementAgree'),)'完成
2023-04-28 11:26:16 INFO 点击元素'('id', 'com.inkr.sport:id/tvPopAgreementAgree')'完成
2023-04-28 11:26:16 INFO 开始左滑
2023-04-28 11:26:18 INFO 左滑1次
2023-04-28 11:26:19 INFO 左滑2次
2023-04-28 11:26:19 INFO 左滑完成
2023-04-28 11:26:20 INFO 查找元素'(('id', 'com.inkr.sport:id/ivEnterApp'),)'完成
2023-04-28 11:26:20 INFO 点击元素'('id', 'com.inkr.sport:id/ivEnterApp')'完成
2023-04-28 11:26:24 INFO 查找元素'(('id', 'com.inkr.sport:id/ivTbMine'),)'完成
2023-04-28 11:26:25 INFO 点击元素'('id', 'com.inkr.sport:id/ivTbMine')'完成
2023-04-28 11:26:25 INFO 查找元素'(('id', 'com.inkr.sport:id/tvUserName'),)'完成
2023-04-28 11:26:25 INFO 点击元素'('id', 'com.inkr.sport:id/tvUserName')'完成
2023-04-28 11:26:55 INFO 查找元素'(('id', 'com.inkr.sport:id/tvAccountLogin'),)'完成
2023-04-28 11:27:25 INFO 点击元素'('id', 'com.inkr.sport:id/tvAccountLogin')'完成
2023-04-28 11:29:16 INFO 查找元素'(('id', 'com.inkr.sport:id/etPd'),)'完成
2023-04-28 11:30:47 INFO 查找元素'(('id', 'com.inkr.sport:id/ivPolicyCheckBox'),)'完成
2023-04-28 11:31:17 INFO 点击元素'('id', 'com.inkr.sport:id/ivPolicyCheckBox')'完成
2023-04-28 11:31:47 INFO 查找元素'(('id', 'com.inkr.sport:id/btLogin'),)'完成
2023-04-28 11:32:17 INFO 点击元素'('id', 'com.inkr.sport:id/btLogin')'完成
2023-04-28 11:32:17 INFO 登录账号:13000000011 密码：abc12456
2023-04-28 11:32:39 ERROR 获取元素'(('id', 'com.inkr.sport:id/tvUserName'),)'失败，原因：Message: 
Stacktrace:
NoSuchElementError: An element could not be located on the page using the given search parameters.
    at AndroidUiautomator2Driver.findElOrEls (E:\Appium-Server-GUI-windows-1.22.3-4\resources\app\node_modules\appium\node_modules\appium-android-driver\lib\commands\find.js:75:11)
    at runMicrotasks (<anonymous>)
    at processTicksAndRejections (internal/process/task_queues.js:97:5)
    at AndroidUiautomator2Driver.findElOrElsWithProcessing (E:\Appium-Server-GUI-windows-1.22.3-4\resources\app\node_modules\appium\node_modules\appium-base-driver\lib\basedriver\commands\find.js:33:12)
    at AndroidUiautomator2Driver.findElement (E:\Appium-Server-GUI-windows-1.22.3-4\resources\app\node_modules\appium\node_modules\appium-base-driver\lib\basedriver\commands\find.js:53:10)
2023-04-28 11:33:09 INFO 查找元素'(('id', 'com.inkr.sport:id/tvAccountLogin'),)'完成
2023-04-28 11:33:39 INFO 点击元素'('id', 'com.inkr.sport:id/tvAccountLogin')'完成
2023-04-28 11:35:30 INFO 查找元素'(('id', 'com.inkr.sport:id/etPd'),)'完成
2023-04-28 11:37:00 INFO 查找元素'(('id', 'com.inkr.sport:id/btLogin'),)'完成
2023-04-28 11:37:30 INFO 点击元素'('id', 'com.inkr.sport:id/btLogin')'完成
2023-04-28 11:37:30 INFO 登录账号:23000000011 密码：abc123456
2023-04-28 11:38:01 INFO 查找元素'(('id', 'com.inkr.sport:id/ivAuthQQ'),)'完成
2023-04-28 11:38:21 INFO 用户信息的value为：com.inkr.sport:id/ivAuthQQ
2023-04-28 11:38:51 INFO 查找元素'(('id', 'com.inkr.sport:id/tvAccountLogin'),)'完成
2023-04-28 11:39:21 INFO 点击元素'('id', 'com.inkr.sport:id/tvAccountLogin')'完成
2023-04-28 11:41:12 INFO 查找元素'(('id', 'com.inkr.sport:id/etPd'),)'完成
2023-04-28 11:42:42 INFO 查找元素'(('id', 'com.inkr.sport:id/btLogin'),)'完成
2023-04-28 11:43:13 INFO 点击元素'('id', 'com.inkr.sport:id/btLogin')'完成
2023-04-28 11:43:13 INFO 登录账号:33000000011 密码：ab555c123456
2023-04-28 11:43:43 INFO 查找元素'(('id', 'com.inkr.sport:id/ivAuthQQ'),)'完成
2023-04-28 11:44:03 INFO 用户信息的value为：com.inkr.sport:id/ivAuthQQ
2023-04-28 11:44:33 INFO 查找元素'(('id', 'com.inkr.sport:id/tvAccountLogin'),)'完成
2023-04-28 11:45:03 INFO 点击元素'('id', 'com.inkr.sport:id/tvAccountLogin')'完成
2023-04-28 11:46:54 INFO 查找元素'(('id', 'com.inkr.sport:id/etPd'),)'完成
2023-04-28 11:48:24 INFO 查找元素'(('id', 'com.inkr.sport:id/btLogin'),)'完成
2023-04-28 11:48:45 INFO 点击元素'('id', 'com.inkr.sport:id/btLogin')'完成
2023-04-28 11:48:45 INFO 登录账号:13000000012 密码：abc123456
2023-04-28 11:48:48 INFO 查找元素'(('id', 'com.inkr.sport:id/tvUserName'),)'完成
2023-04-28 11:48:48 INFO 用户信息的value为：com.inkr.sport:id/tvUserName
2023-04-28 11:48:48 INFO **************用例执行结束**************
2023-04-28 13:53:33 INFO *********开始启动APP*********
2023-04-28 13:53:33 INFO 手机参数：{'platformName': 'android', 'platformVersion': '12', 'deviceName': '127.0.0.1:7555', 'automationName': 'UiAutomator2', 'appPackage': 'com.inkr.sport', 'appActivity': 'com.inkr.sport.activities.SplashActivity'}
2023-04-28 13:53:39 INFO *********启动成功*********
2023-04-28 13:53:39 INFO **************用例开始执行**************
2023-04-28 13:53:39 INFO 查找元素'(('id', 'com.inkr.sport:id/tvPopAgreementAgree'),)'完成
2023-04-28 13:53:39 INFO 点击元素'('id', 'com.inkr.sport:id/tvPopAgreementAgree')'完成
2023-04-28 13:53:39 INFO 开始左滑
2023-04-28 13:53:41 INFO 左滑1次
2023-04-28 13:53:42 INFO 左滑2次
2023-04-28 13:53:42 INFO 左滑完成
2023-04-28 13:53:43 INFO 查找元素'(('id', 'com.inkr.sport:id/ivEnterApp'),)'完成
2023-04-28 13:53:43 INFO 点击元素'('id', 'com.inkr.sport:id/ivEnterApp')'完成
2023-04-28 13:53:48 INFO 查找元素'(('id', 'com.inkr.sport:id/ivTbMine'),)'完成
2023-04-28 13:53:48 INFO 点击元素'('id', 'com.inkr.sport:id/ivTbMine')'完成
2023-04-28 13:53:48 INFO 查找元素'(('id', 'com.inkr.sport:id/tvUserName'),)'完成
2023-04-28 13:53:49 INFO 点击元素'('id', 'com.inkr.sport:id/tvUserName')'完成
2023-04-28 13:54:19 INFO 查找元素'(('id', 'com.inkr.sport:id/tvAccountLogin'),)'完成
2023-04-28 13:54:49 INFO 点击元素'('id', 'com.inkr.sport:id/tvAccountLogin')'完成
2023-04-28 13:56:39 INFO 查找元素'(('id', 'com.inkr.sport:id/etPd'),)'完成
2023-04-28 13:58:10 INFO 查找元素'(('id', 'com.inkr.sport:id/ivPolicyCheckBox'),)'完成
2023-04-28 13:58:40 INFO 点击元素'('id', 'com.inkr.sport:id/ivPolicyCheckBox')'完成
2023-04-28 13:59:10 INFO 查找元素'(('id', 'com.inkr.sport:id/btLogin'),)'完成
2023-04-28 13:59:41 INFO 点击元素'('id', 'com.inkr.sport:id/btLogin')'完成
2023-04-28 13:59:41 INFO 登录账号:13000000011 密码：abc12456
2023-04-28 14:00:02 ERROR 获取元素'(('id', 'com.inkr.sport:id/tvUserName'),)'失败，原因：Message: 
Stacktrace:
NoSuchElementError: An element could not be located on the page using the given search parameters.
    at AndroidUiautomator2Driver.findElOrEls (E:\Appium-Server-GUI-windows-1.22.3-4\resources\app\node_modules\appium\node_modules\appium-android-driver\lib\commands\find.js:75:11)
    at runMicrotasks (<anonymous>)
    at processTicksAndRejections (internal/process/task_queues.js:97:5)
    at AndroidUiautomator2Driver.findElOrElsWithProcessing (E:\Appium-Server-GUI-windows-1.22.3-4\resources\app\node_modules\appium\node_modules\appium-base-driver\lib\basedriver\commands\find.js:33:12)
    at AndroidUiautomator2Driver.findElement (E:\Appium-Server-GUI-windows-1.22.3-4\resources\app\node_modules\appium\node_modules\appium-base-driver\lib\basedriver\commands\find.js:53:10)
2023-04-28 14:00:32 INFO 查找元素'(('id', 'com.inkr.sport:id/tvAccountLogin'),)'完成
2023-04-28 14:01:02 INFO 点击元素'('id', 'com.inkr.sport:id/tvAccountLogin')'完成
2023-04-28 14:02:53 INFO 查找元素'(('id', 'com.inkr.sport:id/etPd'),)'完成
2023-04-28 14:04:24 INFO 查找元素'(('id', 'com.inkr.sport:id/btLogin'),)'完成
2023-04-28 14:04:54 INFO 点击元素'('id', 'com.inkr.sport:id/btLogin')'完成
2023-04-28 14:04:54 INFO 登录账号:23000000011 密码：abc123456
2023-04-28 14:05:24 INFO 查找元素'(('id', 'com.inkr.sport:id/ivAuthQQ'),)'完成
2023-04-28 14:05:44 INFO 用户信息的value为：com.inkr.sport:id/ivAuthQQ
2023-04-28 14:06:14 INFO 查找元素'(('id', 'com.inkr.sport:id/tvAccountLogin'),)'完成
2023-04-28 14:06:45 INFO 点击元素'('id', 'com.inkr.sport:id/tvAccountLogin')'完成
2023-04-28 14:08:35 INFO 查找元素'(('id', 'com.inkr.sport:id/etPd'),)'完成
2023-04-28 14:10:06 INFO 查找元素'(('id', 'com.inkr.sport:id/btLogin'),)'完成
2023-04-28 14:10:36 INFO 点击元素'('id', 'com.inkr.sport:id/btLogin')'完成
2023-04-28 14:10:36 INFO 登录账号:33000000011 密码：ab555c123456
2023-04-28 14:11:06 INFO 查找元素'(('id', 'com.inkr.sport:id/ivAuthQQ'),)'完成
2023-04-28 14:11:27 INFO 用户信息的value为：com.inkr.sport:id/ivAuthQQ
2023-04-28 14:11:57 INFO 查找元素'(('id', 'com.inkr.sport:id/tvAccountLogin'),)'完成
2023-04-28 14:12:27 INFO 点击元素'('id', 'com.inkr.sport:id/tvAccountLogin')'完成
2023-04-28 14:14:18 INFO 查找元素'(('id', 'com.inkr.sport:id/etPd'),)'完成
2023-04-28 14:15:48 INFO 查找元素'(('id', 'com.inkr.sport:id/btLogin'),)'完成
2023-04-28 14:16:09 INFO 点击元素'('id', 'com.inkr.sport:id/btLogin')'完成
2023-04-28 14:16:09 INFO 登录账号:13000000012 密码：abc123456
2023-04-28 14:16:11 INFO 查找元素'(('id', 'com.inkr.sport:id/tvUserName'),)'完成
2023-04-28 14:16:11 INFO 用户信息的value为：com.inkr.sport:id/tvUserName
2023-04-28 14:16:11 INFO **************用例执行结束**************
2023-04-28 14:17:20 INFO *********开始启动APP*********
2023-04-28 14:17:20 INFO 手机参数：{'platformName': 'android', 'platformVersion': '12', 'deviceName': '127.0.0.1:7555', 'automationName': 'UiAutomator2', 'appPackage': 'com.inkr.sport', 'appActivity': 'com.inkr.sport.activities.SplashActivity'}
2023-04-28 14:17:26 INFO *********启动成功*********
2023-04-28 14:17:26 INFO **************用例开始执行**************
2023-04-28 14:17:27 INFO 查找元素'(('id', 'com.inkr.sport:id/tvPopAgreementAgree'),)'完成
2023-04-28 14:17:27 INFO 点击元素'('id', 'com.inkr.sport:id/tvPopAgreementAgree')'完成
2023-04-28 14:17:27 INFO 开始左滑
2023-04-28 14:17:28 INFO 左滑1次
2023-04-28 14:17:30 INFO 左滑2次
2023-04-28 14:17:30 INFO 左滑完成
2023-04-28 14:17:30 INFO 查找元素'(('id', 'com.inkr.sport:id/ivEnterApp'),)'完成
2023-04-28 14:17:31 INFO 点击元素'('id', 'com.inkr.sport:id/ivEnterApp')'完成
2023-04-28 14:17:34 INFO 查找元素'(('id', 'com.inkr.sport:id/ivTbMine'),)'完成
2023-04-28 14:17:35 INFO 点击元素'('id', 'com.inkr.sport:id/ivTbMine')'完成
2023-04-28 14:17:35 INFO 查找元素'(('id', 'com.inkr.sport:id/tvUserName'),)'完成
2023-04-28 14:17:35 INFO 点击元素'('id', 'com.inkr.sport:id/tvUserName')'完成
2023-04-28 14:18:06 INFO 查找元素'(('id', 'com.inkr.sport:id/tvAccountLogin'),)'完成
2023-04-28 14:18:36 INFO 点击元素'('id', 'com.inkr.sport:id/tvAccountLogin')'完成
2023-04-28 14:20:26 INFO 查找元素'(('id', 'com.inkr.sport:id/etPd'),)'完成
2023-04-28 14:21:57 INFO 查找元素'(('id', 'com.inkr.sport:id/ivPolicyCheckBox'),)'完成
2023-04-28 14:22:27 INFO 点击元素'('id', 'com.inkr.sport:id/ivPolicyCheckBox')'完成
2023-04-28 14:22:57 INFO 查找元素'(('id', 'com.inkr.sport:id/btLogin'),)'完成
2023-04-28 14:23:27 INFO 点击元素'('id', 'com.inkr.sport:id/btLogin')'完成
2023-04-28 14:23:27 INFO 登录账号:13000000011 密码：abc12456
2023-04-28 14:23:58 INFO 查找元素'(('id', 'com.inkr.sport:id/ivAuthQQ'),)'完成
2023-04-28 14:24:18 INFO 用户信息的value为：com.inkr.sport:id/ivAuthQQ
2023-04-28 14:24:48 INFO 查找元素'(('id', 'com.inkr.sport:id/tvAccountLogin'),)'完成
2023-04-28 14:25:18 INFO 点击元素'('id', 'com.inkr.sport:id/tvAccountLogin')'完成
2023-04-28 14:27:09 INFO 查找元素'(('id', 'com.inkr.sport:id/etPd'),)'完成
2023-04-28 14:28:39 INFO 查找元素'(('id', 'com.inkr.sport:id/btLogin'),)'完成
2023-04-28 14:29:09 INFO 点击元素'('id', 'com.inkr.sport:id/btLogin')'完成
2023-04-28 14:29:09 INFO 登录账号:23000000011 密码：abc123456
2023-04-28 14:29:40 INFO 查找元素'(('id', 'com.inkr.sport:id/ivAuthQQ'),)'完成
2023-04-28 14:30:00 INFO 用户信息的value为：com.inkr.sport:id/ivAuthQQ
2023-04-28 14:30:30 INFO 查找元素'(('id', 'com.inkr.sport:id/tvAccountLogin'),)'完成
2023-04-28 14:31:00 INFO 点击元素'('id', 'com.inkr.sport:id/tvAccountLogin')'完成
2023-04-28 14:32:51 INFO 查找元素'(('id', 'com.inkr.sport:id/etPd'),)'完成
2023-04-28 14:34:21 INFO 查找元素'(('id', 'com.inkr.sport:id/btLogin'),)'完成
2023-04-28 14:34:52 INFO 点击元素'('id', 'com.inkr.sport:id/btLogin')'完成
2023-04-28 14:34:52 INFO 登录账号:33000000011 密码：ab555c123456
2023-04-28 14:35:22 INFO 查找元素'(('id', 'com.inkr.sport:id/ivAuthQQ'),)'完成
2023-04-28 14:35:42 INFO 用户信息的value为：com.inkr.sport:id/ivAuthQQ
2023-04-28 14:36:12 INFO 查找元素'(('id', 'com.inkr.sport:id/tvAccountLogin'),)'完成
2023-04-28 14:36:42 INFO 点击元素'('id', 'com.inkr.sport:id/tvAccountLogin')'完成
2023-04-28 14:38:33 INFO 查找元素'(('id', 'com.inkr.sport:id/etPd'),)'完成
2023-04-28 14:40:04 INFO 查找元素'(('id', 'com.inkr.sport:id/btLogin'),)'完成
2023-04-28 14:40:24 INFO 点击元素'('id', 'com.inkr.sport:id/btLogin')'完成
2023-04-28 14:40:24 INFO 登录账号:13000000012 密码：abc123456
2023-04-28 14:40:28 INFO 查找元素'(('id', 'com.inkr.sport:id/tvUserName'),)'完成
2023-04-28 14:40:28 INFO 用户信息的value为：com.inkr.sport:id/tvUserName
2023-04-28 14:40:28 INFO **************用例执行结束**************
2023-04-28 14:45:06 INFO *********开始启动APP*********
2023-04-28 14:45:06 INFO 手机参数：{'platformName': 'android', 'platformVersion': '12', 'deviceName': '127.0.0.1:7555', 'automationName': 'UiAutomator2', 'appPackage': 'com.inkr.sport', 'appActivity': 'com.inkr.sport.activities.SplashActivity'}
2023-04-28 14:45:12 INFO *********启动成功*********
2023-04-28 14:45:12 INFO **************用例开始执行**************
2023-04-28 14:45:13 INFO 查找元素'(('id', 'com.inkr.sport:id/tvPopAgreementAgree'),)'完成
2023-04-28 14:45:13 INFO 点击元素'('id', 'com.inkr.sport:id/tvPopAgreementAgree')'完成
2023-04-28 14:45:13 INFO 开始左滑
2023-04-28 14:45:14 INFO 左滑1次
2023-04-28 14:45:16 INFO 左滑2次
2023-04-28 14:45:16 INFO 左滑完成
2023-04-28 14:45:17 INFO 查找元素'(('id', 'com.inkr.sport:id/ivEnterApp'),)'完成
2023-04-28 14:45:17 INFO 点击元素'('id', 'com.inkr.sport:id/ivEnterApp')'完成
2023-04-28 14:45:21 INFO 查找元素'(('id', 'com.inkr.sport:id/ivTbMine'),)'完成
2023-04-28 14:45:22 INFO 点击元素'('id', 'com.inkr.sport:id/ivTbMine')'完成
2023-04-28 14:45:22 INFO 查找元素'(('id', 'com.inkr.sport:id/tvUserName'),)'完成
2023-04-28 14:45:32 INFO 点击元素'('id', 'com.inkr.sport:id/tvUserName')'完成
2023-04-28 14:46:02 INFO 查找元素'(('id', 'com.inkr.sport:id/tvAccountLogin'),)'完成
2023-04-28 14:46:33 INFO 点击元素'('id', 'com.inkr.sport:id/tvAccountLogin')'完成
2023-04-28 14:48:23 INFO 查找元素'(('id', 'com.inkr.sport:id/etPd'),)'完成
2023-04-28 14:49:54 INFO 查找元素'(('id', 'com.inkr.sport:id/ivPolicyCheckBox'),)'完成
2023-04-28 14:50:24 INFO 点击元素'('id', 'com.inkr.sport:id/ivPolicyCheckBox')'完成
2023-04-28 14:50:54 INFO 查找元素'(('id', 'com.inkr.sport:id/btLogin'),)'完成
2023-04-28 14:51:24 INFO 点击元素'('id', 'com.inkr.sport:id/btLogin')'完成
2023-04-28 14:51:24 INFO 登录账号:13000000011 密码：abc12456
2023-04-28 14:51:55 INFO 查找元素'(('id', 'com.inkr.sport:id/ivAuthQQ'),)'完成
2023-04-28 14:52:15 INFO 用户信息的value为：com.inkr.sport:id/ivAuthQQ
2023-04-28 14:52:45 INFO 查找元素'(('id', 'com.inkr.sport:id/tvAccountLogin'),)'完成
2023-04-28 14:53:15 INFO 点击元素'('id', 'com.inkr.sport:id/tvAccountLogin')'完成
2023-04-28 14:55:06 INFO 查找元素'(('id', 'com.inkr.sport:id/etPd'),)'完成
2023-04-28 14:56:36 INFO 查找元素'(('id', 'com.inkr.sport:id/btLogin'),)'完成
2023-04-28 14:57:07 INFO 点击元素'('id', 'com.inkr.sport:id/btLogin')'完成
2023-04-28 14:57:07 INFO 登录账号:23000000011 密码：abc123456
2023-04-28 14:57:37 INFO 查找元素'(('id', 'com.inkr.sport:id/ivAuthQQ'),)'完成
2023-04-28 14:57:57 INFO 用户信息的value为：com.inkr.sport:id/ivAuthQQ
2023-04-28 14:58:27 INFO 查找元素'(('id', 'com.inkr.sport:id/tvAccountLogin'),)'完成
2023-04-28 14:58:57 INFO 点击元素'('id', 'com.inkr.sport:id/tvAccountLogin')'完成
2023-04-28 15:00:48 INFO 查找元素'(('id', 'com.inkr.sport:id/etPd'),)'完成
2023-04-28 15:02:19 INFO 查找元素'(('id', 'com.inkr.sport:id/btLogin'),)'完成
2023-04-28 15:02:49 INFO 点击元素'('id', 'com.inkr.sport:id/btLogin')'完成
2023-04-28 15:02:49 INFO 登录账号:33000000011 密码：ab555c123456
2023-04-28 15:03:19 INFO 查找元素'(('id', 'com.inkr.sport:id/ivAuthQQ'),)'完成
2023-04-28 15:03:39 INFO 用户信息的value为：com.inkr.sport:id/ivAuthQQ
2023-04-28 15:04:09 INFO 查找元素'(('id', 'com.inkr.sport:id/tvAccountLogin'),)'完成
2023-04-28 15:04:40 INFO 点击元素'('id', 'com.inkr.sport:id/tvAccountLogin')'完成
2023-04-28 15:06:30 INFO 查找元素'(('id', 'com.inkr.sport:id/etPd'),)'完成
2023-04-28 15:08:01 INFO 查找元素'(('id', 'com.inkr.sport:id/btLogin'),)'完成
2023-04-28 15:08:22 INFO 点击元素'('id', 'com.inkr.sport:id/btLogin')'完成
2023-04-28 15:08:22 INFO 登录账号:13000000012 密码：abc123456
2023-04-28 15:08:25 INFO 查找元素'(('id', 'com.inkr.sport:id/tvUserName'),)'完成
2023-04-28 15:08:25 INFO 用户信息的value为：com.inkr.sport:id/tvUserName
2023-04-28 15:08:25 INFO 查找元素'(('id', 'com.inkr.sport:id/tvExpert'),)'完成
2023-04-28 15:08:26 INFO 点击元素'('id', 'com.inkr.sport:id/tvExpert')'完成
2023-04-28 15:08:26 INFO 查找元素'(('id', 'com.inkr.sport:id/tvMenuName'),)'完成
2023-04-28 15:08:26 INFO 点击元素'('id', 'com.inkr.sport:id/tvMenuName')'完成
2023-04-28 15:08:28 INFO 查找元素'(('id', 'com.inkr.sport:id/tvNotMind'),)'完成
2023-04-28 15:08:28 INFO 点击元素'('id', 'com.inkr.sport:id/tvNotMind')'完成
2023-04-28 15:08:29 INFO 查找元素'(('id', 'com.inkr.sport:id/tvConfirm'),)'完成
2023-04-28 15:08:30 INFO 点击元素'('id', 'com.inkr.sport:id/tvConfirm')'完成
2023-04-28 15:08:30 INFO 查找元素'(('id', 'com.inkr.sport:id/tvIKnow'),)'完成
2023-04-28 15:08:31 INFO 点击元素'('id', 'com.inkr.sport:id/tvIKnow')'完成
2023-04-28 15:08:31 INFO 查找元素'(('id', 'com.inkr.sport:id/rlAddMatch'),)'完成
2023-04-28 15:08:36 INFO 点击元素'('id', 'com.inkr.sport:id/rlAddMatch')'完成
2023-04-28 15:08:36 INFO 查找元素'(('id', 'com.inkr.sport:id/tvFootball'),)'完成
2023-04-28 15:08:36 INFO 点击元素'('id', 'com.inkr.sport:id/tvFootball')'完成
2023-04-28 15:08:37 INFO 查找元素'(('xpath', '//*[@resource-id="com.inkr.sport:id/recyclerView"]/android.view.ViewGroup[2]'),)'完成
2023-04-28 15:08:37 INFO 点击元素'('xpath', '//*[@resource-id="com.inkr.sport:id/recyclerView"]/android.view.ViewGroup[2]')'完成
2023-04-28 15:08:38 INFO 查找元素'(('id', 'com.inkr.sport:id/tvDraft'),)'完成
2023-04-28 15:08:38 INFO 查找元素'(('xpath', "//*[@text='胜平负']"),)'完成
2023-04-28 15:08:38 INFO 点击元素'('xpath', "//*[@text='胜平负']")'完成
2023-04-28 15:08:38 INFO 选择的玩法类型：竞足，选择了第1场比赛，选择的玩法方式：胜平负
2023-04-28 15:08:39 INFO 点击元素'('id', 'com.inkr.sport:id/tvValue')'完成
2023-04-28 15:08:40 INFO 点击元素'('id', 'com.inkr.sport:id/tvValue')'完成
2023-04-28 15:08:40 INFO 不选择其他玩法
2023-04-28 15:08:40 INFO 查找元素'(('xpath', '//*[@resource-id ="com.inkr.sport:id/glPrice"]/android.view.ViewGroup[1]'),)'完成
2023-04-28 15:08:40 INFO 点击元素'('xpath', '//*[@resource-id ="com.inkr.sport:id/glPrice"]/android.view.ViewGroup[1]')'完成
2023-04-28 15:08:40 INFO 开始上滑
2023-04-28 15:08:41 INFO 上滑完成
2023-04-28 15:08:41 INFO 不选择促销信息
2023-04-28 15:08:41 INFO 不选择专家福利
2023-04-28 15:08:42 INFO 查找元素'(('id', 'com.inkr.sport:id/tvTitle'),)'完成
2023-04-28 15:08:42 INFO 点击元素'('id', 'com.inkr.sport:id/tvTitle')'完成
2023-04-28 15:08:42 INFO 查找元素'(('id', 'com.inkr.sport:id/etContent'),)'完成
2023-04-28 15:08:44 INFO 查找元素'(('id', 'com.inkr.sport:id/tvConfirm'),)'完成
2023-04-28 15:08:44 INFO 点击元素'('id', 'com.inkr.sport:id/tvConfirm')'完成
2023-04-28 15:08:45 INFO 查找元素'(('id', 'com.inkr.sport:id/tvRecommend'),)'完成
2023-04-28 15:08:46 INFO 点击元素'('id', 'com.inkr.sport:id/tvRecommend')'完成
2023-04-28 15:08:46 INFO 查找元素'(('id', 'com.inkr.sport:id/etContent'),)'完成
2023-04-28 15:08:47 INFO 查找元素'(('id', 'com.inkr.sport:id/tvConfirm'),)'完成
2023-04-28 15:08:47 INFO 点击元素'('id', 'com.inkr.sport:id/tvConfirm')'完成
2023-04-28 15:08:48 INFO 查找元素'(('id', 'com.inkr.sport:id/tvContent'),)'完成
2023-04-28 15:08:49 INFO 点击元素'('id', 'com.inkr.sport:id/tvContent')'完成
2023-04-28 15:08:49 INFO 查找元素'(('id', 'com.inkr.sport:id/etContent'),)'完成
2023-04-28 15:08:50 INFO 查找元素'(('id', 'com.inkr.sport:id/tvConfirm'),)'完成
2023-04-28 15:08:50 INFO 点击元素'('id', 'com.inkr.sport:id/tvConfirm')'完成
2023-04-28 15:08:51 INFO 查找元素'(('id', 'com.inkr.sport:id/tvPublish'),)'完成
2023-04-28 15:08:52 INFO 点击元素'('id', 'com.inkr.sport:id/tvPublish')'完成
2023-04-28 15:08:52 INFO 查找元素'(('id', 'com.inkr.sport:id/tvPublish'),)'完成
2023-04-28 15:08:52 INFO 点击元素'('id', 'com.inkr.sport:id/tvPublish')'完成
2023-04-28 15:08:52 INFO 发布方案成功
2023-04-28 15:08:53 INFO 查找元素'(('id', 'com.inkr.sport:id/tvPublishSuccess'),)'完成
2023-04-28 15:08:53 INFO 用户信息的value为：发布成功
2023-04-28 15:08:53 INFO 查找元素'(('id', 'com.inkr.sport:id/tvPublishSuccess'),)'完成
2023-04-28 15:08:53 INFO 用户信息的value为：发布成功
2023-04-28 15:08:53 INFO **************用例执行结束**************
