2023-02-06 09:28:34 INFO 手机参数：{'platformName': 'iOS', 'deviceName': 'iphone xr', 'automationName': 'UiAutomator2', 'appPackage': 'com.inkr.sport', 'appActivity': 'com.inkr.sport.activities.SplashActivity'}
2023-02-06 09:28:52 INFO 手机参数：{'platformName': 'iOS', 'deviceName': 'iphone xr', 'automationName': 'UiAutomator2', 'appPackage': 'com.inkr.sport', 'appActivity': 'com.inkr.sport.activities.SplashActivity'}
2023-02-06 09:29:12 INFO 手机参数：{'platformName': 'iOS', 'deviceName': 'iphone xr', 'automationName': 'UiAutomator2', 'appPackage': 'com.inkr.sport', 'appActivity': 'com.inkr.sport.activities.SplashActivity'}
2023-02-06 09:29:30 INFO 手机参数：{'platformName': 'android', 'deviceName': 'xiaomi', 'automationName': 'UiAutomator2', 'appPackage': 'com.inkr.sport', 'appActivity': 'com.inkr.sport.activities.SplashActivity'}
2023-02-06 09:32:52 INFO 手机参数：{'platformName': 'android', 'deviceName': 'xiaomi', 'automationName': 'UiAutomator2', 'appPackage': 'com.inkr.sport', 'appActivity': 'com.inkr.sport.activities.SplashActivity'}
2023-02-06 09:36:13 INFO 手机参数：{'platformName': 'android', 'deviceName': 'xiaomi', 'automationName': 'UiAutomator2', 'appPackage': 'com.inkr.sport', 'appActivity': 'com.inkr.sport.activities.SplashActivity'}
2023-02-06 09:36:47 INFO 手机参数：{'platformName': 'android', 'deviceName': 'xiaomi', 'automationName': 'UiAutomator2', 'appPackage': 'com.inkr.sport', 'appActivity': 'com.inkr.sport.activities.SplashActivity'}
2023-02-06 09:36:58 INFO 手机参数：{'platformName': 'android', 'deviceName': 'xiaomi', 'automationName': 'UiAutomator2', 'appPackage': 'com.inkr.sport', 'appActivity': 'com.inkr.sport.activities.SplashActivity'}
2023-02-06 09:37:13 INFO 手机参数：{'platformName': 'android', 'deviceName': 'xiaomi', 'automationName': 'UiAutomator2', 'appPackage': 'com.inkr.sport', 'appActivity': 'com.inkr.sport.activities.SplashActivity'}
2023-02-06 09:38:11 INFO 手机参数：{'platformName': 'android', 'deviceName': 'xiaomi', 'automationName': 'UiAutomator2', 'appPackage': 'com.inkr.sport', 'appActivity': 'com.inkr.sport.activities.SplashActivity'}
2023-02-06 09:39:03 INFO 手机参数：{'platformName': 'android', 'deviceName': 'xiaomi', 'automationName': 'UiAutomator2', 'appPackage': 'com.inkr.sport', 'appActivity': 'com.inkr.sport.activities.SplashActivity'}
2023-02-06 09:39:14 INFO 开始滑动
2023-02-06 09:39:14 INFO 开始滑动
2023-02-06 09:40:23 INFO 手机参数：{'platformName': 'android', 'deviceName': 'xiaomi', 'automationName': 'UiAutomator2', 'appPackage': 'com.inkr.sport', 'appActivity': 'com.inkr.sport.activities.SplashActivity'}
2023-02-06 09:40:34 INFO 开始滑动
2023-02-06 09:40:34 INFO 开始滑动
2023-02-06 09:41:02 INFO 手机参数：{'platformName': 'android', 'deviceName': 'xiaomi', 'automationName': 'UiAutomator2', 'appPackage': 'com.inkr.sport', 'appActivity': 'com.inkr.sport.activities.SplashActivity'}
2023-02-06 09:41:13 INFO 开始滑动
2023-02-06 09:41:13 INFO 开始滑动
2023-02-06 09:41:45 INFO 手机参数：{'platformName': 'android', 'deviceName': 'xiaomi', 'automationName': 'UiAutomator2', 'appPackage': 'com.inkr.sport', 'appActivity': 'com.inkr.sport.activities.SplashActivity'}
2023-02-06 09:41:57 INFO 开始滑动
2023-02-06 09:41:57 INFO 开始滑动
2023-02-06 09:42:26 INFO 手机参数：{'platformName': 'android', 'deviceName': 'xiaomi', 'automationName': 'UiAutomator2', 'appPackage': 'com.inkr.sport', 'appActivity': 'com.inkr.sport.activities.SplashActivity'}
2023-02-06 09:42:37 INFO 开始滑动
2023-02-06 09:42:37 INFO 开始滑动
2023-02-06 09:43:01 INFO 手机参数：{'platformName': 'android', 'deviceName': 'xiaomi', 'automationName': 'UiAutomator2', 'appPackage': 'com.inkr.sport', 'appActivity': 'com.inkr.sport.activities.SplashActivity'}
2023-02-06 09:43:10 INFO 手机参数：{'platformName': 'android', 'deviceName': 'xiaomi', 'automationName': 'UiAutomator2', 'appPackage': 'com.inkr.sport', 'appActivity': 'com.inkr.sport.activities.SplashActivity'}
2023-02-06 09:43:20 INFO 开始滑动222
2023-02-06 09:43:20 INFO 开始滑动222
2023-02-06 09:46:27 INFO 手机参数：{'platformName': 'android', 'deviceName': 'xiaomi', 'automationName': 'UiAutomator2', 'appPackage': 'com.inkr.sport', 'appActivity': 'com.inkr.sport.activities.SplashActivity'}
2023-02-06 09:46:38 INFO 开始滑动222
2023-02-06 10:19:05 INFO 手机参数：{'platformName': 'android', 'deviceName': 'xiaomi', 'automationName': 'UiAutomator2', 'appPackage': 'com.inkr.sport', 'appActivity': 'com.inkr.sport.activities.SplashActivity'}
2023-02-06 10:19:14 INFO 开始滑动222
2023-02-06 10:20:18 INFO 手机参数：{'platformName': 'android', 'deviceName': 'xiaomi', 'automationName': 'UiAutomator2', 'appPackage': 'com.inkr.sport', 'appActivity': 'com.inkr.sport.activities.SplashActivity'}
2023-02-06 10:20:29 INFO 开始滑动222
2023-02-06 10:20:50 INFO 手机参数：{'platformName': 'android', 'deviceName': 'xiaomi', 'automationName': 'UiAutomator2', 'appPackage': 'com.inkr.sport', 'appActivity': 'com.inkr.sport.activities.SplashActivity'}
2023-02-06 10:20:59 INFO 开始滑动222
2023-02-06 10:20:59 INFO 滑动完成
2023-02-06 10:22:37 INFO 手机参数：{'platformName': 'android', 'deviceName': 'xiaomi', 'automationName': 'UiAutomator2', 'appPackage': 'com.inkr.sport', 'appActivity': 'com.inkr.sport.activities.SplashActivity'}
2023-02-06 10:22:46 INFO 开始滑动222
2023-02-06 10:22:49 INFO 滑动完成
2023-02-06 10:31:03 INFO 手机参数：{'platformName': 'android', 'deviceName': 'xiaomi', 'automationName': 'UiAutomator2', 'appPackage': 'com.inkr.sport', 'appActivity': 'com.inkr.sport.activities.SplashActivity'}
2023-02-06 10:31:36 INFO 手机参数：{'platformName': 'android', 'deviceName': 'xiaomi', 'automationName': 'UiAutomator2', 'appPackage': 'com.inkr.sport', 'appActivity': 'com.inkr.sport.activities.SplashActivity'}
2023-02-06 10:31:47 INFO 开始滑动222
2023-02-06 10:32:24 INFO 手机参数：{'platformName': 'android', 'deviceName': 'xiaomi', 'automationName': 'UiAutomator2', 'appPackage': 'com.inkr.sport', 'appActivity': 'com.inkr.sport.activities.SplashActivity'}
2023-02-06 10:32:39 INFO 手机参数：{'platformName': 'android', 'deviceName': 'xiaomi', 'automationName': 'UiAutomator2', 'appPackage': 'com.inkr.sport', 'appActivity': 'com.inkr.sport.activities.SplashActivity'}
2023-02-06 10:33:13 INFO 手机参数：{'platformName': 'android', 'deviceName': 'xiaomi', 'automationName': 'UiAutomator2', 'appPackage': 'com.inkr.sport', 'appActivity': 'com.inkr.sport.activities.SplashActivity'}
2023-02-06 10:33:22 INFO 开始滑动222
2023-02-06 10:33:24 INFO 滑动完成
2023-02-06 10:33:37 INFO 手机参数：{'platformName': 'android', 'deviceName': 'xiaomi', 'automationName': 'UiAutomator2', 'appPackage': 'com.inkr.sport', 'appActivity': 'com.inkr.sport.activities.SplashActivity'}
2023-02-06 10:33:47 INFO 开始滑动222
2023-02-06 10:33:47 INFO 滑动完成
2023-02-06 10:34:19 INFO 手机参数：{'platformName': 'android', 'deviceName': 'xiaomi', 'automationName': 'UiAutomator2', 'appPackage': 'com.inkr.sport', 'appActivity': 'com.inkr.sport.activities.SplashActivity'}
2023-02-06 10:34:28 INFO 开始滑动222
2023-02-06 10:34:29 INFO 滑动完成
2023-02-06 10:34:40 INFO 手机参数：{'platformName': 'android', 'deviceName': 'xiaomi', 'automationName': 'UiAutomator2', 'appPackage': 'com.inkr.sport', 'appActivity': 'com.inkr.sport.activities.SplashActivity'}
2023-02-06 10:34:50 INFO 开始滑动222
2023-02-06 10:34:51 INFO 滑动完成
2023-02-06 10:35:16 INFO 手机参数：{'platformName': 'android', 'deviceName': 'xiaomi', 'automationName': 'UiAutomator2', 'appPackage': 'com.inkr.sport', 'appActivity': 'com.inkr.sport.activities.SplashActivity'}
2023-02-06 10:35:25 INFO 开始滑动222
2023-02-06 10:35:25 INFO 滑动完成
2023-02-06 10:35:32 INFO 手机参数：{'platformName': 'android', 'deviceName': 'xiaomi', 'automationName': 'UiAutomator2', 'appPackage': 'com.inkr.sport', 'appActivity': 'com.inkr.sport.activities.SplashActivity'}
2023-02-06 10:35:41 INFO 开始滑动222
2023-02-06 10:35:41 INFO 滑动完成
2023-02-06 10:36:01 INFO 手机参数：{'platformName': 'android', 'deviceName': 'xiaomi', 'automationName': 'UiAutomator2', 'appPackage': 'com.inkr.sport', 'appActivity': 'com.inkr.sport.activities.SplashActivity'}
2023-02-06 10:36:12 INFO 开始滑动222
2023-02-06 10:36:12 INFO 滑动完成
2023-02-06 10:44:19 INFO 手机参数：{'platformName': 'android', 'deviceName': 'xiaomi', 'automationName': 'UiAutomator2', 'appPackage': 'com.inkr.sport', 'appActivity': 'com.inkr.sport.activities.SplashActivity'}
2023-02-06 10:44:30 INFO 开始左滑
2023-02-06 10:44:31 INFO 左滑完成
2023-02-06 10:47:44 INFO 手机参数：{'platformName': 'android', 'deviceName': 'xiaomi', 'automationName': 'UiAutomator2', 'appPackage': 'com.inkr.sport', 'appActivity': 'com.inkr.sport.activities.SplashActivity'}
2023-02-06 10:47:53 INFO 开始左滑
2023-02-06 10:47:55 INFO 左滑完成
2023-02-06 10:48:52 INFO 手机参数：{'platformName': 'android', 'deviceName': 'xiaomi', 'automationName': 'UiAutomator2', 'appPackage': 'com.inkr.sport', 'appActivity': 'com.inkr.sport.activities.SplashActivity'}
2023-02-06 10:49:00 INFO 开始左滑
2023-02-06 10:49:01 INFO 左滑1次
2023-02-06 10:49:01 INFO 左滑2次
2023-02-06 10:49:02 INFO 左滑3次
2023-02-06 10:49:02 INFO 左滑完成
2023-02-06 10:49:25 INFO 手机参数：{'platformName': 'android', 'deviceName': 'xiaomi', 'automationName': 'UiAutomator2', 'appPackage': 'com.inkr.sport', 'appActivity': 'com.inkr.sport.activities.SplashActivity'}
2023-02-06 10:49:37 INFO 开始左滑
2023-02-06 10:49:37 INFO 左滑1次
2023-02-06 10:49:37 INFO 左滑2次
2023-02-06 10:49:37 INFO 左滑完成
2023-02-06 10:51:10 INFO 手机参数：{'platformName': 'android', 'deviceName': 'xiaomi', 'automationName': 'UiAutomator2', 'appPackage': 'com.inkr.sport', 'appActivity': 'com.inkr.sport.activities.SplashActivity'}
2023-02-06 10:51:30 INFO 手机参数：{'platformName': 'android', 'deviceName': 'xiaomi', 'automationName': 'UiAutomator2', 'appPackage': 'com.inkr.sport', 'appActivity': 'com.inkr.sport.activities.SplashActivity'}
2023-02-06 10:51:59 INFO 手机参数：{'platformName': 'android', 'deviceName': 'xiaomi', 'automationName': 'UiAutomator2', 'appPackage': 'com.inkr.sport', 'appActivity': 'com.inkr.sport.activities.SplashActivity'}
2023-02-06 10:52:38 INFO 手机参数：{'platformName': 'android', 'deviceName': 'xiaomi', 'automationName': 'UiAutomator2', 'appPackage': 'com.inkr.sport', 'appActivity': 'com.inkr.sport.activities.SplashActivity'}
2023-02-06 10:53:04 INFO 手机参数：{'platformName': 'android', 'deviceName': 'xiaomi', 'automationName': 'UiAutomator2', 'appPackage': 'com.inkr.sport', 'appActivity': 'com.inkr.sport.activities.SplashActivity'}
2023-02-06 10:55:21 INFO 手机参数：{'platformName': 'android', 'deviceName': 'xiaomi', 'automationName': 'UiAutomator2', 'appPackage': 'com.inkr.sport', 'appActivity': 'com.inkr.sport.activities.SplashActivity'}
2023-02-06 10:55:56 INFO 手机参数：{'platformName': 'android', 'deviceName': 'xiaomi', 'automationName': 'UiAutomator2', 'appPackage': 'com.inkr.sport', 'appActivity': 'com.inkr.sport.activities.SplashActivity'}
2023-02-06 10:56:26 INFO 手机参数：{'platformName': 'android', 'deviceName': 'xiaomi', 'automationName': 'UiAutomator2', 'appPackage': 'com.inkr.sport', 'appActivity': 'com.inkr.sport.activities.SplashActivity'}
2023-02-06 10:57:00 INFO 手机参数：{'platformName': 'android', 'deviceName': 'xiaomi', 'automationName': 'UiAutomator2', 'appPackage': 'com.inkr.sport', 'appActivity': 'com.inkr.sport.activities.SplashActivity'}
2023-02-06 10:57:46 INFO 手机参数：{'platformName': 'android', 'deviceName': 'xiaomi', 'automationName': 'UiAutomator2', 'appPackage': 'com.inkr.sport', 'appActivity': 'com.inkr.sport.activities.SplashActivity'}
2023-02-06 11:00:39 INFO 手机参数：{'platformName': 'android', 'deviceName': 'xiaomi', 'automationName': 'UiAutomator2', 'appPackage': 'com.inkr.sport', 'appActivity': 'com.inkr.sport.activities.SplashActivity'}
2023-02-06 11:00:54 INFO 手机参数：{'platformName': 'android', 'deviceName': 'xiaomi', 'automationName': 'UiAutomator2', 'appPackage': 'com.inkr.sport', 'appActivity': 'com.inkr.sport.activities.SplashActivity'}
2023-02-06 11:01:03 INFO 开始左滑
2023-02-06 11:01:03 INFO 左滑1次
2023-02-06 11:01:04 INFO 左滑2次
2023-02-06 11:01:04 INFO 左滑完成
2023-02-06 11:01:32 INFO 手机参数：{'platformName': 'android', 'deviceName': 'xiaomi', 'automationName': 'UiAutomator2', 'appPackage': 'com.inkr.sport', 'appActivity': 'com.inkr.sport.activities.SplashActivity'}
2023-02-06 11:01:42 INFO 开始左滑
2023-02-06 11:01:43 INFO 左滑1次
2023-02-06 11:01:43 INFO 左滑2次
2023-02-06 11:01:43 INFO 左滑完成
2023-02-06 11:01:49 INFO 手机参数：{'platformName': 'android', 'deviceName': 'xiaomi', 'automationName': 'UiAutomator2', 'appPackage': 'com.inkr.sport', 'appActivity': 'com.inkr.sport.activities.SplashActivity'}
2023-02-06 11:01:59 INFO 开始左滑
2023-02-06 11:02:00 INFO 左滑1次
2023-02-06 11:02:00 INFO 左滑2次
2023-02-06 11:02:00 INFO 左滑完成
2023-02-06 11:02:15 INFO 手机参数：{'platformName': 'android', 'deviceName': 'xiaomi', 'automationName': 'UiAutomator2', 'appPackage': 'com.inkr.sport', 'appActivity': 'com.inkr.sport.activities.SplashActivity'}
2023-02-06 11:02:24 INFO 开始左滑
2023-02-06 11:02:24 INFO 左滑1次
2023-02-06 11:02:25 INFO 左滑2次
2023-02-06 11:02:25 INFO 左滑3次
2023-02-06 11:02:25 INFO 左滑完成
2023-02-06 11:02:35 INFO 手机参数：{'platformName': 'android', 'deviceName': 'xiaomi', 'automationName': 'UiAutomator2', 'appPackage': 'com.inkr.sport', 'appActivity': 'com.inkr.sport.activities.SplashActivity'}
2023-02-06 11:02:44 INFO 开始左滑
2023-02-06 11:02:45 INFO 左滑1次
2023-02-06 11:02:45 INFO 左滑2次
2023-02-06 11:02:45 INFO 左滑完成
2023-02-06 11:02:57 INFO 手机参数：{'platformName': 'android', 'deviceName': 'xiaomi', 'automationName': 'UiAutomator2', 'appPackage': 'com.inkr.sport', 'appActivity': 'com.inkr.sport.activities.SplashActivity'}
2023-02-06 11:03:06 INFO 开始左滑
2023-02-06 11:03:07 INFO 左滑1次
2023-02-06 11:03:07 INFO 左滑2次
2023-02-06 11:03:07 INFO 左滑完成
2023-02-06 11:19:05 INFO 手机参数：{'platformName': 'android', 'deviceName': 'xiaomi', 'automationName': 'UiAutomator2', 'appPackage': 'com.inkr.sport', 'appActivity': 'com.inkr.sport.activities.SplashActivity'}
2023-02-06 11:20:37 INFO 手机参数：{'platformName': 'android', 'deviceName': 'xiaomi', 'automationName': 'UiAutomator2', 'appPackage': 'com.inkr.sport', 'appActivity': 'com.inkr.sport.activities.SplashActivity'}
2023-02-06 11:21:36 INFO 手机参数：{'platformName': 'android', 'deviceName': 'xiaomi', 'automationName': 'UiAutomator2', 'appPackage': 'com.inkr.sport', 'appActivity': 'com.inkr.sport.activities.SplashActivity'}
2023-02-06 11:24:09 INFO 手机参数：{'platformName': 'android', 'deviceName': 'xiaomi', 'automationName': 'UiAutomator2', 'appPackage': 'com.inkr.sport', 'appActivity': 'com.inkr.sport.activities.SplashActivity'}
2023-02-06 11:24:43 INFO 手机参数：{'platformName': 'android', 'deviceName': 'xiaomi', 'automationName': 'UiAutomator2', 'appPackage': 'com.inkr.sport', 'appActivity': 'com.inkr.sport.activities.SplashActivity'}
2023-02-06 11:26:01 INFO 手机参数：{'platformName': 'android', 'deviceName': 'xiaomi', 'automationName': 'UiAutomator2', 'appPackage': 'com.inkr.sport', 'appActivity': 'com.inkr.sport.activities.SplashActivity'}
2023-02-06 11:26:29 INFO 手机参数：{'platformName': 'android', 'deviceName': 'xiaomi', 'automationName': 'UiAutomator2', 'appPackage': 'com.inkr.sport', 'appActivity': 'com.inkr.sport.activities.SplashActivity'}
2023-02-06 11:29:03 INFO 手机参数：{'platformName': 'android', 'deviceName': 'xiaomi', 'automationName': 'UiAutomator2', 'appPackage': 'com.inkr.sport', 'appActivity': 'com.inkr.sport.activities.SplashActivity'}
2023-02-06 11:30:42 INFO 手机参数：{'platformName': 'android', 'deviceName': 'xiaomi', 'automationName': 'UiAutomator2', 'appPackage': 'com.inkr.sport', 'appActivity': 'com.inkr.sport.activities.SplashActivity'}
2023-02-06 11:31:12 INFO 手机参数：{'platformName': 'android', 'deviceName': 'xiaomi', 'automationName': 'UiAutomator2', 'appPackage': 'com.inkr.sport', 'appActivity': 'com.inkr.sport.activities.SplashActivity'}
2023-02-06 11:31:22 INFO 开始左滑
2023-02-06 11:31:22 INFO 左滑1次
2023-02-06 11:31:23 INFO 左滑2次
2023-02-06 11:31:23 INFO 左滑完成
2023-02-06 11:32:02 INFO 手机参数：{'platformName': 'android', 'deviceName': 'xiaomi', 'automationName': 'UiAutomator2', 'appPackage': 'com.inkr.sport', 'appActivity': 'com.inkr.sport.activities.SplashActivity'}
2023-02-06 11:32:12 INFO 开始左滑
2023-02-06 11:32:13 INFO 左滑1次
2023-02-06 11:32:13 INFO 左滑2次
2023-02-06 11:32:13 INFO 左滑完成
2023-02-06 11:32:33 INFO 获取元素失败，原因：Message: 
Stacktrace:
NoSuchElementError: An element could not be located on the page using the given search parameters.
    at AndroidUiautomator2Driver.findElOrEls (E:\Appium-Server-GUI-windows-1.22.3-4\resources\app\node_modules\appium\node_modules\appium-android-driver\lib\commands\find.js:75:11)
    at runMicrotasks (<anonymous>)
    at processTicksAndRejections (internal/process/task_queues.js:97:5)
    at AndroidUiautomator2Driver.findElOrElsWithProcessing (E:\Appium-Server-GUI-windows-1.22.3-4\resources\app\node_modules\appium\node_modules\appium-base-driver\lib\basedriver\commands\find.js:33:12)
    at AndroidUiautomator2Driver.findElement (E:\Appium-Server-GUI-windows-1.22.3-4\resources\app\node_modules\appium\node_modules\appium-base-driver\lib\basedriver\commands\find.js:53:10)
2023-02-06 11:34:10 INFO 手机参数：{'platformName': 'android', 'deviceName': 'xiaomi', 'automationName': 'UiAutomator2', 'appPackage': 'com.inkr.sport', 'appActivity': 'com.inkr.sport.activities.SplashActivity'}
2023-02-06 11:34:20 INFO 开始左滑
2023-02-06 11:34:20 INFO 左滑1次
2023-02-06 11:34:21 INFO 左滑2次
2023-02-06 11:34:21 INFO 左滑完成
2023-02-06 11:35:11 INFO 手机参数：{'platformName': 'android', 'deviceName': 'xiaomi', 'automationName': 'UiAutomator2', 'appPackage': 'com.inkr.sport', 'appActivity': 'com.inkr.sport.activities.SplashActivity'}
2023-02-06 11:35:19 INFO 获取元素失败，原因：visibility_of_element_located() takes 1 positional argument but 2 were given
2023-02-06 11:35:41 INFO 手机参数：{'platformName': 'android', 'deviceName': 'xiaomi', 'automationName': 'UiAutomator2', 'appPackage': 'com.inkr.sport', 'appActivity': 'com.inkr.sport.activities.SplashActivity'}
2023-02-06 11:35:50 INFO 开始左滑
2023-02-06 11:35:51 INFO 左滑1次
2023-02-06 11:35:51 INFO 左滑2次
2023-02-06 11:35:51 INFO 左滑完成
2023-02-06 11:36:11 INFO 获取元素失败，原因：Message: 
Stacktrace:
NoSuchElementError: An element could not be located on the page using the given search parameters.
    at AndroidUiautomator2Driver.findElOrEls (E:\Appium-Server-GUI-windows-1.22.3-4\resources\app\node_modules\appium\node_modules\appium-android-driver\lib\commands\find.js:75:11)
    at runMicrotasks (<anonymous>)
    at processTicksAndRejections (internal/process/task_queues.js:97:5)
    at AndroidUiautomator2Driver.findElOrElsWithProcessing (E:\Appium-Server-GUI-windows-1.22.3-4\resources\app\node_modules\appium\node_modules\appium-base-driver\lib\basedriver\commands\find.js:33:12)
    at AndroidUiautomator2Driver.findElement (E:\Appium-Server-GUI-windows-1.22.3-4\resources\app\node_modules\appium\node_modules\appium-base-driver\lib\basedriver\commands\find.js:53:10)
2023-02-06 11:36:12 INFO 手机参数：{'platformName': 'android', 'deviceName': 'xiaomi', 'automationName': 'UiAutomator2', 'appPackage': 'com.inkr.sport', 'appActivity': 'com.inkr.sport.activities.SplashActivity'}
2023-02-06 11:37:07 INFO 手机参数：{'platformName': 'android', 'deviceName': 'xiaomi', 'automationName': 'UiAutomator2', 'appPackage': 'com.inkr.sport', 'appActivity': 'com.inkr.sport.activities.SplashActivity'}
2023-02-06 11:37:15 INFO 开始左滑
2023-02-06 11:37:16 INFO 左滑1次
2023-02-06 11:37:16 INFO 左滑2次
2023-02-06 11:37:16 INFO 左滑完成
2023-02-06 11:37:41 INFO 手机参数：{'platformName': 'android', 'deviceName': 'xiaomi', 'automationName': 'UiAutomator2', 'appPackage': 'com.inkr.sport', 'appActivity': 'com.inkr.sport.activities.SplashActivity'}
2023-02-06 11:38:22 INFO 手机参数：{'platformName': 'android', 'deviceName': 'xiaomi', 'automationName': 'UiAutomator2', 'appPackage': 'com.inkr.sport', 'appActivity': 'com.inkr.sport.activities.SplashActivity'}
2023-02-06 11:38:43 INFO 手机参数：{'platformName': 'android', 'deviceName': 'xiaomi', 'automationName': 'UiAutomator2', 'appPackage': 'com.inkr.sport', 'appActivity': 'com.inkr.sport.activities.SplashActivity'}
2023-02-06 11:38:51 INFO 获取元素('id', 'com.inkr.sport:id/tvPopAgreementAgree')失败，原因：visibility_of_element_located() takes 1 positional argument but 2 were given
2023-02-06 11:41:18 INFO 手机参数：{'platformName': 'android', 'deviceName': 'xiaomi', 'automationName': 'UiAutomator2', 'appPackage': 'com.inkr.sport', 'appActivity': 'com.inkr.sport.activities.SplashActivity'}
2023-02-06 11:41:29 INFO 开始左滑
2023-02-06 11:41:29 INFO 左滑1次
2023-02-06 11:41:29 INFO 左滑2次
2023-02-06 11:41:29 INFO 左滑完成
2023-02-06 11:41:50 INFO 获取元素(('id', 'com.inkr.sport:id/ivEnterApp'),)失败，原因：Message: 
Stacktrace:
NoSuchElementError: An element could not be located on the page using the given search parameters.
    at AndroidUiautomator2Driver.findElOrEls (E:\Appium-Server-GUI-windows-1.22.3-4\resources\app\node_modules\appium\node_modules\appium-android-driver\lib\commands\find.js:75:11)
    at runMicrotasks (<anonymous>)
    at processTicksAndRejections (internal/process/task_queues.js:97:5)
    at AndroidUiautomator2Driver.findElOrElsWithProcessing (E:\Appium-Server-GUI-windows-1.22.3-4\resources\app\node_modules\appium\node_modules\appium-base-driver\lib\basedriver\commands\find.js:33:12)
    at AndroidUiautomator2Driver.findElement (E:\Appium-Server-GUI-windows-1.22.3-4\resources\app\node_modules\appium\node_modules\appium-base-driver\lib\basedriver\commands\find.js:53:10)
2023-02-06 11:43:27 INFO 手机参数：{'platformName': 'android', 'deviceName': 'xiaomi', 'automationName': 'UiAutomator2', 'appPackage': 'com.inkr.sport', 'appActivity': 'com.inkr.sport.activities.SplashActivity'}
2023-02-06 11:43:37 INFO 开始左滑
2023-02-06 11:43:37 INFO 左滑1次
2023-02-06 11:43:38 INFO 左滑2次
2023-02-06 11:43:38 INFO 左滑完成
2023-02-06 11:43:58 INFO 获取元素(('id', 'com.inkr.sport:id/ivEnterApp'),)失败，原因：Message: 
Stacktrace:
NoSuchElementError: An element could not be located on the page using the given search parameters.
    at AndroidUiautomator2Driver.findElOrEls (E:\Appium-Server-GUI-windows-1.22.3-4\resources\app\node_modules\appium\node_modules\appium-android-driver\lib\commands\find.js:75:11)
    at runMicrotasks (<anonymous>)
    at processTicksAndRejections (internal/process/task_queues.js:97:5)
    at AndroidUiautomator2Driver.findElOrElsWithProcessing (E:\Appium-Server-GUI-windows-1.22.3-4\resources\app\node_modules\appium\node_modules\appium-base-driver\lib\basedriver\commands\find.js:33:12)
    at AndroidUiautomator2Driver.findElement (E:\Appium-Server-GUI-windows-1.22.3-4\resources\app\node_modules\appium\node_modules\appium-base-driver\lib\basedriver\commands\find.js:53:10)
2023-02-06 11:44:26 INFO 手机参数：{'platformName': 'android', 'deviceName': 'xiaomi', 'automationName': 'UiAutomator2', 'appPackage': 'com.inkr.sport', 'appActivity': 'com.inkr.sport.activities.SplashActivity'}
2023-02-06 11:44:36 INFO 开始左滑
2023-02-06 11:44:37 INFO 左滑1次
2023-02-06 11:44:37 INFO 左滑2次
2023-02-06 11:44:37 INFO 左滑完成
2023-02-06 11:44:57 INFO 获取元素(('id', 'com.inkr.sport:id/ivEnterApp'),)失败，原因：Message: 
Stacktrace:
NoSuchElementError: An element could not be located on the page using the given search parameters.
    at AndroidUiautomator2Driver.findElOrEls (E:\Appium-Server-GUI-windows-1.22.3-4\resources\app\node_modules\appium\node_modules\appium-android-driver\lib\commands\find.js:75:11)
    at runMicrotasks (<anonymous>)
    at processTicksAndRejections (internal/process/task_queues.js:97:5)
    at AndroidUiautomator2Driver.findElOrElsWithProcessing (E:\Appium-Server-GUI-windows-1.22.3-4\resources\app\node_modules\appium\node_modules\appium-base-driver\lib\basedriver\commands\find.js:33:12)
    at AndroidUiautomator2Driver.findElement (E:\Appium-Server-GUI-windows-1.22.3-4\resources\app\node_modules\appium\node_modules\appium-base-driver\lib\basedriver\commands\find.js:53:10)
2023-02-06 11:45:05 INFO 手机参数：{'platformName': 'android', 'deviceName': 'xiaomi', 'automationName': 'UiAutomator2', 'appPackage': 'com.inkr.sport', 'appActivity': 'com.inkr.sport.activities.SplashActivity'}
2023-02-06 11:45:15 INFO 开始左滑
2023-02-06 11:45:15 INFO 左滑1次
2023-02-06 11:45:16 INFO 左滑2次
2023-02-06 11:45:16 INFO 左滑完成
2023-02-06 11:45:36 INFO 获取元素(('id', 'com.inkr.sport:id/ivEnterApp'),)失败，原因：Message: 
Stacktrace:
NoSuchElementError: An element could not be located on the page using the given search parameters.
    at AndroidUiautomator2Driver.findElOrEls (E:\Appium-Server-GUI-windows-1.22.3-4\resources\app\node_modules\appium\node_modules\appium-android-driver\lib\commands\find.js:75:11)
    at runMicrotasks (<anonymous>)
    at processTicksAndRejections (internal/process/task_queues.js:97:5)
    at AndroidUiautomator2Driver.findElOrElsWithProcessing (E:\Appium-Server-GUI-windows-1.22.3-4\resources\app\node_modules\appium\node_modules\appium-base-driver\lib\basedriver\commands\find.js:33:12)
    at AndroidUiautomator2Driver.findElement (E:\Appium-Server-GUI-windows-1.22.3-4\resources\app\node_modules\appium\node_modules\appium-base-driver\lib\basedriver\commands\find.js:53:10)
2023-02-06 11:45:50 INFO 手机参数：{'platformName': 'android', 'deviceName': 'xiaomi', 'automationName': 'UiAutomator2', 'appPackage': 'com.inkr.sport', 'appActivity': 'com.inkr.sport.activities.SplashActivity'}
2023-02-06 11:45:59 INFO 开始左滑
2023-02-06 11:45:59 INFO 左滑1次
2023-02-06 11:46:00 INFO 左滑2次
2023-02-06 11:46:00 INFO 左滑完成
2023-02-06 11:46:12 INFO 手机参数：{'platformName': 'android', 'deviceName': 'xiaomi', 'automationName': 'UiAutomator2', 'appPackage': 'com.inkr.sport', 'appActivity': 'com.inkr.sport.activities.SplashActivity'}
2023-02-06 11:46:22 INFO 开始左滑
2023-02-06 11:46:24 INFO 左滑1次
2023-02-06 11:46:26 INFO 左滑2次
2023-02-06 11:46:26 INFO 左滑完成
2023-02-06 11:46:47 INFO 手机参数：{'platformName': 'android', 'deviceName': 'xiaomi', 'automationName': 'UiAutomator2', 'appPackage': 'com.inkr.sport', 'appActivity': 'com.inkr.sport.activities.SplashActivity'}
2023-02-06 11:46:56 INFO 开始左滑
2023-02-06 11:46:57 INFO 左滑1次
2023-02-06 11:46:58 INFO 左滑2次
2023-02-06 11:46:58 INFO 左滑完成
2023-02-06 11:47:14 INFO 手机参数：{'platformName': 'android', 'deviceName': 'xiaomi', 'automationName': 'UiAutomator2', 'appPackage': 'com.inkr.sport', 'appActivity': 'com.inkr.sport.activities.SplashActivity'}
2023-02-06 11:47:23 INFO 开始左滑
2023-02-06 11:47:24 INFO 左滑1次
2023-02-06 11:47:26 INFO 左滑2次
2023-02-06 11:47:26 INFO 左滑完成
2023-02-06 11:47:36 INFO 手机参数：{'platformName': 'android', 'deviceName': 'xiaomi', 'automationName': 'UiAutomator2', 'appPackage': 'com.inkr.sport', 'appActivity': 'com.inkr.sport.activities.SplashActivity'}
2023-02-06 11:47:47 INFO 开始左滑
2023-02-06 11:47:48 INFO 左滑1次
2023-02-06 11:47:50 INFO 左滑2次
2023-02-06 11:47:50 INFO 左滑完成
2023-02-06 11:48:41 INFO 手机参数：{'platformName': 'android', 'deviceName': 'xiaomi', 'automationName': 'UiAutomator2', 'appPackage': 'com.inkr.sport', 'appActivity': 'com.inkr.sport.activities.SplashActivity'}
2023-02-06 11:48:50 INFO 开始左滑
2023-02-06 11:48:51 INFO 左滑1次
2023-02-06 11:48:53 INFO 左滑2次
2023-02-06 11:48:53 INFO 左滑完成
2023-02-06 11:49:13 INFO 获取元素(('id', 'com.inkr.sport:id/ivEnterApp'),)失败，原因：Message: 
Stacktrace:
NoSuchElementError: An element could not be located on the page using the given search parameters.
    at AndroidUiautomator2Driver.findElOrEls (E:\Appium-Server-GUI-windows-1.22.3-4\resources\app\node_modules\appium\node_modules\appium-android-driver\lib\commands\find.js:75:11)
    at runMicrotasks (<anonymous>)
    at processTicksAndRejections (internal/process/task_queues.js:97:5)
    at AndroidUiautomator2Driver.findElOrElsWithProcessing (E:\Appium-Server-GUI-windows-1.22.3-4\resources\app\node_modules\appium\node_modules\appium-base-driver\lib\basedriver\commands\find.js:33:12)
    at AndroidUiautomator2Driver.findElement (E:\Appium-Server-GUI-windows-1.22.3-4\resources\app\node_modules\appium\node_modules\appium-base-driver\lib\basedriver\commands\find.js:53:10)
2023-02-06 11:49:31 INFO 手机参数：{'platformName': 'android', 'deviceName': 'xiaomi', 'automationName': 'UiAutomator2', 'appPackage': 'com.inkr.sport', 'appActivity': 'com.inkr.sport.activities.SplashActivity'}
2023-02-06 11:49:41 INFO 开始左滑
2023-02-06 11:49:43 INFO 左滑1次
2023-02-06 11:49:44 INFO 左滑2次
2023-02-06 11:49:44 INFO 左滑完成
2023-02-06 11:50:00 INFO 手机参数：{'platformName': 'android', 'deviceName': 'xiaomi', 'automationName': 'UiAutomator2', 'appPackage': 'com.inkr.sport', 'appActivity': 'com.inkr.sport.activities.SplashActivity'}
2023-02-06 11:50:10 INFO 开始左滑
2023-02-06 11:50:11 INFO 左滑1次
2023-02-06 11:50:12 INFO 左滑2次
2023-02-06 11:50:12 INFO 左滑完成
2023-02-06 13:42:26 INFO 手机参数：{'platformName': 'android', 'deviceName': 'xiaomi', 'automationName': 'UiAutomator2', 'appPackage': 'com.inkr.sport', 'appActivity': 'com.inkr.sport.activities.SplashActivity'}
2023-02-06 13:42:26 INFO 开始启动手机
2023-02-06 13:42:35 INFO 启动手机成功
2023-02-06 13:42:36 INFO 开始左滑
2023-02-06 13:42:37 INFO 左滑1次
2023-02-06 13:42:38 INFO 左滑2次
2023-02-06 13:42:38 INFO 左滑完成
2023-02-06 13:42:59 INFO 获取元素(('id', 'com.inkr.sport:id/ivEnterApp'),)失败，原因：Message: 
Stacktrace:
NoSuchElementError: An element could not be located on the page using the given search parameters.
    at AndroidUiautomator2Driver.findElOrEls (E:\Appium-Server-GUI-windows-1.22.3-4\resources\app\node_modules\appium\node_modules\appium-android-driver\lib\commands\find.js:75:11)
    at runMicrotasks (<anonymous>)
    at processTicksAndRejections (internal/process/task_queues.js:97:5)
    at AndroidUiautomator2Driver.findElOrElsWithProcessing (E:\Appium-Server-GUI-windows-1.22.3-4\resources\app\node_modules\appium\node_modules\appium-base-driver\lib\basedriver\commands\find.js:33:12)
    at AndroidUiautomator2Driver.findElement (E:\Appium-Server-GUI-windows-1.22.3-4\resources\app\node_modules\appium\node_modules\appium-base-driver\lib\basedriver\commands\find.js:53:10)
2023-02-06 13:43:32 INFO 手机参数：{'platformName': 'android', 'deviceName': 'xiaomi', 'automationName': 'UiAutomator2', 'appPackage': 'com.inkr.sport', 'appActivity': 'com.inkr.sport.activities.SplashActivity'}
2023-02-06 13:43:32 INFO 开始启动手机
2023-02-06 13:43:40 INFO 启动手机成功
2023-02-06 13:43:41 INFO 开始左滑
2023-02-06 13:43:43 INFO 左滑1次
2023-02-06 13:43:46 INFO 左滑2次
2023-02-06 13:43:46 INFO 左滑完成
2023-02-06 13:44:06 INFO 获取元素(('id', 'com.inkr.sport:id/ivEnterApp'),)失败，原因：Message: 
Stacktrace:
NoSuchElementError: An element could not be located on the page using the given search parameters.
    at AndroidUiautomator2Driver.findElOrEls (E:\Appium-Server-GUI-windows-1.22.3-4\resources\app\node_modules\appium\node_modules\appium-android-driver\lib\commands\find.js:75:11)
    at runMicrotasks (<anonymous>)
    at processTicksAndRejections (internal/process/task_queues.js:97:5)
    at AndroidUiautomator2Driver.findElOrElsWithProcessing (E:\Appium-Server-GUI-windows-1.22.3-4\resources\app\node_modules\appium\node_modules\appium-base-driver\lib\basedriver\commands\find.js:33:12)
    at AndroidUiautomator2Driver.findElement (E:\Appium-Server-GUI-windows-1.22.3-4\resources\app\node_modules\appium\node_modules\appium-base-driver\lib\basedriver\commands\find.js:53:10)
2023-02-06 13:48:30 INFO 手机参数：{'platformName': 'android', 'deviceName': 'xiaomi', 'automationName': 'UiAutomator2', 'appPackage': 'com.inkr.sport', 'appActivity': 'com.inkr.sport.activities.SplashActivity'}
2023-02-06 13:48:30 INFO 开始启动APP
2023-02-06 13:48:39 INFO 启动成功
2023-02-06 13:48:41 INFO 开始左滑
2023-02-06 13:48:41 INFO 左滑1次
2023-02-06 13:48:42 INFO 左滑2次
2023-02-06 13:48:42 INFO 左滑完成
2023-02-06 14:07:25 INFO 开始启动APP
2023-02-06 14:07:25 INFO 手机参数：{'platformName': 'android', 'deviceName': 'xiaomi', 'automationName': 'UiAutomator2', 'appPackage': 'com.inkr.sport', 'appActivity': 'com.inkr.sport.activities.SplashActivity'}
2023-02-06 14:07:55 INFO 开始启动APP
2023-02-06 14:07:55 INFO 手机参数：{'platformName': 'android', 'deviceName': 'xiaomi', 'automationName': 'UiAutomator2', 'appPackage': 'com.inkr.sport', 'appActivity': 'com.inkr.sport.activities.SplashActivity'}
2023-02-06 14:09:00 INFO 开始启动APP
2023-02-06 14:09:00 INFO 手机参数：{'platformName': 'android', 'deviceName': 'xiaomi', 'automationName': 'UiAutomator2', 'appPackage': 'com.inkr.sport', 'appActivity': 'com.inkr.sport.activities.SplashActivity'}
2023-02-06 14:09:10 INFO 启动成功
2023-02-06 14:10:12 INFO 开始启动APP
2023-02-06 14:10:12 INFO 手机参数：{'platformName': 'android', 'deviceName': 'xiaomi', 'automationName': 'UiAutomator2', 'appPackage': 'com.inkr.sport', 'appActivity': 'com.inkr.sport.activities.SplashActivity'}
2023-02-06 14:10:21 INFO 启动成功
2023-02-06 14:10:44 INFO 开始启动APP
2023-02-06 14:10:44 INFO 手机参数：{'platformName': 'android', 'deviceName': 'xiaomi', 'automationName': 'UiAutomator2', 'appPackage': 'com.inkr.sport', 'appActivity': 'com.inkr.sport.activities.SplashActivity'}
2023-02-06 14:10:52 INFO 启动成功
2023-02-06 14:10:53 INFO 开始左滑
2023-02-06 14:10:53 INFO 左滑1次
2023-02-06 14:10:54 INFO 左滑2次
2023-02-06 14:10:54 INFO 左滑完成
2023-02-06 14:14:38 INFO 开始启动APP
2023-02-06 14:14:38 INFO 手机参数：{'platformName': 'android', 'deviceName': 'xiaomi', 'automationName': 'UiAutomator2', 'appPackage': 'com.inkr.sport', 'appActivity': 'com.inkr.sport.activities.SplashActivity'}
2023-02-06 14:15:24 INFO 开始启动APP
2023-02-06 14:15:24 INFO 手机参数：{'platformName': 'android', 'deviceName': 'xiaomi', 'automationName': 'UiAutomator2', 'appPackage': 'com.inkr.sport', 'appActivity': 'com.inkr.sport.activities.SplashActivity'}
2023-02-06 14:15:32 INFO 启动成功
2023-02-06 14:15:33 INFO 开始左滑
2023-02-06 14:15:33 INFO 左滑1次
2023-02-06 14:15:33 INFO 左滑2次
2023-02-06 14:15:33 INFO 左滑完成
2023-02-06 14:15:52 INFO 开始启动APP
2023-02-06 14:15:52 INFO 手机参数：{'platformName': 'android', 'deviceName': 'xiaomi', 'automationName': 'UiAutomator2', 'appPackage': 'com.inkr.sport', 'appActivity': 'com.inkr.sport.activities.SplashActivity'}
2023-02-06 14:16:01 INFO 启动成功
2023-02-06 14:16:02 INFO 开始左滑
2023-02-06 14:16:03 INFO 左滑1次
2023-02-06 14:16:03 INFO 左滑2次
2023-02-06 14:16:03 INFO 左滑完成
2023-02-06 14:18:17 INFO 开始启动APP
2023-02-06 14:18:17 INFO 手机参数：{'platformName': 'android', 'deviceName': 'xiaomi', 'automationName': 'UiAutomator2', 'appPackage': 'com.inkr.sport', 'appActivity': 'com.inkr.sport.activities.SplashActivity'}
2023-02-06 14:18:25 INFO 启动成功
2023-02-06 14:18:26 INFO 开始左滑
2023-02-06 14:18:27 INFO 左滑1次
2023-02-06 14:18:27 INFO 左滑2次
2023-02-06 14:18:27 INFO 左滑完成
2023-02-06 14:18:47 INFO 获取元素(('id', 'com.inkr.sport:id/ivEnterApp'),)失败，原因：Message: 
Stacktrace:
NoSuchElementError: An element could not be located on the page using the given search parameters.
    at AndroidUiautomator2Driver.findElOrEls (E:\Appium-Server-GUI-windows-1.22.3-4\resources\app\node_modules\appium\node_modules\appium-android-driver\lib\commands\find.js:75:11)
    at runMicrotasks (<anonymous>)
    at processTicksAndRejections (internal/process/task_queues.js:97:5)
    at AndroidUiautomator2Driver.findElOrElsWithProcessing (E:\Appium-Server-GUI-windows-1.22.3-4\resources\app\node_modules\appium\node_modules\appium-base-driver\lib\basedriver\commands\find.js:33:12)
    at AndroidUiautomator2Driver.findElement (E:\Appium-Server-GUI-windows-1.22.3-4\resources\app\node_modules\appium\node_modules\appium-base-driver\lib\basedriver\commands\find.js:53:10)
2023-02-06 14:18:52 INFO 开始启动APP
2023-02-06 14:18:52 INFO 手机参数：{'platformName': 'android', 'deviceName': 'xiaomi', 'automationName': 'UiAutomator2', 'appPackage': 'com.inkr.sport', 'appActivity': 'com.inkr.sport.activities.SplashActivity'}
2023-02-06 14:19:01 INFO 启动成功
2023-02-06 14:19:01 INFO 开始左滑
2023-02-06 14:19:03 INFO 左滑1次
2023-02-06 14:19:04 INFO 左滑2次
2023-02-06 14:19:04 INFO 左滑完成
2023-02-06 14:24:06 INFO 开始启动APP
2023-02-06 14:24:06 INFO 手机参数：{'platformName': 'android', 'deviceName': 'xiaomi', 'automationName': 'UiAutomator2', 'appPackage': 'com.inkr.sport', 'appActivity': 'com.inkr.sport.activities.SplashActivity'}
2023-02-06 14:24:15 INFO 启动成功
2023-02-06 14:24:18 INFO 开始左滑
2023-02-06 14:24:19 INFO 左滑1次
2023-02-06 14:24:20 INFO 左滑2次
2023-02-06 14:24:20 INFO 左滑完成
2023-02-06 14:27:15 INFO 开始启动APP
2023-02-06 14:27:15 INFO 手机参数：{'platformName': 'android', 'deviceName': 'xiaomi', 'automationName': 'UiAutomator2', 'appPackage': 'com.inkr.sport', 'appActivity': 'com.inkr.sport.activities.SplashActivity'}
2023-02-06 14:27:24 INFO 启动成功
2023-02-06 14:27:24 INFO 开始左滑
2023-02-06 14:27:26 INFO 左滑1次
2023-02-06 14:27:27 INFO 左滑2次
2023-02-06 14:27:27 INFO 左滑完成
2023-02-06 14:36:41 INFO 开始启动APP
2023-02-06 14:36:41 INFO 手机参数：{'platformName': 'android', 'deviceName': 'xiaomi', 'automationName': 'UiAutomator2', 'appPackage': 'com.inkr.sport', 'appActivity': 'com.inkr.sport.activities.SplashActivity'}
2023-02-06 14:36:49 INFO 启动成功
2023-02-06 14:36:50 INFO 开始左滑
2023-02-06 14:36:51 INFO 左滑1次
2023-02-06 14:36:53 INFO 左滑2次
2023-02-06 14:36:53 INFO 左滑完成
2023-02-06 14:38:05 INFO 获取元素(('com.inkr.sport:id/clMobileInput', '13000000000'),)失败，原因：Message: Locator Strategy 'com.inkr.sport:id/clMobileInput' is not supported for this session
Stacktrace:
InvalidSelectorError: Locator Strategy 'com.inkr.sport:id/clMobileInput' is not supported for this session
    at AndroidUiautomator2Driver.validateLocatorStrategy (E:\Appium-Server-GUI-windows-1.22.3-4\resources\app\node_modules\appium\node_modules\appium-base-driver\lib\basedriver\driver.js:393:13)
    at AndroidUiautomator2Driver.findElOrElsWithProcessing (E:\Appium-Server-GUI-windows-1.22.3-4\resources\app\node_modules\appium\node_modules\appium-base-driver\lib\basedriver\commands\find.js:31:8)
    at AndroidUiautomator2Driver.findElement (E:\Appium-Server-GUI-windows-1.22.3-4\resources\app\node_modules\appium\node_modules\appium-base-driver\lib\basedriver\commands\find.js:53:21)
    at commandExecutor (E:\Appium-Server-GUI-windows-1.22.3-4\resources\app\node_modules\appium\node_modules\appium-base-driver\lib\basedriver\driver.js:335:9)
    at E:\Appium-Server-GUI-windows-1.22.3-4\resources\app\node_modules\appium\node_modules\async-lock\lib\index.js:146:12
    at AsyncLock._promiseTry (E:\Appium-Server-GUI-windows-1.22.3-4\resources\app\node_modules\appium\node_modules\async-lock\lib\index.js:280:31)
    at exec (E:\Appium-Server-GUI-windows-1.22.3-4\resources\app\node_modules\appium\node_modules\async-lock\lib\index.js:145:9)
    at AsyncLock.acquire (E:\Appium-Server-GUI-windows-1.22.3-4\resources\app\node_modules\appium\node_modules\async-lock\lib\index.js:162:3)
    at AndroidUiautomator2Driver.executeCommand (E:\Appium-Server-GUI-windows-1.22.3-4\resources\app\node_modules\appium\node_modules\appium-base-driver\lib\basedriver\driver.js:348:39)
    at AppiumDriver.executeCommand (E:\Appium-Server-GUI-windows-1.22.3-4\resources\app\node_modules\appium\lib\appium.js:563:36)
    at runMicrotasks (<anonymous>)
    at processTicksAndRejections (internal/process/task_queues.js:97:5)
    at asyncHandler (E:\Appium-Server-GUI-windows-1.22.3-4\resources\app\node_modules\appium\node_modules\appium-base-driver\lib\protocol\protocol.js:297:21)
2023-02-06 14:39:33 INFO 开始启动APP
2023-02-06 14:39:33 INFO 手机参数：{'platformName': 'android', 'deviceName': 'xiaomi', 'automationName': 'UiAutomator2', 'appPackage': 'com.inkr.sport', 'appActivity': 'com.inkr.sport.activities.SplashActivity'}
2023-02-06 14:39:43 INFO 启动成功
2023-02-06 14:39:44 INFO 开始左滑
2023-02-06 14:39:45 INFO 左滑1次
2023-02-06 14:39:47 INFO 左滑2次
2023-02-06 14:39:47 INFO 左滑完成
2023-02-06 14:39:57 INFO 获取元素(('com.inkr.sport:id/clMobileInput', '13000000000'),)失败，原因：Message: Locator Strategy 'com.inkr.sport:id/clMobileInput' is not supported for this session
Stacktrace:
InvalidSelectorError: Locator Strategy 'com.inkr.sport:id/clMobileInput' is not supported for this session
    at AndroidUiautomator2Driver.validateLocatorStrategy (E:\Appium-Server-GUI-windows-1.22.3-4\resources\app\node_modules\appium\node_modules\appium-base-driver\lib\basedriver\driver.js:393:13)
    at AndroidUiautomator2Driver.findElOrElsWithProcessing (E:\Appium-Server-GUI-windows-1.22.3-4\resources\app\node_modules\appium\node_modules\appium-base-driver\lib\basedriver\commands\find.js:31:8)
    at AndroidUiautomator2Driver.findElement (E:\Appium-Server-GUI-windows-1.22.3-4\resources\app\node_modules\appium\node_modules\appium-base-driver\lib\basedriver\commands\find.js:53:21)
    at commandExecutor (E:\Appium-Server-GUI-windows-1.22.3-4\resources\app\node_modules\appium\node_modules\appium-base-driver\lib\basedriver\driver.js:335:9)
    at E:\Appium-Server-GUI-windows-1.22.3-4\resources\app\node_modules\appium\node_modules\async-lock\lib\index.js:146:12
    at AsyncLock._promiseTry (E:\Appium-Server-GUI-windows-1.22.3-4\resources\app\node_modules\appium\node_modules\async-lock\lib\index.js:280:31)
    at exec (E:\Appium-Server-GUI-windows-1.22.3-4\resources\app\node_modules\appium\node_modules\async-lock\lib\index.js:145:9)
    at AsyncLock.acquire (E:\Appium-Server-GUI-windows-1.22.3-4\resources\app\node_modules\appium\node_modules\async-lock\lib\index.js:162:3)
    at AndroidUiautomator2Driver.executeCommand (E:\Appium-Server-GUI-windows-1.22.3-4\resources\app\node_modules\appium\node_modules\appium-base-driver\lib\basedriver\driver.js:348:39)
    at AppiumDriver.executeCommand (E:\Appium-Server-GUI-windows-1.22.3-4\resources\app\node_modules\appium\lib\appium.js:563:36)
    at runMicrotasks (<anonymous>)
    at processTicksAndRejections (internal/process/task_queues.js:97:5)
    at asyncHandler (E:\Appium-Server-GUI-windows-1.22.3-4\resources\app\node_modules\appium\node_modules\appium-base-driver\lib\protocol\protocol.js:297:21)
2023-02-06 14:40:31 INFO 开始启动APP
2023-02-06 14:40:31 INFO 手机参数：{'platformName': 'android', 'deviceName': 'xiaomi', 'automationName': 'UiAutomator2', 'appPackage': 'com.inkr.sport', 'appActivity': 'com.inkr.sport.activities.SplashActivity'}
2023-02-06 14:40:41 INFO 启动成功
2023-02-06 14:40:41 INFO 开始左滑
2023-02-06 14:40:43 INFO 左滑1次
2023-02-06 14:40:44 INFO 左滑2次
2023-02-06 14:40:44 INFO 左滑完成
2023-02-06 14:44:24 INFO 开始启动APP
2023-02-06 14:44:24 INFO 手机参数：{'platformName': 'android', 'deviceName': 'xiaomi', 'automationName': 'UiAutomator2', 'appPackage': 'com.inkr.sport', 'appActivity': 'com.inkr.sport.activities.SplashActivity'}
2023-02-06 14:44:31 INFO 启动成功
2023-02-06 14:44:33 INFO 开始左滑
2023-02-06 14:44:34 INFO 左滑1次
2023-02-06 14:44:35 INFO 左滑2次
2023-02-06 14:44:35 INFO 左滑完成
2023-02-06 14:44:43 INFO 获取元素(('com.inkr.sport:id/clMobileInput', '13000000000'),)失败，原因：Message: Locator Strategy 'com.inkr.sport:id/clMobileInput' is not supported for this session
Stacktrace:
InvalidSelectorError: Locator Strategy 'com.inkr.sport:id/clMobileInput' is not supported for this session
    at AndroidUiautomator2Driver.validateLocatorStrategy (E:\Appium-Server-GUI-windows-1.22.3-4\resources\app\node_modules\appium\node_modules\appium-base-driver\lib\basedriver\driver.js:393:13)
    at AndroidUiautomator2Driver.findElOrElsWithProcessing (E:\Appium-Server-GUI-windows-1.22.3-4\resources\app\node_modules\appium\node_modules\appium-base-driver\lib\basedriver\commands\find.js:31:8)
    at AndroidUiautomator2Driver.findElement (E:\Appium-Server-GUI-windows-1.22.3-4\resources\app\node_modules\appium\node_modules\appium-base-driver\lib\basedriver\commands\find.js:53:21)
    at commandExecutor (E:\Appium-Server-GUI-windows-1.22.3-4\resources\app\node_modules\appium\node_modules\appium-base-driver\lib\basedriver\driver.js:335:9)
    at E:\Appium-Server-GUI-windows-1.22.3-4\resources\app\node_modules\appium\node_modules\async-lock\lib\index.js:146:12
    at AsyncLock._promiseTry (E:\Appium-Server-GUI-windows-1.22.3-4\resources\app\node_modules\appium\node_modules\async-lock\lib\index.js:280:31)
    at exec (E:\Appium-Server-GUI-windows-1.22.3-4\resources\app\node_modules\appium\node_modules\async-lock\lib\index.js:145:9)
    at AsyncLock.acquire (E:\Appium-Server-GUI-windows-1.22.3-4\resources\app\node_modules\appium\node_modules\async-lock\lib\index.js:162:3)
    at AndroidUiautomator2Driver.executeCommand (E:\Appium-Server-GUI-windows-1.22.3-4\resources\app\node_modules\appium\node_modules\appium-base-driver\lib\basedriver\driver.js:348:39)
    at AppiumDriver.executeCommand (E:\Appium-Server-GUI-windows-1.22.3-4\resources\app\node_modules\appium\lib\appium.js:563:36)
    at runMicrotasks (<anonymous>)
    at processTicksAndRejections (internal/process/task_queues.js:97:5)
    at asyncHandler (E:\Appium-Server-GUI-windows-1.22.3-4\resources\app\node_modules\appium\node_modules\appium-base-driver\lib\protocol\protocol.js:297:21)
2023-02-06 14:50:51 INFO 开始启动APP
2023-02-06 14:50:51 INFO 手机参数：{'platformName': 'android', 'deviceName': 'xiaomi', 'automationName': 'UiAutomator2', 'appPackage': 'com.inkr.sport', 'appActivity': 'com.inkr.sport.activities.SplashActivity'}
2023-02-06 14:50:59 INFO 启动成功
2023-02-06 14:51:00 INFO 开始左滑
2023-02-06 14:51:02 INFO 左滑1次
2023-02-06 14:51:03 INFO 左滑2次
2023-02-06 14:51:03 INFO 左滑完成
2023-02-06 14:51:13 INFO 获取元素(('//*[@resource-id="com.inkr.sport:id/clMobileInput"]', '13000000000'),)失败，原因：Message: Locator Strategy '//*[@resource-id="com.inkr.sport:id/clMobileInput"]' is not supported for this session
Stacktrace:
InvalidSelectorError: Locator Strategy '//*[@resource-id="com.inkr.sport:id/clMobileInput"]' is not supported for this session
    at AndroidUiautomator2Driver.validateLocatorStrategy (E:\Appium-Server-GUI-windows-1.22.3-4\resources\app\node_modules\appium\node_modules\appium-base-driver\lib\basedriver\driver.js:393:13)
    at AndroidUiautomator2Driver.findElOrElsWithProcessing (E:\Appium-Server-GUI-windows-1.22.3-4\resources\app\node_modules\appium\node_modules\appium-base-driver\lib\basedriver\commands\find.js:31:8)
    at AndroidUiautomator2Driver.findElement (E:\Appium-Server-GUI-windows-1.22.3-4\resources\app\node_modules\appium\node_modules\appium-base-driver\lib\basedriver\commands\find.js:53:21)
    at commandExecutor (E:\Appium-Server-GUI-windows-1.22.3-4\resources\app\node_modules\appium\node_modules\appium-base-driver\lib\basedriver\driver.js:335:9)
    at E:\Appium-Server-GUI-windows-1.22.3-4\resources\app\node_modules\appium\node_modules\async-lock\lib\index.js:146:12
    at AsyncLock._promiseTry (E:\Appium-Server-GUI-windows-1.22.3-4\resources\app\node_modules\appium\node_modules\async-lock\lib\index.js:280:31)
    at exec (E:\Appium-Server-GUI-windows-1.22.3-4\resources\app\node_modules\appium\node_modules\async-lock\lib\index.js:145:9)
    at AsyncLock.acquire (E:\Appium-Server-GUI-windows-1.22.3-4\resources\app\node_modules\appium\node_modules\async-lock\lib\index.js:162:3)
    at AndroidUiautomator2Driver.executeCommand (E:\Appium-Server-GUI-windows-1.22.3-4\resources\app\node_modules\appium\node_modules\appium-base-driver\lib\basedriver\driver.js:348:39)
    at AppiumDriver.executeCommand (E:\Appium-Server-GUI-windows-1.22.3-4\resources\app\node_modules\appium\lib\appium.js:563:36)
    at runMicrotasks (<anonymous>)
    at processTicksAndRejections (internal/process/task_queues.js:97:5)
    at asyncHandler (E:\Appium-Server-GUI-windows-1.22.3-4\resources\app\node_modules\appium\node_modules\appium-base-driver\lib\protocol\protocol.js:297:21)
2023-02-06 14:51:38 INFO 开始启动APP
2023-02-06 14:51:38 INFO 手机参数：{'platformName': 'android', 'deviceName': 'xiaomi', 'automationName': 'UiAutomator2', 'appPackage': 'com.inkr.sport', 'appActivity': 'com.inkr.sport.activities.SplashActivity'}
2023-02-06 14:51:46 INFO 启动成功
2023-02-06 14:51:47 INFO 开始左滑
2023-02-06 14:51:48 INFO 左滑1次
2023-02-06 14:51:50 INFO 左滑2次
2023-02-06 14:51:50 INFO 左滑完成
2023-02-06 14:52:39 INFO 开始启动APP
2023-02-06 14:52:39 INFO 手机参数：{'platformName': 'android', 'deviceName': 'xiaomi', 'automationName': 'UiAutomator2', 'appPackage': 'com.inkr.sport', 'appActivity': 'com.inkr.sport.activities.SplashActivity'}
2023-02-06 14:52:49 INFO 启动成功
2023-02-06 14:52:49 INFO 开始左滑
2023-02-06 14:52:51 INFO 左滑1次
2023-02-06 14:52:52 INFO 左滑2次
2023-02-06 14:52:52 INFO 左滑完成
2023-02-06 14:53:13 INFO 获取元素(('id', 'com.inkr.sport:id/ivTbMine'),)失败，原因：Message: 
Stacktrace:
NoSuchElementError: An element could not be located on the page using the given search parameters.
    at AndroidUiautomator2Driver.findElOrEls (E:\Appium-Server-GUI-windows-1.22.3-4\resources\app\node_modules\appium\node_modules\appium-android-driver\lib\commands\find.js:75:11)
    at processTicksAndRejections (internal/process/task_queues.js:97:5)
    at AndroidUiautomator2Driver.findElOrElsWithProcessing (E:\Appium-Server-GUI-windows-1.22.3-4\resources\app\node_modules\appium\node_modules\appium-base-driver\lib\basedriver\commands\find.js:33:12)
    at AndroidUiautomator2Driver.findElement (E:\Appium-Server-GUI-windows-1.22.3-4\resources\app\node_modules\appium\node_modules\appium-base-driver\lib\basedriver\commands\find.js:53:10)
2023-02-06 14:59:56 INFO 开始启动APP
2023-02-06 14:59:56 INFO 手机参数：{'platformName': 'android', 'deviceName': 'xiaomi', 'automationName': 'UiAutomator2', 'appPackage': 'com.inkr.sport', 'appActivity': 'com.inkr.sport.activities.SplashActivity'}
2023-02-06 15:00:05 INFO 启动成功
2023-02-06 15:00:05 INFO 开始左滑
2023-02-06 15:00:07 INFO 左滑1次
2023-02-06 15:00:08 INFO 左滑2次
2023-02-06 15:00:08 INFO 左滑完成
2023-02-06 15:01:49 INFO 开始启动APP
2023-02-06 15:01:49 INFO 手机参数：{'platformName': 'android', 'deviceName': 'xiaomi', 'automationName': 'UiAutomator2', 'appPackage': 'com.inkr.sport', 'appActivity': 'com.inkr.sport.activities.SplashActivity'}
2023-02-06 15:01:58 INFO 启动成功
2023-02-06 15:01:59 INFO 开始左滑
2023-02-06 15:02:01 INFO 左滑1次
2023-02-06 15:02:02 INFO 左滑2次
2023-02-06 15:02:02 INFO 左滑完成
2023-02-06 15:23:58 INFO 开始启动APP
2023-02-06 15:23:58 INFO 手机参数：{'platformName': 'android', 'deviceName': 'xiaomi', 'automationName': 'UiAutomator2', 'appPackage': 'com.inkr.sport', 'appActivity': 'com.inkr.sport.activities.SplashActivity'}
2023-02-06 15:24:37 INFO 开始启动APP
2023-02-06 15:24:37 INFO 手机参数：{'platformName': 'android', 'deviceName': 'xiaomi', 'automationName': 'UiAutomator2', 'appPackage': 'com.inkr.sport', 'appActivity': 'com.inkr.sport.activities.SplashActivity'}
2023-02-06 15:25:44 INFO 开始启动APP
2023-02-06 15:25:44 INFO 手机参数：{'platformName': 'android', 'deviceName': 'xiaomi', 'automationName': 'UiAutomator2', 'appPackage': 'com.inkr.sport', 'appActivity': 'com.inkr.sport.activities.SplashActivity'}
2023-02-06 15:25:53 INFO 启动成功
2023-02-06 15:25:55 INFO 开始左滑
2023-02-06 15:25:56 INFO 左滑1次
2023-02-06 15:25:57 INFO 左滑2次
2023-02-06 15:25:57 INFO 左滑完成
2023-02-06 15:26:46 INFO 开始启动APP
2023-02-06 15:26:46 INFO 手机参数：{'platformName': 'android', 'deviceName': 'xiaomi', 'automationName': 'UiAutomator2', 'appPackage': 'com.inkr.sport', 'appActivity': 'com.inkr.sport.activities.SplashActivity'}
2023-02-06 15:26:54 INFO 启动成功
2023-02-06 15:26:55 INFO 开始左滑
2023-02-06 15:26:56 INFO 左滑1次
2023-02-06 15:26:58 INFO 左滑2次
2023-02-06 15:26:58 INFO 左滑完成
2023-02-06 15:27:26 INFO 开始启动APP
2023-02-06 15:27:26 INFO 手机参数：{'platformName': 'android', 'deviceName': 'xiaomi', 'automationName': 'UiAutomator2', 'appPackage': 'com.inkr.sport', 'appActivity': 'com.inkr.sport.activities.SplashActivity'}
2023-02-06 15:27:35 INFO 启动成功
2023-02-06 15:27:36 INFO 开始左滑
2023-02-06 15:27:37 INFO 左滑1次
2023-02-06 15:27:38 INFO 左滑2次
2023-02-06 15:27:38 INFO 左滑完成
2023-02-06 15:28:09 INFO 获取元素(('id', 'com.inkr.sport:id/clMobileInput'),)失败，原因：Message: 
Stacktrace:
NoSuchElementError: An element could not be located on the page using the given search parameters.
    at AndroidUiautomator2Driver.findElOrEls (E:\Appium-Server-GUI-windows-1.22.3-4\resources\app\node_modules\appium\node_modules\appium-android-driver\lib\commands\find.js:75:11)
    at runMicrotasks (<anonymous>)
    at processTicksAndRejections (internal/process/task_queues.js:97:5)
    at AndroidUiautomator2Driver.findElOrElsWithProcessing (E:\Appium-Server-GUI-windows-1.22.3-4\resources\app\node_modules\appium\node_modules\appium-base-driver\lib\basedriver\commands\find.js:33:12)
    at AndroidUiautomator2Driver.findElement (E:\Appium-Server-GUI-windows-1.22.3-4\resources\app\node_modules\appium\node_modules\appium-base-driver\lib\basedriver\commands\find.js:53:10)
2023-02-06 15:37:54 INFO 开始启动APP
2023-02-06 15:37:54 INFO 手机参数：{'platformName': 'android', 'deviceName': 'xiaomi', 'automationName': 'UiAutomator2', 'appPackage': 'com.inkr.sport', 'appActivity': 'com.inkr.sport.activities.SplashActivity'}
2023-02-06 15:38:04 INFO 启动成功
2023-02-06 15:38:05 INFO 开始左滑
2023-02-06 15:38:06 INFO 左滑1次
2023-02-06 15:38:08 INFO 左滑2次
2023-02-06 15:38:08 INFO 左滑完成
2023-02-06 15:41:01 INFO 开始启动APP
2023-02-06 15:41:01 INFO 手机参数：{'platformName': 'android', 'deviceName': 'xiaomi', 'automationName': 'UiAutomator2', 'appPackage': 'com.inkr.sport', 'appActivity': 'com.inkr.sport.activities.SplashActivity'}
2023-02-06 15:41:09 INFO 启动成功
2023-02-06 15:41:10 INFO 开始左滑
2023-02-06 15:41:12 INFO 左滑1次
2023-02-06 15:41:13 INFO 左滑2次
2023-02-06 15:41:13 INFO 左滑完成
2023-02-06 15:42:07 INFO 开始启动APP
2023-02-06 15:42:07 INFO 手机参数：{'platformName': 'android', 'deviceName': 'xiaomi', 'automationName': 'UiAutomator2', 'appPackage': 'com.inkr.sport', 'appActivity': 'com.inkr.sport.activities.SplashActivity'}
2023-02-06 15:42:16 INFO 启动成功
2023-02-06 15:42:17 INFO 开始左滑
2023-02-06 15:42:19 INFO 左滑1次
2023-02-06 15:42:20 INFO 左滑2次
2023-02-06 15:42:20 INFO 左滑完成
2023-02-06 15:43:36 INFO 开始启动APP
2023-02-06 15:43:36 INFO 手机参数：{'platformName': 'android', 'deviceName': 'xiaomi', 'automationName': 'UiAutomator2', 'appPackage': 'com.inkr.sport', 'appActivity': 'com.inkr.sport.activities.SplashActivity'}
2023-02-06 15:43:45 INFO 启动成功
2023-02-06 15:43:46 INFO 开始左滑
2023-02-06 15:43:48 INFO 左滑1次
2023-02-06 15:43:49 INFO 左滑2次
2023-02-06 15:43:49 INFO 左滑完成
2023-02-06 15:44:26 INFO 开始启动APP
2023-02-06 15:44:26 INFO 手机参数：{'platformName': 'android', 'deviceName': 'xiaomi', 'automationName': 'UiAutomator2', 'appPackage': 'com.inkr.sport', 'appActivity': 'com.inkr.sport.activities.SplashActivity'}
2023-02-06 15:44:34 INFO 启动成功
2023-02-06 15:44:36 INFO 开始左滑
2023-02-06 15:44:38 INFO 左滑1次
2023-02-06 15:44:39 INFO 左滑2次
2023-02-06 15:44:39 INFO 左滑完成
2023-02-06 16:21:39 INFO 开始启动APP
2023-02-06 16:21:39 INFO 手机参数：{'platformName': 'android', 'deviceName': 'xiaomi', 'automationName': 'UiAutomator2', 'appPackage': 'com.inkr.sport', 'appActivity': 'com.inkr.sport.activities.SplashActivity'}
2023-02-06 16:23:23 INFO 开始启动APP
2023-02-06 16:23:23 INFO 手机参数：{'platformName': 'android', 'deviceName': 'xiaomi', 'automationName': 'UiAutomator2', 'appPackage': 'com.inkr.sport', 'appActivity': 'com.inkr.sport.activities.SplashActivity'}
2023-02-06 16:25:07 INFO 开始启动APP
2023-02-06 16:25:07 INFO 手机参数：{'platformName': 'android', 'deviceName': 'xiaomi', 'automationName': 'UiAutomator2', 'appPackage': 'com.inkr.sport', 'appActivity': 'com.inkr.sport.activities.SplashActivity'}
2023-02-06 16:25:33 INFO 开始启动APP
2023-02-06 16:25:33 INFO 手机参数：{'platformName': 'android', 'deviceName': 'xiaomi', 'automationName': 'UiAutomator2', 'appPackage': 'com.inkr.sport', 'appActivity': 'com.inkr.sport.activities.SplashActivity'}
2023-02-06 16:25:41 INFO 启动成功
2023-02-06 16:25:43 INFO 开始左滑
2023-02-06 16:25:45 INFO 左滑1次
2023-02-06 16:25:46 INFO 左滑2次
2023-02-06 16:25:46 INFO 左滑完成
2023-02-06 16:25:56 INFO 获取元素(('账号密码登录',),)失败，原因：Message: Locator Strategy '账号密码登录' is not supported for this session
Stacktrace:
InvalidSelectorError: Locator Strategy '账号密码登录' is not supported for this session
    at AndroidUiautomator2Driver.validateLocatorStrategy (E:\Appium-Server-GUI-windows-1.22.3-4\resources\app\node_modules\appium\node_modules\appium-base-driver\lib\basedriver\driver.js:393:13)
    at AndroidUiautomator2Driver.findElOrElsWithProcessing (E:\Appium-Server-GUI-windows-1.22.3-4\resources\app\node_modules\appium\node_modules\appium-base-driver\lib\basedriver\commands\find.js:31:8)
    at AndroidUiautomator2Driver.findElement (E:\Appium-Server-GUI-windows-1.22.3-4\resources\app\node_modules\appium\node_modules\appium-base-driver\lib\basedriver\commands\find.js:53:21)
    at commandExecutor (E:\Appium-Server-GUI-windows-1.22.3-4\resources\app\node_modules\appium\node_modules\appium-base-driver\lib\basedriver\driver.js:335:9)
    at E:\Appium-Server-GUI-windows-1.22.3-4\resources\app\node_modules\appium\node_modules\async-lock\lib\index.js:146:12
    at AsyncLock._promiseTry (E:\Appium-Server-GUI-windows-1.22.3-4\resources\app\node_modules\appium\node_modules\async-lock\lib\index.js:280:31)
    at exec (E:\Appium-Server-GUI-windows-1.22.3-4\resources\app\node_modules\appium\node_modules\async-lock\lib\index.js:145:9)
    at AsyncLock.acquire (E:\Appium-Server-GUI-windows-1.22.3-4\resources\app\node_modules\appium\node_modules\async-lock\lib\index.js:162:3)
    at AndroidUiautomator2Driver.executeCommand (E:\Appium-Server-GUI-windows-1.22.3-4\resources\app\node_modules\appium\node_modules\appium-base-driver\lib\basedriver\driver.js:348:39)
    at AppiumDriver.executeCommand (E:\Appium-Server-GUI-windows-1.22.3-4\resources\app\node_modules\appium\lib\appium.js:563:36)
    at runMicrotasks (<anonymous>)
    at processTicksAndRejections (internal/process/task_queues.js:97:5)
    at asyncHandler (E:\Appium-Server-GUI-windows-1.22.3-4\resources\app\node_modules\appium\node_modules\appium-base-driver\lib\protocol\protocol.js:297:21)
2023-02-06 16:26:25 INFO 开始启动APP
2023-02-06 16:26:25 INFO 手机参数：{'platformName': 'android', 'deviceName': 'xiaomi', 'automationName': 'UiAutomator2', 'appPackage': 'com.inkr.sport', 'appActivity': 'com.inkr.sport.activities.SplashActivity'}
2023-02-06 16:26:33 INFO 启动成功
2023-02-06 16:26:35 INFO 开始左滑
2023-02-06 16:26:36 INFO 左滑1次
2023-02-06 16:26:37 INFO 左滑2次
2023-02-06 16:26:37 INFO 左滑完成
2023-02-06 16:34:40 INFO 开始启动APP
2023-02-06 16:34:40 INFO 手机参数：{'platformName': 'android', 'deviceName': 'xiaomi', 'automationName': 'UiAutomator2', 'appPackage': 'com.inkr.sport', 'appActivity': 'com.inkr.sport.activities.SplashActivity'}
2023-02-06 16:35:24 INFO 开始启动APP
2023-02-06 16:35:24 INFO 手机参数：{'platformName': 'android', 'deviceName': 'xiaomi', 'automationName': 'UiAutomator2', 'appPackage': 'com.inkr.sport', 'appActivity': 'com.inkr.sport.activities.SplashActivity'}
2023-02-06 16:37:15 INFO 开始启动APP
2023-02-06 16:37:15 INFO 手机参数：{'platformName': 'android', 'deviceName': 'xiaomi', 'automationName': 'UiAutomator2', 'appPackage': 'com.inkr.sport', 'appActivity': 'com.inkr.sport.activities.SplashActivity'}
2023-02-06 16:37:46 INFO 开始启动APP
2023-02-06 16:37:46 INFO 手机参数：{'platformName': 'android', 'deviceName': 'xiaomi', 'automationName': 'UiAutomator2', 'appPackage': 'com.inkr.sport', 'appActivity': 'com.inkr.sport.activities.SplashActivity'}
2023-02-06 16:37:54 INFO 启动成功
2023-02-06 16:37:54 INFO 开始左滑
2023-02-06 16:37:56 INFO 左滑1次
2023-02-06 16:37:57 INFO 左滑2次
2023-02-06 16:37:57 INFO 左滑完成
2023-02-06 16:42:51 INFO 开始启动APP
2023-02-06 16:42:51 INFO 手机参数：{'platformName': 'android', 'deviceName': 'xiaomi', 'automationName': 'UiAutomator2', 'appPackage': 'com.inkr.sport', 'appActivity': 'com.inkr.sport.activities.SplashActivity'}
2023-02-06 16:43:00 INFO 启动成功
2023-02-06 16:43:01 INFO 开始左滑
2023-02-06 16:43:02 INFO 左滑1次
2023-02-06 16:43:04 INFO 左滑2次
2023-02-06 16:43:04 INFO 左滑完成
2023-02-06 16:48:57 INFO 开始启动APP
2023-02-06 16:48:57 INFO 手机参数：{'platformName': 'android', 'deviceName': 'xiaomi', 'automationName': 'UiAutomator2', 'appPackage': 'com.inkr.sport', 'appActivity': 'com.inkr.sport.activities.SplashActivity'}
2023-02-06 16:51:41 INFO 开始启动APP
2023-02-06 16:51:41 INFO 手机参数：{'platformName': 'android', 'deviceName': 'xiaomi', 'automationName': 'UiAutomator2', 'appPackage': 'com.inkr.sport', 'appActivity': 'com.inkr.sport.activities.SplashActivity'}
2023-02-06 16:51:49 INFO 启动成功
2023-02-06 16:51:51 INFO 开始左滑
2023-02-06 16:51:52 INFO 左滑1次
2023-02-06 16:51:54 INFO 左滑2次
2023-02-06 16:51:54 INFO 左滑完成
2023-02-06 16:52:03 INFO 查看元素开始
2023-02-06 16:52:23 INFO 查看元素结束
2023-02-06 16:52:54 INFO 输入元素开始
2023-02-06 16:52:54 INFO 查看元素开始
2023-02-06 16:53:14 INFO 查看元素结束
2023-02-06 16:54:14 INFO 输入元素结束
2023-02-06 16:54:14 INFO 输入元素开始
2023-02-06 16:54:14 INFO 查看元素开始
2023-02-06 16:54:35 INFO 查看元素结束
2023-02-06 16:55:35 INFO 输入元素结束
2023-02-06 16:59:02 INFO 开始启动APP
2023-02-06 16:59:02 INFO 手机参数：{'platformName': 'android', 'deviceName': 'xiaomi', 'automationName': 'UiAutomator2', 'appPackage': 'com.inkr.sport', 'appActivity': 'com.inkr.sport.activities.SplashActivity'}
2023-02-06 16:59:10 INFO 启动成功
2023-02-06 16:59:12 INFO 开始左滑
2023-02-06 16:59:13 INFO 左滑1次
2023-02-06 16:59:14 INFO 左滑2次
2023-02-06 16:59:14 INFO 左滑完成
2023-02-06 16:59:24 INFO 点击元素
2023-02-06 16:59:24 INFO 查看元素开始
2023-02-06 16:59:44 INFO 查看元素结束
2023-02-06 17:00:14 INFO 点击结束
2023-02-06 17:00:14 INFO 输入元素开始
2023-02-06 17:00:14 INFO 查看元素开始
2023-02-06 17:00:34 INFO 查看元素结束
2023-02-06 17:01:35 INFO 输入元素结束
2023-02-06 17:01:35 INFO 输入元素开始
2023-02-06 17:01:35 INFO 查看元素开始
2023-02-06 17:01:55 INFO 查看元素结束
2023-02-06 17:02:56 INFO 输入元素结束
2023-02-06 17:14:01 INFO 开始启动APP
2023-02-06 17:14:01 INFO 手机参数：{'platformName': 'android', 'deviceName': 'xiaomi', 'automationName': 'UiAutomator2', 'appPackage': 'com.inkr.sport', 'appActivity': 'com.inkr.sport.activities.SplashActivity'}
2023-02-06 17:14:10 INFO 启动成功
2023-02-06 17:14:11 INFO 开始左滑
2023-02-06 17:14:12 INFO 左滑1次
2023-02-06 17:14:13 INFO 左滑2次
2023-02-06 17:14:13 INFO 左滑完成
2023-02-06 17:14:23 INFO 获取元素(('//*[@resource-id="com.inkr.sport:id/clMobileInput"]', '1302'),)失败，原因：Message: Locator Strategy '//*[@resource-id="com.inkr.sport:id/clMobileInput"]' is not supported for this session
Stacktrace:
InvalidSelectorError: Locator Strategy '//*[@resource-id="com.inkr.sport:id/clMobileInput"]' is not supported for this session
    at AndroidUiautomator2Driver.validateLocatorStrategy (E:\Appium-Server-GUI-windows-1.22.3-4\resources\app\node_modules\appium\node_modules\appium-base-driver\lib\basedriver\driver.js:393:13)
    at AndroidUiautomator2Driver.findElOrElsWithProcessing (E:\Appium-Server-GUI-windows-1.22.3-4\resources\app\node_modules\appium\node_modules\appium-base-driver\lib\basedriver\commands\find.js:31:8)
    at AndroidUiautomator2Driver.findElement (E:\Appium-Server-GUI-windows-1.22.3-4\resources\app\node_modules\appium\node_modules\appium-base-driver\lib\basedriver\commands\find.js:53:21)
    at commandExecutor (E:\Appium-Server-GUI-windows-1.22.3-4\resources\app\node_modules\appium\node_modules\appium-base-driver\lib\basedriver\driver.js:335:9)
    at E:\Appium-Server-GUI-windows-1.22.3-4\resources\app\node_modules\appium\node_modules\async-lock\lib\index.js:146:12
    at AsyncLock._promiseTry (E:\Appium-Server-GUI-windows-1.22.3-4\resources\app\node_modules\appium\node_modules\async-lock\lib\index.js:280:31)
    at exec (E:\Appium-Server-GUI-windows-1.22.3-4\resources\app\node_modules\appium\node_modules\async-lock\lib\index.js:145:9)
    at AsyncLock.acquire (E:\Appium-Server-GUI-windows-1.22.3-4\resources\app\node_modules\appium\node_modules\async-lock\lib\index.js:162:3)
    at AndroidUiautomator2Driver.executeCommand (E:\Appium-Server-GUI-windows-1.22.3-4\resources\app\node_modules\appium\node_modules\appium-base-driver\lib\basedriver\driver.js:348:39)
    at AppiumDriver.executeCommand (E:\Appium-Server-GUI-windows-1.22.3-4\resources\app\node_modules\appium\lib\appium.js:563:36)
    at runMicrotasks (<anonymous>)
    at processTicksAndRejections (internal/process/task_queues.js:97:5)
    at asyncHandler (E:\Appium-Server-GUI-windows-1.22.3-4\resources\app\node_modules\appium\node_modules\appium-base-driver\lib\protocol\protocol.js:297:21)
2023-02-06 17:15:56 INFO 开始启动APP
2023-02-06 17:15:56 INFO 手机参数：{'platformName': 'android', 'deviceName': 'xiaomi', 'automationName': 'UiAutomator2', 'appPackage': 'com.inkr.sport', 'appActivity': 'com.inkr.sport.activities.SplashActivity'}
2023-02-06 17:16:04 INFO 启动成功
2023-02-06 17:16:05 INFO 开始左滑
2023-02-06 17:16:06 INFO 左滑1次
2023-02-06 17:16:08 INFO 左滑2次
2023-02-06 17:16:08 INFO 左滑完成
2023-02-06 17:16:17 INFO 获取元素(('请输入手机号', '1302'),)失败，原因：Message: Locator Strategy '请输入手机号' is not supported for this session
Stacktrace:
InvalidSelectorError: Locator Strategy '请输入手机号' is not supported for this session
    at AndroidUiautomator2Driver.validateLocatorStrategy (E:\Appium-Server-GUI-windows-1.22.3-4\resources\app\node_modules\appium\node_modules\appium-base-driver\lib\basedriver\driver.js:393:13)
    at AndroidUiautomator2Driver.findElOrElsWithProcessing (E:\Appium-Server-GUI-windows-1.22.3-4\resources\app\node_modules\appium\node_modules\appium-base-driver\lib\basedriver\commands\find.js:31:8)
    at AndroidUiautomator2Driver.findElement (E:\Appium-Server-GUI-windows-1.22.3-4\resources\app\node_modules\appium\node_modules\appium-base-driver\lib\basedriver\commands\find.js:53:21)
    at commandExecutor (E:\Appium-Server-GUI-windows-1.22.3-4\resources\app\node_modules\appium\node_modules\appium-base-driver\lib\basedriver\driver.js:335:9)
    at E:\Appium-Server-GUI-windows-1.22.3-4\resources\app\node_modules\appium\node_modules\async-lock\lib\index.js:146:12
    at AsyncLock._promiseTry (E:\Appium-Server-GUI-windows-1.22.3-4\resources\app\node_modules\appium\node_modules\async-lock\lib\index.js:280:31)
    at exec (E:\Appium-Server-GUI-windows-1.22.3-4\resources\app\node_modules\appium\node_modules\async-lock\lib\index.js:145:9)
    at AsyncLock.acquire (E:\Appium-Server-GUI-windows-1.22.3-4\resources\app\node_modules\appium\node_modules\async-lock\lib\index.js:162:3)
    at AndroidUiautomator2Driver.executeCommand (E:\Appium-Server-GUI-windows-1.22.3-4\resources\app\node_modules\appium\node_modules\appium-base-driver\lib\basedriver\driver.js:348:39)
    at AppiumDriver.executeCommand (E:\Appium-Server-GUI-windows-1.22.3-4\resources\app\node_modules\appium\lib\appium.js:563:36)
    at runMicrotasks (<anonymous>)
    at processTicksAndRejections (internal/process/task_queues.js:97:5)
    at asyncHandler (E:\Appium-Server-GUI-windows-1.22.3-4\resources\app\node_modules\appium\node_modules\appium-base-driver\lib\protocol\protocol.js:297:21)
2023-02-06 17:17:17 INFO 开始启动APP
2023-02-06 17:17:17 INFO 手机参数：{'platformName': 'android', 'deviceName': 'xiaomi', 'automationName': 'UiAutomator2', 'appPackage': 'com.inkr.sport', 'appActivity': 'com.inkr.sport.activities.SplashActivity'}
2023-02-06 17:17:26 INFO 启动成功
2023-02-06 17:17:26 INFO 开始左滑
2023-02-06 17:17:28 INFO 左滑1次
2023-02-06 17:17:29 INFO 左滑2次
2023-02-06 17:17:29 INFO 左滑完成
2023-02-06 17:19:52 INFO 开始启动APP
2023-02-06 17:19:52 INFO 手机参数：{'platformName': 'android', 'deviceName': 'xiaomi', 'automationName': 'UiAutomator2', 'appPackage': 'com.inkr.sport', 'appActivity': 'com.inkr.sport.activities.SplashActivity'}
2023-02-06 17:20:00 INFO 启动成功
2023-02-06 17:20:02 INFO 开始左滑
2023-02-06 17:20:03 INFO 左滑1次
2023-02-06 17:20:05 INFO 左滑2次
2023-02-06 17:20:05 INFO 左滑完成
2023-02-06 17:20:35 INFO 开始启动APP
2023-02-06 17:20:35 INFO 手机参数：{'platformName': 'android', 'deviceName': 'xiaomi', 'automationName': 'UiAutomator2', 'appPackage': 'com.inkr.sport', 'appActivity': 'com.inkr.sport.activities.SplashActivity'}
2023-02-06 17:20:45 INFO 启动成功
2023-02-06 17:20:46 INFO 开始左滑
2023-02-06 17:20:48 INFO 左滑1次
2023-02-06 17:20:49 INFO 左滑2次
2023-02-06 17:20:49 INFO 左滑完成
2023-02-06 17:21:09 INFO 获取元素(('com.inkr.sport:id/clMobileInput', '1302'),)失败，原因：Message: Locator Strategy 'com.inkr.sport:id/clMobileInput' is not supported for this session
Stacktrace:
InvalidSelectorError: Locator Strategy 'com.inkr.sport:id/clMobileInput' is not supported for this session
    at AndroidUiautomator2Driver.validateLocatorStrategy (E:\Appium-Server-GUI-windows-1.22.3-4\resources\app\node_modules\appium\node_modules\appium-base-driver\lib\basedriver\driver.js:393:13)
    at AndroidUiautomator2Driver.findElOrElsWithProcessing (E:\Appium-Server-GUI-windows-1.22.3-4\resources\app\node_modules\appium\node_modules\appium-base-driver\lib\basedriver\commands\find.js:31:8)
    at AndroidUiautomator2Driver.findElement (E:\Appium-Server-GUI-windows-1.22.3-4\resources\app\node_modules\appium\node_modules\appium-base-driver\lib\basedriver\commands\find.js:53:21)
    at commandExecutor (E:\Appium-Server-GUI-windows-1.22.3-4\resources\app\node_modules\appium\node_modules\appium-base-driver\lib\basedriver\driver.js:335:9)
    at E:\Appium-Server-GUI-windows-1.22.3-4\resources\app\node_modules\appium\node_modules\async-lock\lib\index.js:146:12
    at AsyncLock._promiseTry (E:\Appium-Server-GUI-windows-1.22.3-4\resources\app\node_modules\appium\node_modules\async-lock\lib\index.js:280:31)
    at exec (E:\Appium-Server-GUI-windows-1.22.3-4\resources\app\node_modules\appium\node_modules\async-lock\lib\index.js:145:9)
    at AsyncLock.acquire (E:\Appium-Server-GUI-windows-1.22.3-4\resources\app\node_modules\appium\node_modules\async-lock\lib\index.js:162:3)
    at AndroidUiautomator2Driver.executeCommand (E:\Appium-Server-GUI-windows-1.22.3-4\resources\app\node_modules\appium\node_modules\appium-base-driver\lib\basedriver\driver.js:348:39)
    at AppiumDriver.executeCommand (E:\Appium-Server-GUI-windows-1.22.3-4\resources\app\node_modules\appium\lib\appium.js:563:36)
    at runMicrotasks (<anonymous>)
    at processTicksAndRejections (internal/process/task_queues.js:97:5)
    at asyncHandler (E:\Appium-Server-GUI-windows-1.22.3-4\resources\app\node_modules\appium\node_modules\appium-base-driver\lib\protocol\protocol.js:297:21)
2023-02-06 17:22:39 INFO 开始启动APP
2023-02-06 17:22:39 INFO 手机参数：{'platformName': 'android', 'deviceName': 'xiaomi', 'automationName': 'UiAutomator2', 'appPackage': 'com.inkr.sport', 'appActivity': 'com.inkr.sport.activities.SplashActivity'}
2023-02-06 17:22:49 INFO 启动成功
2023-02-06 17:22:50 INFO 开始左滑
2023-02-06 17:22:51 INFO 左滑1次
2023-02-06 17:22:53 INFO 左滑2次
2023-02-06 17:22:53 INFO 左滑完成
2023-02-06 17:23:03 INFO 获取元素('id', 'com.inkr.sport:id/clMobileInput')失败，原因：visibility_of_element_located() takes 1 positional argument but 2 were given
2023-02-06 17:24:56 INFO 开始启动APP
2023-02-06 17:24:56 INFO 手机参数：{'platformName': 'android', 'deviceName': 'xiaomi', 'automationName': 'UiAutomator2', 'appPackage': 'com.inkr.sport', 'appActivity': 'com.inkr.sport.activities.SplashActivity'}
2023-02-06 17:25:04 INFO 启动成功
2023-02-06 17:25:04 INFO 获取元素(('id', 'com.inkr.sport:id/tvPopAgreementAgree'),)失败，原因：Message: Locator Strategy 'id,com.inkr.sport:id/tvPopAgreementAgree' is not supported for this session
Stacktrace:
InvalidSelectorError: Locator Strategy 'id,com.inkr.sport:id/tvPopAgreementAgree' is not supported for this session
    at AndroidUiautomator2Driver.validateLocatorStrategy (E:\Appium-Server-GUI-windows-1.22.3-4\resources\app\node_modules\appium\node_modules\appium-base-driver\lib\basedriver\driver.js:393:13)
    at AndroidUiautomator2Driver.findElOrElsWithProcessing (E:\Appium-Server-GUI-windows-1.22.3-4\resources\app\node_modules\appium\node_modules\appium-base-driver\lib\basedriver\commands\find.js:31:8)
    at AndroidUiautomator2Driver.findElement (E:\Appium-Server-GUI-windows-1.22.3-4\resources\app\node_modules\appium\node_modules\appium-base-driver\lib\basedriver\commands\find.js:53:21)
    at commandExecutor (E:\Appium-Server-GUI-windows-1.22.3-4\resources\app\node_modules\appium\node_modules\appium-base-driver\lib\basedriver\driver.js:335:9)
    at E:\Appium-Server-GUI-windows-1.22.3-4\resources\app\node_modules\appium\node_modules\async-lock\lib\index.js:146:12
    at AsyncLock._promiseTry (E:\Appium-Server-GUI-windows-1.22.3-4\resources\app\node_modules\appium\node_modules\async-lock\lib\index.js:280:31)
    at exec (E:\Appium-Server-GUI-windows-1.22.3-4\resources\app\node_modules\appium\node_modules\async-lock\lib\index.js:145:9)
    at AsyncLock.acquire (E:\Appium-Server-GUI-windows-1.22.3-4\resources\app\node_modules\appium\node_modules\async-lock\lib\index.js:162:3)
    at AndroidUiautomator2Driver.executeCommand (E:\Appium-Server-GUI-windows-1.22.3-4\resources\app\node_modules\appium\node_modules\appium-base-driver\lib\basedriver\driver.js:348:39)
    at AppiumDriver.executeCommand (E:\Appium-Server-GUI-windows-1.22.3-4\resources\app\node_modules\appium\lib\appium.js:563:36)
    at runMicrotasks (<anonymous>)
    at processTicksAndRejections (internal/process/task_queues.js:97:5)
    at asyncHandler (E:\Appium-Server-GUI-windows-1.22.3-4\resources\app\node_modules\appium\node_modules\appium-base-driver\lib\protocol\protocol.js:297:21)
2023-02-06 17:26:35 INFO 开始启动APP
2023-02-06 17:26:35 INFO 手机参数：{'platformName': 'android', 'deviceName': 'xiaomi', 'automationName': 'UiAutomator2', 'appPackage': 'com.inkr.sport', 'appActivity': 'com.inkr.sport.activities.SplashActivity'}
2023-02-06 17:26:43 INFO 启动成功
2023-02-06 17:26:44 INFO 开始左滑
2023-02-06 17:26:45 INFO 左滑1次
2023-02-06 17:26:47 INFO 左滑2次
2023-02-06 17:26:47 INFO 左滑完成
2023-02-06 17:26:55 INFO 获取元素('id', 'com.inkr.sport:id/clMobileInput')失败，原因：visibility_of_element_located() takes 1 positional argument but 2 were given
2023-02-06 17:27:58 INFO 开始启动APP
2023-02-06 17:27:58 INFO 手机参数：{'platformName': 'android', 'deviceName': 'xiaomi', 'automationName': 'UiAutomator2', 'appPackage': 'com.inkr.sport', 'appActivity': 'com.inkr.sport.activities.SplashActivity'}
2023-02-06 17:28:06 INFO 启动成功
2023-02-06 17:28:07 INFO 开始左滑
2023-02-06 17:28:08 INFO 左滑1次
2023-02-06 17:28:10 INFO 左滑2次
2023-02-06 17:28:10 INFO 左滑完成
2023-02-06 17:30:00 INFO 开始启动APP
2023-02-06 17:30:00 INFO 手机参数：{'platformName': 'android', 'deviceName': 'xiaomi', 'automationName': 'UiAutomator2', 'appPackage': 'com.inkr.sport', 'appActivity': 'com.inkr.sport.activities.SplashActivity'}
2023-02-06 17:30:08 INFO 启动成功
2023-02-06 17:30:10 INFO 开始左滑
2023-02-06 17:30:12 INFO 左滑1次
2023-02-06 17:30:13 INFO 左滑2次
2023-02-06 17:30:13 INFO 左滑完成
2023-02-06 17:30:55 INFO 获取元素(('13000000',),)失败，原因：Message: Locator Strategy '13000000' is not supported for this session
Stacktrace:
InvalidSelectorError: Locator Strategy '13000000' is not supported for this session
    at AndroidUiautomator2Driver.validateLocatorStrategy (E:\Appium-Server-GUI-windows-1.22.3-4\resources\app\node_modules\appium\node_modules\appium-base-driver\lib\basedriver\driver.js:393:13)
    at AndroidUiautomator2Driver.findElOrElsWithProcessing (E:\Appium-Server-GUI-windows-1.22.3-4\resources\app\node_modules\appium\node_modules\appium-base-driver\lib\basedriver\commands\find.js:31:8)
    at AndroidUiautomator2Driver.findElement (E:\Appium-Server-GUI-windows-1.22.3-4\resources\app\node_modules\appium\node_modules\appium-base-driver\lib\basedriver\commands\find.js:53:21)
    at commandExecutor (E:\Appium-Server-GUI-windows-1.22.3-4\resources\app\node_modules\appium\node_modules\appium-base-driver\lib\basedriver\driver.js:335:9)
    at E:\Appium-Server-GUI-windows-1.22.3-4\resources\app\node_modules\appium\node_modules\async-lock\lib\index.js:146:12
    at AsyncLock._promiseTry (E:\Appium-Server-GUI-windows-1.22.3-4\resources\app\node_modules\appium\node_modules\async-lock\lib\index.js:280:31)
    at exec (E:\Appium-Server-GUI-windows-1.22.3-4\resources\app\node_modules\appium\node_modules\async-lock\lib\index.js:145:9)
    at AsyncLock.acquire (E:\Appium-Server-GUI-windows-1.22.3-4\resources\app\node_modules\appium\node_modules\async-lock\lib\index.js:162:3)
    at AndroidUiautomator2Driver.executeCommand (E:\Appium-Server-GUI-windows-1.22.3-4\resources\app\node_modules\appium\node_modules\appium-base-driver\lib\basedriver\driver.js:348:39)
    at AppiumDriver.executeCommand (E:\Appium-Server-GUI-windows-1.22.3-4\resources\app\node_modules\appium\lib\appium.js:563:36)
    at runMicrotasks (<anonymous>)
    at processTicksAndRejections (internal/process/task_queues.js:97:5)
    at asyncHandler (E:\Appium-Server-GUI-windows-1.22.3-4\resources\app\node_modules\appium\node_modules\appium-base-driver\lib\protocol\protocol.js:297:21)
2023-02-06 17:31:32 INFO 开始启动APP
2023-02-06 17:31:32 INFO 手机参数：{'platformName': 'android', 'deviceName': 'xiaomi', 'automationName': 'UiAutomator2', 'appPackage': 'com.inkr.sport', 'appActivity': 'com.inkr.sport.activities.SplashActivity'}
2023-02-06 17:31:41 INFO 启动成功
2023-02-06 17:31:41 INFO 开始左滑
2023-02-06 17:31:43 INFO 左滑1次
2023-02-06 17:31:44 INFO 左滑2次
2023-02-06 17:31:44 INFO 左滑完成
2023-02-06 17:32:29 INFO 获取元素(('13000000',),)失败，原因：Message: Locator Strategy '13000000' is not supported for this session
Stacktrace:
InvalidSelectorError: Locator Strategy '13000000' is not supported for this session
    at AndroidUiautomator2Driver.validateLocatorStrategy (E:\Appium-Server-GUI-windows-1.22.3-4\resources\app\node_modules\appium\node_modules\appium-base-driver\lib\basedriver\driver.js:393:13)
    at AndroidUiautomator2Driver.findElOrElsWithProcessing (E:\Appium-Server-GUI-windows-1.22.3-4\resources\app\node_modules\appium\node_modules\appium-base-driver\lib\basedriver\commands\find.js:31:8)
    at AndroidUiautomator2Driver.findElement (E:\Appium-Server-GUI-windows-1.22.3-4\resources\app\node_modules\appium\node_modules\appium-base-driver\lib\basedriver\commands\find.js:53:21)
    at commandExecutor (E:\Appium-Server-GUI-windows-1.22.3-4\resources\app\node_modules\appium\node_modules\appium-base-driver\lib\basedriver\driver.js:335:9)
    at E:\Appium-Server-GUI-windows-1.22.3-4\resources\app\node_modules\appium\node_modules\async-lock\lib\index.js:146:12
    at AsyncLock._promiseTry (E:\Appium-Server-GUI-windows-1.22.3-4\resources\app\node_modules\appium\node_modules\async-lock\lib\index.js:280:31)
    at exec (E:\Appium-Server-GUI-windows-1.22.3-4\resources\app\node_modules\appium\node_modules\async-lock\lib\index.js:145:9)
    at AsyncLock.acquire (E:\Appium-Server-GUI-windows-1.22.3-4\resources\app\node_modules\appium\node_modules\async-lock\lib\index.js:162:3)
    at AndroidUiautomator2Driver.executeCommand (E:\Appium-Server-GUI-windows-1.22.3-4\resources\app\node_modules\appium\node_modules\appium-base-driver\lib\basedriver\driver.js:348:39)
    at AppiumDriver.executeCommand (E:\Appium-Server-GUI-windows-1.22.3-4\resources\app\node_modules\appium\lib\appium.js:563:36)
    at runMicrotasks (<anonymous>)
    at processTicksAndRejections (internal/process/task_queues.js:97:5)
    at asyncHandler (E:\Appium-Server-GUI-windows-1.22.3-4\resources\app\node_modules\appium\node_modules\appium-base-driver\lib\protocol\protocol.js:297:21)
2023-02-06 17:33:05 INFO 开始启动APP
2023-02-06 17:33:05 INFO 手机参数：{'platformName': 'android', 'deviceName': 'xiaomi', 'automationName': 'UiAutomator2', 'appPackage': 'com.inkr.sport', 'appActivity': 'com.inkr.sport.activities.SplashActivity'}
2023-02-06 17:33:13 INFO 启动成功
2023-02-06 17:33:15 INFO 开始左滑
2023-02-06 17:33:16 INFO 左滑1次
2023-02-06 17:33:17 INFO 左滑2次
2023-02-06 17:33:17 INFO 左滑完成
2023-02-06 17:33:30 INFO 获取元素(('com.inkr.sport:id/clMobileInput', '13055'),)失败，原因：Message: Locator Strategy 'com.inkr.sport:id/clMobileInput' is not supported for this session
Stacktrace:
InvalidSelectorError: Locator Strategy 'com.inkr.sport:id/clMobileInput' is not supported for this session
    at AndroidUiautomator2Driver.validateLocatorStrategy (E:\Appium-Server-GUI-windows-1.22.3-4\resources\app\node_modules\appium\node_modules\appium-base-driver\lib\basedriver\driver.js:393:13)
    at AndroidUiautomator2Driver.findElOrElsWithProcessing (E:\Appium-Server-GUI-windows-1.22.3-4\resources\app\node_modules\appium\node_modules\appium-base-driver\lib\basedriver\commands\find.js:31:8)
    at AndroidUiautomator2Driver.findElement (E:\Appium-Server-GUI-windows-1.22.3-4\resources\app\node_modules\appium\node_modules\appium-base-driver\lib\basedriver\commands\find.js:53:21)
    at commandExecutor (E:\Appium-Server-GUI-windows-1.22.3-4\resources\app\node_modules\appium\node_modules\appium-base-driver\lib\basedriver\driver.js:335:9)
    at E:\Appium-Server-GUI-windows-1.22.3-4\resources\app\node_modules\appium\node_modules\async-lock\lib\index.js:146:12
    at AsyncLock._promiseTry (E:\Appium-Server-GUI-windows-1.22.3-4\resources\app\node_modules\appium\node_modules\async-lock\lib\index.js:280:31)
    at exec (E:\Appium-Server-GUI-windows-1.22.3-4\resources\app\node_modules\appium\node_modules\async-lock\lib\index.js:145:9)
    at AsyncLock.acquire (E:\Appium-Server-GUI-windows-1.22.3-4\resources\app\node_modules\appium\node_modules\async-lock\lib\index.js:162:3)
    at AndroidUiautomator2Driver.executeCommand (E:\Appium-Server-GUI-windows-1.22.3-4\resources\app\node_modules\appium\node_modules\appium-base-driver\lib\basedriver\driver.js:348:39)
    at AppiumDriver.executeCommand (E:\Appium-Server-GUI-windows-1.22.3-4\resources\app\node_modules\appium\lib\appium.js:563:36)
    at runMicrotasks (<anonymous>)
    at processTicksAndRejections (internal/process/task_queues.js:97:5)
    at asyncHandler (E:\Appium-Server-GUI-windows-1.22.3-4\resources\app\node_modules\appium\node_modules\appium-base-driver\lib\protocol\protocol.js:297:21)
2023-02-06 17:33:50 INFO 开始启动APP
2023-02-06 17:33:50 INFO 手机参数：{'platformName': 'android', 'deviceName': 'xiaomi', 'automationName': 'UiAutomator2', 'appPackage': 'com.inkr.sport', 'appActivity': 'com.inkr.sport.activities.SplashActivity'}
2023-02-06 17:33:59 INFO 启动成功
2023-02-06 17:34:00 INFO 开始左滑
2023-02-06 17:34:01 INFO 左滑1次
2023-02-06 17:34:02 INFO 左滑2次
2023-02-06 17:34:02 INFO 左滑完成
2023-02-06 17:36:27 INFO 开始启动APP
2023-02-06 17:36:27 INFO 手机参数：{'platformName': 'android', 'deviceName': 'xiaomi', 'automationName': 'UiAutomator2', 'appPackage': 'com.inkr.sport', 'appActivity': 'com.inkr.sport.activities.SplashActivity'}
2023-02-06 17:36:35 INFO 启动成功
2023-02-06 17:36:37 INFO 开始左滑
2023-02-06 17:36:38 INFO 左滑1次
2023-02-06 17:36:40 INFO 左滑2次
2023-02-06 17:36:40 INFO 左滑完成
2023-02-06 17:36:50 INFO 获取元素(('com.inkr.sport:id/clMobileInput',),)失败，原因：Message: Locator Strategy 'com.inkr.sport:id/clMobileInput' is not supported for this session
Stacktrace:
InvalidSelectorError: Locator Strategy 'com.inkr.sport:id/clMobileInput' is not supported for this session
    at AndroidUiautomator2Driver.validateLocatorStrategy (E:\Appium-Server-GUI-windows-1.22.3-4\resources\app\node_modules\appium\node_modules\appium-base-driver\lib\basedriver\driver.js:393:13)
    at AndroidUiautomator2Driver.findElOrElsWithProcessing (E:\Appium-Server-GUI-windows-1.22.3-4\resources\app\node_modules\appium\node_modules\appium-base-driver\lib\basedriver\commands\find.js:31:8)
    at AndroidUiautomator2Driver.findElement (E:\Appium-Server-GUI-windows-1.22.3-4\resources\app\node_modules\appium\node_modules\appium-base-driver\lib\basedriver\commands\find.js:53:21)
    at commandExecutor (E:\Appium-Server-GUI-windows-1.22.3-4\resources\app\node_modules\appium\node_modules\appium-base-driver\lib\basedriver\driver.js:335:9)
    at E:\Appium-Server-GUI-windows-1.22.3-4\resources\app\node_modules\appium\node_modules\async-lock\lib\index.js:146:12
    at AsyncLock._promiseTry (E:\Appium-Server-GUI-windows-1.22.3-4\resources\app\node_modules\appium\node_modules\async-lock\lib\index.js:280:31)
    at exec (E:\Appium-Server-GUI-windows-1.22.3-4\resources\app\node_modules\appium\node_modules\async-lock\lib\index.js:145:9)
    at AsyncLock.acquire (E:\Appium-Server-GUI-windows-1.22.3-4\resources\app\node_modules\appium\node_modules\async-lock\lib\index.js:162:3)
    at AndroidUiautomator2Driver.executeCommand (E:\Appium-Server-GUI-windows-1.22.3-4\resources\app\node_modules\appium\node_modules\appium-base-driver\lib\basedriver\driver.js:348:39)
    at AppiumDriver.executeCommand (E:\Appium-Server-GUI-windows-1.22.3-4\resources\app\node_modules\appium\lib\appium.js:563:36)
    at runMicrotasks (<anonymous>)
    at processTicksAndRejections (internal/process/task_queues.js:97:5)
    at asyncHandler (E:\Appium-Server-GUI-windows-1.22.3-4\resources\app\node_modules\appium\node_modules\appium-base-driver\lib\protocol\protocol.js:297:21)
2023-02-06 17:38:06 INFO 开始启动APP
2023-02-06 17:38:06 INFO 手机参数：{'platformName': 'android', 'deviceName': 'xiaomi', 'automationName': 'UiAutomator2', 'appPackage': 'com.inkr.sport', 'appActivity': 'com.inkr.sport.activities.SplashActivity'}
2023-02-06 17:38:15 INFO 启动成功
2023-02-06 17:38:17 INFO 开始左滑
2023-02-06 17:38:18 INFO 左滑1次
2023-02-06 17:38:20 INFO 左滑2次
2023-02-06 17:38:20 INFO 左滑完成
2023-02-06 17:38:30 INFO 获取元素(('heel',),)失败，原因：Message: Locator Strategy 'heel' is not supported for this session
Stacktrace:
InvalidSelectorError: Locator Strategy 'heel' is not supported for this session
    at AndroidUiautomator2Driver.validateLocatorStrategy (E:\Appium-Server-GUI-windows-1.22.3-4\resources\app\node_modules\appium\node_modules\appium-base-driver\lib\basedriver\driver.js:393:13)
    at AndroidUiautomator2Driver.findElOrElsWithProcessing (E:\Appium-Server-GUI-windows-1.22.3-4\resources\app\node_modules\appium\node_modules\appium-base-driver\lib\basedriver\commands\find.js:31:8)
    at AndroidUiautomator2Driver.findElement (E:\Appium-Server-GUI-windows-1.22.3-4\resources\app\node_modules\appium\node_modules\appium-base-driver\lib\basedriver\commands\find.js:53:21)
    at commandExecutor (E:\Appium-Server-GUI-windows-1.22.3-4\resources\app\node_modules\appium\node_modules\appium-base-driver\lib\basedriver\driver.js:335:9)
    at E:\Appium-Server-GUI-windows-1.22.3-4\resources\app\node_modules\appium\node_modules\async-lock\lib\index.js:146:12
    at AsyncLock._promiseTry (E:\Appium-Server-GUI-windows-1.22.3-4\resources\app\node_modules\appium\node_modules\async-lock\lib\index.js:280:31)
    at exec (E:\Appium-Server-GUI-windows-1.22.3-4\resources\app\node_modules\appium\node_modules\async-lock\lib\index.js:145:9)
    at AsyncLock.acquire (E:\Appium-Server-GUI-windows-1.22.3-4\resources\app\node_modules\appium\node_modules\async-lock\lib\index.js:162:3)
    at AndroidUiautomator2Driver.executeCommand (E:\Appium-Server-GUI-windows-1.22.3-4\resources\app\node_modules\appium\node_modules\appium-base-driver\lib\basedriver\driver.js:348:39)
    at AppiumDriver.executeCommand (E:\Appium-Server-GUI-windows-1.22.3-4\resources\app\node_modules\appium\lib\appium.js:563:36)
    at runMicrotasks (<anonymous>)
    at processTicksAndRejections (internal/process/task_queues.js:97:5)
    at asyncHandler (E:\Appium-Server-GUI-windows-1.22.3-4\resources\app\node_modules\appium\node_modules\appium-base-driver\lib\protocol\protocol.js:297:21)
2023-02-06 17:39:34 INFO 开始启动APP
2023-02-06 17:39:34 INFO 手机参数：{'platformName': 'android', 'deviceName': 'xiaomi', 'automationName': 'UiAutomator2', 'appPackage': 'com.inkr.sport', 'appActivity': 'com.inkr.sport.activities.SplashActivity'}
2023-02-06 17:39:42 INFO 启动成功
2023-02-06 17:39:43 INFO 开始左滑
2023-02-06 17:39:44 INFO 左滑1次
2023-02-06 17:39:46 INFO 左滑2次
2023-02-06 17:39:46 INFO 左滑完成
2023-02-06 17:43:00 INFO 开始启动APP
2023-02-06 17:43:00 INFO 手机参数：{'platformName': 'android', 'deviceName': 'xiaomi', 'automationName': 'UiAutomator2', 'appPackage': 'com.inkr.sport', 'appActivity': 'com.inkr.sport.activities.SplashActivity'}
2023-02-06 17:43:09 INFO 启动成功
2023-02-06 17:43:10 INFO 开始左滑
2023-02-06 17:43:11 INFO 左滑1次
2023-02-06 17:43:13 INFO 左滑2次
2023-02-06 17:43:13 INFO 左滑完成
2023-02-06 17:46:19 INFO 开始启动APP
2023-02-06 17:46:19 INFO 手机参数：{'platformName': 'android', 'deviceName': 'xiaomi', 'automationName': 'UiAutomator2', 'appPackage': 'com.inkr.sport', 'appActivity': 'com.inkr.sport.activities.SplashActivity'}
2023-02-06 17:46:27 INFO 启动成功
2023-02-06 17:48:06 INFO 开始启动APP
2023-02-06 17:48:06 INFO 手机参数：{'platformName': 'android', 'deviceName': 'xiaomi', 'automationName': 'UiAutomator2', 'appPackage': 'com.inkr.sport', 'appActivity': 'com.inkr.sport.activities.SplashActivity'}
2023-02-06 17:48:14 INFO 启动成功
2023-02-06 17:48:36 INFO 开始启动APP
2023-02-06 17:48:36 INFO 手机参数：{'platformName': 'android', 'deviceName': 'xiaomi', 'automationName': 'UiAutomator2', 'appPackage': 'com.inkr.sport', 'appActivity': 'com.inkr.sport.activities.SplashActivity'}
2023-02-06 17:48:44 INFO 启动成功
2023-02-06 17:48:44 INFO 获取元素('id', 'com.inkr.sport:id/tvPopAgreementAgree')失败，原因：visibility_of_element_located() takes 1 positional argument but 2 were given
2023-02-06 17:49:08 INFO 开始启动APP
2023-02-06 17:49:08 INFO 手机参数：{'platformName': 'android', 'deviceName': 'xiaomi', 'automationName': 'UiAutomator2', 'appPackage': 'com.inkr.sport', 'appActivity': 'com.inkr.sport.activities.SplashActivity'}
2023-02-06 17:49:16 INFO 启动成功
2023-02-06 17:49:17 INFO 开始左滑
2023-02-06 17:49:18 INFO 左滑1次
2023-02-06 17:49:19 INFO 左滑2次
2023-02-06 17:49:19 INFO 左滑完成
2023-02-06 17:49:44 INFO 开始启动APP
2023-02-06 17:49:44 INFO 手机参数：{'platformName': 'android', 'deviceName': 'xiaomi', 'automationName': 'UiAutomator2', 'appPackage': 'com.inkr.sport', 'appActivity': 'com.inkr.sport.activities.SplashActivity'}
2023-02-06 17:49:53 INFO 启动成功
2023-02-06 17:49:55 INFO 开始左滑
2023-02-06 17:49:57 INFO 左滑1次
2023-02-06 17:49:58 INFO 左滑2次
2023-02-06 17:49:58 INFO 左滑完成
2023-02-06 17:51:10 INFO 开始启动APP
2023-02-06 17:51:10 INFO 手机参数：{'platformName': 'android', 'deviceName': 'xiaomi', 'automationName': 'UiAutomator2', 'appPackage': 'com.inkr.sport', 'appActivity': 'com.inkr.sport.activities.SplashActivity'}
2023-02-06 17:51:18 INFO 启动成功
2023-02-06 17:51:18 INFO 开始左滑
2023-02-06 17:51:20 INFO 左滑1次
2023-02-06 17:51:21 INFO 左滑2次
2023-02-06 17:51:21 INFO 左滑完成
2023-02-06 17:52:23 INFO 开始启动APP
2023-02-06 17:52:23 INFO 手机参数：{'platformName': 'android', 'deviceName': 'xiaomi', 'automationName': 'UiAutomator2', 'appPackage': 'com.inkr.sport', 'appActivity': 'com.inkr.sport.activities.SplashActivity'}
2023-02-06 17:52:31 INFO 启动成功
2023-02-06 17:52:32 INFO 开始左滑
2023-02-06 17:52:33 INFO 左滑1次
2023-02-06 17:52:35 INFO 左滑2次
2023-02-06 17:52:35 INFO 左滑完成
2023-02-06 17:52:56 INFO 获取元素(('id', 'com.inkr.sport:id/ivTbMine'),)失败，原因：Message: 
Stacktrace:
NoSuchElementError: An element could not be located on the page using the given search parameters.
    at AndroidUiautomator2Driver.findElOrEls (E:\Appium-Server-GUI-windows-1.22.3-4\resources\app\node_modules\appium\node_modules\appium-android-driver\lib\commands\find.js:75:11)
    at processTicksAndRejections (internal/process/task_queues.js:97:5)
    at AndroidUiautomator2Driver.findElOrElsWithProcessing (E:\Appium-Server-GUI-windows-1.22.3-4\resources\app\node_modules\appium\node_modules\appium-base-driver\lib\basedriver\commands\find.js:33:12)
    at AndroidUiautomator2Driver.findElement (E:\Appium-Server-GUI-windows-1.22.3-4\resources\app\node_modules\appium\node_modules\appium-base-driver\lib\basedriver\commands\find.js:53:10)
2023-02-06 17:55:10 INFO 开始启动APP
2023-02-06 17:55:10 INFO 手机参数：{'platformName': 'android', 'deviceName': 'xiaomi', 'automationName': 'UiAutomator2', 'appPackage': 'com.inkr.sport', 'appActivity': 'com.inkr.sport.activities.SplashActivity'}
2023-02-06 17:55:20 INFO 启动成功
2023-02-06 17:55:21 INFO 开始左滑
2023-02-06 17:55:22 INFO 左滑1次
2023-02-06 17:55:23 INFO 左滑2次
2023-02-06 17:55:23 INFO 左滑完成
2023-02-06 17:56:03 INFO 开始启动APP
2023-02-06 17:56:03 INFO 手机参数：{'platformName': 'android', 'deviceName': 'xiaomi', 'automationName': 'UiAutomator2', 'appPackage': 'com.inkr.sport', 'appActivity': 'com.inkr.sport.activities.SplashActivity'}
2023-02-06 17:56:12 INFO 启动成功
2023-02-06 17:56:13 INFO 开始左滑
2023-02-06 17:56:14 INFO 左滑1次
2023-02-06 17:56:15 INFO 左滑2次
2023-02-06 17:56:15 INFO 左滑完成
2023-02-06 17:56:38 INFO 开始启动APP
2023-02-06 17:56:38 INFO 手机参数：{'platformName': 'android', 'deviceName': 'xiaomi', 'automationName': 'UiAutomator2', 'appPackage': 'com.inkr.sport', 'appActivity': 'com.inkr.sport.activities.SplashActivity'}
2023-02-06 17:56:48 INFO 启动成功
2023-02-06 17:56:49 INFO 开始左滑
2023-02-06 17:56:50 INFO 左滑1次
2023-02-06 17:56:52 INFO 左滑2次
2023-02-06 17:56:52 INFO 左滑完成
2023-02-06 18:06:53 INFO 开始启动APP
2023-02-06 18:06:53 INFO 手机参数：{'platformName': 'android', 'deviceName': 'xiaomi', 'automationName': 'UiAutomator2', 'appPackage': 'com.inkr.sport', 'appActivity': 'com.inkr.sport.activities.SplashActivity'}
2023-02-06 18:07:02 INFO 启动成功
2023-02-06 18:07:02 INFO 开始左滑
2023-02-06 18:07:04 INFO 左滑1次
2023-02-06 18:07:05 INFO 左滑2次
2023-02-06 18:07:05 INFO 左滑完成
2023-02-06 18:07:15 INFO 开始启动APP
2023-02-06 18:07:15 INFO 手机参数：{'platformName': 'android', 'deviceName': 'xiaomi', 'automationName': 'UiAutomator2', 'appPackage': 'com.inkr.sport', 'appActivity': 'com.inkr.sport.activities.SplashActivity'}
2023-02-06 18:07:24 INFO 启动成功
2023-02-06 18:07:24 INFO 开始左滑
2023-02-06 18:07:26 INFO 左滑1次
2023-02-06 18:07:27 INFO 左滑2次
2023-02-06 18:07:27 INFO 左滑完成
2023-02-06 18:08:22 INFO 开始启动APP
2023-02-06 18:08:22 INFO 手机参数：{'platformName': 'android', 'deviceName': 'xiaomi', 'automationName': 'UiAutomator2', 'appPackage': 'com.inkr.sport', 'appActivity': 'com.inkr.sport.activities.SplashActivity'}
2023-02-06 18:08:31 INFO 启动成功
2023-02-06 18:08:33 INFO 开始左滑
2023-02-06 18:08:34 INFO 左滑1次
2023-02-06 18:08:35 INFO 左滑2次
2023-02-06 18:08:35 INFO 左滑完成
2023-02-06 18:14:41 INFO 开始启动APP
2023-02-06 18:14:41 INFO 手机参数：{'platformName': 'android', 'deviceName': 'xiaomi', 'automationName': 'UiAutomator2', 'appPackage': 'com.inkr.sport', 'appActivity': 'com.inkr.sport.activities.SplashActivity'}
2023-02-06 18:14:49 INFO 启动成功
2023-02-06 18:14:51 INFO 开始左滑
2023-02-06 18:14:53 INFO 左滑1次
2023-02-06 18:14:54 INFO 左滑2次
2023-02-06 18:14:54 INFO 左滑完成
2023-02-06 18:18:45 INFO 开始启动APP
2023-02-06 18:18:45 INFO 手机参数：{'platformName': 'android', 'deviceName': 'xiaomi', 'automationName': 'UiAutomator2', 'appPackage': 'com.inkr.sport', 'appActivity': 'com.inkr.sport.activities.SplashActivity'}
2023-02-06 18:18:53 INFO 启动成功
2023-02-06 18:18:55 INFO 开始左滑
2023-02-06 18:18:56 INFO 左滑1次
2023-02-06 18:18:58 INFO 左滑2次
2023-02-06 18:18:58 INFO 左滑完成
