2023-03-27 09:57:46 INFO *********开始启动APP*********
2023-03-27 09:57:46 INFO 手机参数：{'platformName': 'android', 'platformVersion': '12', 'deviceName': '127.0.0.1:7555', 'automationName': 'UiAutomator2', 'appPackage': 'com.inkr.sport', 'appActivity': 'com.inkr.sport.activities.SplashActivity'}
2023-03-27 09:57:48 WARNING Retrying (Retry(total=2, connect=None, read=None, redirect=None, status=None)) after connection broken by 'NewConnectionError('<urllib3.connection.HTTPConnection object at 0x0000022C7AC5D3C8>: Failed to establish a new connection: [WinError 10061] 由于目标计算机积极拒绝，无法连接。')': /wd/hub/session
2023-03-27 09:57:50 WARNING Retrying (Retry(total=1, connect=None, read=None, redirect=None, status=None)) after connection broken by 'NewConnectionError('<urllib3.connection.HTTPConnection object at 0x0000022C7AC56F88>: Failed to establish a new connection: [WinError 10061] 由于目标计算机积极拒绝，无法连接。')': /wd/hub/session
2023-03-27 09:57:52 WARNING Retrying (Retry(total=0, connect=None, read=None, redirect=None, status=None)) after connection broken by 'NewConnectionError('<urllib3.connection.HTTPConnection object at 0x0000022C7AC4ED48>: Failed to establish a new connection: [WinError 10061] 由于目标计算机积极拒绝，无法连接。')': /wd/hub/session
2023-03-27 09:58:17 INFO *********开始启动APP*********
2023-03-27 09:58:17 INFO 手机参数：{'platformName': 'android', 'platformVersion': '12', 'deviceName': '127.0.0.1:7555', 'automationName': 'UiAutomator2', 'appPackage': 'com.inkr.sport', 'appActivity': 'com.inkr.sport.activities.SplashActivity'}
2023-03-27 09:59:18 INFO *********开始启动APP*********
2023-03-27 09:59:18 INFO 手机参数：{'platformName': 'android', 'platformVersion': '12', 'deviceName': '127.0.0.1:7555', 'automationName': 'UiAutomator2', 'appPackage': 'com.inkr.sport', 'appActivity': 'com.inkr.sport.activities.SplashActivity'}
2023-03-27 09:59:25 INFO *********启动成功*********
2023-03-27 09:59:26 INFO 查找元素'(('id', 'com.inkr.sport:id/tvPopAgreementAgree'),)'完成
2023-03-27 09:59:26 INFO 点击元素'('id', 'com.inkr.sport:id/tvPopAgreementAgree')'完成
2023-03-27 09:59:26 INFO 开始左滑
2023-03-27 09:59:27 INFO 左滑1次
2023-03-27 09:59:29 INFO 左滑2次
2023-03-27 09:59:29 INFO 左滑完成
2023-03-27 09:59:29 INFO 查找元素'(('id', 'com.inkr.sport:id/ivEnterApp'),)'完成
2023-03-27 09:59:29 INFO 点击元素'('id', 'com.inkr.sport:id/ivEnterApp')'完成
2023-03-27 09:59:32 INFO 查找元素'(('id', 'com.inkr.sport:id/ivTbMine'),)'完成
2023-03-27 09:59:32 INFO 点击元素'('id', 'com.inkr.sport:id/ivTbMine')'完成
2023-03-27 09:59:32 INFO 查找元素'(('id', 'com.inkr.sport:id/tvUserName'),)'完成
2023-03-27 09:59:32 INFO 点击元素'('id', 'com.inkr.sport:id/tvUserName')'完成
2023-03-27 10:00:03 INFO 查找元素'(('id', 'com.inkr.sport:id/tvAccountLogin'),)'完成
2023-03-27 10:00:34 INFO 点击元素'('id', 'com.inkr.sport:id/tvAccountLogin')'完成
2023-03-27 10:02:24 INFO 查找元素'(('id', 'com.inkr.sport:id/etPd'),)'完成
2023-03-27 10:03:55 INFO 查找元素'(('id', 'com.inkr.sport:id/ivPolicyCheckBox'),)'完成
2023-03-27 10:04:25 INFO 点击元素'('id', 'com.inkr.sport:id/ivPolicyCheckBox')'完成
2023-03-27 10:04:56 INFO 查找元素'(('id', 'com.inkr.sport:id/btLogin'),)'完成
2023-03-27 10:05:16 INFO 点击元素'('id', 'com.inkr.sport:id/btLogin')'完成
2023-03-27 10:05:16 INFO 登录成功账号:13000000011 密码：abc123456
2023-03-27 10:05:37 ERROR 获取元素'(('id', '//*[@resource-id="com.inkr.sport:id/ivSetting"]'),)'失败，原因：Message: 
Stacktrace:
NoSuchElementError: An element could not be located on the page using the given search parameters.
    at AndroidUiautomator2Driver.findElOrEls (E:\Appium-Server-GUI-windows-1.22.3-4\resources\app\node_modules\appium\node_modules\appium-android-driver\lib\commands\find.js:75:11)
    at runMicrotasks (<anonymous>)
    at processTicksAndRejections (internal/process/task_queues.js:97:5)
    at AndroidUiautomator2Driver.findElOrElsWithProcessing (E:\Appium-Server-GUI-windows-1.22.3-4\resources\app\node_modules\appium\node_modules\appium-base-driver\lib\basedriver\commands\find.js:33:12)
    at AndroidUiautomator2Driver.findElement (E:\Appium-Server-GUI-windows-1.22.3-4\resources\app\node_modules\appium\node_modules\appium-base-driver\lib\basedriver\commands\find.js:53:10)
2023-03-27 10:10:06 INFO *********开始启动APP*********
2023-03-27 10:10:06 INFO 手机参数：{'platformName': 'android', 'platformVersion': '12', 'deviceName': '127.0.0.1:7555', 'automationName': 'UiAutomator2', 'appPackage': 'com.inkr.sport', 'appActivity': 'com.inkr.sport.activities.SplashActivity'}
2023-03-27 10:10:08 WARNING Retrying (Retry(total=2, connect=None, read=None, redirect=None, status=None)) after connection broken by 'NewConnectionError('<urllib3.connection.HTTPConnection object at 0x000001631BC45A08>: Failed to establish a new connection: [WinError 10061] 由于目标计算机积极拒绝，无法连接。')': /wd/hub/session
2023-03-27 10:10:10 WARNING Retrying (Retry(total=1, connect=None, read=None, redirect=None, status=None)) after connection broken by 'NewConnectionError('<urllib3.connection.HTTPConnection object at 0x000001631C2A5988>: Failed to establish a new connection: [WinError 10061] 由于目标计算机积极拒绝，无法连接。')': /wd/hub/session
2023-03-27 10:10:12 WARNING Retrying (Retry(total=0, connect=None, read=None, redirect=None, status=None)) after connection broken by 'NewConnectionError('<urllib3.connection.HTTPConnection object at 0x000001631C29D7C8>: Failed to establish a new connection: [WinError 10061] 由于目标计算机积极拒绝，无法连接。')': /wd/hub/session
2023-03-27 10:10:19 INFO *********开始启动APP*********
2023-03-27 10:10:19 INFO 手机参数：{'platformName': 'android', 'platformVersion': '12', 'deviceName': '127.0.0.1:7555', 'automationName': 'UiAutomator2', 'appPackage': 'com.inkr.sport', 'appActivity': 'com.inkr.sport.activities.SplashActivity'}
2023-03-27 10:10:47 INFO *********开始启动APP*********
2023-03-27 10:10:47 INFO 手机参数：{'platformName': 'android', 'platformVersion': '12', 'deviceName': '127.0.0.1:7555', 'automationName': 'UiAutomator2', 'appPackage': 'com.inkr.sport', 'appActivity': 'com.inkr.sport.activities.SplashActivity'}
2023-03-27 10:11:35 INFO *********开始启动APP*********
2023-03-27 10:11:35 INFO 手机参数：{'platformName': 'android', 'platformVersion': '12', 'deviceName': '127.0.0.1:7555', 'automationName': 'UiAutomator2', 'appPackage': 'com.inkr.sport', 'appActivity': 'com.inkr.sport.activities.SplashActivity'}
2023-03-27 10:12:16 INFO *********开始启动APP*********
2023-03-27 10:12:16 INFO 手机参数：{'platformName': 'android', 'platformVersion': '12', 'deviceName': '127.0.0.1:7555', 'automationName': 'UiAutomator2', 'appPackage': 'com.inkr.sport', 'appActivity': 'com.inkr.sport.activities.SplashActivity'}
2023-03-27 10:12:44 INFO *********开始启动APP*********
2023-03-27 10:12:44 INFO 手机参数：{'platformName': 'android', 'platformVersion': '12', 'deviceName': '127.0.0.1:7555', 'automationName': 'UiAutomator2', 'appPackage': 'com.inkr.sport', 'appActivity': 'com.inkr.sport.activities.SplashActivity'}
2023-03-27 10:13:20 INFO *********开始启动APP*********
2023-03-27 10:13:20 INFO 手机参数：{'platformName': 'android', 'platformVersion': '12', 'deviceName': '127.0.0.1:7555', 'automationName': 'UiAutomator2', 'appPackage': 'com.inkr.sport', 'appActivity': 'com.inkr.sport.activities.SplashActivity'}
2023-03-27 10:13:52 INFO *********开始启动APP*********
2023-03-27 10:13:52 INFO 手机参数：{'platformName': 'android', 'platformVersion': '12', 'deviceName': '127.0.0.1:7555', 'automationName': 'UiAutomator2', 'appPackage': 'com.inkr.sport', 'appActivity': 'com.inkr.sport.activities.SplashActivity'}
2023-03-27 10:13:59 INFO *********启动成功*********
2023-03-27 10:14:00 INFO 查找元素'(('id', 'com.inkr.sport:id/tvPopAgreementAgree'),)'完成
2023-03-27 10:14:00 INFO 点击元素'('id', 'com.inkr.sport:id/tvPopAgreementAgree')'完成
2023-03-27 10:14:00 INFO 开始左滑
2023-03-27 10:14:01 INFO 左滑1次
2023-03-27 10:14:03 INFO 左滑2次
2023-03-27 10:14:03 INFO 左滑完成
2023-03-27 10:14:04 INFO 查找元素'(('id', 'com.inkr.sport:id/ivEnterApp'),)'完成
2023-03-27 10:14:04 INFO 点击元素'('id', 'com.inkr.sport:id/ivEnterApp')'完成
2023-03-27 10:14:06 INFO 查找元素'(('id', 'com.inkr.sport:id/ivTbMine'),)'完成
2023-03-27 10:14:07 INFO 点击元素'('id', 'com.inkr.sport:id/ivTbMine')'完成
2023-03-27 10:14:07 INFO 查找元素'(('id', 'com.inkr.sport:id/tvUserName'),)'完成
2023-03-27 10:14:07 INFO 点击元素'('id', 'com.inkr.sport:id/tvUserName')'完成
2023-03-27 10:14:37 INFO 查找元素'(('id', 'com.inkr.sport:id/tvAccountLogin'),)'完成
2023-03-27 10:15:07 INFO 点击元素'('id', 'com.inkr.sport:id/tvAccountLogin')'完成
2023-03-27 10:16:58 INFO 查找元素'(('id', 'com.inkr.sport:id/etPd'),)'完成
2023-03-27 10:18:28 INFO 查找元素'(('id', 'com.inkr.sport:id/ivPolicyCheckBox'),)'完成
2023-03-27 10:18:59 INFO 点击元素'('id', 'com.inkr.sport:id/ivPolicyCheckBox')'完成
2023-03-27 10:19:29 INFO 查找元素'(('id', 'com.inkr.sport:id/btLogin'),)'完成
2023-03-27 10:19:50 INFO 点击元素'('id', 'com.inkr.sport:id/btLogin')'完成
2023-03-27 10:19:50 INFO 登录成功账号:13000000011 密码：abc123456
2023-03-27 10:19:51 INFO 查找元素'(('id', 'com.inkr.sport:id/ivSetting'),)'完成
2023-03-27 10:19:51 INFO 点击元素'('id', 'com.inkr.sport:id/ivSetting')'完成
2023-03-27 10:19:52 INFO 查找元素'(('id', 'com.inkr.sport:id/btExitLogin'),)'完成
2023-03-27 10:19:52 INFO 点击元素'('id', 'com.inkr.sport:id/btExitLogin')'完成
2023-03-27 10:19:52 INFO 退出登录成功
2023-03-27 14:03:29 ERROR 获取元素'(('id', 'com.inkr.sport:id/tvPopAgreementAgree'),)'失败，原因：'MyPage' object has no attribute 'driver'
2023-03-27 14:04:01 ERROR 获取元素'(('id', 'com.inkr.sport:id/tvPopAgreementAgree'),)'失败，原因：'MyPage' object has no attribute 'driver'
2023-03-27 14:46:39 INFO *********开始启动APP*********
2023-03-27 14:46:39 INFO 手机参数：{'platformName': 'android', 'platformVersion': '12', 'deviceName': '127.0.0.1:7555', 'automationName': 'UiAutomator2', 'appPackage': 'com.inkr.sport', 'appActivity': 'com.inkr.sport.activities.SplashActivity'}
2023-03-27 14:46:41 WARNING Retrying (Retry(total=2, connect=None, read=None, redirect=None, status=None)) after connection broken by 'NewConnectionError('<urllib3.connection.HTTPConnection object at 0x0000028F5695FB08>: Failed to establish a new connection: [WinError 10061] 由于目标计算机积极拒绝，无法连接。')': /wd/hub/session
2023-03-27 14:46:43 WARNING Retrying (Retry(total=1, connect=None, read=None, redirect=None, status=None)) after connection broken by 'NewConnectionError('<urllib3.connection.HTTPConnection object at 0x0000028F5696E948>: Failed to establish a new connection: [WinError 10061] 由于目标计算机积极拒绝，无法连接。')': /wd/hub/session
2023-03-27 14:46:45 WARNING Retrying (Retry(total=0, connect=None, read=None, redirect=None, status=None)) after connection broken by 'NewConnectionError('<urllib3.connection.HTTPConnection object at 0x0000028F56966908>: Failed to establish a new connection: [WinError 10061] 由于目标计算机积极拒绝，无法连接。')': /wd/hub/session
2023-03-27 14:47:10 INFO *********开始启动APP*********
2023-03-27 14:47:10 INFO 手机参数：{'platformName': 'android', 'platformVersion': '12', 'deviceName': '127.0.0.1:7555', 'automationName': 'UiAutomator2', 'appPackage': 'com.inkr.sport', 'appActivity': 'com.inkr.sport.activities.SplashActivity'}
2023-03-27 14:47:17 INFO *********启动成功*********
2023-03-27 14:47:18 INFO 查找元素'(('id', 'com.inkr.sport:id/tvPopAgreementAgree'),)'完成
2023-03-27 14:47:18 INFO 点击元素'('id', 'com.inkr.sport:id/tvPopAgreementAgree')'完成
2023-03-27 14:47:18 INFO 开始左滑
2023-03-27 14:47:19 INFO 左滑1次
2023-03-27 14:47:20 INFO 左滑2次
2023-03-27 14:47:20 INFO 左滑完成
2023-03-27 14:47:21 INFO 查找元素'(('id', 'com.inkr.sport:id/ivEnterApp'),)'完成
2023-03-27 14:47:21 INFO 点击元素'('id', 'com.inkr.sport:id/ivEnterApp')'完成
2023-03-27 14:47:24 INFO 查找元素'(('id', 'com.inkr.sport:id/ivTbMine'),)'完成
2023-03-27 14:47:24 INFO 点击元素'('id', 'com.inkr.sport:id/ivTbMine')'完成
2023-03-27 14:47:24 INFO 查找元素'(('id', 'com.inkr.sport:id/tvUserName'),)'完成
2023-03-27 14:47:24 INFO 点击元素'('id', 'com.inkr.sport:id/tvUserName')'完成
2023-03-27 14:47:56 INFO 查找元素'(('id', 'com.inkr.sport:id/tvAccountLogin'),)'完成
2023-03-27 14:48:26 INFO 点击元素'('id', 'com.inkr.sport:id/tvAccountLogin')'完成
2023-03-27 14:50:16 INFO 查找元素'(('id', 'com.inkr.sport:id/etPd'),)'完成
2023-03-27 14:51:47 INFO 查找元素'(('id', 'com.inkr.sport:id/ivPolicyCheckBox'),)'完成
2023-03-27 14:52:17 INFO 点击元素'('id', 'com.inkr.sport:id/ivPolicyCheckBox')'完成
2023-03-27 14:52:47 INFO 查找元素'(('id', 'com.inkr.sport:id/btLogin'),)'完成
2023-03-27 14:53:08 INFO 点击元素'('id', 'com.inkr.sport:id/btLogin')'完成
2023-03-27 14:53:08 INFO 登录成功账号:13000000011 密码：abc123456
2023-03-27 14:53:08 ERROR 获取元素'(('id', 'om.inkr.sport:id/tvHitPlan'),)'失败，原因：'HomePage' object has no attribute 'driver'
2023-03-27 14:54:39 INFO *********开始启动APP*********
2023-03-27 14:54:39 INFO 手机参数：{'platformName': 'android', 'platformVersion': '12', 'deviceName': '127.0.0.1:7555', 'automationName': 'UiAutomator2', 'appPackage': 'com.inkr.sport', 'appActivity': 'com.inkr.sport.activities.SplashActivity'}
2023-03-27 14:54:44 INFO *********启动成功*********
2023-03-27 14:54:45 INFO 查找元素'(('id', 'com.inkr.sport:id/tvPopAgreementAgree'),)'完成
2023-03-27 14:54:45 INFO 点击元素'('id', 'com.inkr.sport:id/tvPopAgreementAgree')'完成
2023-03-27 14:54:45 INFO 开始左滑
2023-03-27 14:54:46 INFO 左滑1次
2023-03-27 14:54:48 INFO 左滑2次
2023-03-27 14:54:48 INFO 左滑完成
2023-03-27 14:54:48 INFO 查找元素'(('id', 'com.inkr.sport:id/ivEnterApp'),)'完成
2023-03-27 14:54:49 INFO 点击元素'('id', 'com.inkr.sport:id/ivEnterApp')'完成
2023-03-27 14:54:51 INFO 查找元素'(('id', 'com.inkr.sport:id/ivTbMine'),)'完成
2023-03-27 14:54:51 INFO 点击元素'('id', 'com.inkr.sport:id/ivTbMine')'完成
2023-03-27 14:54:51 INFO 查找元素'(('id', 'com.inkr.sport:id/tvUserName'),)'完成
2023-03-27 14:54:51 INFO 点击元素'('id', 'com.inkr.sport:id/tvUserName')'完成
2023-03-27 14:55:22 INFO 查找元素'(('id', 'com.inkr.sport:id/tvAccountLogin'),)'完成
2023-03-27 14:55:53 INFO 点击元素'('id', 'com.inkr.sport:id/tvAccountLogin')'完成
2023-03-27 14:57:43 INFO 查找元素'(('id', 'com.inkr.sport:id/etPd'),)'完成
2023-03-27 14:59:14 INFO 查找元素'(('id', 'com.inkr.sport:id/ivPolicyCheckBox'),)'完成
2023-03-27 14:59:44 INFO 点击元素'('id', 'com.inkr.sport:id/ivPolicyCheckBox')'完成
2023-03-27 15:00:14 INFO 查找元素'(('id', 'com.inkr.sport:id/btLogin'),)'完成
2023-03-27 15:00:35 INFO 点击元素'('id', 'com.inkr.sport:id/btLogin')'完成
2023-03-27 15:00:35 INFO 登录成功账号:13000000011 密码：abc123456
2023-03-27 15:00:35 ERROR 获取元素'(('id', 'om.inkr.sport:id/tvHitPlan'),)'失败，原因：'HomePage' object has no attribute 'driver'
2023-03-27 15:01:33 INFO *********开始启动APP*********
2023-03-27 15:01:33 INFO 手机参数：{'platformName': 'android', 'platformVersion': '12', 'deviceName': '127.0.0.1:7555', 'automationName': 'UiAutomator2', 'appPackage': 'com.inkr.sport', 'appActivity': 'com.inkr.sport.activities.SplashActivity'}
2023-03-27 15:01:39 INFO *********启动成功*********
2023-03-27 15:01:40 INFO 查找元素'(('id', 'com.inkr.sport:id/tvPopAgreementAgree'),)'完成
2023-03-27 15:01:40 INFO 点击元素'('id', 'com.inkr.sport:id/tvPopAgreementAgree')'完成
2023-03-27 15:01:40 INFO 开始左滑
2023-03-27 15:01:41 INFO 左滑1次
2023-03-27 15:01:43 INFO 左滑2次
2023-03-27 15:01:43 INFO 左滑完成
2023-03-27 15:01:43 INFO 查找元素'(('id', 'com.inkr.sport:id/ivEnterApp'),)'完成
2023-03-27 15:01:43 INFO 点击元素'('id', 'com.inkr.sport:id/ivEnterApp')'完成
2023-03-27 15:01:45 INFO 查找元素'(('id', 'com.inkr.sport:id/ivTbMine'),)'完成
2023-03-27 15:01:45 INFO 点击元素'('id', 'com.inkr.sport:id/ivTbMine')'完成
2023-03-27 15:01:46 INFO 查找元素'(('id', 'com.inkr.sport:id/tvUserName'),)'完成
2023-03-27 15:01:56 INFO 点击元素'('id', 'com.inkr.sport:id/tvUserName')'完成
2023-03-27 15:02:26 INFO 查找元素'(('id', 'com.inkr.sport:id/tvAccountLogin'),)'完成
2023-03-27 15:02:56 INFO 点击元素'('id', 'com.inkr.sport:id/tvAccountLogin')'完成
2023-03-27 15:04:47 INFO 查找元素'(('id', 'com.inkr.sport:id/etPd'),)'完成
2023-03-27 15:06:18 INFO 查找元素'(('id', 'com.inkr.sport:id/ivPolicyCheckBox'),)'完成
2023-03-27 15:06:48 INFO 点击元素'('id', 'com.inkr.sport:id/ivPolicyCheckBox')'完成
2023-03-27 15:07:18 INFO 查找元素'(('id', 'com.inkr.sport:id/btLogin'),)'完成
2023-03-27 15:07:39 INFO 点击元素'('id', 'com.inkr.sport:id/btLogin')'完成
2023-03-27 15:07:39 INFO 登录成功账号:13000000000 密码：abc123456
2023-03-27 15:07:59 ERROR 获取元素'(('id', 'om.inkr.sport:id/tvHitPlan'),)'失败，原因：Message: 
Stacktrace:
NoSuchElementError: An element could not be located on the page using the given search parameters.
    at AndroidUiautomator2Driver.findElOrEls (E:\Appium-Server-GUI-windows-1.22.3-4\resources\app\node_modules\appium\node_modules\appium-android-driver\lib\commands\find.js:75:11)
    at runMicrotasks (<anonymous>)
    at processTicksAndRejections (internal/process/task_queues.js:97:5)
    at AndroidUiautomator2Driver.findElOrElsWithProcessing (E:\Appium-Server-GUI-windows-1.22.3-4\resources\app\node_modules\appium\node_modules\appium-base-driver\lib\basedriver\commands\find.js:33:12)
    at AndroidUiautomator2Driver.findElement (E:\Appium-Server-GUI-windows-1.22.3-4\resources\app\node_modules\appium\node_modules\appium-base-driver\lib\basedriver\commands\find.js:53:10)
2023-03-27 15:10:48 INFO *********开始启动APP*********
2023-03-27 15:10:48 INFO 手机参数：{'platformName': 'android', 'platformVersion': '12', 'deviceName': '127.0.0.1:7555', 'automationName': 'UiAutomator2', 'appPackage': 'com.inkr.sport', 'appActivity': 'com.inkr.sport.activities.SplashActivity'}
2023-03-27 15:10:55 INFO *********启动成功*********
2023-03-27 15:10:55 ERROR 获取元素'(('id', 'com.inkr.sport:id/tvPopAgreementAgree'),)'失败，原因：'MyPage' object has no attribute 'driver'
2023-03-27 15:15:27 INFO *********开始启动APP*********
2023-03-27 15:15:27 INFO 手机参数：{'platformName': 'android', 'platformVersion': '12', 'deviceName': '127.0.0.1:7555', 'automationName': 'UiAutomator2', 'appPackage': 'com.inkr.sport', 'appActivity': 'com.inkr.sport.activities.SplashActivity'}
2023-03-27 15:16:14 INFO *********开始启动APP*********
2023-03-27 15:16:14 INFO 手机参数：{'platformName': 'android', 'platformVersion': '12', 'deviceName': '127.0.0.1:7555', 'automationName': 'UiAutomator2', 'appPackage': 'com.inkr.sport', 'appActivity': 'com.inkr.sport.activities.SplashActivity'}
2023-03-27 15:18:51 INFO *********开始启动APP*********
2023-03-27 15:18:51 INFO 手机参数：{'platformName': 'android', 'platformVersion': '12', 'deviceName': '127.0.0.1:7555', 'automationName': 'UiAutomator2', 'appPackage': 'com.inkr.sport', 'appActivity': 'com.inkr.sport.activities.SplashActivity'}
2023-03-27 15:18:58 INFO *********启动成功*********
2023-03-27 15:18:58 INFO 查找元素'(('id', 'com.inkr.sport:id/tvPopAgreementAgree'),)'完成
2023-03-27 15:18:58 INFO 点击元素'('id', 'com.inkr.sport:id/tvPopAgreementAgree')'完成
2023-03-27 15:18:58 INFO 开始左滑
2023-03-27 15:19:00 INFO 左滑1次
2023-03-27 15:19:01 INFO 左滑2次
2023-03-27 15:19:01 INFO 左滑完成
2023-03-27 15:19:02 INFO 查找元素'(('id', 'com.inkr.sport:id/ivEnterApp'),)'完成
2023-03-27 15:19:02 INFO 点击元素'('id', 'com.inkr.sport:id/ivEnterApp')'完成
2023-03-27 15:19:04 INFO 查找元素'(('id', 'com.inkr.sport:id/ivTbMine'),)'完成
2023-03-27 15:19:05 INFO 点击元素'('id', 'com.inkr.sport:id/ivTbMine')'完成
2023-03-27 15:19:05 INFO 查找元素'(('id', 'com.inkr.sport:id/tvUserName'),)'完成
2023-03-27 15:19:05 INFO 点击元素'('id', 'com.inkr.sport:id/tvUserName')'完成
2023-03-27 15:19:35 INFO 查找元素'(('id', 'com.inkr.sport:id/tvAccountLogin'),)'完成
2023-03-27 15:20:05 INFO 点击元素'('id', 'com.inkr.sport:id/tvAccountLogin')'完成
2023-03-27 15:21:56 INFO 查找元素'(('id', 'com.inkr.sport:id/etPd'),)'完成
2023-03-27 15:23:26 INFO 查找元素'(('id', 'com.inkr.sport:id/ivPolicyCheckBox'),)'完成
2023-03-27 15:23:56 INFO 点击元素'('id', 'com.inkr.sport:id/ivPolicyCheckBox')'完成
2023-03-27 15:24:26 INFO 查找元素'(('id', 'com.inkr.sport:id/btLogin'),)'完成
2023-03-27 15:24:47 INFO 点击元素'('id', 'com.inkr.sport:id/btLogin')'完成
2023-03-27 15:24:47 INFO 登录成功账号:13000000000 密码：abc123456
2023-03-27 15:24:49 INFO 查找元素'(('id', 'com.inkr.sport:id/ivTbLottery'),)'完成
2023-03-27 15:24:50 INFO 点击元素'('id', 'com.inkr.sport:id/ivTbLottery')'完成
2023-03-27 15:25:12 ERROR 获取元素'(('id', 'om.inkr.sport:id/tvHitPlan'),)'失败，原因：Message: 
Stacktrace:
NoSuchElementError: An element could not be located on the page using the given search parameters.
    at AndroidUiautomator2Driver.findElOrEls (E:\Appium-Server-GUI-windows-1.22.3-4\resources\app\node_modules\appium\node_modules\appium-android-driver\lib\commands\find.js:75:11)
    at runMicrotasks (<anonymous>)
    at processTicksAndRejections (internal/process/task_queues.js:97:5)
    at AndroidUiautomator2Driver.findElOrElsWithProcessing (E:\Appium-Server-GUI-windows-1.22.3-4\resources\app\node_modules\appium\node_modules\appium-base-driver\lib\basedriver\commands\find.js:33:12)
    at AndroidUiautomator2Driver.findElement (E:\Appium-Server-GUI-windows-1.22.3-4\resources\app\node_modules\appium\node_modules\appium-base-driver\lib\basedriver\commands\find.js:53:10)
2023-03-27 15:34:09 INFO *********开始启动APP*********
2023-03-27 15:34:09 INFO 手机参数：{'platformName': 'android', 'platformVersion': '12', 'deviceName': '127.0.0.1:7555', 'automationName': 'UiAutomator2', 'appPackage': 'com.inkr.sport', 'appActivity': 'com.inkr.sport.activities.SplashActivity'}
2023-03-27 15:34:11 WARNING Retrying (Retry(total=2, connect=None, read=None, redirect=None, status=None)) after connection broken by 'NewConnectionError('<urllib3.connection.HTTPConnection object at 0x0000027F14279648>: Failed to establish a new connection: [WinError 10061] 由于目标计算机积极拒绝，无法连接。')': /wd/hub/session
2023-03-27 15:34:13 WARNING Retrying (Retry(total=1, connect=None, read=None, redirect=None, status=None)) after connection broken by 'NewConnectionError('<urllib3.connection.HTTPConnection object at 0x0000027F14265488>: Failed to establish a new connection: [WinError 10061] 由于目标计算机积极拒绝，无法连接。')': /wd/hub/session
2023-03-27 15:34:15 WARNING Retrying (Retry(total=0, connect=None, read=None, redirect=None, status=None)) after connection broken by 'NewConnectionError('<urllib3.connection.HTTPConnection object at 0x0000027F14265588>: Failed to establish a new connection: [WinError 10061] 由于目标计算机积极拒绝，无法连接。')': /wd/hub/session
2023-03-27 15:36:58 INFO *********开始启动APP*********
2023-03-27 15:36:58 INFO 手机参数：{'platformName': 'android', 'platformVersion': '12', 'deviceName': '127.0.0.1:7555', 'automationName': 'UiAutomator2', 'appPackage': 'com.inkr.sport', 'appActivity': 'com.inkr.sport.activities.SplashActivity'}
2023-03-27 15:37:38 INFO *********开始启动APP*********
2023-03-27 15:37:38 INFO 手机参数：{'platformName': 'android', 'platformVersion': '12', 'deviceName': '127.0.0.1:7555', 'automationName': 'UiAutomator2', 'appPackage': 'com.inkr.sport', 'appActivity': 'com.inkr.sport.activities.SplashActivity'}
2023-03-27 15:37:45 INFO *********启动成功*********
2023-03-27 15:37:45 ERROR 获取元素'(('id', 'com.inkr.sport:id/tvPopAgreementAgree'),)'失败，原因：'MyPage' object has no attribute 'driver'
2023-03-27 15:38:41 INFO *********开始启动APP*********
2023-03-27 15:38:41 INFO 手机参数：{'platformName': 'android', 'platformVersion': '12', 'deviceName': '127.0.0.1:7555', 'automationName': 'UiAutomator2', 'appPackage': 'com.inkr.sport', 'appActivity': 'com.inkr.sport.activities.SplashActivity'}
2023-03-27 15:38:48 INFO *********启动成功*********
2023-03-27 15:38:48 ERROR 获取元素'(('id', 'com.inkr.sport:id/tvPopAgreementAgree'),)'失败，原因：'MyPage' object has no attribute 'driver'
2023-03-27 15:43:21 INFO *********开始启动APP*********
2023-03-27 15:43:21 INFO 手机参数：{'platformName': 'android', 'platformVersion': '12', 'deviceName': '127.0.0.1:7555', 'automationName': 'UiAutomator2', 'appPackage': 'com.inkr.sport', 'appActivity': 'com.inkr.sport.activities.SplashActivity'}
2023-03-27 15:43:28 INFO *********启动成功*********
2023-03-27 15:43:28 ERROR 获取元素'(('id', 'com.inkr.sport:id/tvPopAgreementAgree'),)'失败，原因：'MyPage' object has no attribute 'driver'
2023-03-27 15:45:13 INFO *********开始启动APP*********
2023-03-27 15:45:13 INFO 手机参数：{'platformName': 'android', 'platformVersion': '12', 'deviceName': '127.0.0.1:7555', 'automationName': 'UiAutomator2', 'appPackage': 'com.inkr.sport', 'appActivity': 'com.inkr.sport.activities.SplashActivity'}
2023-03-27 15:45:20 INFO *********启动成功*********
2023-03-27 15:45:20 ERROR 获取元素'(('id', 'com.inkr.sport:id/tvPopAgreementAgree'),)'失败，原因：'MyPage' object has no attribute 'driver'
2023-03-27 15:46:14 INFO *********开始启动APP*********
2023-03-27 15:46:14 INFO 手机参数：{'platformName': 'android', 'platformVersion': '12', 'deviceName': '127.0.0.1:7555', 'automationName': 'UiAutomator2', 'appPackage': 'com.inkr.sport', 'appActivity': 'com.inkr.sport.activities.SplashActivity'}
2023-03-27 15:46:21 INFO *********启动成功*********
2023-03-27 15:46:21 ERROR 获取元素'(('id', 'com.inkr.sport:id/tvPopAgreementAgree'),)'失败，原因：'MyPage' object has no attribute 'driver'
2023-03-27 15:48:30 INFO *********开始启动APP*********
2023-03-27 15:48:30 INFO 手机参数：{'platformName': 'android', 'platformVersion': '12', 'deviceName': '127.0.0.1:7555', 'automationName': 'UiAutomator2', 'appPackage': 'com.inkr.sport', 'appActivity': 'com.inkr.sport.activities.SplashActivity'}
2023-03-27 15:48:37 INFO *********启动成功*********
2023-03-27 15:48:37 ERROR 获取元素'(('id', 'com.inkr.sport:id/tvPopAgreementAgree'),)'失败，原因：'MyPage' object has no attribute 'driver'
2023-03-27 15:53:38 INFO *********开始启动APP*********
2023-03-27 15:53:38 INFO 手机参数：{'platformName': 'android', 'platformVersion': '12', 'deviceName': '127.0.0.1:7555', 'automationName': 'UiAutomator2', 'appPackage': 'com.inkr.sport', 'appActivity': 'com.inkr.sport.activities.SplashActivity'}
2023-03-27 15:53:45 INFO *********启动成功*********
2023-03-27 15:53:45 ERROR 获取元素'(('id', 'com.inkr.sport:id/tvPopAgreementAgree'),)'失败，原因：'MyPage' object has no attribute 'driver'
2023-03-27 15:56:08 INFO *********开始启动APP*********
2023-03-27 15:56:08 INFO 手机参数：{'platformName': 'android', 'platformVersion': '12', 'deviceName': '127.0.0.1:7555', 'automationName': 'UiAutomator2', 'appPackage': 'com.inkr.sport', 'appActivity': 'com.inkr.sport.activities.SplashActivity'}
2023-03-27 15:56:15 INFO *********启动成功*********
2023-03-27 15:56:15 INFO 查找元素'(('id', 'com.inkr.sport:id/tvPopAgreementAgree'),)'完成
2023-03-27 15:56:16 INFO 点击元素'('id', 'com.inkr.sport:id/tvPopAgreementAgree')'完成
2023-03-27 15:56:16 INFO 开始左滑
2023-03-27 15:56:18 INFO 左滑1次
2023-03-27 15:56:19 INFO 左滑2次
2023-03-27 15:56:19 INFO 左滑完成
2023-03-27 15:56:20 INFO 查找元素'(('id', 'com.inkr.sport:id/ivEnterApp'),)'完成
2023-03-27 15:56:20 INFO 点击元素'('id', 'com.inkr.sport:id/ivEnterApp')'完成
2023-03-27 15:56:23 INFO 查找元素'(('id', 'com.inkr.sport:id/ivTbMine'),)'完成
2023-03-27 15:56:24 INFO 点击元素'('id', 'com.inkr.sport:id/ivTbMine')'完成
2023-03-27 15:56:24 INFO 查找元素'(('id', 'com.inkr.sport:id/tvUserName'),)'完成
2023-03-27 15:56:25 INFO 点击元素'('id', 'com.inkr.sport:id/tvUserName')'完成
2023-03-27 15:56:56 INFO 查找元素'(('id', 'com.inkr.sport:id/tvAccountLogin'),)'完成
2023-03-27 15:57:26 INFO 点击元素'('id', 'com.inkr.sport:id/tvAccountLogin')'完成
2023-03-27 15:59:17 INFO 查找元素'(('id', 'com.inkr.sport:id/etPd'),)'完成
2023-03-27 16:00:47 INFO 查找元素'(('id', 'com.inkr.sport:id/ivPolicyCheckBox'),)'完成
2023-03-27 16:01:17 INFO 点击元素'('id', 'com.inkr.sport:id/ivPolicyCheckBox')'完成
2023-03-27 16:01:48 INFO 查找元素'(('id', 'com.inkr.sport:id/btLogin'),)'完成
2023-03-27 16:02:08 INFO 点击元素'('id', 'com.inkr.sport:id/btLogin')'完成
2023-03-27 16:02:08 INFO 登录成功账号:13000000000 密码：abc123456
2023-03-27 16:02:10 INFO 查找元素'(('id', 'com.inkr.sport:id/ivTbLottery'),)'完成
2023-03-27 16:02:11 INFO 点击元素'('id', 'com.inkr.sport:id/ivTbLottery')'完成
2023-03-27 16:02:32 ERROR 获取元素'(('id', 'om.inkr.sport:id/tvHitPlan'),)'失败，原因：Message: 
Stacktrace:
NoSuchElementError: An element could not be located on the page using the given search parameters.
    at AndroidUiautomator2Driver.findElOrEls (E:\Appium-Server-GUI-windows-1.22.3-4\resources\app\node_modules\appium\node_modules\appium-android-driver\lib\commands\find.js:75:11)
    at runMicrotasks (<anonymous>)
    at processTicksAndRejections (internal/process/task_queues.js:97:5)
    at AndroidUiautomator2Driver.findElOrElsWithProcessing (E:\Appium-Server-GUI-windows-1.22.3-4\resources\app\node_modules\appium\node_modules\appium-base-driver\lib\basedriver\commands\find.js:33:12)
    at AndroidUiautomator2Driver.findElement (E:\Appium-Server-GUI-windows-1.22.3-4\resources\app\node_modules\appium\node_modules\appium-base-driver\lib\basedriver\commands\find.js:53:10)
2023-03-27 16:03:18 INFO *********开始启动APP*********
2023-03-27 16:03:18 INFO 手机参数：{'platformName': 'android', 'platformVersion': '12', 'deviceName': '127.0.0.1:7555', 'automationName': 'UiAutomator2', 'appPackage': 'com.inkr.sport', 'appActivity': 'com.inkr.sport.activities.SplashActivity'}
2023-03-27 16:03:26 INFO *********启动成功*********
2023-03-27 16:03:26 INFO 查找元素'(('id', 'com.inkr.sport:id/tvPopAgreementAgree'),)'完成
2023-03-27 16:03:26 INFO 点击元素'('id', 'com.inkr.sport:id/tvPopAgreementAgree')'完成
2023-03-27 16:03:26 INFO 开始左滑
2023-03-27 16:03:28 INFO 左滑1次
2023-03-27 16:03:29 INFO 左滑2次
2023-03-27 16:03:29 INFO 左滑完成
2023-03-27 16:03:30 INFO 查找元素'(('id', 'com.inkr.sport:id/ivEnterApp'),)'完成
2023-03-27 16:03:30 INFO 点击元素'('id', 'com.inkr.sport:id/ivEnterApp')'完成
2023-03-27 16:03:32 INFO 查找元素'(('id', 'com.inkr.sport:id/ivTbMine'),)'完成
2023-03-27 16:03:33 INFO 点击元素'('id', 'com.inkr.sport:id/ivTbMine')'完成
2023-03-27 16:03:33 INFO 查找元素'(('id', 'com.inkr.sport:id/tvUserName'),)'完成
2023-03-27 16:03:33 INFO 点击元素'('id', 'com.inkr.sport:id/tvUserName')'完成
2023-03-27 16:04:04 INFO 查找元素'(('id', 'com.inkr.sport:id/tvAccountLogin'),)'完成
2023-03-27 16:04:34 INFO 点击元素'('id', 'com.inkr.sport:id/tvAccountLogin')'完成
2023-03-27 16:06:25 INFO 查找元素'(('id', 'com.inkr.sport:id/etPd'),)'完成
2023-03-27 16:07:55 INFO 查找元素'(('id', 'com.inkr.sport:id/ivPolicyCheckBox'),)'完成
2023-03-27 16:08:26 INFO 点击元素'('id', 'com.inkr.sport:id/ivPolicyCheckBox')'完成
2023-03-27 16:08:56 INFO 查找元素'(('id', 'com.inkr.sport:id/btLogin'),)'完成
2023-03-27 16:09:16 INFO 点击元素'('id', 'com.inkr.sport:id/btLogin')'完成
2023-03-27 16:09:16 INFO 登录成功账号:13000000000 密码：abc123456
2023-03-27 16:09:19 INFO 查找元素'(('id', 'com.inkr.sport:id/ivTbLottery'),)'完成
2023-03-27 16:09:20 INFO 点击元素'('id', 'com.inkr.sport:id/ivTbLottery')'完成
2023-03-27 16:09:21 INFO 查找元素'(('xpath', "// *[@resource-id='com.inkr.sport:id/recyclerView']/android.view.ViewGroup[1]/android.view.View[2]"),)'完成
2023-03-27 16:09:22 INFO 点击元素'('xpath', "// *[@resource-id='com.inkr.sport:id/recyclerView']/android.view.ViewGroup[1]/android.view.View[2]")'完成
2023-03-27 16:09:22 INFO 查找元素'(('id', 'com.inkr.sport:id/tvIKnow'),)'完成
2023-03-27 16:09:22 INFO 点击元素'('id', 'com.inkr.sport:id/tvIKnow')'完成
2023-03-27 16:09:23 INFO 查找元素'(('id', 'com.inkr.sport:id/tvPayNow'),)'完成
2023-03-27 16:09:24 INFO 点击元素'('id', 'com.inkr.sport:id/tvPayNow')'完成
2023-03-27 16:09:24 INFO 查找元素'(('id', 'com.inkr.sport:id/tvUsed'),)'完成
2023-03-27 16:09:26 INFO 点击元素'('id', 'com.inkr.sport:id/tvUsed')'完成
2023-03-27 16:09:26 ERROR 获取元素'('id', 'com.inkr.sport:id/tvUsed')'失败，原因：visibility_of_element_located() takes 1 positional argument but 2 were given
2023-03-27 16:09:26 INFO 购买方案成功
2023-03-27 16:12:46 INFO *********开始启动APP*********
2023-03-27 16:12:46 INFO 手机参数：{'platformName': 'android', 'platformVersion': '12', 'deviceName': '127.0.0.1:7555', 'automationName': 'UiAutomator2', 'appPackage': 'com.inkr.sport', 'appActivity': 'com.inkr.sport.activities.SplashActivity'}
2023-03-27 16:12:52 INFO *********启动成功*********
2023-03-27 16:12:52 INFO 查找元素'(('id', 'com.inkr.sport:id/tvPopAgreementAgree'),)'完成
2023-03-27 16:12:52 INFO 点击元素'('id', 'com.inkr.sport:id/tvPopAgreementAgree')'完成
2023-03-27 16:12:52 INFO 开始左滑
2023-03-27 16:12:54 INFO 左滑1次
2023-03-27 16:12:55 INFO 左滑2次
2023-03-27 16:12:55 INFO 左滑完成
2023-03-27 16:12:56 INFO 查找元素'(('id', 'com.inkr.sport:id/ivEnterApp'),)'完成
2023-03-27 16:12:56 INFO 点击元素'('id', 'com.inkr.sport:id/ivEnterApp')'完成
2023-03-27 16:12:58 INFO 查找元素'(('id', 'com.inkr.sport:id/ivTbMine'),)'完成
2023-03-27 16:12:59 INFO 点击元素'('id', 'com.inkr.sport:id/ivTbMine')'完成
2023-03-27 16:12:59 INFO 查找元素'(('id', 'com.inkr.sport:id/tvUserName'),)'完成
2023-03-27 16:13:09 INFO 点击元素'('id', 'com.inkr.sport:id/tvUserName')'完成
2023-03-27 16:13:39 INFO 查找元素'(('id', 'com.inkr.sport:id/tvAccountLogin'),)'完成
2023-03-27 16:14:09 INFO 点击元素'('id', 'com.inkr.sport:id/tvAccountLogin')'完成
2023-03-27 16:16:00 INFO 查找元素'(('id', 'com.inkr.sport:id/etPd'),)'完成
2023-03-27 16:17:31 INFO 查找元素'(('id', 'com.inkr.sport:id/ivPolicyCheckBox'),)'完成
2023-03-27 16:18:01 INFO 点击元素'('id', 'com.inkr.sport:id/ivPolicyCheckBox')'完成
2023-03-27 16:18:31 INFO 查找元素'(('id', 'com.inkr.sport:id/btLogin'),)'完成
2023-03-27 16:18:52 INFO 点击元素'('id', 'com.inkr.sport:id/btLogin')'完成
2023-03-27 16:18:52 INFO 登录成功账号:13000000000 密码：abc123456
2023-03-27 16:18:54 INFO 查找元素'(('id', 'com.inkr.sport:id/ivTbLottery'),)'完成
2023-03-27 16:18:55 INFO 点击元素'('id', 'com.inkr.sport:id/ivTbLottery')'完成
2023-03-27 16:18:58 INFO 查找元素'(('xpath', "// *[@resource-id='com.inkr.sport:id/recyclerView']/android.view.ViewGroup[1]/android.view.View[2]"),)'完成
2023-03-27 16:18:58 INFO 点击元素'('xpath', "// *[@resource-id='com.inkr.sport:id/recyclerView']/android.view.ViewGroup[1]/android.view.View[2]")'完成
2023-03-27 16:18:59 INFO 查找元素'(('id', 'com.inkr.sport:id/tvIKnow'),)'完成
2023-03-27 16:18:59 INFO 点击元素'('id', 'com.inkr.sport:id/tvIKnow')'完成
2023-03-27 16:19:20 ERROR 获取元素'(('id', 'com.inkr.sport:id/tvPayNow'),)'失败，原因：Message: 
Stacktrace:
NoSuchElementError: An element could not be located on the page using the given search parameters.
    at AndroidUiautomator2Driver.findElOrEls (E:\Appium-Server-GUI-windows-1.22.3-4\resources\app\node_modules\appium\node_modules\appium-android-driver\lib\commands\find.js:75:11)
    at runMicrotasks (<anonymous>)
    at processTicksAndRejections (internal/process/task_queues.js:97:5)
    at AndroidUiautomator2Driver.findElOrElsWithProcessing (E:\Appium-Server-GUI-windows-1.22.3-4\resources\app\node_modules\appium\node_modules\appium-base-driver\lib\basedriver\commands\find.js:33:12)
    at AndroidUiautomator2Driver.findElement (E:\Appium-Server-GUI-windows-1.22.3-4\resources\app\node_modules\appium\node_modules\appium-base-driver\lib\basedriver\commands\find.js:53:10)
2023-03-27 16:21:35 INFO *********开始启动APP*********
2023-03-27 16:21:35 INFO 手机参数：{'platformName': 'android', 'platformVersion': '12', 'deviceName': '127.0.0.1:7555', 'automationName': 'UiAutomator2', 'appPackage': 'com.inkr.sport', 'appActivity': 'com.inkr.sport.activities.SplashActivity'}
2023-03-27 16:21:42 INFO *********启动成功*********
2023-03-27 16:21:43 INFO 查找元素'(('id', 'com.inkr.sport:id/tvPopAgreementAgree'),)'完成
2023-03-27 16:21:43 INFO 点击元素'('id', 'com.inkr.sport:id/tvPopAgreementAgree')'完成
2023-03-27 16:21:43 INFO 开始左滑
2023-03-27 16:21:44 INFO 左滑1次
2023-03-27 16:21:46 INFO 左滑2次
2023-03-27 16:21:46 INFO 左滑完成
2023-03-27 16:21:46 INFO 查找元素'(('id', 'com.inkr.sport:id/ivEnterApp'),)'完成
2023-03-27 16:21:47 INFO 点击元素'('id', 'com.inkr.sport:id/ivEnterApp')'完成
2023-03-27 16:21:49 INFO 查找元素'(('id', 'com.inkr.sport:id/ivTbMine'),)'完成
2023-03-27 16:21:49 INFO 点击元素'('id', 'com.inkr.sport:id/ivTbMine')'完成
2023-03-27 16:21:49 INFO 查找元素'(('id', 'com.inkr.sport:id/tvUserName'),)'完成
2023-03-27 16:21:49 INFO 点击元素'('id', 'com.inkr.sport:id/tvUserName')'完成
2023-03-27 16:22:20 INFO 查找元素'(('id', 'com.inkr.sport:id/tvAccountLogin'),)'完成
2023-03-27 16:22:51 INFO 点击元素'('id', 'com.inkr.sport:id/tvAccountLogin')'完成
2023-03-27 16:24:41 INFO 查找元素'(('id', 'com.inkr.sport:id/etPd'),)'完成
2023-03-27 16:26:12 INFO 查找元素'(('id', 'com.inkr.sport:id/ivPolicyCheckBox'),)'完成
2023-03-27 16:26:42 INFO 点击元素'('id', 'com.inkr.sport:id/ivPolicyCheckBox')'完成
2023-03-27 16:27:12 INFO 查找元素'(('id', 'com.inkr.sport:id/btLogin'),)'完成
2023-03-27 16:27:33 INFO 点击元素'('id', 'com.inkr.sport:id/btLogin')'完成
2023-03-27 16:27:33 INFO 登录成功账号:13000000000 密码：abc123456
2023-03-27 16:27:35 INFO 查找元素'(('id', 'com.inkr.sport:id/ivTbLottery'),)'完成
2023-03-27 16:27:35 INFO 点击元素'('id', 'com.inkr.sport:id/ivTbLottery')'完成
2023-03-27 16:27:38 INFO 查找元素'(('xpath', "//*[@resource-id='com.inkr.sport:id/tvHitPlan']"),)'完成
2023-03-27 16:27:38 INFO 点击元素'('xpath', "//*[@resource-id='com.inkr.sport:id/tvHitPlan']")'完成
2023-03-27 16:27:40 INFO 查找元素'(('xpath', "// *[@resource-id='com.inkr.sport:id/recyclerView']/android.view.ViewGroup[1]/android.view.View[2]"),)'完成
2023-03-27 16:27:40 INFO 点击元素'('xpath', "// *[@resource-id='com.inkr.sport:id/recyclerView']/android.view.ViewGroup[1]/android.view.View[2]")'完成
2023-03-27 16:27:41 INFO 查找元素'(('id', 'com.inkr.sport:id/tvIKnow'),)'完成
2023-03-27 16:27:42 INFO 点击元素'('id', 'com.inkr.sport:id/tvIKnow')'完成
2023-03-27 16:28:02 ERROR 获取元素'(('id', 'com.inkr.sport:id/tvPayNow'),)'失败，原因：Message: 
Stacktrace:
NoSuchElementError: An element could not be located on the page using the given search parameters.
    at AndroidUiautomator2Driver.findElOrEls (E:\Appium-Server-GUI-windows-1.22.3-4\resources\app\node_modules\appium\node_modules\appium-android-driver\lib\commands\find.js:75:11)
    at runMicrotasks (<anonymous>)
    at processTicksAndRejections (internal/process/task_queues.js:97:5)
    at AndroidUiautomator2Driver.findElOrElsWithProcessing (E:\Appium-Server-GUI-windows-1.22.3-4\resources\app\node_modules\appium\node_modules\appium-base-driver\lib\basedriver\commands\find.js:33:12)
    at AndroidUiautomator2Driver.findElement (E:\Appium-Server-GUI-windows-1.22.3-4\resources\app\node_modules\appium\node_modules\appium-base-driver\lib\basedriver\commands\find.js:53:10)
2023-03-27 16:29:42 INFO *********开始启动APP*********
2023-03-27 16:29:42 INFO 手机参数：{'platformName': 'android', 'platformVersion': '12', 'deviceName': '127.0.0.1:7555', 'automationName': 'UiAutomator2', 'appPackage': 'com.inkr.sport', 'appActivity': 'com.inkr.sport.activities.SplashActivity'}
2023-03-27 16:29:49 INFO *********启动成功*********
2023-03-27 16:29:50 INFO 查找元素'(('id', 'com.inkr.sport:id/tvPopAgreementAgree'),)'完成
2023-03-27 16:29:50 INFO 点击元素'('id', 'com.inkr.sport:id/tvPopAgreementAgree')'完成
2023-03-27 16:29:50 INFO 开始左滑
2023-03-27 16:29:51 INFO 左滑1次
2023-03-27 16:29:53 INFO 左滑2次
2023-03-27 16:29:53 INFO 左滑完成
2023-03-27 16:29:54 INFO 查找元素'(('id', 'com.inkr.sport:id/ivEnterApp'),)'完成
2023-03-27 16:29:54 INFO 点击元素'('id', 'com.inkr.sport:id/ivEnterApp')'完成
2023-03-27 16:29:56 INFO 查找元素'(('id', 'com.inkr.sport:id/ivTbMine'),)'完成
2023-03-27 16:29:56 INFO 点击元素'('id', 'com.inkr.sport:id/ivTbMine')'完成
2023-03-27 16:29:56 INFO 查找元素'(('id', 'com.inkr.sport:id/tvUserName'),)'完成
2023-03-27 16:29:57 INFO 点击元素'('id', 'com.inkr.sport:id/tvUserName')'完成
2023-03-27 16:30:27 INFO 查找元素'(('id', 'com.inkr.sport:id/tvAccountLogin'),)'完成
2023-03-27 16:30:57 INFO 点击元素'('id', 'com.inkr.sport:id/tvAccountLogin')'完成
2023-03-27 16:32:48 INFO 查找元素'(('id', 'com.inkr.sport:id/etPd'),)'完成
2023-03-27 16:34:18 INFO 查找元素'(('id', 'com.inkr.sport:id/ivPolicyCheckBox'),)'完成
2023-03-27 16:34:49 INFO 点击元素'('id', 'com.inkr.sport:id/ivPolicyCheckBox')'完成
2023-03-27 16:35:19 INFO 查找元素'(('id', 'com.inkr.sport:id/btLogin'),)'完成
2023-03-27 16:35:39 INFO 点击元素'('id', 'com.inkr.sport:id/btLogin')'完成
2023-03-27 16:35:39 INFO 登录成功账号:13000000000 密码：abc123456
2023-03-27 16:35:42 INFO 查找元素'(('id', 'com.inkr.sport:id/ivTbLottery'),)'完成
2023-03-27 16:35:42 INFO 点击元素'('id', 'com.inkr.sport:id/ivTbLottery')'完成
2023-03-27 16:35:44 INFO 查找元素'(('xpath', "//*[@resource-id='com.inkr.sport:id/tvHitPlan']"),)'完成
2023-03-27 16:35:44 INFO 点击元素'('xpath', "//*[@resource-id='com.inkr.sport:id/tvHitPlan']")'完成
2023-03-27 16:35:46 INFO 查找元素'(('xpath', "// *[@resource-id='com.inkr.sport:id/recyclerView']/android.view.ViewGroup[1]/android.view.View[2]"),)'完成
2023-03-27 16:35:47 INFO 点击元素'('xpath', "// *[@resource-id='com.inkr.sport:id/recyclerView']/android.view.ViewGroup[1]/android.view.View[2]")'完成
2023-03-27 16:35:48 INFO 查找元素'(('id', 'com.inkr.sport:id/tvIKnow'),)'完成
2023-03-27 16:35:48 INFO 点击元素'('id', 'com.inkr.sport:id/tvIKnow')'完成
2023-03-27 16:36:09 ERROR 获取元素'(('id', 'com.inkr.sport:id/tvPayNow'),)'失败，原因：Message: 
Stacktrace:
NoSuchElementError: An element could not be located on the page using the given search parameters.
    at AndroidUiautomator2Driver.findElOrEls (E:\Appium-Server-GUI-windows-1.22.3-4\resources\app\node_modules\appium\node_modules\appium-android-driver\lib\commands\find.js:75:11)
    at runMicrotasks (<anonymous>)
    at processTicksAndRejections (internal/process/task_queues.js:97:5)
    at AndroidUiautomator2Driver.findElOrElsWithProcessing (E:\Appium-Server-GUI-windows-1.22.3-4\resources\app\node_modules\appium\node_modules\appium-base-driver\lib\basedriver\commands\find.js:33:12)
    at AndroidUiautomator2Driver.findElement (E:\Appium-Server-GUI-windows-1.22.3-4\resources\app\node_modules\appium\node_modules\appium-base-driver\lib\basedriver\commands\find.js:53:10)
2023-03-27 16:37:13 INFO *********开始启动APP*********
2023-03-27 16:37:13 INFO 手机参数：{'platformName': 'android', 'platformVersion': '12', 'deviceName': '127.0.0.1:7555', 'automationName': 'UiAutomator2', 'appPackage': 'com.inkr.sport', 'appActivity': 'com.inkr.sport.activities.SplashActivity'}
2023-03-27 16:37:20 INFO *********启动成功*********
2023-03-27 16:37:20 INFO 查找元素'(('id', 'com.inkr.sport:id/tvPopAgreementAgree'),)'完成
2023-03-27 16:37:20 INFO 点击元素'('id', 'com.inkr.sport:id/tvPopAgreementAgree')'完成
2023-03-27 16:37:20 INFO 开始左滑
2023-03-27 16:37:22 INFO 左滑1次
2023-03-27 16:37:23 INFO 左滑2次
2023-03-27 16:37:23 INFO 左滑完成
2023-03-27 16:37:24 INFO 查找元素'(('id', 'com.inkr.sport:id/ivEnterApp'),)'完成
2023-03-27 16:37:24 INFO 点击元素'('id', 'com.inkr.sport:id/ivEnterApp')'完成
2023-03-27 16:37:26 INFO 查找元素'(('id', 'com.inkr.sport:id/ivTbMine'),)'完成
2023-03-27 16:37:27 INFO 点击元素'('id', 'com.inkr.sport:id/ivTbMine')'完成
2023-03-27 16:37:27 INFO 查找元素'(('id', 'com.inkr.sport:id/tvUserName'),)'完成
2023-03-27 16:37:27 INFO 点击元素'('id', 'com.inkr.sport:id/tvUserName')'完成
2023-03-27 16:37:57 INFO 查找元素'(('id', 'com.inkr.sport:id/tvAccountLogin'),)'完成
2023-03-27 16:38:27 INFO 点击元素'('id', 'com.inkr.sport:id/tvAccountLogin')'完成
2023-03-27 16:40:18 INFO 查找元素'(('id', 'com.inkr.sport:id/etPd'),)'完成
2023-03-27 16:41:49 INFO 查找元素'(('id', 'com.inkr.sport:id/ivPolicyCheckBox'),)'完成
2023-03-27 16:42:19 INFO 点击元素'('id', 'com.inkr.sport:id/ivPolicyCheckBox')'完成
2023-03-27 16:42:49 INFO 查找元素'(('id', 'com.inkr.sport:id/btLogin'),)'完成
2023-03-27 16:43:10 INFO 点击元素'('id', 'com.inkr.sport:id/btLogin')'完成
2023-03-27 16:43:10 INFO 登录成功账号:13000000000 密码：abc123456
2023-03-27 16:43:12 INFO 查找元素'(('id', 'com.inkr.sport:id/ivTbLottery'),)'完成
2023-03-27 16:43:12 INFO 点击元素'('id', 'com.inkr.sport:id/ivTbLottery')'完成
2023-03-27 16:43:15 INFO 查找元素'(('xpath', "//*[@resource-id='com.inkr.sport:id/tvHitPlan']"),)'完成
2023-03-27 16:43:15 INFO 点击元素'('xpath', "//*[@resource-id='com.inkr.sport:id/tvHitPlan']")'完成
2023-03-27 16:43:18 INFO 查找元素'(('xpath', "// *[@resource-id='com.inkr.sport:id/recyclerView']/android.view.ViewGroup[1]/android.view.View[2]"),)'完成
2023-03-27 16:43:18 INFO 点击元素'('xpath', "// *[@resource-id='com.inkr.sport:id/recyclerView']/android.view.ViewGroup[1]/android.view.View[2]")'完成
2023-03-27 16:43:19 INFO 查找元素'(('id', 'com.inkr.sport:id/tvIKnow'),)'完成
2023-03-27 16:43:20 INFO 点击元素'('id', 'com.inkr.sport:id/tvIKnow')'完成
2023-03-27 16:43:40 ERROR 获取元素'(('id', 'com.inkr.sport:id/tvPayNow'),)'失败，原因：Message: 
Stacktrace:
NoSuchElementError: An element could not be located on the page using the given search parameters.
    at AndroidUiautomator2Driver.findElOrEls (E:\Appium-Server-GUI-windows-1.22.3-4\resources\app\node_modules\appium\node_modules\appium-android-driver\lib\commands\find.js:75:11)
    at runMicrotasks (<anonymous>)
    at processTicksAndRejections (internal/process/task_queues.js:97:5)
    at AndroidUiautomator2Driver.findElOrElsWithProcessing (E:\Appium-Server-GUI-windows-1.22.3-4\resources\app\node_modules\appium\node_modules\appium-base-driver\lib\basedriver\commands\find.js:33:12)
    at AndroidUiautomator2Driver.findElement (E:\Appium-Server-GUI-windows-1.22.3-4\resources\app\node_modules\appium\node_modules\appium-base-driver\lib\basedriver\commands\find.js:53:10)
2023-03-27 16:43:40 ERROR 购买失败
2023-03-27 16:45:04 INFO *********开始启动APP*********
2023-03-27 16:45:04 INFO 手机参数：{'platformName': 'android', 'platformVersion': '12', 'deviceName': '127.0.0.1:7555', 'automationName': 'UiAutomator2', 'appPackage': 'com.inkr.sport', 'appActivity': 'com.inkr.sport.activities.SplashActivity'}
2023-03-27 16:45:11 INFO *********启动成功*********
2023-03-27 16:45:12 INFO 查找元素'(('id', 'com.inkr.sport:id/tvPopAgreementAgree'),)'完成
2023-03-27 16:45:12 INFO 点击元素'('id', 'com.inkr.sport:id/tvPopAgreementAgree')'完成
2023-03-27 16:45:12 INFO 开始左滑
2023-03-27 16:45:13 INFO 左滑1次
2023-03-27 16:45:15 INFO 左滑2次
2023-03-27 16:45:15 INFO 左滑完成
2023-03-27 16:45:15 INFO 查找元素'(('id', 'com.inkr.sport:id/ivEnterApp'),)'完成
2023-03-27 16:45:16 INFO 点击元素'('id', 'com.inkr.sport:id/ivEnterApp')'完成
2023-03-27 16:45:18 INFO 查找元素'(('id', 'com.inkr.sport:id/ivTbMine'),)'完成
2023-03-27 16:45:18 INFO 点击元素'('id', 'com.inkr.sport:id/ivTbMine')'完成
2023-03-27 16:45:18 INFO 查找元素'(('id', 'com.inkr.sport:id/tvUserName'),)'完成
2023-03-27 16:45:19 INFO 点击元素'('id', 'com.inkr.sport:id/tvUserName')'完成
2023-03-27 16:45:49 INFO 查找元素'(('id', 'com.inkr.sport:id/tvAccountLogin'),)'完成
2023-03-27 16:46:19 INFO 点击元素'('id', 'com.inkr.sport:id/tvAccountLogin')'完成
2023-03-27 16:48:10 INFO 查找元素'(('id', 'com.inkr.sport:id/etPd'),)'完成
2023-03-27 16:49:40 INFO 查找元素'(('id', 'com.inkr.sport:id/ivPolicyCheckBox'),)'完成
2023-03-27 16:50:10 INFO 点击元素'('id', 'com.inkr.sport:id/ivPolicyCheckBox')'完成
2023-03-27 16:50:40 INFO 查找元素'(('id', 'com.inkr.sport:id/btLogin'),)'完成
2023-03-27 16:51:01 INFO 点击元素'('id', 'com.inkr.sport:id/btLogin')'完成
2023-03-27 16:51:01 INFO 登录成功账号:13000000000 密码：abc123456
2023-03-27 16:51:03 INFO 查找元素'(('id', 'com.inkr.sport:id/ivTbLottery'),)'完成
2023-03-27 16:51:03 INFO 点击元素'('id', 'com.inkr.sport:id/ivTbLottery')'完成
2023-03-27 16:51:06 INFO 查找元素'(('id', 'com.inkr.sport:id/tvHitPlan'),)'完成
2023-03-27 16:51:06 INFO 点击元素'('id', 'com.inkr.sport:id/tvHitPlan')'完成
2023-03-27 16:51:07 INFO 查找元素'(('xpath', "// *[@resource-id='com.inkr.sport:id/recyclerView']/android.view.ViewGroup[1]/android.view.View[2]"),)'完成
2023-03-27 16:51:07 INFO 点击元素'('xpath', "// *[@resource-id='com.inkr.sport:id/recyclerView']/android.view.ViewGroup[1]/android.view.View[2]")'完成
2023-03-27 16:51:08 INFO 查找元素'(('id', 'com.inkr.sport:id/tvIKnow'),)'完成
2023-03-27 16:51:08 INFO 点击元素'('id', 'com.inkr.sport:id/tvIKnow')'完成
2023-03-27 16:51:29 ERROR 获取元素'(('id', 'com.inkr.sport:id/tvPayNow'),)'失败，原因：Message: 
Stacktrace:
NoSuchElementError: An element could not be located on the page using the given search parameters.
    at AndroidUiautomator2Driver.findElOrEls (E:\Appium-Server-GUI-windows-1.22.3-4\resources\app\node_modules\appium\node_modules\appium-android-driver\lib\commands\find.js:75:11)
    at runMicrotasks (<anonymous>)
    at processTicksAndRejections (internal/process/task_queues.js:97:5)
    at AndroidUiautomator2Driver.findElOrElsWithProcessing (E:\Appium-Server-GUI-windows-1.22.3-4\resources\app\node_modules\appium\node_modules\appium-base-driver\lib\basedriver\commands\find.js:33:12)
    at AndroidUiautomator2Driver.findElement (E:\Appium-Server-GUI-windows-1.22.3-4\resources\app\node_modules\appium\node_modules\appium-base-driver\lib\basedriver\commands\find.js:53:10)
2023-03-27 16:51:29 ERROR 购买失败,原因：'NoneType' object has no attribute 'click'
2023-03-27 16:59:28 INFO *********开始启动APP*********
2023-03-27 16:59:28 INFO 手机参数：{'platformName': 'android', 'platformVersion': '12', 'deviceName': '127.0.0.1:7555', 'automationName': 'UiAutomator2', 'appPackage': 'com.inkr.sport', 'appActivity': 'com.inkr.sport.activities.SplashActivity'}
2023-03-27 16:59:35 INFO *********启动成功*********
2023-03-27 16:59:36 INFO 查找元素'(('id', 'com.inkr.sport:id/tvPopAgreementAgree'),)'完成
2023-03-27 16:59:36 INFO 点击元素'('id', 'com.inkr.sport:id/tvPopAgreementAgree')'完成
2023-03-27 16:59:36 INFO 开始左滑
2023-03-27 16:59:37 INFO 左滑1次
2023-03-27 16:59:38 INFO 左滑2次
2023-03-27 16:59:38 INFO 左滑完成
2023-03-27 16:59:39 INFO 查找元素'(('id', 'com.inkr.sport:id/ivEnterApp'),)'完成
2023-03-27 16:59:40 INFO 点击元素'('id', 'com.inkr.sport:id/ivEnterApp')'完成
2023-03-27 16:59:55 INFO *********开始启动APP*********
2023-03-27 16:59:55 INFO 手机参数：{'platformName': 'android', 'platformVersion': '12', 'deviceName': '127.0.0.1:7555', 'automationName': 'UiAutomator2', 'appPackage': 'com.inkr.sport', 'appActivity': 'com.inkr.sport.activities.SplashActivity'}
2023-03-27 17:00:02 INFO *********启动成功*********
2023-03-27 17:00:02 ERROR 获取元素'(('id', 'com.inkr.sport:id/tvPopAgreementAgree'),)'失败，原因：'MyPage' object has no attribute 'driver'
2023-03-27 17:00:34 INFO *********开始启动APP*********
2023-03-27 17:00:34 INFO 手机参数：{'platformName': 'android', 'platformVersion': '12', 'deviceName': '127.0.0.1:7555', 'automationName': 'UiAutomator2', 'appPackage': 'com.inkr.sport', 'appActivity': 'com.inkr.sport.activities.SplashActivity'}
2023-03-27 17:00:41 INFO *********启动成功*********
2023-03-27 17:00:41 ERROR 获取元素'(('id', 'com.inkr.sport:id/tvPopAgreementAgree'),)'失败，原因：'MyPage' object has no attribute 'driver'
2023-03-27 17:00:57 INFO *********开始启动APP*********
2023-03-27 17:00:57 INFO 手机参数：{'platformName': 'android', 'platformVersion': '12', 'deviceName': '127.0.0.1:7555', 'automationName': 'UiAutomator2', 'appPackage': 'com.inkr.sport', 'appActivity': 'com.inkr.sport.activities.SplashActivity'}
2023-03-27 17:01:04 INFO *********启动成功*********
2023-03-27 17:01:04 ERROR 获取元素'(('id', 'com.inkr.sport:id/tvPopAgreementAgree'),)'失败，原因：'MyPage' object has no attribute 'driver'
2023-03-27 17:02:15 INFO *********开始启动APP*********
2023-03-27 17:02:15 INFO 手机参数：{'platformName': 'android', 'platformVersion': '12', 'deviceName': '127.0.0.1:7555', 'automationName': 'UiAutomator2', 'appPackage': 'com.inkr.sport', 'appActivity': 'com.inkr.sport.activities.SplashActivity'}
2023-03-27 17:02:22 INFO *********启动成功*********
2023-03-27 17:02:22 ERROR 获取元素'(('id', 'com.inkr.sport:id/tvPopAgreementAgree'),)'失败，原因：'MyPage' object has no attribute 'driver'
2023-03-27 17:02:46 INFO *********开始启动APP*********
2023-03-27 17:02:46 INFO 手机参数：{'platformName': 'android', 'platformVersion': '12', 'deviceName': '127.0.0.1:7555', 'automationName': 'UiAutomator2', 'appPackage': 'com.inkr.sport', 'appActivity': 'com.inkr.sport.activities.SplashActivity'}
2023-03-27 17:02:53 INFO *********启动成功*********
2023-03-27 17:02:53 ERROR 获取元素'(('id', 'com.inkr.sport:id/tvPopAgreementAgree'),)'失败，原因：'MyPage' object has no attribute 'driver'
2023-03-27 17:04:01 INFO *********开始启动APP*********
2023-03-27 17:04:01 INFO 手机参数：{'platformName': 'android', 'platformVersion': '12', 'deviceName': '127.0.0.1:7555', 'automationName': 'UiAutomator2', 'appPackage': 'com.inkr.sport', 'appActivity': 'com.inkr.sport.activities.SplashActivity'}
2023-03-27 17:04:08 INFO *********启动成功*********
2023-03-27 17:04:08 ERROR 获取元素'(('id', 'com.inkr.sport:id/tvPopAgreementAgree'),)'失败，原因：'MyPage' object has no attribute 'driver'
2023-03-27 17:06:49 INFO *********开始启动APP*********
2023-03-27 17:06:49 INFO 手机参数：{'platformName': 'android', 'platformVersion': '12', 'deviceName': '127.0.0.1:7555', 'automationName': 'UiAutomator2', 'appPackage': 'com.inkr.sport', 'appActivity': 'com.inkr.sport.activities.SplashActivity'}
2023-03-27 17:06:56 INFO *********启动成功*********
2023-03-27 17:06:56 ERROR 获取元素'(('id', 'com.inkr.sport:id/tvPopAgreementAgree'),)'失败，原因：'MyPage' object has no attribute 'driver'
2023-03-27 17:07:58 INFO *********开始启动APP*********
2023-03-27 17:07:58 INFO 手机参数：{'platformName': 'android', 'platformVersion': '12', 'deviceName': '127.0.0.1:7555', 'automationName': 'UiAutomator2', 'appPackage': 'com.inkr.sport', 'appActivity': 'com.inkr.sport.activities.SplashActivity'}
2023-03-27 17:08:05 INFO *********启动成功*********
2023-03-27 17:08:24 INFO *********开始启动APP*********
2023-03-27 17:08:24 INFO 手机参数：{'platformName': 'android', 'platformVersion': '12', 'deviceName': '127.0.0.1:7555', 'automationName': 'UiAutomator2', 'appPackage': 'com.inkr.sport', 'appActivity': 'com.inkr.sport.activities.SplashActivity'}
2023-03-27 17:08:31 INFO *********启动成功*********
2023-03-27 17:08:31 ERROR 获取元素'(('id', 'com.inkr.sport:id/tvPopAgreementAgree'),)'失败，原因：'MyPage' object has no attribute 'driver'
2023-03-27 17:09:06 INFO *********开始启动APP*********
2023-03-27 17:09:06 INFO 手机参数：{'platformName': 'android', 'platformVersion': '12', 'deviceName': '127.0.0.1:7555', 'automationName': 'UiAutomator2', 'appPackage': 'com.inkr.sport', 'appActivity': 'com.inkr.sport.activities.SplashActivity'}
2023-03-27 17:09:13 INFO *********启动成功*********
2023-03-27 17:09:13 ERROR 获取元素'(('id', 'com.inkr.sport:id/tvPopAgreementAgree'),)'失败，原因：'MyPage' object has no attribute 'driver'
2023-03-27 17:09:38 INFO *********开始启动APP*********
2023-03-27 17:09:38 INFO 手机参数：{'platformName': 'android', 'platformVersion': '12', 'deviceName': '127.0.0.1:7555', 'automationName': 'UiAutomator2', 'appPackage': 'com.inkr.sport', 'appActivity': 'com.inkr.sport.activities.SplashActivity'}
2023-03-27 17:09:45 INFO *********启动成功*********
2023-03-27 17:09:45 ERROR 获取元素'(('id', 'com.inkr.sport:id/tvPopAgreementAgree'),)'失败，原因：'MyPage' object has no attribute 'driver'
2023-03-27 17:09:52 INFO *********开始启动APP*********
2023-03-27 17:09:52 INFO 手机参数：{'platformName': 'android', 'platformVersion': '12', 'deviceName': '127.0.0.1:7555', 'automationName': 'UiAutomator2', 'appPackage': 'com.inkr.sport', 'appActivity': 'com.inkr.sport.activities.SplashActivity'}
2023-03-27 17:09:59 INFO *********启动成功*********
2023-03-27 17:09:59 ERROR 获取元素'(('id', 'com.inkr.sport:id/tvPopAgreementAgree'),)'失败，原因：'MyPage' object has no attribute 'driver'
2023-03-27 17:11:47 INFO *********开始启动APP*********
2023-03-27 17:11:47 INFO 手机参数：{'platformName': 'android', 'platformVersion': '12', 'deviceName': '127.0.0.1:7555', 'automationName': 'UiAutomator2', 'appPackage': 'com.inkr.sport', 'appActivity': 'com.inkr.sport.activities.SplashActivity'}
2023-03-27 17:11:54 INFO *********启动成功*********
2023-03-27 17:11:54 ERROR 获取元素'(('id', 'com.inkr.sport:id/tvPopAgreementAgree'),)'失败，原因：'MyPage' object has no attribute 'driver'
2023-03-27 17:12:57 INFO *********开始启动APP*********
2023-03-27 17:12:57 INFO 手机参数：{'platformName': 'android', 'platformVersion': '12', 'deviceName': '127.0.0.1:7555', 'automationName': 'UiAutomator2', 'appPackage': 'com.inkr.sport', 'appActivity': 'com.inkr.sport.activities.SplashActivity'}
2023-03-27 17:13:04 INFO *********启动成功*********
2023-03-27 17:13:04 ERROR 获取元素'(('id', 'com.inkr.sport:id/tvPopAgreementAgree'),)'失败，原因：'MyPage' object has no attribute 'driver'
2023-03-27 17:17:36 INFO *********开始启动APP*********
2023-03-27 17:17:36 INFO 手机参数：{'platformName': 'android', 'platformVersion': '12', 'deviceName': '127.0.0.1:7555', 'automationName': 'UiAutomator2', 'appPackage': 'com.inkr.sport', 'appActivity': 'com.inkr.sport.activities.SplashActivity'}
2023-03-27 17:17:43 INFO *********启动成功*********
2023-03-27 17:17:44 INFO 查找元素'(('id', 'com.inkr.sport:id/tvPopAgreementAgree'),)'完成
2023-03-27 17:17:44 INFO 点击元素'('id', 'com.inkr.sport:id/tvPopAgreementAgree')'完成
2023-03-27 17:17:44 INFO 开始左滑
2023-03-27 17:17:45 INFO 左滑1次
2023-03-27 17:17:47 INFO 左滑2次
2023-03-27 17:17:47 INFO 左滑完成
2023-03-27 17:17:47 INFO 查找元素'(('id', 'com.inkr.sport:id/ivEnterApp'),)'完成
2023-03-27 17:17:47 INFO 点击元素'('id', 'com.inkr.sport:id/ivEnterApp')'完成
2023-03-27 17:17:49 INFO 查找元素'(('id', 'com.inkr.sport:id/ivTbMine'),)'完成
2023-03-27 17:17:50 INFO 点击元素'('id', 'com.inkr.sport:id/ivTbMine')'完成
2023-03-27 17:17:50 INFO 查找元素'(('id', 'com.inkr.sport:id/tvUserName'),)'完成
2023-03-27 17:18:00 INFO 点击元素'('id', 'com.inkr.sport:id/tvUserName')'完成
2023-03-27 17:18:30 INFO 查找元素'(('id', 'com.inkr.sport:id/tvAccountLogin'),)'完成
2023-03-27 17:19:00 INFO 点击元素'('id', 'com.inkr.sport:id/tvAccountLogin')'完成
2023-03-27 17:20:51 INFO 查找元素'(('id', 'com.inkr.sport:id/etPd'),)'完成
2023-03-27 17:22:22 INFO 查找元素'(('id', 'com.inkr.sport:id/ivPolicyCheckBox'),)'完成
2023-03-27 17:22:52 INFO 点击元素'('id', 'com.inkr.sport:id/ivPolicyCheckBox')'完成
2023-03-27 17:23:22 INFO 查找元素'(('id', 'com.inkr.sport:id/btLogin'),)'完成
2023-03-27 17:23:43 INFO 点击元素'('id', 'com.inkr.sport:id/btLogin')'完成
2023-03-27 17:23:43 INFO 登录成功账号:13000000000 密码：abc123456
2023-03-27 17:23:43 ERROR 获取元素'(('id', 'com.inkr.sport:id/ivTbLottery'),)'失败，原因：'HomePage' object has no attribute 'driver'
2023-03-27 17:24:32 INFO *********开始启动APP*********
2023-03-27 17:24:32 INFO 手机参数：{'platformName': 'android', 'platformVersion': '12', 'deviceName': '127.0.0.1:7555', 'automationName': 'UiAutomator2', 'appPackage': 'com.inkr.sport', 'appActivity': 'com.inkr.sport.activities.SplashActivity'}
2023-03-27 17:24:39 INFO *********启动成功*********
2023-03-27 17:24:39 ERROR 获取元素'(('id', 'com.inkr.sport:id/tvPopAgreementAgree'),)'失败，原因：'MyPage' object has no attribute 'driver'
2023-03-27 17:24:50 INFO *********开始启动APP*********
2023-03-27 17:24:50 INFO 手机参数：{'platformName': 'android', 'platformVersion': '12', 'deviceName': '127.0.0.1:7555', 'automationName': 'UiAutomator2', 'appPackage': 'com.inkr.sport', 'appActivity': 'com.inkr.sport.activities.SplashActivity'}
2023-03-27 17:24:56 INFO *********启动成功*********
2023-03-27 17:24:56 ERROR 获取元素'(('id', 'com.inkr.sport:id/tvPopAgreementAgree'),)'失败，原因：'MyPage' object has no attribute 'driver'
2023-03-27 17:26:31 INFO *********开始启动APP*********
2023-03-27 17:26:31 INFO 手机参数：{'platformName': 'android', 'platformVersion': '12', 'deviceName': '127.0.0.1:7555', 'automationName': 'UiAutomator2', 'appPackage': 'com.inkr.sport', 'appActivity': 'com.inkr.sport.activities.SplashActivity'}
2023-03-27 17:26:38 INFO *********启动成功*********
2023-03-27 17:26:38 ERROR 获取元素'(('id', 'com.inkr.sport:id/tvPopAgreementAgree'),)'失败，原因：'MyPage' object has no attribute 'driver'
2023-03-27 17:29:49 INFO *********开始启动APP*********
2023-03-27 17:29:49 INFO 手机参数：{'platformName': 'android', 'platformVersion': '12', 'deviceName': '127.0.0.1:7555', 'automationName': 'UiAutomator2', 'appPackage': 'com.inkr.sport', 'appActivity': 'com.inkr.sport.activities.SplashActivity'}
2023-03-27 17:29:56 INFO *********启动成功*********
2023-03-27 17:29:56 ERROR 获取元素'(('id', 'com.inkr.sport:id/tvPopAgreementAgree'),)'失败，原因：'MyPage' object has no attribute 'driver'
2023-03-27 17:32:20 INFO *********开始启动APP*********
2023-03-27 17:32:20 INFO 手机参数：{'platformName': 'android', 'platformVersion': '12', 'deviceName': '127.0.0.1:7555', 'automationName': 'UiAutomator2', 'appPackage': 'com.inkr.sport', 'appActivity': 'com.inkr.sport.activities.SplashActivity'}
2023-03-27 17:32:27 INFO *********启动成功*********
2023-03-27 17:32:28 INFO 查找元素'(('id', 'com.inkr.sport:id/tvPopAgreementAgree'),)'完成
2023-03-27 17:32:28 INFO 点击元素'('id', 'com.inkr.sport:id/tvPopAgreementAgree')'完成
2023-03-27 17:32:28 INFO 开始左滑
2023-03-27 17:32:29 INFO 左滑1次
2023-03-27 17:32:30 INFO 左滑2次
2023-03-27 17:32:30 INFO 左滑完成
2023-03-27 17:32:31 INFO 查找元素'(('id', 'com.inkr.sport:id/ivEnterApp'),)'完成
2023-03-27 17:32:32 INFO 点击元素'('id', 'com.inkr.sport:id/ivEnterApp')'完成
2023-03-27 17:32:34 INFO 查找元素'(('id', 'com.inkr.sport:id/ivTbMine'),)'完成
2023-03-27 17:32:34 INFO 点击元素'('id', 'com.inkr.sport:id/ivTbMine')'完成
2023-03-27 17:32:34 INFO 查找元素'(('id', 'com.inkr.sport:id/tvUserName'),)'完成
2023-03-27 17:32:44 INFO 点击元素'('id', 'com.inkr.sport:id/tvUserName')'完成
2023-03-27 17:33:15 INFO 查找元素'(('id', 'com.inkr.sport:id/tvAccountLogin'),)'完成
2023-03-27 17:33:45 INFO 点击元素'('id', 'com.inkr.sport:id/tvAccountLogin')'完成
2023-03-27 17:35:35 INFO 查找元素'(('id', 'com.inkr.sport:id/etPd'),)'完成
2023-03-27 17:37:06 INFO 查找元素'(('id', 'com.inkr.sport:id/ivPolicyCheckBox'),)'完成
2023-03-27 17:37:36 INFO 点击元素'('id', 'com.inkr.sport:id/ivPolicyCheckBox')'完成
2023-03-27 17:37:48 INFO *********开始启动APP*********
2023-03-27 17:37:48 INFO 手机参数：{'platformName': 'android', 'platformVersion': '12', 'deviceName': '127.0.0.1:7555', 'automationName': 'UiAutomator2', 'appPackage': 'com.inkr.sport', 'appActivity': 'com.inkr.sport.activities.SplashActivity'}
2023-03-27 17:37:55 INFO *********启动成功*********
2023-03-27 17:37:56 INFO 查找元素'(('id', 'com.inkr.sport:id/tvPopAgreementAgree'),)'完成
2023-03-27 17:37:56 INFO 点击元素'('id', 'com.inkr.sport:id/tvPopAgreementAgree')'完成
2023-03-27 17:37:56 INFO 开始左滑
2023-03-27 17:37:57 INFO 左滑1次
2023-03-27 17:37:58 INFO 左滑2次
2023-03-27 17:37:58 INFO 左滑完成
2023-03-27 17:37:59 INFO 查找元素'(('id', 'com.inkr.sport:id/ivEnterApp'),)'完成
2023-03-27 17:37:59 INFO 点击元素'('id', 'com.inkr.sport:id/ivEnterApp')'完成
2023-03-27 17:38:02 INFO 查找元素'(('id', 'com.inkr.sport:id/ivTbMine'),)'完成
2023-03-27 17:38:02 INFO 点击元素'('id', 'com.inkr.sport:id/ivTbMine')'完成
2023-03-27 17:38:03 INFO 查找元素'(('id', 'com.inkr.sport:id/tvUserName'),)'完成
2023-03-27 17:38:15 INFO *********开始启动APP*********
2023-03-27 17:38:15 INFO 手机参数：{'platformName': 'android', 'platformVersion': '12', 'deviceName': '127.0.0.1:7555', 'automationName': 'UiAutomator2', 'appPackage': 'com.inkr.sport', 'appActivity': 'com.inkr.sport.activities.SplashActivity'}
2023-03-27 17:38:22 INFO *********启动成功*********
2023-03-27 17:38:22 ERROR 获取元素'(('id', 'com.inkr.sport:id/tvPopAgreementAgree'),)'失败，原因：'MyPage' object has no attribute 'driver'
2023-03-27 17:38:37 INFO *********开始启动APP*********
2023-03-27 17:38:37 INFO 手机参数：{'platformName': 'android', 'platformVersion': '12', 'deviceName': '127.0.0.1:7555', 'automationName': 'UiAutomator2', 'appPackage': 'com.inkr.sport', 'appActivity': 'com.inkr.sport.activities.SplashActivity'}
2023-03-27 17:38:44 INFO *********启动成功*********
2023-03-27 17:38:44 ERROR 获取元素'(('id', 'com.inkr.sport:id/tvPopAgreementAgree'),)'失败，原因：'MyPage' object has no attribute 'driver'
2023-03-27 17:41:03 INFO *********开始启动APP*********
2023-03-27 17:41:03 INFO 手机参数：{'platformName': 'android', 'platformVersion': '12', 'deviceName': '127.0.0.1:7555', 'automationName': 'UiAutomator2', 'appPackage': 'com.inkr.sport', 'appActivity': 'com.inkr.sport.activities.SplashActivity'}
2023-03-27 17:41:10 INFO *********启动成功*********
2023-03-27 17:41:10 ERROR 获取元素'(('id', 'com.inkr.sport:id/tvPopAgreementAgree'),)'失败，原因：'MyPage' object has no attribute 'driver'
2023-03-27 17:49:05 INFO *********开始启动APP*********
2023-03-27 17:49:05 INFO 手机参数：{'platformName': 'android', 'platformVersion': '12', 'deviceName': '127.0.0.1:7555', 'automationName': 'UiAutomator2', 'appPackage': 'com.inkr.sport', 'appActivity': 'com.inkr.sport.activities.SplashActivity'}
2023-03-27 17:49:12 INFO *********启动成功*********
2023-03-27 17:49:13 INFO 查找元素'(('id', 'com.inkr.sport:id/tvPopAgreementAgree'),)'完成
2023-03-27 17:49:13 INFO 点击元素'('id', 'com.inkr.sport:id/tvPopAgreementAgree')'完成
2023-03-27 17:49:13 INFO 开始左滑
2023-03-27 17:49:14 INFO 左滑1次
2023-03-27 17:49:15 INFO 左滑2次
2023-03-27 17:49:15 INFO 左滑完成
2023-03-27 17:49:16 INFO 查找元素'(('id', 'com.inkr.sport:id/ivEnterApp'),)'完成
2023-03-27 17:49:16 INFO 点击元素'('id', 'com.inkr.sport:id/ivEnterApp')'完成
2023-03-27 17:49:21 INFO 查找元素'(('id', 'com.inkr.sport:id/ivTbMine'),)'完成
2023-03-27 17:49:21 INFO 点击元素'('id', 'com.inkr.sport:id/ivTbMine')'完成
2023-03-27 17:49:22 INFO 查找元素'(('id', 'com.inkr.sport:id/tvUserName'),)'完成
2023-03-27 17:49:22 INFO 点击元素'('id', 'com.inkr.sport:id/tvUserName')'完成
2023-03-27 17:49:54 INFO *********开始启动APP*********
2023-03-27 17:49:54 INFO 手机参数：{'platformName': 'android', 'platformVersion': '12', 'deviceName': '127.0.0.1:7555', 'automationName': 'UiAutomator2', 'appPackage': 'com.inkr.sport', 'appActivity': 'com.inkr.sport.activities.SplashActivity'}
2023-03-27 17:50:01 INFO *********启动成功*********
2023-03-27 17:50:12 INFO *********开始启动APP*********
2023-03-27 17:50:12 INFO 手机参数：{'platformName': 'android', 'platformVersion': '12', 'deviceName': '127.0.0.1:7555', 'automationName': 'UiAutomator2', 'appPackage': 'com.inkr.sport', 'appActivity': 'com.inkr.sport.activities.SplashActivity'}
2023-03-27 17:50:19 INFO *********启动成功*********
2023-03-27 17:50:19 ERROR 获取元素'(('id', 'com.inkr.sport:id/tvPopAgreementAgree'),)'失败，原因：'MyPage' object has no attribute 'driver'
2023-03-27 17:51:14 INFO *********开始启动APP*********
2023-03-27 17:51:14 INFO 手机参数：{'platformName': 'android', 'platformVersion': '12', 'deviceName': '127.0.0.1:7555', 'automationName': 'UiAutomator2', 'appPackage': 'com.inkr.sport', 'appActivity': 'com.inkr.sport.activities.SplashActivity'}
2023-03-27 17:51:20 INFO *********启动成功*********
2023-03-27 17:51:20 ERROR 获取元素'(('id', 'com.inkr.sport:id/tvPopAgreementAgree'),)'失败，原因：'MyPage' object has no attribute 'driver'
2023-03-27 17:52:17 INFO *********开始启动APP*********
2023-03-27 17:52:17 INFO 手机参数：{'platformName': 'android', 'platformVersion': '12', 'deviceName': '127.0.0.1:7555', 'automationName': 'UiAutomator2', 'appPackage': 'com.inkr.sport', 'appActivity': 'com.inkr.sport.activities.SplashActivity'}
2023-03-27 17:52:24 INFO *********启动成功*********
2023-03-27 17:52:24 ERROR 获取元素'(('id', 'com.inkr.sport:id/ivTbLottery'),)'失败，原因：'HomePage' object has no attribute 'driver'
2023-03-27 17:58:08 INFO *********开始启动APP*********
2023-03-27 17:58:08 INFO 手机参数：{'platformName': 'android', 'platformVersion': '12', 'deviceName': '127.0.0.1:7555', 'automationName': 'UiAutomator2', 'appPackage': 'com.inkr.sport', 'appActivity': 'com.inkr.sport.activities.SplashActivity'}
2023-03-27 17:58:13 INFO *********启动成功*********
2023-03-27 17:58:13 ERROR 获取元素'(('id', 'com.inkr.sport:id/ivTbLottery'),)'失败，原因：'HomePage' object has no attribute 'driver'
