2023-04-23 09:23:16 INFO *********开始启动APP*********
2023-04-23 09:23:16 INFO 手机参数：{'platformName': 'android', 'platformVersion': '12', 'deviceName': '127.0.0.1:7555', 'automationName': 'UiAutomator2', 'appPackage': 'com.inkr.sport', 'appActivity': 'com.inkr.sport.activities.SplashActivity'}
2023-04-23 09:23:24 INFO *********启动成功*********
2023-04-23 09:23:24 INFO **************用例开始执行**************
2023-04-23 09:23:24 INFO 查找元素'(('id', 'com.inkr.sport:id/tvPopAgreementAgree'),)'完成
2023-04-23 09:23:25 INFO 点击元素'('id', 'com.inkr.sport:id/tvPopAgreementAgree')'完成
2023-04-23 09:23:25 INFO 开始左滑
2023-04-23 09:23:27 INFO 左滑1次
2023-04-23 09:23:28 INFO 左滑2次
2023-04-23 09:23:28 INFO 左滑完成
2023-04-23 09:23:29 INFO 查找元素'(('id', 'com.inkr.sport:id/ivEnterApp'),)'完成
2023-04-23 09:23:29 INFO 点击元素'('id', 'com.inkr.sport:id/ivEnterApp')'完成
2023-04-23 09:23:32 INFO 查找元素'(('id', 'com.inkr.sport:id/ivTbMine'),)'完成
2023-04-23 09:23:33 INFO 点击元素'('id', 'com.inkr.sport:id/ivTbMine')'完成
2023-04-23 09:23:33 INFO 查找元素'(('id', 'com.inkr.sport:id/tvUserName'),)'完成
2023-04-23 09:23:33 INFO 点击元素'('id', 'com.inkr.sport:id/tvUserName')'完成
2023-04-23 09:24:03 INFO 查找元素'(('id', 'com.inkr.sport:id/tvAccountLogin'),)'完成
2023-04-23 09:24:33 INFO 点击元素'('id', 'com.inkr.sport:id/tvAccountLogin')'完成
2023-04-23 09:26:24 INFO 查找元素'(('id', 'com.inkr.sport:id/etPd'),)'完成
2023-04-23 09:27:54 INFO 查找元素'(('id', 'com.inkr.sport:id/ivPolicyCheckBox'),)'完成
2023-04-23 09:28:25 INFO 点击元素'('id', 'com.inkr.sport:id/ivPolicyCheckBox')'完成
2023-04-23 09:28:55 INFO 查找元素'(('id', 'com.inkr.sport:id/btLogin'),)'完成
2023-04-23 09:29:15 INFO 点击元素'('id', 'com.inkr.sport:id/btLogin')'完成
2023-04-23 09:29:15 INFO 登录成功账号:13000000014 密码：abc123456
2023-04-23 09:29:18 INFO 查找元素'(('id', 'com.inkr.sport:id/tvUserName'),)'完成
2023-04-23 09:29:18 INFO 用户信息的value为：体育用户2
2023-04-23 09:29:18 INFO 查找元素'(('id', 'com.inkr.sport:id/tvExpert'),)'完成
2023-04-23 09:29:19 INFO 点击元素'('id', 'com.inkr.sport:id/tvExpert')'完成
2023-04-23 09:29:19 INFO 查找元素'(('id', 'com.inkr.sport:id/tvMenuName'),)'完成
2023-04-23 09:29:19 INFO 点击元素'('id', 'com.inkr.sport:id/tvMenuName')'完成
2023-04-23 09:29:21 INFO 查找元素'(('id', 'com.inkr.sport:id/tvNotMind'),)'完成
2023-04-23 09:29:21 INFO 点击元素'('id', 'com.inkr.sport:id/tvNotMind')'完成
2023-04-23 09:29:22 INFO 查找元素'(('id', 'com.inkr.sport:id/tvConfirm'),)'完成
2023-04-23 09:29:22 INFO 点击元素'('id', 'com.inkr.sport:id/tvConfirm')'完成
2023-04-23 09:29:23 INFO 查找元素'(('id', 'com.inkr.sport:id/tvIKnow'),)'完成
2023-04-23 09:29:23 INFO 点击元素'('id', 'com.inkr.sport:id/tvIKnow')'完成
2023-04-23 09:29:23 INFO 查找元素'(('id', 'com.inkr.sport:id/rlAddMatch'),)'完成
2023-04-23 09:29:23 INFO 点击元素'('id', 'com.inkr.sport:id/rlAddMatch')'完成
2023-04-23 09:29:26 INFO 查找元素'(('id', 'com.inkr.sport:id/tvFootball'),)'完成
2023-04-23 09:29:26 INFO 点击元素'('id', 'com.inkr.sport:id/tvFootball')'完成
2023-04-23 09:29:27 INFO 查找元素'(('xpath', '//*[@resource-id="com.inkr.sport:id/recyclerView"]/android.view.ViewGroup[2]'),)'完成
2023-04-23 09:29:28 INFO 点击元素'('xpath', '//*[@resource-id="com.inkr.sport:id/recyclerView"]/android.view.ViewGroup[2]')'完成
2023-04-23 09:29:28 INFO 查找元素'(('id', 'com.inkr.sport:id/tvDraft'),)'完成
2023-04-23 09:29:28 INFO 查找元素'(('xpath', "//*[@text='胜平负']"),)'完成
2023-04-23 09:29:29 INFO 点击元素'('xpath', "//*[@text='胜平负']")'完成
2023-04-23 09:29:29 INFO 选择的玩法类型：竞足，选择了第1场比赛，选择的玩法方式：胜平负
2023-04-23 09:29:29 INFO 不能选择主推次推2
2023-04-23 09:29:29 INFO 查找元素'(('id', 'com.inkr.sport:id/firstItem'),)'完成
2023-04-23 09:29:29 INFO 点击元素'('id', 'com.inkr.sport:id/firstItem')'完成
2023-04-23 09:29:29 INFO 不选择其他玩法
2023-04-23 09:29:30 INFO 查找元素'(('xpath', '//*[@resource-id ="com.inkr.sport:id/glPrice"]/android.view.ViewGroup[1]'),)'完成
2023-04-23 09:29:30 INFO 点击元素'('xpath', '//*[@resource-id ="com.inkr.sport:id/glPrice"]/android.view.ViewGroup[1]')'完成
2023-04-23 09:29:30 INFO 开始上滑
2023-04-23 09:29:30 INFO 上滑完成
2023-04-23 09:29:30 INFO 不选择促销信息
2023-04-23 09:29:30 INFO 不选择专家福利
2023-04-23 09:29:31 INFO 查找元素'(('id', 'com.inkr.sport:id/tvTitle'),)'完成
2023-04-23 09:29:32 INFO 点击元素'('id', 'com.inkr.sport:id/tvTitle')'完成
2023-04-23 09:29:32 INFO 查找元素'(('id', 'com.inkr.sport:id/etContent'),)'完成
2023-04-23 09:29:33 INFO 查找元素'(('id', 'com.inkr.sport:id/tvConfirm'),)'完成
2023-04-23 09:29:33 INFO 点击元素'('id', 'com.inkr.sport:id/tvConfirm')'完成
2023-04-23 09:29:34 INFO 查找元素'(('id', 'com.inkr.sport:id/tvRecommend'),)'完成
2023-04-23 09:29:35 INFO 点击元素'('id', 'com.inkr.sport:id/tvRecommend')'完成
2023-04-23 09:29:35 INFO 查找元素'(('id', 'com.inkr.sport:id/etContent'),)'完成
2023-04-23 09:29:36 INFO 查找元素'(('id', 'com.inkr.sport:id/tvConfirm'),)'完成
2023-04-23 09:29:36 INFO 点击元素'('id', 'com.inkr.sport:id/tvConfirm')'完成
2023-04-23 09:29:37 INFO 查找元素'(('id', 'com.inkr.sport:id/tvContent'),)'完成
2023-04-23 09:29:38 INFO 点击元素'('id', 'com.inkr.sport:id/tvContent')'完成
2023-04-23 09:29:38 INFO 查找元素'(('id', 'com.inkr.sport:id/etContent'),)'完成
2023-04-23 09:29:39 INFO 查找元素'(('id', 'com.inkr.sport:id/tvConfirm'),)'完成
2023-04-23 09:29:39 INFO 点击元素'('id', 'com.inkr.sport:id/tvConfirm')'完成
2023-04-23 09:29:39 INFO 查找元素'(('id', 'com.inkr.sport:id/tvPublish'),)'完成
2023-04-23 09:29:40 INFO 点击元素'('id', 'com.inkr.sport:id/tvPublish')'完成
2023-04-23 09:29:40 INFO 查找元素'(('id', 'com.inkr.sport:id/tvPublish'),)'完成
2023-04-23 09:29:40 INFO 点击元素'('id', 'com.inkr.sport:id/tvPublish')'完成
2023-04-23 09:29:40 INFO 发布方案成功
2023-04-23 09:29:42 INFO 查找元素'(('id', 'com.inkr.sport:id/tvPublishSuccess'),)'完成
2023-04-23 09:29:42 INFO 用户信息的value为：发布成功
2023-04-23 09:29:42 INFO 查找元素'(('id', 'com.inkr.sport:id/tvPublishSuccess'),)'完成
2023-04-23 09:29:42 INFO 用户信息的value为：发布成功
2023-04-23 09:30:02 ERROR 获取元素'(('id', 'com.inkr.sport:id/tvExpert'),)'失败，原因：Message: 
Stacktrace:
NoSuchElementError: An element could not be located on the page using the given search parameters.
    at AndroidUiautomator2Driver.findElOrEls (E:\Appium-Server-GUI-windows-1.22.3-4\resources\app\node_modules\appium\node_modules\appium-android-driver\lib\commands\find.js:75:11)
    at runMicrotasks (<anonymous>)
    at processTicksAndRejections (internal/process/task_queues.js:97:5)
    at AndroidUiautomator2Driver.findElOrElsWithProcessing (E:\Appium-Server-GUI-windows-1.22.3-4\resources\app\node_modules\appium\node_modules\appium-base-driver\lib\basedriver\commands\find.js:33:12)
    at AndroidUiautomator2Driver.findElement (E:\Appium-Server-GUI-windows-1.22.3-4\resources\app\node_modules\appium\node_modules\appium-base-driver\lib\basedriver\commands\find.js:53:10)
2023-04-23 09:30:02 INFO 查找元素'(('id', 'com.inkr.sport:id/tvConfirm'),)'完成
2023-04-23 09:30:02 INFO 点击元素'('id', 'com.inkr.sport:id/tvConfirm')'完成
2023-04-23 09:30:03 INFO 查找元素'(('id', 'com.inkr.sport:id/tvPublish'),)'完成
2023-04-23 09:30:04 INFO 点击元素'('id', 'com.inkr.sport:id/tvPublish')'完成
2023-04-23 09:30:04 INFO 非首次发布，可以直接选择比赛
2023-04-23 09:30:04 INFO 查找元素'(('id', 'com.inkr.sport:id/rlAddMatch'),)'完成
2023-04-23 09:30:05 INFO 点击元素'('id', 'com.inkr.sport:id/rlAddMatch')'完成
2023-04-23 09:30:05 INFO 查找元素'(('id', 'com.inkr.sport:id/tvBasketball'),)'完成
2023-04-23 09:30:06 INFO 点击元素'('id', 'com.inkr.sport:id/tvBasketball')'完成
2023-04-23 09:30:26 ERROR 获取元素'(('xpath', '//*[@resource-id="com.inkr.sport:id/recyclerView"]/android.view.ViewGroup[3]'),)'失败，原因：Message: 
Stacktrace:
NoSuchElementError: An element could not be located on the page using the given search parameters.
    at AndroidUiautomator2Driver.findElOrEls (E:\Appium-Server-GUI-windows-1.22.3-4\resources\app\node_modules\appium\node_modules\appium-android-driver\lib\commands\find.js:75:11)
    at runMicrotasks (<anonymous>)
    at processTicksAndRejections (internal/process/task_queues.js:97:5)
    at AndroidUiautomator2Driver.findElOrElsWithProcessing (E:\Appium-Server-GUI-windows-1.22.3-4\resources\app\node_modules\appium\node_modules\appium-base-driver\lib\basedriver\commands\find.js:33:12)
    at AndroidUiautomator2Driver.findElement (E:\Appium-Server-GUI-windows-1.22.3-4\resources\app\node_modules\appium\node_modules\appium-base-driver\lib\basedriver\commands\find.js:53:10)
2023-04-23 09:30:47 ERROR 获取元素'(('id', 'com.inkr.sport:id/tvConfirm'),)'失败，原因：Message: 
Stacktrace:
NoSuchElementError: An element could not be located on the page using the given search parameters.
    at AndroidUiautomator2Driver.findElOrEls (E:\Appium-Server-GUI-windows-1.22.3-4\resources\app\node_modules\appium\node_modules\appium-android-driver\lib\commands\find.js:75:11)
    at runMicrotasks (<anonymous>)
    at processTicksAndRejections (internal/process/task_queues.js:97:5)
    at AndroidUiautomator2Driver.findElOrElsWithProcessing (E:\Appium-Server-GUI-windows-1.22.3-4\resources\app\node_modules\appium\node_modules\appium-base-driver\lib\basedriver\commands\find.js:33:12)
    at AndroidUiautomator2Driver.findElement (E:\Appium-Server-GUI-windows-1.22.3-4\resources\app\node_modules\appium\node_modules\appium-base-driver\lib\basedriver\commands\find.js:53:10)
2023-04-23 09:31:07 ERROR 获取元素'(('id', 'com.inkr.sport:id/tvUserName'),)'失败，原因：Message: 
Stacktrace:
NoSuchElementError: An element could not be located on the page using the given search parameters.
    at AndroidUiautomator2Driver.findElOrEls (E:\Appium-Server-GUI-windows-1.22.3-4\resources\app\node_modules\appium\node_modules\appium-android-driver\lib\commands\find.js:75:11)
    at runMicrotasks (<anonymous>)
    at processTicksAndRejections (internal/process/task_queues.js:97:5)
    at AndroidUiautomator2Driver.findElOrElsWithProcessing (E:\Appium-Server-GUI-windows-1.22.3-4\resources\app\node_modules\appium\node_modules\appium-base-driver\lib\basedriver\commands\find.js:33:12)
    at AndroidUiautomator2Driver.findElement (E:\Appium-Server-GUI-windows-1.22.3-4\resources\app\node_modules\appium\node_modules\appium-base-driver\lib\basedriver\commands\find.js:53:10)
2023-04-23 09:31:07 INFO **************用例执行结束**************
2023-04-23 09:31:41 INFO *********开始启动APP*********
2023-04-23 09:31:41 INFO 手机参数：{'platformName': 'android', 'platformVersion': '12', 'deviceName': '127.0.0.1:7555', 'automationName': 'UiAutomator2', 'appPackage': 'com.inkr.sport', 'appActivity': 'com.inkr.sport.activities.SplashActivity'}
2023-04-23 09:31:48 INFO *********启动成功*********
2023-04-23 09:31:48 INFO **************用例开始执行**************
2023-04-23 09:31:49 INFO 查找元素'(('id', 'com.inkr.sport:id/tvPopAgreementAgree'),)'完成
2023-04-23 09:31:49 INFO 点击元素'('id', 'com.inkr.sport:id/tvPopAgreementAgree')'完成
2023-04-23 09:31:49 INFO 开始左滑
2023-04-23 09:31:51 INFO 左滑1次
2023-04-23 09:31:52 INFO 左滑2次
2023-04-23 09:31:52 INFO 左滑完成
2023-04-23 09:31:53 INFO 查找元素'(('id', 'com.inkr.sport:id/ivEnterApp'),)'完成
2023-04-23 09:31:53 INFO 点击元素'('id', 'com.inkr.sport:id/ivEnterApp')'完成
2023-04-23 09:31:57 INFO 查找元素'(('id', 'com.inkr.sport:id/ivTbMine'),)'完成
2023-04-23 09:31:57 INFO 点击元素'('id', 'com.inkr.sport:id/ivTbMine')'完成
2023-04-23 09:31:58 INFO 查找元素'(('id', 'com.inkr.sport:id/tvUserName'),)'完成
2023-04-23 09:32:08 INFO 点击元素'('id', 'com.inkr.sport:id/tvUserName')'完成
2023-04-23 09:32:38 INFO 查找元素'(('id', 'com.inkr.sport:id/tvAccountLogin'),)'完成
2023-04-23 09:33:08 INFO 点击元素'('id', 'com.inkr.sport:id/tvAccountLogin')'完成
2023-04-23 09:34:59 INFO 查找元素'(('id', 'com.inkr.sport:id/etPd'),)'完成
2023-04-23 09:36:29 INFO 查找元素'(('id', 'com.inkr.sport:id/ivPolicyCheckBox'),)'完成
2023-04-23 09:37:00 INFO 点击元素'('id', 'com.inkr.sport:id/ivPolicyCheckBox')'完成
2023-04-23 09:37:30 INFO 查找元素'(('id', 'com.inkr.sport:id/btLogin'),)'完成
2023-04-23 09:37:50 INFO 点击元素'('id', 'com.inkr.sport:id/btLogin')'完成
2023-04-23 09:37:50 INFO 登录成功账号:13000000012 密码：abc123456
2023-04-23 09:37:53 INFO 查找元素'(('id', 'com.inkr.sport:id/tvUserName'),)'完成
2023-04-23 09:37:53 INFO 用户信息的value为：张天天01
2023-04-23 09:37:53 INFO 查找元素'(('id', 'com.inkr.sport:id/tvExpert'),)'完成
2023-04-23 09:37:53 INFO 点击元素'('id', 'com.inkr.sport:id/tvExpert')'完成
2023-04-23 09:37:53 INFO 查找元素'(('id', 'com.inkr.sport:id/tvMenuName'),)'完成
2023-04-23 09:37:53 INFO 点击元素'('id', 'com.inkr.sport:id/tvMenuName')'完成
2023-04-23 09:37:55 INFO 查找元素'(('id', 'com.inkr.sport:id/tvNotMind'),)'完成
2023-04-23 09:37:55 INFO 点击元素'('id', 'com.inkr.sport:id/tvNotMind')'完成
2023-04-23 09:37:56 INFO 查找元素'(('id', 'com.inkr.sport:id/tvConfirm'),)'完成
2023-04-23 09:37:56 INFO 点击元素'('id', 'com.inkr.sport:id/tvConfirm')'完成
2023-04-23 09:37:57 INFO 查找元素'(('id', 'com.inkr.sport:id/tvIKnow'),)'完成
2023-04-23 09:37:57 INFO 点击元素'('id', 'com.inkr.sport:id/tvIKnow')'完成
2023-04-23 09:37:57 INFO 查找元素'(('id', 'com.inkr.sport:id/rlAddMatch'),)'完成
2023-04-23 09:38:01 INFO 点击元素'('id', 'com.inkr.sport:id/rlAddMatch')'完成
2023-04-23 09:38:01 INFO 查找元素'(('id', 'com.inkr.sport:id/tvFootball'),)'完成
2023-04-23 09:38:01 INFO 点击元素'('id', 'com.inkr.sport:id/tvFootball')'完成
2023-04-23 09:38:02 INFO 查找元素'(('xpath', '//*[@resource-id="com.inkr.sport:id/recyclerView"]/android.view.ViewGroup[2]'),)'完成
2023-04-23 09:38:02 INFO 点击元素'('xpath', '//*[@resource-id="com.inkr.sport:id/recyclerView"]/android.view.ViewGroup[2]')'完成
2023-04-23 09:38:03 INFO 查找元素'(('id', 'com.inkr.sport:id/tvDraft'),)'完成
2023-04-23 09:38:03 INFO 查找元素'(('xpath', "//*[@text='胜平负']"),)'完成
2023-04-23 09:38:03 INFO 点击元素'('xpath', "//*[@text='胜平负']")'完成
2023-04-23 09:38:03 INFO 选择的玩法类型：竞足，选择了第1场比赛，选择的玩法方式：胜平负
2023-04-23 09:38:04 INFO 不能选择主推次推2
2023-04-23 09:38:04 INFO 查找元素'(('id', 'com.inkr.sport:id/firstItem'),)'完成
2023-04-23 09:38:04 INFO 点击元素'('id', 'com.inkr.sport:id/firstItem')'完成
2023-04-23 09:38:04 INFO 不选择其他玩法
2023-04-23 09:38:05 INFO 查找元素'(('xpath', '//*[@resource-id ="com.inkr.sport:id/glPrice"]/android.view.ViewGroup[1]'),)'完成
2023-04-23 09:38:05 INFO 点击元素'('xpath', '//*[@resource-id ="com.inkr.sport:id/glPrice"]/android.view.ViewGroup[1]')'完成
2023-04-23 09:38:05 INFO 开始上滑
2023-04-23 09:38:05 INFO 上滑完成
2023-04-23 09:38:05 INFO 不选择促销信息
2023-04-23 09:38:05 INFO 不选择专家福利
2023-04-23 09:38:06 INFO 查找元素'(('id', 'com.inkr.sport:id/tvTitle'),)'完成
2023-04-23 09:38:07 INFO 点击元素'('id', 'com.inkr.sport:id/tvTitle')'完成
2023-04-23 09:38:07 INFO 查找元素'(('id', 'com.inkr.sport:id/etContent'),)'完成
2023-04-23 09:38:08 INFO 查找元素'(('id', 'com.inkr.sport:id/tvConfirm'),)'完成
2023-04-23 09:38:08 INFO 点击元素'('id', 'com.inkr.sport:id/tvConfirm')'完成
2023-04-23 09:38:09 INFO 查找元素'(('id', 'com.inkr.sport:id/tvRecommend'),)'完成
2023-04-23 09:38:10 INFO 点击元素'('id', 'com.inkr.sport:id/tvRecommend')'完成
2023-04-23 09:38:10 INFO 查找元素'(('id', 'com.inkr.sport:id/etContent'),)'完成
2023-04-23 09:38:11 INFO 查找元素'(('id', 'com.inkr.sport:id/tvConfirm'),)'完成
2023-04-23 09:38:11 INFO 点击元素'('id', 'com.inkr.sport:id/tvConfirm')'完成
2023-04-23 09:38:12 INFO 查找元素'(('id', 'com.inkr.sport:id/tvContent'),)'完成
2023-04-23 09:38:13 INFO 点击元素'('id', 'com.inkr.sport:id/tvContent')'完成
2023-04-23 09:38:13 INFO 查找元素'(('id', 'com.inkr.sport:id/etContent'),)'完成
2023-04-23 09:38:14 INFO 查找元素'(('id', 'com.inkr.sport:id/tvConfirm'),)'完成
2023-04-23 09:38:14 INFO 点击元素'('id', 'com.inkr.sport:id/tvConfirm')'完成
2023-04-23 09:38:15 INFO 查找元素'(('id', 'com.inkr.sport:id/tvPublish'),)'完成
2023-04-23 09:38:16 INFO 点击元素'('id', 'com.inkr.sport:id/tvPublish')'完成
2023-04-23 09:38:16 INFO 查找元素'(('id', 'com.inkr.sport:id/tvPublish'),)'完成
2023-04-23 09:38:17 INFO 点击元素'('id', 'com.inkr.sport:id/tvPublish')'完成
2023-04-23 09:38:17 INFO 发布方案成功
2023-04-23 09:38:17 INFO 查找元素'(('id', 'com.inkr.sport:id/tvPublishSuccess'),)'完成
2023-04-23 09:38:17 INFO 用户信息的value为：发布成功
2023-04-23 09:38:17 INFO 查找元素'(('id', 'com.inkr.sport:id/tvPublishSuccess'),)'完成
2023-04-23 09:38:17 INFO 用户信息的value为：发布成功
2023-04-23 09:38:37 ERROR 获取元素'(('id', 'com.inkr.sport:id/tvExpert'),)'失败，原因：Message: 
Stacktrace:
NoSuchElementError: An element could not be located on the page using the given search parameters.
    at AndroidUiautomator2Driver.findElOrEls (E:\Appium-Server-GUI-windows-1.22.3-4\resources\app\node_modules\appium\node_modules\appium-android-driver\lib\commands\find.js:75:11)
    at runMicrotasks (<anonymous>)
    at processTicksAndRejections (internal/process/task_queues.js:97:5)
    at AndroidUiautomator2Driver.findElOrElsWithProcessing (E:\Appium-Server-GUI-windows-1.22.3-4\resources\app\node_modules\appium\node_modules\appium-base-driver\lib\basedriver\commands\find.js:33:12)
    at AndroidUiautomator2Driver.findElement (E:\Appium-Server-GUI-windows-1.22.3-4\resources\app\node_modules\appium\node_modules\appium-base-driver\lib\basedriver\commands\find.js:53:10)
2023-04-23 09:38:37 INFO 查找元素'(('id', 'com.inkr.sport:id/tvConfirm'),)'完成
2023-04-23 09:38:38 INFO 点击元素'('id', 'com.inkr.sport:id/tvConfirm')'完成
2023-04-23 09:38:38 INFO 查找元素'(('id', 'com.inkr.sport:id/tvPublish'),)'完成
2023-04-23 09:38:39 INFO 点击元素'('id', 'com.inkr.sport:id/tvPublish')'完成
2023-04-23 09:38:39 INFO 非首次发布，可以直接选择比赛
2023-04-23 09:38:39 INFO 查找元素'(('id', 'com.inkr.sport:id/rlAddMatch'),)'完成
2023-04-23 09:38:40 INFO 点击元素'('id', 'com.inkr.sport:id/rlAddMatch')'完成
2023-04-23 09:38:40 INFO 查找元素'(('id', 'com.inkr.sport:id/tvBasketball'),)'完成
2023-04-23 09:38:40 INFO 点击元素'('id', 'com.inkr.sport:id/tvBasketball')'完成
2023-04-23 09:38:41 INFO 查找元素'(('xpath', '//*[@resource-id="com.inkr.sport:id/recyclerView"]/android.view.ViewGroup[2]'),)'完成
2023-04-23 09:38:41 INFO 点击元素'('xpath', '//*[@resource-id="com.inkr.sport:id/recyclerView"]/android.view.ViewGroup[2]')'完成
2023-04-23 09:38:42 INFO 查找元素'(('id', 'com.inkr.sport:id/tvDraft'),)'完成
2023-04-23 09:38:42 INFO 查找元素'(('xpath', "//*[@text='大小分']"),)'完成
2023-04-23 09:38:42 INFO 点击元素'('xpath', "//*[@text='大小分']")'完成
2023-04-23 09:38:42 INFO 选择的玩法类型：竞篮，选择了第1场比赛，选择的玩法方式：大小分
2023-04-23 09:38:43 ERROR 获取第三个元素失败，原因list index out of range，默认选择第一个推荐结果
2023-04-23 09:38:43 INFO 不能选择主推次推3
2023-04-23 09:38:43 INFO 查找元素'(('id', 'com.inkr.sport:id/firstItem'),)'完成
2023-04-23 09:38:43 INFO 点击元素'('id', 'com.inkr.sport:id/firstItem')'完成
2023-04-23 09:38:43 INFO 不选择其他玩法
2023-04-23 09:38:43 INFO 查找元素'(('xpath', '//*[@resource-id ="com.inkr.sport:id/glPrice"]/android.view.ViewGroup[2]'),)'完成
2023-04-23 09:38:44 INFO 点击元素'('xpath', '//*[@resource-id ="com.inkr.sport:id/glPrice"]/android.view.ViewGroup[2]')'完成
2023-04-23 09:38:44 INFO 开始上滑
2023-04-23 09:38:44 INFO 上滑完成
2023-04-23 09:38:44 INFO 不选择促销信息
2023-04-23 09:38:44 INFO 不选择专家福利
2023-04-23 09:38:45 INFO 查找元素'(('id', 'com.inkr.sport:id/tvTitle'),)'完成
2023-04-23 09:38:46 INFO 点击元素'('id', 'com.inkr.sport:id/tvTitle')'完成
2023-04-23 09:38:46 INFO 查找元素'(('id', 'com.inkr.sport:id/etContent'),)'完成
2023-04-23 09:38:47 INFO 查找元素'(('id', 'com.inkr.sport:id/tvConfirm'),)'完成
2023-04-23 09:38:47 INFO 点击元素'('id', 'com.inkr.sport:id/tvConfirm')'完成
2023-04-23 09:38:48 INFO 查找元素'(('id', 'com.inkr.sport:id/tvRecommend'),)'完成
2023-04-23 09:38:49 INFO 点击元素'('id', 'com.inkr.sport:id/tvRecommend')'完成
2023-04-23 09:38:49 INFO 查找元素'(('id', 'com.inkr.sport:id/etContent'),)'完成
2023-04-23 09:38:50 INFO 查找元素'(('id', 'com.inkr.sport:id/tvConfirm'),)'完成
2023-04-23 09:38:50 INFO 点击元素'('id', 'com.inkr.sport:id/tvConfirm')'完成
2023-04-23 09:38:51 INFO 查找元素'(('id', 'com.inkr.sport:id/tvContent'),)'完成
2023-04-23 09:38:52 INFO 点击元素'('id', 'com.inkr.sport:id/tvContent')'完成
2023-04-23 09:38:52 INFO 查找元素'(('id', 'com.inkr.sport:id/etContent'),)'完成
2023-04-23 09:38:53 INFO 查找元素'(('id', 'com.inkr.sport:id/tvConfirm'),)'完成
2023-04-23 09:38:53 INFO 点击元素'('id', 'com.inkr.sport:id/tvConfirm')'完成
2023-04-23 09:38:54 INFO 查找元素'(('id', 'com.inkr.sport:id/tvPublish'),)'完成
2023-04-23 09:38:54 INFO 点击元素'('id', 'com.inkr.sport:id/tvPublish')'完成
2023-04-23 09:38:54 INFO 查找元素'(('id', 'com.inkr.sport:id/tvPublish'),)'完成
2023-04-23 09:38:55 INFO 点击元素'('id', 'com.inkr.sport:id/tvPublish')'完成
2023-04-23 09:38:55 INFO 发布方案成功
2023-04-23 09:39:15 ERROR 获取元素'(('id', 'com.inkr.sport:id/tvPublishSuccess'),)'失败，原因：Message: 
Stacktrace:
NoSuchElementError: An element could not be located on the page using the given search parameters.
    at AndroidUiautomator2Driver.findElOrEls (E:\Appium-Server-GUI-windows-1.22.3-4\resources\app\node_modules\appium\node_modules\appium-android-driver\lib\commands\find.js:75:11)
    at runMicrotasks (<anonymous>)
    at processTicksAndRejections (internal/process/task_queues.js:97:5)
    at AndroidUiautomator2Driver.findElOrElsWithProcessing (E:\Appium-Server-GUI-windows-1.22.3-4\resources\app\node_modules\appium\node_modules\appium-base-driver\lib\basedriver\commands\find.js:33:12)
    at AndroidUiautomator2Driver.findElement (E:\Appium-Server-GUI-windows-1.22.3-4\resources\app\node_modules\appium\node_modules\appium-base-driver\lib\basedriver\commands\find.js:53:10)
2023-04-23 09:39:35 ERROR 获取元素'(('id', 'com.inkr.sport:id/tvConfirm'),)'失败，原因：Message: 
Stacktrace:
NoSuchElementError: An element could not be located on the page using the given search parameters.
    at AndroidUiautomator2Driver.findElOrEls (E:\Appium-Server-GUI-windows-1.22.3-4\resources\app\node_modules\appium\node_modules\appium-android-driver\lib\commands\find.js:75:11)
    at runMicrotasks (<anonymous>)
    at processTicksAndRejections (internal/process/task_queues.js:97:5)
    at AndroidUiautomator2Driver.findElOrElsWithProcessing (E:\Appium-Server-GUI-windows-1.22.3-4\resources\app\node_modules\appium\node_modules\appium-base-driver\lib\basedriver\commands\find.js:33:12)
    at AndroidUiautomator2Driver.findElement (E:\Appium-Server-GUI-windows-1.22.3-4\resources\app\node_modules\appium\node_modules\appium-base-driver\lib\basedriver\commands\find.js:53:10)
2023-04-23 09:39:56 ERROR 获取元素'(('id', 'com.inkr.sport:id/tvConfirm'),)'失败，原因：Message: 
Stacktrace:
NoSuchElementError: An element could not be located on the page using the given search parameters.
    at AndroidUiautomator2Driver.findElOrEls (E:\Appium-Server-GUI-windows-1.22.3-4\resources\app\node_modules\appium\node_modules\appium-android-driver\lib\commands\find.js:75:11)
    at processTicksAndRejections (internal/process/task_queues.js:97:5)
    at AndroidUiautomator2Driver.findElOrElsWithProcessing (E:\Appium-Server-GUI-windows-1.22.3-4\resources\app\node_modules\appium\node_modules\appium-base-driver\lib\basedriver\commands\find.js:33:12)
    at AndroidUiautomator2Driver.findElement (E:\Appium-Server-GUI-windows-1.22.3-4\resources\app\node_modules\appium\node_modules\appium-base-driver\lib\basedriver\commands\find.js:53:10)
2023-04-23 09:39:56 INFO **************用例执行结束**************
2023-04-23 09:48:36 INFO *********开始启动APP*********
2023-04-23 09:48:36 INFO 手机参数：{'platformName': 'android', 'platformVersion': '12', 'deviceName': '127.0.0.1:7555', 'automationName': 'UiAutomator2', 'appPackage': 'com.inkr.sport', 'appActivity': 'com.inkr.sport.activities.SplashActivity'}
2023-04-23 09:48:44 INFO *********启动成功*********
2023-04-23 09:48:44 INFO **************用例开始执行**************
2023-04-23 09:48:44 INFO 查找元素'(('id', 'com.inkr.sport:id/tvPopAgreementAgree'),)'完成
2023-04-23 09:48:45 INFO 点击元素'('id', 'com.inkr.sport:id/tvPopAgreementAgree')'完成
2023-04-23 09:48:45 INFO 开始左滑
2023-04-23 09:48:47 INFO 左滑1次
2023-04-23 09:48:48 INFO 左滑2次
2023-04-23 09:48:48 INFO 左滑完成
2023-04-23 09:48:49 INFO 查找元素'(('id', 'com.inkr.sport:id/ivEnterApp'),)'完成
2023-04-23 09:48:49 INFO 点击元素'('id', 'com.inkr.sport:id/ivEnterApp')'完成
2023-04-23 09:48:53 INFO 查找元素'(('id', 'com.inkr.sport:id/ivTbMine'),)'完成
2023-04-23 09:48:53 INFO 点击元素'('id', 'com.inkr.sport:id/ivTbMine')'完成
2023-04-23 09:48:53 INFO 查找元素'(('id', 'com.inkr.sport:id/tvUserName'),)'完成
2023-04-23 09:49:03 INFO 点击元素'('id', 'com.inkr.sport:id/tvUserName')'完成
2023-04-23 09:49:34 INFO 查找元素'(('id', 'com.inkr.sport:id/tvAccountLogin'),)'完成
2023-04-23 09:50:04 INFO 点击元素'('id', 'com.inkr.sport:id/tvAccountLogin')'完成
2023-04-23 09:51:55 INFO 查找元素'(('id', 'com.inkr.sport:id/etPd'),)'完成
2023-04-23 09:53:25 INFO 查找元素'(('id', 'com.inkr.sport:id/ivPolicyCheckBox'),)'完成
2023-04-23 09:53:55 INFO 点击元素'('id', 'com.inkr.sport:id/ivPolicyCheckBox')'完成
2023-04-23 09:54:26 INFO 查找元素'(('id', 'com.inkr.sport:id/btLogin'),)'完成
2023-04-23 09:54:46 INFO 点击元素'('id', 'com.inkr.sport:id/btLogin')'完成
2023-04-23 09:54:46 INFO 登录成功账号:13000000010 密码：abc123456
2023-04-23 09:54:49 INFO 查找元素'(('id', 'com.inkr.sport:id/tvUserName'),)'完成
2023-04-23 09:54:49 INFO 用户信息的value为：科隆南部
2023-04-23 09:54:49 INFO 查找元素'(('id', 'com.inkr.sport:id/tvExpert'),)'完成
2023-04-23 09:54:49 INFO 点击元素'('id', 'com.inkr.sport:id/tvExpert')'完成
2023-04-23 09:54:50 INFO 查找元素'(('id', 'com.inkr.sport:id/tvMenuName'),)'完成
2023-04-23 09:54:50 INFO 点击元素'('id', 'com.inkr.sport:id/tvMenuName')'完成
2023-04-23 09:54:52 INFO 查找元素'(('id', 'com.inkr.sport:id/tvNotMind'),)'完成
2023-04-23 09:54:52 INFO 点击元素'('id', 'com.inkr.sport:id/tvNotMind')'完成
2023-04-23 09:54:53 INFO 查找元素'(('id', 'com.inkr.sport:id/tvConfirm'),)'完成
2023-04-23 09:54:53 INFO 点击元素'('id', 'com.inkr.sport:id/tvConfirm')'完成
2023-04-23 09:54:53 INFO 查找元素'(('id', 'com.inkr.sport:id/tvIKnow'),)'完成
2023-04-23 09:54:53 INFO 点击元素'('id', 'com.inkr.sport:id/tvIKnow')'完成
2023-04-23 09:54:54 INFO 查找元素'(('id', 'com.inkr.sport:id/rlAddMatch'),)'完成
2023-04-23 09:54:54 INFO 点击元素'('id', 'com.inkr.sport:id/rlAddMatch')'完成
2023-04-23 09:54:57 INFO 查找元素'(('id', 'com.inkr.sport:id/tvFootball'),)'完成
2023-04-23 09:54:57 INFO 点击元素'('id', 'com.inkr.sport:id/tvFootball')'完成
2023-04-23 09:54:58 INFO 查找元素'(('xpath', '//*[@resource-id="com.inkr.sport:id/recyclerView"]/android.view.ViewGroup[2]'),)'完成
2023-04-23 09:54:58 INFO 点击元素'('xpath', '//*[@resource-id="com.inkr.sport:id/recyclerView"]/android.view.ViewGroup[2]')'完成
2023-04-23 09:54:59 INFO 查找元素'(('id', 'com.inkr.sport:id/tvDraft'),)'完成
2023-04-23 09:54:59 INFO 查找元素'(('xpath', "//*[@text='胜平负']"),)'完成
2023-04-23 09:54:59 INFO 点击元素'('xpath', "//*[@text='胜平负']")'完成
2023-04-23 09:54:59 INFO 选择的玩法类型：竞足，选择了第1场比赛，选择的玩法方式：胜平负
2023-04-23 09:55:01 INFO 不能选择主推次推2
2023-04-23 09:55:01 INFO 查找元素'(('id', 'com.inkr.sport:id/firstItem'),)'完成
2023-04-23 09:55:01 INFO 点击元素'('id', 'com.inkr.sport:id/firstItem')'完成
2023-04-23 09:55:01 INFO 不选择其他玩法
2023-04-23 09:55:01 INFO 查找元素'(('xpath', '//*[@resource-id ="com.inkr.sport:id/glPrice"]/android.view.ViewGroup[1]'),)'完成
2023-04-23 09:55:01 INFO 点击元素'('xpath', '//*[@resource-id ="com.inkr.sport:id/glPrice"]/android.view.ViewGroup[1]')'完成
2023-04-23 09:55:01 INFO 开始上滑
2023-04-23 09:55:02 INFO 上滑完成
2023-04-23 09:55:02 INFO 不选择促销信息
2023-04-23 09:55:02 INFO 不选择专家福利
2023-04-23 09:55:02 INFO 查找元素'(('id', 'com.inkr.sport:id/tvTitle'),)'完成
2023-04-23 09:55:03 INFO 点击元素'('id', 'com.inkr.sport:id/tvTitle')'完成
2023-04-23 09:55:03 INFO 查找元素'(('id', 'com.inkr.sport:id/etContent'),)'完成
2023-04-23 09:55:05 INFO 查找元素'(('id', 'com.inkr.sport:id/tvConfirm'),)'完成
2023-04-23 09:55:05 INFO 点击元素'('id', 'com.inkr.sport:id/tvConfirm')'完成
2023-04-23 09:55:05 INFO 查找元素'(('id', 'com.inkr.sport:id/tvRecommend'),)'完成
2023-04-23 09:55:06 INFO 点击元素'('id', 'com.inkr.sport:id/tvRecommend')'完成
2023-04-23 09:55:06 INFO 查找元素'(('id', 'com.inkr.sport:id/etContent'),)'完成
2023-04-23 09:55:08 INFO 查找元素'(('id', 'com.inkr.sport:id/tvConfirm'),)'完成
2023-04-23 09:55:08 INFO 点击元素'('id', 'com.inkr.sport:id/tvConfirm')'完成
2023-04-23 09:55:08 INFO 查找元素'(('id', 'com.inkr.sport:id/tvContent'),)'完成
2023-04-23 09:55:09 INFO 点击元素'('id', 'com.inkr.sport:id/tvContent')'完成
2023-04-23 09:55:09 INFO 查找元素'(('id', 'com.inkr.sport:id/etContent'),)'完成
2023-04-23 09:55:11 INFO 查找元素'(('id', 'com.inkr.sport:id/tvConfirm'),)'完成
2023-04-23 09:55:11 INFO 点击元素'('id', 'com.inkr.sport:id/tvConfirm')'完成
2023-04-23 09:55:11 INFO 查找元素'(('id', 'com.inkr.sport:id/tvPublish'),)'完成
2023-04-23 09:55:12 INFO 点击元素'('id', 'com.inkr.sport:id/tvPublish')'完成
2023-04-23 09:55:12 INFO 查找元素'(('id', 'com.inkr.sport:id/tvPublish'),)'完成
2023-04-23 09:55:13 INFO 点击元素'('id', 'com.inkr.sport:id/tvPublish')'完成
2023-04-23 09:55:13 INFO 发布方案成功
2023-04-23 09:55:13 INFO 查找元素'(('id', 'com.inkr.sport:id/tvPublishSuccess'),)'完成
2023-04-23 09:55:13 INFO 用户信息的value为：发布成功
2023-04-23 09:55:13 INFO 查找元素'(('id', 'com.inkr.sport:id/tvPublishSuccess'),)'完成
2023-04-23 09:55:13 INFO 用户信息的value为：发布成功
2023-04-23 09:55:34 ERROR 获取元素'(('id', 'com.inkr.sport:id/tvExpert'),)'失败，原因：Message: 
Stacktrace:
NoSuchElementError: An element could not be located on the page using the given search parameters.
    at AndroidUiautomator2Driver.findElOrEls (E:\Appium-Server-GUI-windows-1.22.3-4\resources\app\node_modules\appium\node_modules\appium-android-driver\lib\commands\find.js:75:11)
    at runMicrotasks (<anonymous>)
    at processTicksAndRejections (internal/process/task_queues.js:97:5)
    at AndroidUiautomator2Driver.findElOrElsWithProcessing (E:\Appium-Server-GUI-windows-1.22.3-4\resources\app\node_modules\appium\node_modules\appium-base-driver\lib\basedriver\commands\find.js:33:12)
    at AndroidUiautomator2Driver.findElement (E:\Appium-Server-GUI-windows-1.22.3-4\resources\app\node_modules\appium\node_modules\appium-base-driver\lib\basedriver\commands\find.js:53:10)
2023-04-23 09:55:34 INFO 查找元素'(('id', 'com.inkr.sport:id/tvConfirm'),)'完成
2023-04-23 09:55:35 INFO 点击元素'('id', 'com.inkr.sport:id/tvConfirm')'完成
2023-04-23 09:55:35 INFO 查找元素'(('id', 'com.inkr.sport:id/tvPublish'),)'完成
2023-04-23 09:55:35 INFO 点击元素'('id', 'com.inkr.sport:id/tvPublish')'完成
2023-04-23 09:55:35 INFO 非首次发布，可以直接选择比赛
2023-04-23 09:55:35 INFO 查找元素'(('id', 'com.inkr.sport:id/rlAddMatch'),)'完成
2023-04-23 09:55:37 INFO 点击元素'('id', 'com.inkr.sport:id/rlAddMatch')'完成
2023-04-23 09:55:37 INFO 查找元素'(('id', 'com.inkr.sport:id/tvBasketball'),)'完成
2023-04-23 09:55:37 INFO 点击元素'('id', 'com.inkr.sport:id/tvBasketball')'完成
2023-04-23 09:55:38 INFO 查找元素'(('xpath', '//*[@resource-id="com.inkr.sport:id/recyclerView"]/android.view.ViewGroup[2]'),)'完成
2023-04-23 09:55:39 INFO 点击元素'('xpath', '//*[@resource-id="com.inkr.sport:id/recyclerView"]/android.view.ViewGroup[2]')'完成
2023-04-23 09:55:39 INFO 查找元素'(('id', 'com.inkr.sport:id/tvDraft'),)'完成
2023-04-23 09:55:39 INFO 查找元素'(('xpath', "//*[@text='大小分']"),)'完成
2023-04-23 09:55:39 INFO 点击元素'('xpath', "//*[@text='大小分']")'完成
2023-04-23 09:55:39 INFO 选择的玩法类型：竞篮，选择了第1场比赛，选择的玩法方式：大小分
2023-04-23 09:55:39 ERROR 获取第三个元素失败，原因list index out of range，默认选择第一个推荐结果
2023-04-23 09:55:39 INFO 不能选择主推次推3
2023-04-23 09:55:39 INFO 查找元素'(('id', 'com.inkr.sport:id/firstItem'),)'完成
2023-04-23 09:55:39 INFO 点击元素'('id', 'com.inkr.sport:id/firstItem')'完成
2023-04-23 09:55:39 INFO 不选择其他玩法
2023-04-23 09:55:40 INFO 查找元素'(('xpath', '//*[@resource-id ="com.inkr.sport:id/glPrice"]/android.view.ViewGroup[2]'),)'完成
2023-04-23 09:55:40 INFO 点击元素'('xpath', '//*[@resource-id ="com.inkr.sport:id/glPrice"]/android.view.ViewGroup[2]')'完成
2023-04-23 09:55:40 INFO 开始上滑
2023-04-23 09:55:40 INFO 上滑完成
2023-04-23 09:55:40 INFO 不选择促销信息
2023-04-23 09:55:40 INFO 不选择专家福利
2023-04-23 09:55:41 INFO 查找元素'(('id', 'com.inkr.sport:id/tvTitle'),)'完成
2023-04-23 09:55:42 INFO 点击元素'('id', 'com.inkr.sport:id/tvTitle')'完成
2023-04-23 09:55:42 INFO 查找元素'(('id', 'com.inkr.sport:id/etContent'),)'完成
2023-04-23 09:55:43 INFO 查找元素'(('id', 'com.inkr.sport:id/tvConfirm'),)'完成
2023-04-23 09:55:43 INFO 点击元素'('id', 'com.inkr.sport:id/tvConfirm')'完成
2023-04-23 09:55:44 INFO 查找元素'(('id', 'com.inkr.sport:id/tvRecommend'),)'完成
2023-04-23 09:55:45 INFO 点击元素'('id', 'com.inkr.sport:id/tvRecommend')'完成
2023-04-23 09:55:45 INFO 查找元素'(('id', 'com.inkr.sport:id/etContent'),)'完成
2023-04-23 09:55:46 INFO 查找元素'(('id', 'com.inkr.sport:id/tvConfirm'),)'完成
2023-04-23 09:55:46 INFO 点击元素'('id', 'com.inkr.sport:id/tvConfirm')'完成
2023-04-23 09:55:47 INFO 查找元素'(('id', 'com.inkr.sport:id/tvContent'),)'完成
2023-04-23 09:55:48 INFO 点击元素'('id', 'com.inkr.sport:id/tvContent')'完成
2023-04-23 09:55:48 INFO 查找元素'(('id', 'com.inkr.sport:id/etContent'),)'完成
2023-04-23 09:55:49 INFO 查找元素'(('id', 'com.inkr.sport:id/tvConfirm'),)'完成
2023-04-23 09:55:49 INFO 点击元素'('id', 'com.inkr.sport:id/tvConfirm')'完成
2023-04-23 09:55:50 INFO 查找元素'(('id', 'com.inkr.sport:id/tvPublish'),)'完成
2023-04-23 09:55:51 INFO 点击元素'('id', 'com.inkr.sport:id/tvPublish')'完成
2023-04-23 09:55:51 INFO 查找元素'(('id', 'com.inkr.sport:id/tvPublish'),)'完成
2023-04-23 09:55:52 INFO 点击元素'('id', 'com.inkr.sport:id/tvPublish')'完成
2023-04-23 09:55:52 INFO 发布方案成功
2023-04-23 09:55:52 INFO 查找元素'(('id', 'com.inkr.sport:id/tvPublishSuccess'),)'完成
2023-04-23 09:55:52 INFO 用户信息的value为：发布成功
2023-04-23 09:55:52 INFO 查找元素'(('id', 'com.inkr.sport:id/tvPublishSuccess'),)'完成
2023-04-23 09:55:52 INFO 用户信息的value为：发布成功
2023-04-23 09:55:52 INFO 查找元素'(('id', 'com.inkr.sport:id/tvConfirm'),)'完成
2023-04-23 09:55:53 INFO 点击元素'('id', 'com.inkr.sport:id/tvConfirm')'完成
2023-04-23 09:55:53 INFO 查找元素'(('id', 'com.inkr.sport:id/tvPublish'),)'完成
2023-04-23 09:55:54 INFO 点击元素'('id', 'com.inkr.sport:id/tvPublish')'完成
2023-04-23 09:55:54 INFO 非首次发布，可以直接选择比赛
2023-04-23 09:55:54 INFO 查找元素'(('id', 'com.inkr.sport:id/rlAddMatch'),)'完成
2023-04-23 09:55:55 INFO 点击元素'('id', 'com.inkr.sport:id/rlAddMatch')'完成
2023-04-23 09:55:55 INFO 查找元素'(('id', 'com.inkr.sport:id/tvFootball'),)'完成
2023-04-23 09:55:55 INFO 点击元素'('id', 'com.inkr.sport:id/tvFootball')'完成
2023-04-23 09:55:56 INFO 查找元素'(('xpath', '//*[@resource-id="com.inkr.sport:id/recyclerView"]/android.view.ViewGroup[2]'),)'完成
2023-04-23 09:55:57 INFO 点击元素'('xpath', '//*[@resource-id="com.inkr.sport:id/recyclerView"]/android.view.ViewGroup[2]')'完成
2023-04-23 09:55:57 INFO 查找元素'(('id', 'com.inkr.sport:id/tvDraft'),)'完成
2023-04-23 09:55:57 INFO 查找元素'(('xpath', "//*[@text='胜平负']"),)'完成
2023-04-23 09:55:57 INFO 点击元素'('xpath', "//*[@text='胜平负']")'完成
2023-04-23 09:55:57 INFO 选择的玩法类型：竞足，选择了第1场比赛，选择的玩法方式：胜平负
2023-04-23 09:55:58 INFO 查找元素'(('id', 'com.inkr.sport:id/firstItem'),)'完成
2023-04-23 09:55:58 INFO 点击元素'('id', 'com.inkr.sport:id/firstItem')'完成
2023-04-23 09:55:58 INFO 没有选择主推次推，单选一个结果
2023-04-23 09:55:58 INFO 查找元素'(('id', 'com.inkr.sport:id/tvSelect'),)'完成
2023-04-23 09:55:59 INFO 点击元素'('id', 'com.inkr.sport:id/tvSelect')'完成
2023-04-23 09:55:59 INFO 查找元素'(('xpath', '//*[@resource-id="com.inkr.sport:id/llOdds"]/android.view.ViewGroup[1]/androidx.recyclerview.widget.RecyclerView[1]/android.view.ViewGroup[2]'),)'完成
2023-04-23 09:55:59 INFO 点击元素'('xpath', '//*[@resource-id="com.inkr.sport:id/llOdds"]/android.view.ViewGroup[1]/androidx.recyclerview.widget.RecyclerView[1]/android.view.ViewGroup[2]')'完成
2023-04-23 09:56:01 INFO 查找元素'(('xpath', '//*[@resource-id="com.inkr.sport:id/llOdds"]/android.view.ViewGroup[1]/androidx.recyclerview.widget.RecyclerView[1]/android.view.ViewGroup[3]'),)'完成
2023-04-23 09:56:01 INFO 点击元素'('xpath', '//*[@resource-id="com.inkr.sport:id/llOdds"]/android.view.ViewGroup[1]/androidx.recyclerview.widget.RecyclerView[1]/android.view.ViewGroup[3]')'完成
2023-04-23 09:56:01 INFO 查找元素'(('id', 'com.inkr.sport:id/tvConfirm'),)'完成
2023-04-23 09:56:01 INFO 点击元素'('id', 'com.inkr.sport:id/tvConfirm')'完成
2023-04-23 09:56:01 INFO 总比分玩法选择成功
2023-04-23 09:56:02 INFO 查找元素'(('id', 'com.inkr.sport:id/tvSelect'),)'完成
2023-04-23 09:56:03 INFO 点击元素'('id', 'com.inkr.sport:id/tvSelect')'完成
2023-04-23 09:56:03 INFO 点击元素'('id', 'com.inkr.sport:id/tvOddsName')'完成
2023-04-23 09:56:04 INFO 点击元素'('id', 'com.inkr.sport:id/tvOddsName')'完成
2023-04-23 09:56:05 INFO 查找元素'(('id', 'com.inkr.sport:id/tvConfirm'),)'完成
2023-04-23 09:56:06 INFO 点击元素'('id', 'com.inkr.sport:id/tvConfirm')'完成
2023-04-23 09:56:06 INFO 总进球玩法选择成功
2023-04-23 09:56:06 INFO 其他玩法选择完成
2023-04-23 09:56:06 INFO 查找元素'(('xpath', '//*[@resource-id ="com.inkr.sport:id/glPrice"]/android.view.ViewGroup[5]'),)'完成
2023-04-23 09:56:06 INFO 点击元素'('xpath', '//*[@resource-id ="com.inkr.sport:id/glPrice"]/android.view.ViewGroup[5]')'完成
2023-04-23 09:56:06 INFO 开始上滑
2023-04-23 09:56:06 INFO 上滑完成
2023-04-23 09:56:06 INFO 不选择促销信息
2023-04-23 09:56:06 INFO 不选择专家福利
2023-04-23 09:56:07 INFO 查找元素'(('id', 'com.inkr.sport:id/tvTitle'),)'完成
2023-04-23 09:56:08 INFO 点击元素'('id', 'com.inkr.sport:id/tvTitle')'完成
2023-04-23 09:56:08 INFO 查找元素'(('id', 'com.inkr.sport:id/etContent'),)'完成
2023-04-23 09:56:09 INFO 查找元素'(('id', 'com.inkr.sport:id/tvConfirm'),)'完成
2023-04-23 09:56:09 INFO 点击元素'('id', 'com.inkr.sport:id/tvConfirm')'完成
2023-04-23 09:56:10 INFO 查找元素'(('id', 'com.inkr.sport:id/tvRecommend'),)'完成
2023-04-23 09:56:11 INFO 点击元素'('id', 'com.inkr.sport:id/tvRecommend')'完成
2023-04-23 09:56:11 INFO 查找元素'(('id', 'com.inkr.sport:id/etContent'),)'完成
2023-04-23 09:56:11 INFO 查找元素'(('id', 'com.inkr.sport:id/tvConfirm'),)'完成
2023-04-23 09:56:11 INFO 点击元素'('id', 'com.inkr.sport:id/tvConfirm')'完成
2023-04-23 09:56:12 INFO 查找元素'(('id', 'com.inkr.sport:id/tvContent'),)'完成
2023-04-23 09:56:13 INFO 点击元素'('id', 'com.inkr.sport:id/tvContent')'完成
2023-04-23 09:56:13 INFO 查找元素'(('id', 'com.inkr.sport:id/etContent'),)'完成
2023-04-23 09:56:14 INFO 查找元素'(('id', 'com.inkr.sport:id/tvConfirm'),)'完成
2023-04-23 09:56:14 INFO 点击元素'('id', 'com.inkr.sport:id/tvConfirm')'完成
2023-04-23 09:56:15 INFO 查找元素'(('id', 'com.inkr.sport:id/tvPublish'),)'完成
2023-04-23 09:56:16 INFO 点击元素'('id', 'com.inkr.sport:id/tvPublish')'完成
2023-04-23 09:56:16 INFO 查找元素'(('id', 'com.inkr.sport:id/tvPublish'),)'完成
2023-04-23 09:56:17 INFO 点击元素'('id', 'com.inkr.sport:id/tvPublish')'完成
2023-04-23 09:56:17 INFO 发布方案成功
2023-04-23 09:56:37 ERROR 获取元素'(('id', 'com.inkr.sport:id/tvPublishSuccess'),)'失败，原因：Message: 
Stacktrace:
NoSuchElementError: An element could not be located on the page using the given search parameters.
    at AndroidUiautomator2Driver.findElOrEls (E:\Appium-Server-GUI-windows-1.22.3-4\resources\app\node_modules\appium\node_modules\appium-android-driver\lib\commands\find.js:75:11)
    at runMicrotasks (<anonymous>)
    at processTicksAndRejections (internal/process/task_queues.js:97:5)
    at AndroidUiautomator2Driver.findElOrElsWithProcessing (E:\Appium-Server-GUI-windows-1.22.3-4\resources\app\node_modules\appium\node_modules\appium-base-driver\lib\basedriver\commands\find.js:33:12)
    at AndroidUiautomator2Driver.findElement (E:\Appium-Server-GUI-windows-1.22.3-4\resources\app\node_modules\appium\node_modules\appium-base-driver\lib\basedriver\commands\find.js:53:10)
2023-04-23 09:56:57 ERROR 获取元素'(('id', 'com.inkr.sport:id/tvConfirm'),)'失败，原因：Message: 
Stacktrace:
NoSuchElementError: An element could not be located on the page using the given search parameters.
    at AndroidUiautomator2Driver.findElOrEls (E:\Appium-Server-GUI-windows-1.22.3-4\resources\app\node_modules\appium\node_modules\appium-android-driver\lib\commands\find.js:75:11)
    at runMicrotasks (<anonymous>)
    at processTicksAndRejections (internal/process/task_queues.js:97:5)
    at AndroidUiautomator2Driver.findElOrElsWithProcessing (E:\Appium-Server-GUI-windows-1.22.3-4\resources\app\node_modules\appium\node_modules\appium-base-driver\lib\basedriver\commands\find.js:33:12)
    at AndroidUiautomator2Driver.findElement (E:\Appium-Server-GUI-windows-1.22.3-4\resources\app\node_modules\appium\node_modules\appium-base-driver\lib\basedriver\commands\find.js:53:10)
2023-04-23 09:56:57 INFO **************用例执行结束**************
2023-04-23 10:01:57 INFO *********开始启动APP*********
2023-04-23 10:01:57 INFO 手机参数：{'platformName': 'android', 'platformVersion': '12', 'deviceName': '127.0.0.1:7555', 'automationName': 'UiAutomator2', 'appPackage': 'com.inkr.sport', 'appActivity': 'com.inkr.sport.activities.SplashActivity'}
2023-04-23 10:02:05 INFO *********启动成功*********
2023-04-23 10:02:05 INFO **************用例开始执行**************
2023-04-23 10:02:05 INFO 查找元素'(('id', 'com.inkr.sport:id/tvPopAgreementAgree'),)'完成
2023-04-23 10:02:05 INFO 点击元素'('id', 'com.inkr.sport:id/tvPopAgreementAgree')'完成
2023-04-23 10:02:05 INFO 开始左滑
2023-04-23 10:02:07 INFO 左滑1次
2023-04-23 10:02:08 INFO 左滑2次
2023-04-23 10:02:08 INFO 左滑完成
2023-04-23 10:02:09 INFO 查找元素'(('id', 'com.inkr.sport:id/ivEnterApp'),)'完成
2023-04-23 10:02:10 INFO 点击元素'('id', 'com.inkr.sport:id/ivEnterApp')'完成
2023-04-23 10:02:12 INFO 查找元素'(('id', 'com.inkr.sport:id/ivTbMine'),)'完成
2023-04-23 10:02:13 INFO 点击元素'('id', 'com.inkr.sport:id/ivTbMine')'完成
2023-04-23 10:02:13 INFO 查找元素'(('id', 'com.inkr.sport:id/tvUserName'),)'完成
2023-04-23 10:02:13 INFO 点击元素'('id', 'com.inkr.sport:id/tvUserName')'完成
2023-04-23 10:02:43 INFO 查找元素'(('id', 'com.inkr.sport:id/tvAccountLogin'),)'完成
2023-04-23 10:03:13 INFO 点击元素'('id', 'com.inkr.sport:id/tvAccountLogin')'完成
2023-04-23 10:05:04 INFO 查找元素'(('id', 'com.inkr.sport:id/etPd'),)'完成
2023-04-23 10:06:35 INFO 查找元素'(('id', 'com.inkr.sport:id/ivPolicyCheckBox'),)'完成
2023-04-23 10:07:05 INFO 点击元素'('id', 'com.inkr.sport:id/ivPolicyCheckBox')'完成
2023-04-23 10:07:35 INFO 查找元素'(('id', 'com.inkr.sport:id/btLogin'),)'完成
2023-04-23 10:07:56 INFO 点击元素'('id', 'com.inkr.sport:id/btLogin')'完成
2023-04-23 10:07:56 INFO 登录成功账号:13000000011 密码：abc123456
2023-04-23 10:07:57 INFO 查找元素'(('id', 'com.inkr.sport:id/tvUserName'),)'完成
2023-04-23 10:07:58 INFO 用户信息的value为：张大文
2023-04-23 10:07:58 INFO 查找元素'(('id', 'com.inkr.sport:id/tvExpert'),)'完成
2023-04-23 10:07:58 INFO 点击元素'('id', 'com.inkr.sport:id/tvExpert')'完成
2023-04-23 10:07:58 INFO 查找元素'(('id', 'com.inkr.sport:id/tvMenuName'),)'完成
2023-04-23 10:07:59 INFO 点击元素'('id', 'com.inkr.sport:id/tvMenuName')'完成
2023-04-23 10:08:00 INFO 查找元素'(('id', 'com.inkr.sport:id/tvNotMind'),)'完成
2023-04-23 10:08:01 INFO 点击元素'('id', 'com.inkr.sport:id/tvNotMind')'完成
2023-04-23 10:08:01 INFO 查找元素'(('id', 'com.inkr.sport:id/tvConfirm'),)'完成
2023-04-23 10:08:01 INFO 点击元素'('id', 'com.inkr.sport:id/tvConfirm')'完成
2023-04-23 10:08:01 INFO 查找元素'(('id', 'com.inkr.sport:id/tvIKnow'),)'完成
2023-04-23 10:08:02 INFO 点击元素'('id', 'com.inkr.sport:id/tvIKnow')'完成
2023-04-23 10:08:02 INFO 查找元素'(('id', 'com.inkr.sport:id/rlAddMatch'),)'完成
2023-04-23 10:08:04 INFO 点击元素'('id', 'com.inkr.sport:id/rlAddMatch')'完成
2023-04-23 10:08:04 INFO 查找元素'(('id', 'com.inkr.sport:id/tvFootball'),)'完成
2023-04-23 10:08:04 INFO 点击元素'('id', 'com.inkr.sport:id/tvFootball')'完成
2023-04-23 10:08:05 INFO 查找元素'(('xpath', '//*[@resource-id="com.inkr.sport:id/recyclerView"]/android.view.ViewGroup[2]'),)'完成
2023-04-23 10:08:06 INFO 点击元素'('xpath', '//*[@resource-id="com.inkr.sport:id/recyclerView"]/android.view.ViewGroup[2]')'完成
2023-04-23 10:08:06 INFO 查找元素'(('id', 'com.inkr.sport:id/tvDraft'),)'完成
2023-04-23 10:08:06 INFO 查找元素'(('xpath', "//*[@text='胜平负']"),)'完成
2023-04-23 10:08:06 INFO 点击元素'('xpath', "//*[@text='胜平负']")'完成
2023-04-23 10:08:06 INFO 选择的玩法类型：竞足，选择了第1场比赛，选择的玩法方式：胜平负
2023-04-23 10:08:07 INFO 不能选择主推次推2
2023-04-23 10:08:07 INFO 查找元素'(('id', 'com.inkr.sport:id/firstItem'),)'完成
2023-04-23 10:08:07 INFO 点击元素'('id', 'com.inkr.sport:id/firstItem')'完成
2023-04-23 10:08:07 INFO 不选择其他玩法
2023-04-23 10:08:07 INFO 查找元素'(('xpath', '//*[@resource-id ="com.inkr.sport:id/glPrice"]/android.view.ViewGroup[1]'),)'完成
2023-04-23 10:08:07 INFO 点击元素'('xpath', '//*[@resource-id ="com.inkr.sport:id/glPrice"]/android.view.ViewGroup[1]')'完成
2023-04-23 10:08:07 INFO 开始上滑
2023-04-23 10:08:08 INFO 上滑完成
2023-04-23 10:08:08 INFO 不选择促销信息
2023-04-23 10:08:08 INFO 不选择专家福利
2023-04-23 10:08:09 INFO 查找元素'(('id', 'com.inkr.sport:id/tvTitle'),)'完成
2023-04-23 10:08:09 INFO 点击元素'('id', 'com.inkr.sport:id/tvTitle')'完成
2023-04-23 10:08:10 INFO 查找元素'(('id', 'com.inkr.sport:id/etContent'),)'完成
2023-04-23 10:08:10 INFO 查找元素'(('id', 'com.inkr.sport:id/tvConfirm'),)'完成
2023-04-23 10:08:10 INFO 点击元素'('id', 'com.inkr.sport:id/tvConfirm')'完成
2023-04-23 10:08:11 INFO 查找元素'(('id', 'com.inkr.sport:id/tvRecommend'),)'完成
2023-04-23 10:08:12 INFO 点击元素'('id', 'com.inkr.sport:id/tvRecommend')'完成
2023-04-23 10:08:12 INFO 查找元素'(('id', 'com.inkr.sport:id/etContent'),)'完成
2023-04-23 10:08:13 INFO 查找元素'(('id', 'com.inkr.sport:id/tvConfirm'),)'完成
2023-04-23 10:08:13 INFO 点击元素'('id', 'com.inkr.sport:id/tvConfirm')'完成
2023-04-23 10:08:14 INFO 查找元素'(('id', 'com.inkr.sport:id/tvContent'),)'完成
2023-04-23 10:08:15 INFO 点击元素'('id', 'com.inkr.sport:id/tvContent')'完成
2023-04-23 10:08:15 INFO 查找元素'(('id', 'com.inkr.sport:id/etContent'),)'完成
2023-04-23 10:08:16 INFO 查找元素'(('id', 'com.inkr.sport:id/tvConfirm'),)'完成
2023-04-23 10:08:16 INFO 点击元素'('id', 'com.inkr.sport:id/tvConfirm')'完成
2023-04-23 10:08:17 INFO 查找元素'(('id', 'com.inkr.sport:id/tvPublish'),)'完成
2023-04-23 10:08:18 INFO 点击元素'('id', 'com.inkr.sport:id/tvPublish')'完成
2023-04-23 10:08:18 INFO 查找元素'(('id', 'com.inkr.sport:id/tvPublish'),)'完成
2023-04-23 10:08:18 INFO 点击元素'('id', 'com.inkr.sport:id/tvPublish')'完成
2023-04-23 10:08:18 INFO 发布方案成功
2023-04-23 10:08:19 INFO 查找元素'(('id', 'com.inkr.sport:id/tvPublishSuccess'),)'完成
2023-04-23 10:08:19 INFO 用户信息的value为：发布成功
2023-04-23 10:08:19 INFO 查找元素'(('id', 'com.inkr.sport:id/tvPublishSuccess'),)'完成
2023-04-23 10:08:19 INFO 用户信息的value为：发布成功
2023-04-23 10:08:39 ERROR 获取元素'(('id', 'com.inkr.sport:id/tvExpert'),)'失败，原因：Message: 
Stacktrace:
NoSuchElementError: An element could not be located on the page using the given search parameters.
    at AndroidUiautomator2Driver.findElOrEls (E:\Appium-Server-GUI-windows-1.22.3-4\resources\app\node_modules\appium\node_modules\appium-android-driver\lib\commands\find.js:75:11)
    at runMicrotasks (<anonymous>)
    at processTicksAndRejections (internal/process/task_queues.js:97:5)
    at AndroidUiautomator2Driver.findElOrElsWithProcessing (E:\Appium-Server-GUI-windows-1.22.3-4\resources\app\node_modules\appium\node_modules\appium-base-driver\lib\basedriver\commands\find.js:33:12)
    at AndroidUiautomator2Driver.findElement (E:\Appium-Server-GUI-windows-1.22.3-4\resources\app\node_modules\appium\node_modules\appium-base-driver\lib\basedriver\commands\find.js:53:10)
2023-04-23 10:08:39 INFO 查找元素'(('id', 'com.inkr.sport:id/tvConfirm'),)'完成
2023-04-23 10:08:39 INFO 点击元素'('id', 'com.inkr.sport:id/tvConfirm')'完成
2023-04-23 10:08:40 INFO 查找元素'(('id', 'com.inkr.sport:id/tvPublish'),)'完成
2023-04-23 10:08:41 INFO 点击元素'('id', 'com.inkr.sport:id/tvPublish')'完成
2023-04-23 10:08:41 INFO 非首次发布，可以直接选择比赛
2023-04-23 10:08:41 INFO 查找元素'(('id', 'com.inkr.sport:id/rlAddMatch'),)'完成
2023-04-23 10:08:42 INFO 点击元素'('id', 'com.inkr.sport:id/rlAddMatch')'完成
2023-04-23 10:08:42 INFO 查找元素'(('id', 'com.inkr.sport:id/tvBasketball'),)'完成
2023-04-23 10:08:42 INFO 点击元素'('id', 'com.inkr.sport:id/tvBasketball')'完成
2023-04-23 10:09:03 ERROR 获取元素'(('xpath', '//*[@resource-id="com.inkr.sport:id/recyclerView"]/android.view.ViewGroup[2]'),)'失败，原因：Message: 
Stacktrace:
NoSuchElementError: An element could not be located on the page using the given search parameters.
    at AndroidUiautomator2Driver.findElOrEls (E:\Appium-Server-GUI-windows-1.22.3-4\resources\app\node_modules\appium\node_modules\appium-android-driver\lib\commands\find.js:75:11)
    at runMicrotasks (<anonymous>)
    at processTicksAndRejections (internal/process/task_queues.js:97:5)
    at AndroidUiautomator2Driver.findElOrElsWithProcessing (E:\Appium-Server-GUI-windows-1.22.3-4\resources\app\node_modules\appium\node_modules\appium-base-driver\lib\basedriver\commands\find.js:33:12)
    at AndroidUiautomator2Driver.findElement (E:\Appium-Server-GUI-windows-1.22.3-4\resources\app\node_modules\appium\node_modules\appium-base-driver\lib\basedriver\commands\find.js:53:10)
2023-04-23 10:09:23 ERROR 获取元素'(('id', 'com.inkr.sport:id/tvConfirm'),)'失败，原因：Message: 
Stacktrace:
NoSuchElementError: An element could not be located on the page using the given search parameters.
    at AndroidUiautomator2Driver.findElOrEls (E:\Appium-Server-GUI-windows-1.22.3-4\resources\app\node_modules\appium\node_modules\appium-android-driver\lib\commands\find.js:75:11)
    at runMicrotasks (<anonymous>)
    at processTicksAndRejections (internal/process/task_queues.js:97:5)
    at AndroidUiautomator2Driver.findElOrElsWithProcessing (E:\Appium-Server-GUI-windows-1.22.3-4\resources\app\node_modules\appium\node_modules\appium-base-driver\lib\basedriver\commands\find.js:33:12)
    at AndroidUiautomator2Driver.findElement (E:\Appium-Server-GUI-windows-1.22.3-4\resources\app\node_modules\appium\node_modules\appium-base-driver\lib\basedriver\commands\find.js:53:10)
2023-04-23 10:09:43 ERROR 获取元素'(('id', 'com.inkr.sport:id/tvConfirm'),)'失败，原因：Message: 
Stacktrace:
NoSuchElementError: An element could not be located on the page using the given search parameters.
    at AndroidUiautomator2Driver.findElOrEls (E:\Appium-Server-GUI-windows-1.22.3-4\resources\app\node_modules\appium\node_modules\appium-android-driver\lib\commands\find.js:75:11)
    at runMicrotasks (<anonymous>)
    at processTicksAndRejections (internal/process/task_queues.js:97:5)
    at AndroidUiautomator2Driver.findElOrElsWithProcessing (E:\Appium-Server-GUI-windows-1.22.3-4\resources\app\node_modules\appium\node_modules\appium-base-driver\lib\basedriver\commands\find.js:33:12)
    at AndroidUiautomator2Driver.findElement (E:\Appium-Server-GUI-windows-1.22.3-4\resources\app\node_modules\appium\node_modules\appium-base-driver\lib\basedriver\commands\find.js:53:10)
2023-04-23 10:09:43 INFO **************用例执行结束**************
2023-04-23 15:53:56 INFO *********开始启动APP*********
2023-04-23 15:53:56 INFO 手机参数：{'platformName': 'android', 'platformVersion': '12', 'deviceName': '127.0.0.1:7555', 'automationName': 'UiAutomator2', 'appPackage': 'com.inkr.sport', 'appActivity': 'com.inkr.sport.activities.SplashActivity'}
2023-04-23 15:53:58 WARNING Retrying (Retry(total=2, connect=None, read=None, redirect=None, status=None)) after connection broken by 'NewConnectionError('<urllib3.connection.HTTPConnection object at 0x0000029CBBDABFC8>: Failed to establish a new connection: [WinError 10061] 由于目标计算机积极拒绝，无法连接。')': /wd/hub/session
2023-04-23 15:54:00 WARNING Retrying (Retry(total=1, connect=None, read=None, redirect=None, status=None)) after connection broken by 'NewConnectionError('<urllib3.connection.HTTPConnection object at 0x0000029CBBDC7088>: Failed to establish a new connection: [WinError 10061] 由于目标计算机积极拒绝，无法连接。')': /wd/hub/session
2023-04-23 15:54:02 WARNING Retrying (Retry(total=0, connect=None, read=None, redirect=None, status=None)) after connection broken by 'NewConnectionError('<urllib3.connection.HTTPConnection object at 0x0000029CBBDC7B08>: Failed to establish a new connection: [WinError 10061] 由于目标计算机积极拒绝，无法连接。')': /wd/hub/session
2023-04-23 15:54:12 INFO *********开始启动APP*********
2023-04-23 15:54:12 INFO 手机参数：{'platformName': 'android', 'platformVersion': '12', 'deviceName': '127.0.0.1:7555', 'automationName': 'UiAutomator2', 'appPackage': 'com.inkr.sport', 'appActivity': 'com.inkr.sport.activities.SplashActivity'}
2023-04-23 15:55:05 INFO *********开始启动APP*********
2023-04-23 15:55:05 INFO 手机参数：{'platformName': 'android', 'platformVersion': '12', 'deviceName': '127.0.0.1:7555', 'automationName': 'UiAutomator2', 'appPackage': 'com.inkr.sport', 'appActivity': 'com.inkr.sport.activities.SplashActivity'}
2023-04-23 15:55:11 INFO *********启动成功*********
2023-04-23 15:55:12 INFO 查找元素'(('id', 'com.inkr.sport:id/tvPopAgreementAgree'),)'完成
2023-04-23 15:55:12 INFO 点击元素'('id', 'com.inkr.sport:id/tvPopAgreementAgree')'完成
2023-04-23 15:55:12 INFO 开始左滑
2023-04-23 15:55:13 INFO 左滑1次
2023-04-23 15:55:15 INFO 左滑2次
2023-04-23 15:55:15 INFO 左滑完成
2023-04-23 15:55:15 INFO 查找元素'(('id', 'com.inkr.sport:id/ivEnterApp'),)'完成
2023-04-23 15:55:16 INFO 点击元素'('id', 'com.inkr.sport:id/ivEnterApp')'完成
2023-04-23 15:55:19 INFO 查找元素'(('id', 'com.inkr.sport:id/ivTbMine'),)'完成
2023-04-23 15:55:19 INFO 点击元素'('id', 'com.inkr.sport:id/ivTbMine')'完成
2023-04-23 15:55:19 INFO 查找元素'(('id', 'com.inkr.sport:id/tvUserName'),)'完成
2023-04-23 15:55:20 INFO 点击元素'('id', 'com.inkr.sport:id/tvUserName')'完成
2023-04-23 15:55:50 INFO 查找元素'(('id', 'com.inkr.sport:id/tvAccountLogin'),)'完成
2023-04-23 15:56:21 INFO 点击元素'('id', 'com.inkr.sport:id/tvAccountLogin')'完成
2023-04-23 15:58:11 INFO 查找元素'(('id', 'com.inkr.sport:id/etPd'),)'完成
2023-04-23 15:59:42 INFO 查找元素'(('id', 'com.inkr.sport:id/ivPolicyCheckBox'),)'完成
2023-04-23 16:00:12 INFO 点击元素'('id', 'com.inkr.sport:id/ivPolicyCheckBox')'完成
2023-04-23 16:00:42 INFO 查找元素'(('id', 'com.inkr.sport:id/btLogin'),)'完成
2023-04-23 16:01:13 INFO 点击元素'('id', 'com.inkr.sport:id/btLogin')'完成
2023-04-23 16:01:13 INFO 登录成功账号:23000000012 密码：abc123456
2023-04-23 16:01:34 ERROR 获取元素'(('xpath', "//*[@text='登录失败']"),)'失败，原因：Message: 
Stacktrace:
NoSuchElementError: An element could not be located on the page using the given search parameters.
    at AndroidUiautomator2Driver.findElOrEls (E:\Appium-Server-GUI-windows-1.22.3-4\resources\app\node_modules\appium\node_modules\appium-android-driver\lib\commands\find.js:75:11)
    at runMicrotasks (<anonymous>)
    at processTicksAndRejections (internal/process/task_queues.js:97:5)
    at AndroidUiautomator2Driver.findElOrElsWithProcessing (E:\Appium-Server-GUI-windows-1.22.3-4\resources\app\node_modules\appium\node_modules\appium-base-driver\lib\basedriver\commands\find.js:33:12)
    at AndroidUiautomator2Driver.findElement (E:\Appium-Server-GUI-windows-1.22.3-4\resources\app\node_modules\appium\node_modules\appium-base-driver\lib\basedriver\commands\find.js:53:10)
2023-04-23 16:04:39 INFO *********开始启动APP*********
2023-04-23 16:04:39 INFO 手机参数：{'platformName': 'android', 'platformVersion': '12', 'deviceName': '127.0.0.1:7555', 'automationName': 'UiAutomator2', 'appPackage': 'com.inkr.sport', 'appActivity': 'com.inkr.sport.activities.SplashActivity'}
2023-04-23 16:04:46 INFO *********启动成功*********
2023-04-23 16:04:47 INFO 查找元素'(('id', 'com.inkr.sport:id/tvPopAgreementAgree'),)'完成
2023-04-23 16:04:47 INFO 点击元素'('id', 'com.inkr.sport:id/tvPopAgreementAgree')'完成
2023-04-23 16:04:47 INFO 开始左滑
2023-04-23 16:04:49 INFO 左滑1次
2023-04-23 16:04:50 INFO 左滑2次
2023-04-23 16:04:50 INFO 左滑完成
2023-04-23 16:04:51 INFO 查找元素'(('id', 'com.inkr.sport:id/ivEnterApp'),)'完成
2023-04-23 16:04:51 INFO 点击元素'('id', 'com.inkr.sport:id/ivEnterApp')'完成
2023-04-23 16:04:54 INFO 查找元素'(('id', 'com.inkr.sport:id/ivTbMine'),)'完成
2023-04-23 16:04:55 INFO 点击元素'('id', 'com.inkr.sport:id/ivTbMine')'完成
2023-04-23 16:04:56 INFO 查找元素'(('id', 'com.inkr.sport:id/tvUserName'),)'完成
2023-04-23 16:05:06 INFO 点击元素'('id', 'com.inkr.sport:id/tvUserName')'完成
2023-04-23 16:05:36 INFO 查找元素'(('id', 'com.inkr.sport:id/tvAccountLogin'),)'完成
2023-04-23 16:06:06 INFO 点击元素'('id', 'com.inkr.sport:id/tvAccountLogin')'完成
2023-04-23 16:07:57 INFO 查找元素'(('id', 'com.inkr.sport:id/etPd'),)'完成
2023-04-23 16:09:28 INFO 查找元素'(('id', 'com.inkr.sport:id/ivPolicyCheckBox'),)'完成
2023-04-23 16:09:58 INFO 点击元素'('id', 'com.inkr.sport:id/ivPolicyCheckBox')'完成
2023-04-23 16:10:28 INFO 查找元素'(('id', 'com.inkr.sport:id/btLogin'),)'完成
2023-04-23 16:10:58 INFO 点击元素'('id', 'com.inkr.sport:id/btLogin')'完成
2023-04-23 16:10:58 INFO 登录成功账号:23000000012 密码：abc123456
2023-04-23 16:10:58 ERROR 获取元素'('xpath', "//*[@text='登录失败']")'失败，原因：visibility_of_element_located() takes 1 positional argument but 2 were given
2023-04-23 16:17:35 INFO *********开始启动APP*********
2023-04-23 16:17:35 INFO 手机参数：{'platformName': 'android', 'platformVersion': '12', 'deviceName': '127.0.0.1:7555', 'automationName': 'UiAutomator2', 'appPackage': 'com.inkr.sport', 'appActivity': 'com.inkr.sport.activities.SplashActivity'}
2023-04-23 16:17:54 INFO *********开始启动APP*********
2023-04-23 16:17:54 INFO 手机参数：{'platformName': 'android', 'platformVersion': '12', 'deviceName': '127.0.0.1:7555', 'automationName': 'UiAutomator2', 'appPackage': 'com.inkr.sport', 'appActivity': 'com.inkr.sport.activities.SplashActivity'}
2023-04-23 16:18:24 INFO *********开始启动APP*********
2023-04-23 16:18:24 INFO 手机参数：{'platformName': 'android', 'platformVersion': '12', 'deviceName': '127.0.0.1:7555', 'automationName': 'UiAutomator2', 'appPackage': 'com.inkr.sport', 'appActivity': 'com.inkr.sport.activities.SplashActivity'}
2023-04-23 16:19:18 INFO *********开始启动APP*********
2023-04-23 16:19:18 INFO 手机参数：{'platformName': 'android', 'platformVersion': '12', 'deviceName': '127.0.0.1:7555', 'automationName': 'UiAutomator2', 'appPackage': 'com.inkr.sport', 'appActivity': 'com.inkr.sport.activities.SplashActivity'}
2023-04-23 16:20:17 INFO *********开始启动APP*********
2023-04-23 16:20:17 INFO 手机参数：{'platformName': 'android', 'platformVersion': '12', 'deviceName': '127.0.0.1:7555', 'automationName': 'UiAutomator2', 'appPackage': 'com.inkr.sport', 'appActivity': 'com.inkr.sport.activities.SplashActivity'}
2023-04-23 16:20:23 INFO *********启动成功*********
2023-04-23 16:20:24 INFO 查找元素'(('id', 'com.inkr.sport:id/tvPopAgreementAgree'),)'完成
2023-04-23 16:20:24 INFO 点击元素'('id', 'com.inkr.sport:id/tvPopAgreementAgree')'完成
2023-04-23 16:20:24 INFO 开始左滑
2023-04-23 16:20:25 INFO 左滑1次
2023-04-23 16:20:26 INFO 左滑2次
2023-04-23 16:20:26 INFO 左滑完成
2023-04-23 16:20:27 INFO 查找元素'(('id', 'com.inkr.sport:id/ivEnterApp'),)'完成
2023-04-23 16:20:28 INFO 点击元素'('id', 'com.inkr.sport:id/ivEnterApp')'完成
2023-04-23 16:20:47 INFO *********开始启动APP*********
2023-04-23 16:20:47 INFO 手机参数：{'platformName': 'android', 'platformVersion': '12', 'deviceName': '127.0.0.1:7555', 'automationName': 'UiAutomator2', 'appPackage': 'com.inkr.sport', 'appActivity': 'com.inkr.sport.activities.SplashActivity'}
2023-04-23 16:20:54 INFO *********启动成功*********
2023-04-23 16:20:54 INFO 查找元素'(('id', 'com.inkr.sport:id/tvPopAgreementAgree'),)'完成
2023-04-23 16:20:55 INFO 点击元素'('id', 'com.inkr.sport:id/tvPopAgreementAgree')'完成
2023-04-23 16:20:55 INFO 开始左滑
2023-04-23 16:20:57 INFO 左滑1次
2023-04-23 16:20:58 INFO 左滑2次
2023-04-23 16:20:58 INFO 左滑完成
2023-04-23 16:20:59 INFO 查找元素'(('id', 'com.inkr.sport:id/ivEnterApp'),)'完成
2023-04-23 16:20:59 INFO 点击元素'('id', 'com.inkr.sport:id/ivEnterApp')'完成
2023-04-23 16:21:04 INFO 查找元素'(('id', 'com.inkr.sport:id/ivTbMine'),)'完成
2023-04-23 16:21:05 INFO 点击元素'('id', 'com.inkr.sport:id/ivTbMine')'完成
2023-04-23 16:21:05 INFO 查找元素'(('id', 'com.inkr.sport:id/tvUserName'),)'完成
2023-04-23 16:21:05 INFO 点击元素'('id', 'com.inkr.sport:id/tvUserName')'完成
2023-04-23 16:21:35 INFO 查找元素'(('id', 'com.inkr.sport:id/tvAccountLogin'),)'完成
2023-04-23 16:22:05 INFO 点击元素'('id', 'com.inkr.sport:id/tvAccountLogin')'完成
2023-04-23 16:23:56 INFO 查找元素'(('id', 'com.inkr.sport:id/etPd'),)'完成
2023-04-23 16:25:26 INFO 查找元素'(('id', 'com.inkr.sport:id/ivPolicyCheckBox'),)'完成
2023-04-23 16:25:56 INFO 点击元素'('id', 'com.inkr.sport:id/ivPolicyCheckBox')'完成
2023-04-23 16:26:27 INFO 查找元素'(('id', 'com.inkr.sport:id/btLogin'),)'完成
2023-04-23 16:26:57 INFO 点击元素'('id', 'com.inkr.sport:id/btLogin')'完成
2023-04-23 16:26:57 INFO 登录成功账号:23000000012 密码：abc123456
2023-04-23 16:26:57 ERROR 获取元素'('xpath', ".//*[@text='登录失败']")'失败，原因：visibility_of_element_located() takes 1 positional argument but 2 were given
2023-04-23 16:32:12 INFO *********开始启动APP*********
2023-04-23 16:32:12 INFO 手机参数：{'platformName': 'android', 'platformVersion': '12', 'deviceName': '127.0.0.1:7555', 'automationName': 'UiAutomator2', 'appPackage': 'com.inkr.sport', 'appActivity': 'com.inkr.sport.activities.SplashActivity'}
2023-04-23 16:32:19 INFO *********启动成功*********
2023-04-23 16:32:19 INFO 查找元素'(('id', 'com.inkr.sport:id/tvPopAgreementAgree'),)'完成
2023-04-23 16:32:19 INFO 点击元素'('id', 'com.inkr.sport:id/tvPopAgreementAgree')'完成
2023-04-23 16:32:19 INFO 开始左滑
2023-04-23 16:32:21 INFO 左滑1次
2023-04-23 16:32:22 INFO 左滑2次
2023-04-23 16:32:22 INFO 左滑完成
2023-04-23 16:32:23 INFO 查找元素'(('id', 'com.inkr.sport:id/ivEnterApp'),)'完成
2023-04-23 16:32:23 INFO 点击元素'('id', 'com.inkr.sport:id/ivEnterApp')'完成
2023-04-23 16:32:27 INFO 查找元素'(('id', 'com.inkr.sport:id/ivTbMine'),)'完成
2023-04-23 16:32:28 INFO 点击元素'('id', 'com.inkr.sport:id/ivTbMine')'完成
2023-04-23 16:32:28 INFO 查找元素'(('id', 'com.inkr.sport:id/tvUserName'),)'完成
2023-04-23 16:32:28 INFO 点击元素'('id', 'com.inkr.sport:id/tvUserName')'完成
2023-04-23 16:32:58 INFO 查找元素'(('id', 'com.inkr.sport:id/tvAccountLogin'),)'完成
2023-04-23 16:33:28 INFO 点击元素'('id', 'com.inkr.sport:id/tvAccountLogin')'完成
2023-04-23 16:35:19 INFO 查找元素'(('id', 'com.inkr.sport:id/etPd'),)'完成
2023-04-23 16:36:50 INFO 查找元素'(('id', 'com.inkr.sport:id/ivPolicyCheckBox'),)'完成
2023-04-23 16:37:20 INFO 点击元素'('id', 'com.inkr.sport:id/ivPolicyCheckBox')'完成
2023-04-23 16:37:50 INFO 查找元素'(('id', 'com.inkr.sport:id/btLogin'),)'完成
2023-04-23 16:38:20 INFO 点击元素'('id', 'com.inkr.sport:id/btLogin')'完成
2023-04-23 16:38:20 INFO 登录成功账号:23000000012 密码：abc123456
2023-04-23 16:46:33 INFO *********开始启动APP*********
2023-04-23 16:46:33 INFO 手机参数：{'platformName': 'android', 'platformVersion': '12', 'deviceName': '127.0.0.1:7555', 'automationName': 'UiAutomator2', 'appPackage': 'com.inkr.sport', 'appActivity': 'com.inkr.sport.activities.SplashActivity'}
2023-04-23 16:46:40 INFO *********启动成功*********
2023-04-23 16:46:40 INFO 查找元素'(('id', 'com.inkr.sport:id/tvPopAgreementAgree'),)'完成
2023-04-23 16:46:40 INFO 点击元素'('id', 'com.inkr.sport:id/tvPopAgreementAgree')'完成
2023-04-23 16:46:40 INFO 开始左滑
2023-04-23 16:46:42 INFO 左滑1次
2023-04-23 16:46:43 INFO 左滑2次
2023-04-23 16:46:43 INFO 左滑完成
2023-04-23 16:46:44 INFO 查找元素'(('id', 'com.inkr.sport:id/ivEnterApp'),)'完成
2023-04-23 16:46:44 INFO 点击元素'('id', 'com.inkr.sport:id/ivEnterApp')'完成
2023-04-23 16:46:48 INFO 查找元素'(('id', 'com.inkr.sport:id/ivTbMine'),)'完成
2023-04-23 16:46:48 INFO 点击元素'('id', 'com.inkr.sport:id/ivTbMine')'完成
2023-04-23 16:46:48 INFO 查找元素'(('id', 'com.inkr.sport:id/tvUserName'),)'完成
2023-04-23 16:46:48 INFO 点击元素'('id', 'com.inkr.sport:id/tvUserName')'完成
2023-04-23 16:47:20 INFO 查找元素'(('id', 'com.inkr.sport:id/tvAccountLogin'),)'完成
2023-04-23 16:47:50 INFO 点击元素'('id', 'com.inkr.sport:id/tvAccountLogin')'完成
2023-04-23 16:49:40 INFO 查找元素'(('id', 'com.inkr.sport:id/etPd'),)'完成
2023-04-23 16:51:11 INFO 查找元素'(('id', 'com.inkr.sport:id/ivPolicyCheckBox'),)'完成
2023-04-23 16:51:41 INFO 点击元素'('id', 'com.inkr.sport:id/ivPolicyCheckBox')'完成
2023-04-23 16:52:11 INFO 查找元素'(('id', 'com.inkr.sport:id/btLogin'),)'完成
2023-04-23 16:52:41 INFO 点击元素'('id', 'com.inkr.sport:id/btLogin')'完成
2023-04-23 16:52:41 INFO 登录成功账号:23000000012 密码：abc123456
2023-04-23 17:39:16 INFO *********开始启动APP*********
2023-04-23 17:39:16 INFO 手机参数：{'platformName': 'android', 'platformVersion': '12', 'deviceName': '127.0.0.1:7555', 'automationName': 'UiAutomator2', 'appPackage': 'com.inkr.sport', 'appActivity': 'com.inkr.sport.activities.SplashActivity'}
2023-04-23 17:39:25 INFO *********启动成功*********
2023-04-23 17:39:25 INFO 查找元素'(('id', 'com.inkr.sport:id/tvPopAgreementAgree'),)'完成
2023-04-23 17:39:25 INFO 点击元素'('id', 'com.inkr.sport:id/tvPopAgreementAgree')'完成
2023-04-23 17:39:25 INFO 开始左滑
2023-04-23 17:39:27 INFO 左滑1次
2023-04-23 17:39:28 INFO 左滑2次
2023-04-23 17:39:28 INFO 左滑完成
2023-04-23 17:39:29 INFO 查找元素'(('id', 'com.inkr.sport:id/ivEnterApp'),)'完成
2023-04-23 17:39:29 INFO 点击元素'('id', 'com.inkr.sport:id/ivEnterApp')'完成
2023-04-23 17:39:33 INFO 查找元素'(('id', 'com.inkr.sport:id/ivTbMine'),)'完成
2023-04-23 17:39:33 INFO 点击元素'('id', 'com.inkr.sport:id/ivTbMine')'完成
2023-04-23 17:39:34 INFO 查找元素'(('id', 'com.inkr.sport:id/tvUserName'),)'完成
2023-04-23 17:39:44 INFO 点击元素'('id', 'com.inkr.sport:id/tvUserName')'完成
2023-04-23 17:40:14 INFO 查找元素'(('id', 'com.inkr.sport:id/tvAccountLogin'),)'完成
2023-04-23 17:40:44 INFO 点击元素'('id', 'com.inkr.sport:id/tvAccountLogin')'完成
2023-04-23 17:42:35 INFO 查找元素'(('id', 'com.inkr.sport:id/etPd'),)'完成
2023-04-23 17:44:05 INFO 查找元素'(('id', 'com.inkr.sport:id/ivPolicyCheckBox'),)'完成
2023-04-23 17:44:35 INFO 点击元素'('id', 'com.inkr.sport:id/ivPolicyCheckBox')'完成
2023-04-23 17:45:05 INFO 查找元素'(('id', 'com.inkr.sport:id/btLogin'),)'完成
2023-04-23 17:45:36 INFO 点击元素'('id', 'com.inkr.sport:id/btLogin')'完成
2023-04-23 17:45:36 INFO 登录成功账号:23000000012 密码：abc123456
2023-04-23 17:49:16 INFO *********开始启动APP*********
2023-04-23 17:49:16 INFO 手机参数：{'platformName': 'android', 'platformVersion': '12', 'deviceName': '127.0.0.1:7555', 'automationName': 'UiAutomator2', 'appPackage': 'com.inkr.sport', 'appActivity': 'com.inkr.sport.activities.SplashActivity'}
2023-04-23 17:49:24 INFO *********启动成功*********
2023-04-23 17:49:25 INFO 查找元素'(('id', 'com.inkr.sport:id/tvPopAgreementAgree'),)'完成
2023-04-23 17:49:25 INFO 点击元素'('id', 'com.inkr.sport:id/tvPopAgreementAgree')'完成
2023-04-23 17:49:25 INFO 开始左滑
2023-04-23 17:49:26 INFO 左滑1次
2023-04-23 17:49:27 INFO 左滑2次
2023-04-23 17:49:27 INFO 左滑完成
2023-04-23 17:49:28 INFO 查找元素'(('id', 'com.inkr.sport:id/ivEnterApp'),)'完成
2023-04-23 17:49:28 INFO 点击元素'('id', 'com.inkr.sport:id/ivEnterApp')'完成
2023-04-23 17:49:32 INFO 查找元素'(('id', 'com.inkr.sport:id/ivTbMine'),)'完成
2023-04-23 17:49:32 INFO 点击元素'('id', 'com.inkr.sport:id/ivTbMine')'完成
2023-04-23 17:49:33 INFO 查找元素'(('id', 'com.inkr.sport:id/tvUserName'),)'完成
2023-04-23 17:49:43 INFO 点击元素'('id', 'com.inkr.sport:id/tvUserName')'完成
2023-04-23 17:50:13 INFO 查找元素'(('id', 'com.inkr.sport:id/tvAccountLogin'),)'完成
2023-04-23 17:50:43 INFO 点击元素'('id', 'com.inkr.sport:id/tvAccountLogin')'完成
2023-04-23 17:52:34 INFO 查找元素'(('id', 'com.inkr.sport:id/etPd'),)'完成
2023-04-23 17:54:04 INFO 查找元素'(('id', 'com.inkr.sport:id/ivPolicyCheckBox'),)'完成
2023-04-23 17:54:34 INFO 点击元素'('id', 'com.inkr.sport:id/ivPolicyCheckBox')'完成
2023-04-23 17:55:04 INFO 查找元素'(('id', 'com.inkr.sport:id/btLogin'),)'完成
2023-04-23 17:55:35 INFO 点击元素'('id', 'com.inkr.sport:id/btLogin')'完成
2023-04-23 17:55:35 INFO 登录账号:23000000012 密码：abc123456
2023-04-23 17:56:37 INFO *********开始启动APP*********
2023-04-23 17:56:37 INFO 手机参数：{'platformName': 'android', 'platformVersion': '12', 'deviceName': '127.0.0.1:7555', 'automationName': 'UiAutomator2', 'appPackage': 'com.inkr.sport', 'appActivity': 'com.inkr.sport.activities.SplashActivity'}
2023-04-23 17:56:41 INFO *********开始启动APP*********
2023-04-23 17:56:41 INFO 手机参数：{'platformName': 'android', 'platformVersion': '12', 'deviceName': '127.0.0.1:7555', 'automationName': 'UiAutomator2', 'appPackage': 'com.inkr.sport', 'appActivity': 'com.inkr.sport.activities.SplashActivity'}
2023-04-23 17:56:50 INFO *********启动成功*********
2023-04-23 17:56:50 INFO **************用例开始执行**************
2023-04-23 17:56:54 INFO **************用例执行结束**************
2023-04-23 17:56:57 INFO *********开始启动APP*********
2023-04-23 17:56:57 INFO 手机参数：{'platformName': 'android', 'platformVersion': '12', 'deviceName': '127.0.0.1:7555', 'automationName': 'UiAutomator2', 'appPackage': 'com.inkr.sport', 'appActivity': 'com.inkr.sport.activities.SplashActivity'}
2023-04-23 17:57:06 INFO *********启动成功*********
2023-04-23 17:57:06 INFO **************用例开始执行**************
2023-04-23 17:57:26 ERROR 获取元素'(('id', 'com.inkr.sport:id/tvAccountLogin'),)'失败，原因：Message: 
Stacktrace:
NoSuchElementError: An element could not be located on the page using the given search parameters.
    at AndroidUiautomator2Driver.findElOrEls (E:\Appium-Server-GUI-windows-1.22.3-4\resources\app\node_modules\appium\node_modules\appium-android-driver\lib\commands\find.js:75:11)
    at runMicrotasks (<anonymous>)
    at processTicksAndRejections (internal/process/task_queues.js:97:5)
    at AndroidUiautomator2Driver.findElOrElsWithProcessing (E:\Appium-Server-GUI-windows-1.22.3-4\resources\app\node_modules\appium\node_modules\appium-base-driver\lib\basedriver\commands\find.js:33:12)
    at AndroidUiautomator2Driver.findElement (E:\Appium-Server-GUI-windows-1.22.3-4\resources\app\node_modules\appium\node_modules\appium-base-driver\lib\basedriver\commands\find.js:53:10)
2023-04-23 17:57:26 INFO **************用例执行结束**************
2023-04-23 17:59:20 INFO *********开始启动APP*********
2023-04-23 17:59:20 INFO 手机参数：{'platformName': 'android', 'platformVersion': '12', 'deviceName': '127.0.0.1:7555', 'automationName': 'UiAutomator2', 'appPackage': 'com.inkr.sport', 'appActivity': 'com.inkr.sport.activities.SplashActivity'}
2023-04-23 17:59:27 INFO *********启动成功*********
2023-04-23 17:59:27 INFO **************用例开始执行**************
2023-04-23 17:59:47 ERROR 获取元素'(('id', 'com.inkr.sport:id/tvAccountLogin'),)'失败，原因：Message: 
Stacktrace:
NoSuchElementError: An element could not be located on the page using the given search parameters.
    at AndroidUiautomator2Driver.findElOrEls (E:\Appium-Server-GUI-windows-1.22.3-4\resources\app\node_modules\appium\node_modules\appium-android-driver\lib\commands\find.js:75:11)
    at runMicrotasks (<anonymous>)
    at processTicksAndRejections (internal/process/task_queues.js:97:5)
    at AndroidUiautomator2Driver.findElOrElsWithProcessing (E:\Appium-Server-GUI-windows-1.22.3-4\resources\app\node_modules\appium\node_modules\appium-base-driver\lib\basedriver\commands\find.js:33:12)
    at AndroidUiautomator2Driver.findElement (E:\Appium-Server-GUI-windows-1.22.3-4\resources\app\node_modules\appium\node_modules\appium-base-driver\lib\basedriver\commands\find.js:53:10)
2023-04-23 17:59:47 INFO **************用例执行结束**************
2023-04-23 18:00:59 INFO *********开始启动APP*********
2023-04-23 18:00:59 INFO 手机参数：{'platformName': 'android', 'platformVersion': '12', 'deviceName': '127.0.0.1:7555', 'automationName': 'UiAutomator2', 'appPackage': 'com.inkr.sport', 'appActivity': 'com.inkr.sport.activities.SplashActivity'}
2023-04-23 18:01:06 INFO *********启动成功*********
2023-04-23 18:01:06 INFO **************用例开始执行**************
2023-04-23 18:01:27 ERROR 获取元素'(('id', 'com.inkr.sport:id/tvAccountLogin'),)'失败，原因：Message: 
Stacktrace:
NoSuchElementError: An element could not be located on the page using the given search parameters.
    at AndroidUiautomator2Driver.findElOrEls (E:\Appium-Server-GUI-windows-1.22.3-4\resources\app\node_modules\appium\node_modules\appium-android-driver\lib\commands\find.js:75:11)
    at runMicrotasks (<anonymous>)
    at processTicksAndRejections (internal/process/task_queues.js:97:5)
    at AndroidUiautomator2Driver.findElOrElsWithProcessing (E:\Appium-Server-GUI-windows-1.22.3-4\resources\app\node_modules\appium\node_modules\appium-base-driver\lib\basedriver\commands\find.js:33:12)
    at AndroidUiautomator2Driver.findElement (E:\Appium-Server-GUI-windows-1.22.3-4\resources\app\node_modules\appium\node_modules\appium-base-driver\lib\basedriver\commands\find.js:53:10)
2023-04-23 18:01:27 INFO **************用例执行结束**************
2023-04-23 18:02:31 INFO *********开始启动APP*********
2023-04-23 18:02:31 INFO 手机参数：{'platformName': 'android', 'platformVersion': '12', 'deviceName': '127.0.0.1:7555', 'automationName': 'UiAutomator2', 'appPackage': 'com.inkr.sport', 'appActivity': 'com.inkr.sport.activities.SplashActivity'}
2023-04-23 18:02:39 INFO *********启动成功*********
2023-04-23 18:02:39 INFO **************用例开始执行**************
2023-04-23 18:02:59 ERROR 获取元素'(('id', 'com.inkr.sport:id/tvAccountLogin'),)'失败，原因：Message: 
Stacktrace:
NoSuchElementError: An element could not be located on the page using the given search parameters.
    at AndroidUiautomator2Driver.findElOrEls (E:\Appium-Server-GUI-windows-1.22.3-4\resources\app\node_modules\appium\node_modules\appium-android-driver\lib\commands\find.js:75:11)
    at runMicrotasks (<anonymous>)
    at processTicksAndRejections (internal/process/task_queues.js:97:5)
    at AndroidUiautomator2Driver.findElOrElsWithProcessing (E:\Appium-Server-GUI-windows-1.22.3-4\resources\app\node_modules\appium\node_modules\appium-base-driver\lib\basedriver\commands\find.js:33:12)
    at AndroidUiautomator2Driver.findElement (E:\Appium-Server-GUI-windows-1.22.3-4\resources\app\node_modules\appium\node_modules\appium-base-driver\lib\basedriver\commands\find.js:53:10)
2023-04-23 18:02:59 INFO **************用例执行结束**************
2023-04-23 18:07:16 INFO *********开始启动APP*********
2023-04-23 18:07:16 INFO 手机参数：{'platformName': 'android', 'platformVersion': '12', 'deviceName': '127.0.0.1:7555', 'automationName': 'UiAutomator2', 'appPackage': 'com.inkr.sport', 'appActivity': 'com.inkr.sport.activities.SplashActivity'}
2023-04-23 18:07:25 INFO *********启动成功*********
2023-04-23 18:07:25 INFO **************用例开始执行**************
2023-04-23 18:07:45 ERROR 获取元素'(('id', 'com.inkr.sport:id/tvAccountLogin'),)'失败，原因：Message: 
Stacktrace:
NoSuchElementError: An element could not be located on the page using the given search parameters.
    at AndroidUiautomator2Driver.findElOrEls (E:\Appium-Server-GUI-windows-1.22.3-4\resources\app\node_modules\appium\node_modules\appium-android-driver\lib\commands\find.js:75:11)
    at runMicrotasks (<anonymous>)
    at processTicksAndRejections (internal/process/task_queues.js:97:5)
    at AndroidUiautomator2Driver.findElOrElsWithProcessing (E:\Appium-Server-GUI-windows-1.22.3-4\resources\app\node_modules\appium\node_modules\appium-base-driver\lib\basedriver\commands\find.js:33:12)
    at AndroidUiautomator2Driver.findElement (E:\Appium-Server-GUI-windows-1.22.3-4\resources\app\node_modules\appium\node_modules\appium-base-driver\lib\basedriver\commands\find.js:53:10)
2023-04-23 18:07:45 INFO **************用例执行结束**************
2023-04-23 18:08:49 INFO *********开始启动APP*********
2023-04-23 18:08:49 INFO 手机参数：{'platformName': 'android', 'platformVersion': '12', 'deviceName': '127.0.0.1:7555', 'automationName': 'UiAutomator2', 'appPackage': 'com.inkr.sport', 'appActivity': 'com.inkr.sport.activities.SplashActivity'}
2023-04-23 18:08:58 INFO *********启动成功*********
2023-04-23 18:08:58 INFO **************用例开始执行**************
2023-04-23 18:09:18 ERROR 获取元素'(('id', 'com.inkr.sport:id/tvAccountLogin'),)'失败，原因：Message: 
Stacktrace:
NoSuchElementError: An element could not be located on the page using the given search parameters.
    at AndroidUiautomator2Driver.findElOrEls (E:\Appium-Server-GUI-windows-1.22.3-4\resources\app\node_modules\appium\node_modules\appium-android-driver\lib\commands\find.js:75:11)
    at runMicrotasks (<anonymous>)
    at processTicksAndRejections (internal/process/task_queues.js:97:5)
    at AndroidUiautomator2Driver.findElOrElsWithProcessing (E:\Appium-Server-GUI-windows-1.22.3-4\resources\app\node_modules\appium\node_modules\appium-base-driver\lib\basedriver\commands\find.js:33:12)
    at AndroidUiautomator2Driver.findElement (E:\Appium-Server-GUI-windows-1.22.3-4\resources\app\node_modules\appium\node_modules\appium-base-driver\lib\basedriver\commands\find.js:53:10)
2023-04-23 18:09:18 INFO **************用例执行结束**************
2023-04-23 18:09:33 INFO *********开始启动APP*********
2023-04-23 18:09:33 INFO 手机参数：{'platformName': 'android', 'platformVersion': '12', 'deviceName': '127.0.0.1:7555', 'automationName': 'UiAutomator2', 'appPackage': 'com.inkr.sport', 'appActivity': 'com.inkr.sport.activities.SplashActivity'}
2023-04-23 18:09:43 INFO *********启动成功*********
2023-04-23 18:09:43 INFO **************用例开始执行**************
2023-04-23 18:09:43 INFO 查找元素'(('id', 'com.inkr.sport:id/tvPopAgreementAgree'),)'完成
2023-04-23 18:09:43 INFO 点击元素'('id', 'com.inkr.sport:id/tvPopAgreementAgree')'完成
2023-04-23 18:09:43 INFO 开始左滑
2023-04-23 18:09:45 INFO 左滑1次
2023-04-23 18:09:46 INFO 左滑2次
2023-04-23 18:09:46 INFO 左滑完成
2023-04-23 18:09:47 INFO 查找元素'(('id', 'com.inkr.sport:id/ivEnterApp'),)'完成
2023-04-23 18:09:47 INFO 点击元素'('id', 'com.inkr.sport:id/ivEnterApp')'完成
2023-04-23 18:09:51 INFO 查找元素'(('id', 'com.inkr.sport:id/ivTbMine'),)'完成
2023-04-23 18:09:52 INFO 点击元素'('id', 'com.inkr.sport:id/ivTbMine')'完成
2023-04-23 18:09:52 INFO 查找元素'(('id', 'com.inkr.sport:id/tvUserName'),)'完成
2023-04-23 18:10:07 INFO *********开始启动APP*********
2023-04-23 18:10:07 INFO 手机参数：{'platformName': 'android', 'platformVersion': '12', 'deviceName': '127.0.0.1:7555', 'automationName': 'UiAutomator2', 'appPackage': 'com.inkr.sport', 'appActivity': 'com.inkr.sport.activities.SplashActivity'}
2023-04-23 18:10:15 INFO *********启动成功*********
2023-04-23 18:10:15 INFO **************用例开始执行**************
2023-04-23 18:10:35 ERROR 获取元素'(('id', 'com.inkr.sport:id/tvAccountLogin'),)'失败，原因：Message: 
Stacktrace:
NoSuchElementError: An element could not be located on the page using the given search parameters.
    at AndroidUiautomator2Driver.findElOrEls (E:\Appium-Server-GUI-windows-1.22.3-4\resources\app\node_modules\appium\node_modules\appium-android-driver\lib\commands\find.js:75:11)
    at runMicrotasks (<anonymous>)
    at processTicksAndRejections (internal/process/task_queues.js:97:5)
    at AndroidUiautomator2Driver.findElOrElsWithProcessing (E:\Appium-Server-GUI-windows-1.22.3-4\resources\app\node_modules\appium\node_modules\appium-base-driver\lib\basedriver\commands\find.js:33:12)
    at AndroidUiautomator2Driver.findElement (E:\Appium-Server-GUI-windows-1.22.3-4\resources\app\node_modules\appium\node_modules\appium-base-driver\lib\basedriver\commands\find.js:53:10)
2023-04-23 18:10:35 INFO **************用例执行结束**************
2023-04-23 18:11:37 INFO *********开始启动APP*********
2023-04-23 18:11:37 INFO 手机参数：{'platformName': 'android', 'platformVersion': '12', 'deviceName': '127.0.0.1:7555', 'automationName': 'UiAutomator2', 'appPackage': 'com.inkr.sport', 'appActivity': 'com.inkr.sport.activities.SplashActivity'}
2023-04-23 18:11:46 INFO *********启动成功*********
2023-04-23 18:11:46 INFO **************用例开始执行**************
2023-04-23 18:12:07 ERROR 获取元素'(('id', 'com.inkr.sport:id/tvAccountLogin'),)'失败，原因：Message: 
Stacktrace:
NoSuchElementError: An element could not be located on the page using the given search parameters.
    at AndroidUiautomator2Driver.findElOrEls (E:\Appium-Server-GUI-windows-1.22.3-4\resources\app\node_modules\appium\node_modules\appium-android-driver\lib\commands\find.js:75:11)
    at runMicrotasks (<anonymous>)
    at processTicksAndRejections (internal/process/task_queues.js:97:5)
    at AndroidUiautomator2Driver.findElOrElsWithProcessing (E:\Appium-Server-GUI-windows-1.22.3-4\resources\app\node_modules\appium\node_modules\appium-base-driver\lib\basedriver\commands\find.js:33:12)
    at AndroidUiautomator2Driver.findElement (E:\Appium-Server-GUI-windows-1.22.3-4\resources\app\node_modules\appium\node_modules\appium-base-driver\lib\basedriver\commands\find.js:53:10)
2023-04-23 18:12:07 INFO **************用例执行结束**************
2023-04-23 18:12:32 INFO *********开始启动APP*********
2023-04-23 18:12:32 INFO 手机参数：{'platformName': 'android', 'platformVersion': '12', 'deviceName': '127.0.0.1:7555', 'automationName': 'UiAutomator2', 'appPackage': 'com.inkr.sport', 'appActivity': 'com.inkr.sport.activities.SplashActivity'}
2023-04-23 18:12:41 INFO *********启动成功*********
2023-04-23 18:12:41 INFO **************用例开始执行**************
2023-04-23 18:12:42 INFO 查找元素'(('id', 'com.inkr.sport:id/tvPopAgreementAgree'),)'完成
2023-04-23 18:12:42 INFO 点击元素'('id', 'com.inkr.sport:id/tvPopAgreementAgree')'完成
2023-04-23 18:12:42 INFO 开始左滑
2023-04-23 18:12:43 INFO 左滑1次
2023-04-23 18:12:45 INFO 左滑2次
2023-04-23 18:12:45 INFO 左滑完成
2023-04-23 18:12:45 INFO 查找元素'(('id', 'com.inkr.sport:id/ivEnterApp'),)'完成
2023-04-23 18:12:46 INFO 点击元素'('id', 'com.inkr.sport:id/ivEnterApp')'完成
2023-04-23 18:12:50 INFO 查找元素'(('id', 'com.inkr.sport:id/ivTbMine'),)'完成
2023-04-23 18:12:51 INFO 点击元素'('id', 'com.inkr.sport:id/ivTbMine')'完成
2023-04-23 18:12:51 INFO 查找元素'(('id', 'com.inkr.sport:id/tvUserName'),)'完成
2023-04-23 18:12:51 INFO 点击元素'('id', 'com.inkr.sport:id/tvUserName')'完成
2023-04-23 18:13:21 INFO 查找元素'(('id', 'com.inkr.sport:id/tvAccountLogin'),)'完成
2023-04-23 18:13:52 INFO 点击元素'('id', 'com.inkr.sport:id/tvAccountLogin')'完成
2023-04-23 18:15:42 INFO 查找元素'(('id', 'com.inkr.sport:id/etPd'),)'完成
2023-04-23 18:17:13 INFO 查找元素'(('id', 'com.inkr.sport:id/ivPolicyCheckBox'),)'完成
2023-04-23 18:17:43 INFO 点击元素'('id', 'com.inkr.sport:id/ivPolicyCheckBox')'完成
2023-04-23 18:18:13 INFO 查找元素'(('id', 'com.inkr.sport:id/btLogin'),)'完成
2023-04-23 18:18:44 INFO 点击元素'('id', 'com.inkr.sport:id/btLogin')'完成
2023-04-23 18:18:44 INFO 登录账号:23000000011 密码：abc123456
2023-04-23 18:19:06 ERROR 获取元素'(('id', 'com.inkr.sport:id/tvUserName'),)'失败，原因：Message: 
Stacktrace:
NoSuchElementError: An element could not be located on the page using the given search parameters.
    at AndroidUiautomator2Driver.findElOrEls (E:\Appium-Server-GUI-windows-1.22.3-4\resources\app\node_modules\appium\node_modules\appium-android-driver\lib\commands\find.js:75:11)
    at runMicrotasks (<anonymous>)
    at processTicksAndRejections (internal/process/task_queues.js:97:5)
    at AndroidUiautomator2Driver.findElOrElsWithProcessing (E:\Appium-Server-GUI-windows-1.22.3-4\resources\app\node_modules\appium\node_modules\appium-base-driver\lib\basedriver\commands\find.js:33:12)
    at AndroidUiautomator2Driver.findElement (E:\Appium-Server-GUI-windows-1.22.3-4\resources\app\node_modules\appium\node_modules\appium-base-driver\lib\basedriver\commands\find.js:53:10)
2023-04-23 18:19:06 INFO **************用例执行结束**************
