2023-04-04 14:02:08 INFO *********开始启动APP*********
2023-04-04 14:02:08 INFO 手机参数：{'platformName': 'android', 'platformVersion': '12', 'deviceName': '127.0.0.1:7555', 'automationName': 'UiAutomator2', 'appPackage': 'com.inkr.sport', 'appActivity': 'com.inkr.sport.activities.SplashActivity'}
2023-04-04 14:02:55 INFO *********开始启动APP*********
2023-04-04 14:02:55 INFO 手机参数：{'platformName': 'android', 'platformVersion': '12', 'deviceName': '127.0.0.1:7555', 'automationName': 'UiAutomator2', 'appPackage': 'com.inkr.sport', 'appActivity': 'com.inkr.sport.activities.SplashActivity'}
2023-04-04 14:03:51 INFO *********开始启动APP*********
2023-04-04 14:03:51 INFO 手机参数：{'platformName': 'android', 'platformVersion': '12', 'deviceName': '127.0.0.1:7555', 'automationName': 'UiAutomator2', 'appPackage': 'com.inkr.sport', 'appActivity': 'com.inkr.sport.activities.SplashActivity'}
2023-04-04 14:04:33 INFO *********开始启动APP*********
2023-04-04 14:04:33 INFO 手机参数：{'platformName': 'android', 'platformVersion': '12', 'deviceName': '127.0.0.1:7555', 'automationName': 'UiAutomator2', 'appPackage': 'com.inkr.sport', 'appActivity': 'com.inkr.sport.activities.SplashActivity'}
2023-04-04 14:05:25 INFO *********开始启动APP*********
2023-04-04 14:05:25 INFO 手机参数：{'platformName': 'android', 'platformVersion': '12', 'deviceName': '127.0.0.1:7555', 'automationName': 'UiAutomator2', 'appPackage': 'com.inkr.sport', 'appActivity': 'com.inkr.sport.activities.SplashActivity'}
2023-04-04 14:06:20 INFO *********开始启动APP*********
2023-04-04 14:06:20 INFO 手机参数：{'platformName': 'android', 'platformVersion': '12', 'deviceName': '127.0.0.1:7555', 'automationName': 'UiAutomator2', 'appPackage': 'com.inkr.sport', 'appActivity': 'com.inkr.sport.activities.SplashActivity'}
2023-04-04 14:08:15 INFO *********开始启动APP*********
2023-04-04 14:08:15 INFO 手机参数：{'platformName': 'android', 'platformVersion': '12', 'deviceName': '127.0.0.1:7555', 'automationName': 'UiAutomator2', 'appPackage': 'com.inkr.sport', 'appActivity': 'com.inkr.sport.activities.SplashActivity'}
2023-04-04 14:09:58 INFO *********开始启动APP*********
2023-04-04 14:09:58 INFO 手机参数：{'platformName': 'android', 'platformVersion': '12', 'deviceName': '127.0.0.1:7555', 'automationName': 'UiAutomator2', 'appPackage': 'com.inkr.sport', 'appActivity': 'com.inkr.sport.activities.SplashActivity'}
2023-04-04 14:11:41 INFO *********开始启动APP*********
2023-04-04 14:11:41 INFO 手机参数：{'platformName': 'android', 'platformVersion': '12', 'deviceName': '127.0.0.1:7555', 'automationName': 'UiAutomator2', 'appPackage': 'com.inkr.sport', 'appActivity': 'com.inkr.sport.activities.SplashActivity'}
2023-04-04 14:16:24 INFO *********开始启动APP*********
2023-04-04 14:16:24 INFO 手机参数：{'platformName': 'android', 'platformVersion': '12', 'deviceName': '127.0.0.1:7555', 'automationName': 'UiAutomator2', 'appPackage': 'com.inkr.sport', 'appActivity': 'com.inkr.sport.activities.SplashActivity'}
2023-04-04 14:17:00 INFO *********开始启动APP*********
2023-04-04 14:17:00 INFO 手机参数：{'platformName': 'android', 'platformVersion': '12', 'deviceName': '127.0.0.1:7555', 'automationName': 'UiAutomator2', 'appPackage': 'com.inkr.sport', 'appActivity': 'com.inkr.sport.activities.SplashActivity'}
2023-04-04 14:17:34 INFO *********开始启动APP*********
2023-04-04 14:17:34 INFO 手机参数：{'platformName': 'android', 'platformVersion': '12', 'deviceName': '127.0.0.1:7555', 'automationName': 'UiAutomator2', 'appPackage': 'com.inkr.sport', 'appActivity': 'com.inkr.sport.activities.SplashActivity'}
2023-04-04 14:22:10 INFO *********开始启动APP*********
2023-04-04 14:22:10 INFO 手机参数：{'platformName': 'android', 'platformVersion': '12', 'deviceName': '127.0.0.1:7555', 'automationName': 'UiAutomator2', 'appPackage': 'com.inkr.sport', 'appActivity': 'com.inkr.sport.activities.SplashActivity'}
2023-04-04 14:26:59 INFO *********开始启动APP*********
2023-04-04 14:26:59 INFO 手机参数：{'platformName': 'android', 'platformVersion': '12', 'deviceName': '127.0.0.1:7555', 'automationName': 'UiAutomator2', 'appPackage': 'com.inkr.sport', 'appActivity': 'com.inkr.sport.activities.SplashActivity'}
2023-04-04 14:27:45 INFO *********开始启动APP*********
2023-04-04 14:27:45 INFO 手机参数：{'platformName': 'android', 'platformVersion': '12', 'deviceName': '127.0.0.1:7555', 'automationName': 'UiAutomator2', 'appPackage': 'com.inkr.sport', 'appActivity': 'com.inkr.sport.activities.SplashActivity'}
2023-04-04 14:35:27 INFO *********开始启动APP*********
2023-04-04 14:35:27 INFO 手机参数：{'platformName': 'android', 'platformVersion': '12', 'deviceName': '127.0.0.1:7555', 'automationName': 'UiAutomator2', 'appPackage': 'com.inkr.sport', 'appActivity': 'com.inkr.sport.activities.SplashActivity'}
2023-04-04 15:03:27 INFO *********开始启动APP*********
2023-04-04 15:03:27 INFO 手机参数：{'platformName': 'android', 'platformVersion': '12', 'deviceName': '127.0.0.1:7555', 'automationName': 'UiAutomator2', 'appPackage': 'com.inkr.sport', 'appActivity': 'com.inkr.sport.activities.SplashActivity'}
2023-04-04 15:07:16 INFO *********开始启动APP*********
2023-04-04 15:07:16 INFO 手机参数：{'platformName': 'android', 'platformVersion': '12', 'deviceName': '127.0.0.1:7555', 'automationName': 'UiAutomator2', 'appPackage': 'com.inkr.sport', 'appActivity': 'com.inkr.sport.activities.SplashActivity'}
2023-04-04 15:16:50 INFO *********开始启动APP*********
2023-04-04 15:16:50 INFO 手机参数：{'platformName': 'android', 'platformVersion': '12', 'deviceName': '127.0.0.1:7555', 'automationName': 'UiAutomator2', 'appPackage': 'com.inkr.sport', 'appActivity': 'com.inkr.sport.activities.SplashActivity'}
2023-04-04 15:24:05 INFO *********开始启动APP*********
2023-04-04 15:24:05 INFO 手机参数：{'platformName': 'android', 'platformVersion': '12', 'deviceName': '127.0.0.1:7555', 'automationName': 'UiAutomator2', 'appPackage': 'com.inkr.sport', 'appActivity': 'com.inkr.sport.activities.SplashActivity'}
2023-04-04 15:37:29 INFO *********开始启动APP*********
2023-04-04 15:37:29 INFO 手机参数：{'platformName': 'android', 'platformVersion': '12', 'deviceName': '127.0.0.1:7555', 'automationName': 'UiAutomator2', 'appPackage': 'com.inkr.sport', 'appActivity': 'com.inkr.sport.activities.SplashActivity'}
2023-04-04 15:37:38 INFO *********启动成功*********
2023-04-04 15:37:38 INFO 查找元素'(('id', 'com.inkr.sport:id/tvPopAgreementAgree'),)'完成
2023-04-04 15:37:38 INFO 点击元素'('id', 'com.inkr.sport:id/tvPopAgreementAgree')'完成
2023-04-04 15:37:38 INFO 开始左滑
2023-04-04 15:37:40 INFO 左滑1次
2023-04-04 15:37:41 INFO 左滑2次
2023-04-04 15:37:41 INFO 左滑完成
2023-04-04 15:37:42 INFO 查找元素'(('id', 'com.inkr.sport:id/ivEnterApp'),)'完成
2023-04-04 15:37:42 INFO 点击元素'('id', 'com.inkr.sport:id/ivEnterApp')'完成
2023-04-04 15:37:47 INFO 查找元素'(('id', 'com.inkr.sport:id/ivTbMine'),)'完成
2023-04-04 15:37:47 INFO 点击元素'('id', 'com.inkr.sport:id/ivTbMine')'完成
2023-04-04 15:37:47 INFO 查找元素'(('id', 'com.inkr.sport:id/tvUserName'),)'完成
2023-04-04 15:37:47 INFO 点击元素'('id', 'com.inkr.sport:id/tvUserName')'完成
2023-04-04 15:38:18 INFO 查找元素'(('id', 'com.inkr.sport:id/tvAccountLogin'),)'完成
2023-04-04 15:38:48 INFO 点击元素'('id', 'com.inkr.sport:id/tvAccountLogin')'完成
2023-04-04 15:40:38 INFO 查找元素'(('id', 'com.inkr.sport:id/etPd'),)'完成
2023-04-04 15:42:09 INFO 查找元素'(('id', 'com.inkr.sport:id/ivPolicyCheckBox'),)'完成
2023-04-04 15:42:39 INFO 点击元素'('id', 'com.inkr.sport:id/ivPolicyCheckBox')'完成
2023-04-04 15:43:09 INFO 查找元素'(('id', 'com.inkr.sport:id/btLogin'),)'完成
2023-04-04 15:43:30 INFO 点击元素'('id', 'com.inkr.sport:id/btLogin')'完成
2023-04-04 15:43:30 INFO 登录成功账号:13000000000 密码：abc123456
2023-04-04 15:43:33 INFO 查找元素'(('id', 'com.inkr.sport:id/ivTbStories'),)'完成
2023-04-04 15:43:33 INFO 点击元素'('id', 'com.inkr.sport:id/ivTbStories')'完成
2023-04-04 15:43:35 INFO 查找元素'(('id', 'com.inkr.sport:id/tvCommunity'),)'完成
2023-04-04 15:43:35 INFO 点击元素'('id', 'com.inkr.sport:id/tvCommunity')'完成
2023-04-04 15:43:36 INFO 查找元素'(('id', 'com.inkr.sport:id/tvWritePost'),)'完成
2023-04-04 15:43:36 INFO 点击元素'('id', 'com.inkr.sport:id/tvWritePost')'完成
2023-04-04 15:43:37 INFO 查找元素'(('id', 'com.inkr.sport:id/tvIKnow'),)'完成
2023-04-04 15:43:37 INFO 点击元素'('id', 'com.inkr.sport:id/tvIKnow')'完成
2023-04-04 15:43:38 INFO 查找元素'(('id', 'com.inkr.sport:id/tvWriteVideo'),)'完成
2023-04-04 15:43:38 INFO 点击元素'('id', 'com.inkr.sport:id/tvWriteVideo')'完成
2023-04-04 15:43:38 INFO 查找元素'(('id', 'com.inkr.sport:id/clVideo'),)'完成
2023-04-04 15:43:40 INFO 点击元素'('id', 'com.inkr.sport:id/clVideo')'完成
2023-04-04 15:43:40 INFO 查找元素'(('id', 'com.inkr.sport:id/iv_checkmark'),)'完成
2023-04-04 15:43:40 INFO 点击元素'('id', 'com.inkr.sport:id/iv_checkmark')'完成
2023-04-04 15:43:40 INFO 查找元素'(('id', 'com.inkr.sport:id/tvConfirm'),)'完成
2023-04-04 15:43:41 INFO 点击元素'('id', 'com.inkr.sport:id/tvConfirm')'完成
2023-04-04 15:43:41 INFO 查找元素'(('id', 'com.inkr.sport:id/etTitle'),)'完成
2023-04-04 15:43:42 INFO 查找元素'(('id', 'com.inkr.sport:id/tvSectionName'),)'完成
2023-04-04 15:43:44 INFO 点击元素'('id', 'com.inkr.sport:id/tvSectionName')'完成
2023-04-04 15:43:44 INFO 查找元素'(('id', 'com.inkr.sport:id/tvSection'),)'完成
2023-04-04 15:43:44 INFO 点击元素'('id', 'com.inkr.sport:id/tvSection')'完成
2023-04-04 15:43:45 INFO 查找元素'(('id', 'com.inkr.sport:id/tvName'),)'完成
2023-04-04 15:43:48 INFO 点击元素'('id', 'com.inkr.sport:id/tvName')'完成
2023-04-04 15:43:48 INFO 查找元素'(('id', 'com.inkr.sport:id/tvTopicName'),)'完成
2023-04-04 15:43:48 INFO 点击元素'('id', 'com.inkr.sport:id/tvTopicName')'完成
2023-04-04 15:43:50 INFO 查找元素'(('id', 'com.inkr.sport:id/tvTopic'),)'完成
2023-04-04 15:43:50 INFO 点击元素'('id', 'com.inkr.sport:id/tvTopic')'完成
2023-04-04 15:43:50 INFO 查找元素'(('id', 'com.inkr.sport:id/tvNavPublish'),)'完成
2023-04-04 15:43:51 INFO 点击元素'('id', 'com.inkr.sport:id/tvNavPublish')'完成
2023-04-04 15:43:51 INFO 视频帖发布成功
2023-04-04 15:44:23 INFO 查找元素'(('id', 'com.inkr.sport:id/ivLike'),)'完成
2023-04-04 15:44:53 INFO 点击元素'('id', 'com.inkr.sport:id/ivLike')'完成
2023-04-04 15:44:53 INFO 点赞成功
2023-04-04 15:45:24 INFO 查找元素'(('id', 'com.inkr.sport:id/tvCommentCount'),)'完成
2023-04-04 15:45:54 INFO 点击元素'('id', 'com.inkr.sport:id/tvCommentCount')'完成
2023-04-04 15:46:16 ERROR 获取元素'(('id', 'com.inkr.sport:id/ivLike'),)'失败，原因：Message: 
Stacktrace:
NoSuchElementError: An element could not be located on the page using the given search parameters.
    at AndroidUiautomator2Driver.findElOrEls (E:\Appium-Server-GUI-windows-1.22.3-4\resources\app\node_modules\appium\node_modules\appium-android-driver\lib\commands\find.js:75:11)
    at runMicrotasks (<anonymous>)
    at processTicksAndRejections (internal/process/task_queues.js:97:5)
    at AndroidUiautomator2Driver.findElOrElsWithProcessing (E:\Appium-Server-GUI-windows-1.22.3-4\resources\app\node_modules\appium\node_modules\appium-base-driver\lib\basedriver\commands\find.js:33:12)
    at AndroidUiautomator2Driver.findElement (E:\Appium-Server-GUI-windows-1.22.3-4\resources\app\node_modules\appium\node_modules\appium-base-driver\lib\basedriver\commands\find.js:53:10)
2023-04-04 15:47:10 INFO *********开始启动APP*********
2023-04-04 15:47:10 INFO 手机参数：{'platformName': 'android', 'platformVersion': '12', 'deviceName': '127.0.0.1:7555', 'automationName': 'UiAutomator2', 'appPackage': 'com.inkr.sport', 'appActivity': 'com.inkr.sport.activities.SplashActivity'}
2023-04-04 15:47:16 INFO *********启动成功*********
2023-04-04 15:47:17 INFO 查找元素'(('id', 'com.inkr.sport:id/tvPopAgreementAgree'),)'完成
2023-04-04 15:47:17 INFO 点击元素'('id', 'com.inkr.sport:id/tvPopAgreementAgree')'完成
2023-04-04 15:47:17 INFO 开始左滑
2023-04-04 15:47:19 INFO 左滑1次
2023-04-04 15:47:20 INFO 左滑2次
2023-04-04 15:47:20 INFO 左滑完成
2023-04-04 15:47:21 INFO 查找元素'(('id', 'com.inkr.sport:id/ivEnterApp'),)'完成
2023-04-04 15:47:21 INFO 点击元素'('id', 'com.inkr.sport:id/ivEnterApp')'完成
2023-04-04 15:47:24 INFO 查找元素'(('id', 'com.inkr.sport:id/ivTbMine'),)'完成
2023-04-04 15:47:24 INFO 点击元素'('id', 'com.inkr.sport:id/ivTbMine')'完成
2023-04-04 15:47:24 INFO 查找元素'(('id', 'com.inkr.sport:id/tvUserName'),)'完成
2023-04-04 15:47:34 INFO 点击元素'('id', 'com.inkr.sport:id/tvUserName')'完成
2023-04-04 15:48:05 INFO 查找元素'(('id', 'com.inkr.sport:id/tvAccountLogin'),)'完成
2023-04-04 15:48:35 INFO 点击元素'('id', 'com.inkr.sport:id/tvAccountLogin')'完成
2023-04-04 15:50:25 INFO 查找元素'(('id', 'com.inkr.sport:id/etPd'),)'完成
2023-04-04 15:51:56 INFO 查找元素'(('id', 'com.inkr.sport:id/ivPolicyCheckBox'),)'完成
2023-04-04 15:52:26 INFO 点击元素'('id', 'com.inkr.sport:id/ivPolicyCheckBox')'完成
2023-04-04 15:52:56 INFO 查找元素'(('id', 'com.inkr.sport:id/btLogin'),)'完成
2023-04-04 15:53:17 INFO 点击元素'('id', 'com.inkr.sport:id/btLogin')'完成
2023-04-04 15:53:17 INFO 登录成功账号:13000000000 密码：abc123456
2023-04-04 15:53:20 INFO 查找元素'(('id', 'com.inkr.sport:id/ivTbStories'),)'完成
2023-04-04 15:53:20 INFO 点击元素'('id', 'com.inkr.sport:id/ivTbStories')'完成
2023-04-04 15:53:21 INFO 查找元素'(('id', 'com.inkr.sport:id/tvCommunity'),)'完成
2023-04-04 15:53:21 INFO 点击元素'('id', 'com.inkr.sport:id/tvCommunity')'完成
2023-04-04 15:53:22 INFO 查找元素'(('id', 'com.inkr.sport:id/tvWritePost'),)'完成
2023-04-04 15:53:22 INFO 点击元素'('id', 'com.inkr.sport:id/tvWritePost')'完成
2023-04-04 15:53:23 INFO 查找元素'(('id', 'com.inkr.sport:id/tvIKnow'),)'完成
2023-04-04 15:53:23 INFO 点击元素'('id', 'com.inkr.sport:id/tvIKnow')'完成
2023-04-04 15:53:24 INFO 查找元素'(('id', 'com.inkr.sport:id/tvWriteVideo'),)'完成
2023-04-04 15:53:25 INFO 点击元素'('id', 'com.inkr.sport:id/tvWriteVideo')'完成
2023-04-04 15:53:25 INFO 查找元素'(('id', 'com.inkr.sport:id/clVideo'),)'完成
2023-04-04 15:53:26 INFO 点击元素'('id', 'com.inkr.sport:id/clVideo')'完成
2023-04-04 15:53:26 INFO 查找元素'(('id', 'com.inkr.sport:id/iv_checkmark'),)'完成
2023-04-04 15:53:26 INFO 点击元素'('id', 'com.inkr.sport:id/iv_checkmark')'完成
2023-04-04 15:53:26 INFO 查找元素'(('id', 'com.inkr.sport:id/tvConfirm'),)'完成
2023-04-04 15:53:27 INFO 点击元素'('id', 'com.inkr.sport:id/tvConfirm')'完成
2023-04-04 15:53:27 INFO 查找元素'(('id', 'com.inkr.sport:id/etTitle'),)'完成
2023-04-04 15:53:34 INFO 查找元素'(('id', 'com.inkr.sport:id/tvSectionName'),)'完成
2023-04-04 15:53:34 INFO 点击元素'('id', 'com.inkr.sport:id/tvSectionName')'完成
2023-04-04 15:53:35 INFO 查找元素'(('id', 'com.inkr.sport:id/tvSection'),)'完成
2023-04-04 15:53:35 INFO 点击元素'('id', 'com.inkr.sport:id/tvSection')'完成
2023-04-04 15:53:36 INFO 查找元素'(('id', 'com.inkr.sport:id/tvName'),)'完成
2023-04-04 15:53:36 INFO 点击元素'('id', 'com.inkr.sport:id/tvName')'完成
2023-04-04 15:53:37 INFO 查找元素'(('id', 'com.inkr.sport:id/tvTopicName'),)'完成
2023-04-04 15:53:38 INFO 点击元素'('id', 'com.inkr.sport:id/tvTopicName')'完成
2023-04-04 15:53:38 INFO 查找元素'(('id', 'com.inkr.sport:id/tvTopic'),)'完成
2023-04-04 15:53:39 INFO 点击元素'('id', 'com.inkr.sport:id/tvTopic')'完成
2023-04-04 15:53:39 INFO 查找元素'(('id', 'com.inkr.sport:id/tvNavPublish'),)'完成
2023-04-04 15:53:39 INFO 点击元素'('id', 'com.inkr.sport:id/tvNavPublish')'完成
2023-04-04 15:53:39 INFO 视频帖发布成功
2023-04-04 15:54:11 INFO 查找元素'(('id', 'com.inkr.sport:id/ivLike'),)'完成
2023-04-04 15:54:41 INFO 点击元素'('id', 'com.inkr.sport:id/ivLike')'完成
2023-04-04 15:54:41 INFO 点赞成功
2023-04-04 15:55:12 INFO 查找元素'(('id', 'com.inkr.sport:id/tvCommentCount'),)'完成
2023-04-04 15:55:42 INFO 点击元素'('id', 'com.inkr.sport:id/tvCommentCount')'完成
2023-04-04 15:56:12 INFO 查找元素'(('id', 'com.inkr.sport:id/tvWriteComment'),)'完成
2023-04-04 15:56:34 INFO 点击元素'('id', 'com.inkr.sport:id/tvWriteComment')'完成
2023-04-04 15:56:34 INFO 查找元素'(('id', 'com.inkr.sport:id/etComment'),)'完成
2023-04-04 15:56:35 INFO 查找元素'(('id', 'com.inkr.sport:id/btSendComment'),)'完成
2023-04-04 15:56:45 INFO 点击元素'('id', 'com.inkr.sport:id/btSendComment')'完成
2023-04-04 15:56:45 INFO 评论成功
