2023-02-13 16:05:03 INFO 开始启动APP
2023-02-13 16:05:03 INFO 手机参数：{'platformName': 'android', 'deviceName': 'xiaomi', 'automationName': 'UiAutomator2', 'appPackage': 'com.inkr.sport', 'appActivity': 'com.inkr.sport.activities.SplashActivity'}
2023-02-13 16:07:15 INFO 获取元素'(('id', 'com.inkr.sport:id/tvPopAgreementAgree'),)'失败，原因：'MyPage' object has no attribute 'driver'
2023-02-13 16:08:31 INFO 开始启动APP
2023-02-13 16:08:31 INFO 手机参数：{'platformName': 'android', 'deviceName': 'xiaomi', 'automationName': 'UiAutomator2', 'appPackage': 'com.inkr.sport', 'appActivity': 'com.inkr.sport.activities.SplashActivity'}
2023-02-13 16:09:36 INFO 开始启动APP
2023-02-13 16:09:36 INFO 手机参数：{'platformName': 'android', 'deviceName': 'xiaomi', 'automationName': 'UiAutomator2', 'appPackage': 'com.inkr.sport', 'appActivity': 'com.inkr.sport.activities.SplashActivity'}
2023-02-13 16:09:51 INFO 开始启动APP
2023-02-13 16:09:51 INFO 手机参数：{'platformName': 'android', 'deviceName': 'xiaomi', 'automationName': 'UiAutomator2', 'appPackage': 'com.inkr.sport', 'appActivity': 'com.inkr.sport.activities.SplashActivity'}
2023-02-13 16:10:14 INFO 开始启动APP
2023-02-13 16:10:14 INFO 手机参数：{'platformName': 'android', 'deviceName': 'xiaomi', 'automationName': 'UiAutomator2', 'appPackage': 'com.inkr.sport', 'appActivity': 'com.inkr.sport.activities.SplashActivity'}
2023-02-13 16:13:05 INFO 开始启动APP
2023-02-13 16:13:05 INFO 手机参数：{'platformName': 'android', 'deviceName': 'xiaomi', 'automationName': 'UiAutomator2', 'appPackage': 'com.inkr.sport', 'appActivity': 'com.inkr.sport.activities.SplashActivity'}
2023-02-13 16:13:13 INFO 启动成功
2023-02-13 16:13:14 INFO 点击元素'('id', 'com.inkr.sport:id/tvPopAgreementAgree')'完成
2023-02-13 16:13:14 INFO 开始左滑
2023-02-13 16:13:16 INFO 左滑1次
2023-02-13 16:13:17 INFO 左滑2次
2023-02-13 16:13:17 INFO 左滑完成
2023-02-13 16:13:18 INFO 点击元素'('id', 'com.inkr.sport:id/ivEnterApp')'完成
2023-02-13 16:13:25 INFO 点击元素'('id', 'com.inkr.sport:id/ivTbMine')'完成
2023-02-13 16:13:25 INFO 点击元素'('id', 'com.inkr.sport:id/tvUserName')'完成
2023-02-13 16:13:47 INFO 查找元素'账号密码登录'完成
2023-02-13 16:14:17 INFO 点击元素'账号密码登录'完成
2023-02-13 16:14:37 INFO 查找元素'请输入手机号'完成
2023-02-13 16:15:58 INFO 查找元素'请输入密码'完成
2023-02-13 16:17:02 INFO 开始启动APP
2023-02-13 16:17:02 INFO 手机参数：{'platformName': 'android', 'deviceName': 'xiaomi', 'automationName': 'UiAutomator2', 'appPackage': 'com.inkr.sport', 'appActivity': 'com.inkr.sport.activities.SplashActivity'}
2023-02-13 16:17:15 INFO 开始启动APP
2023-02-13 16:17:15 INFO 手机参数：{'platformName': 'android', 'deviceName': 'xiaomi', 'automationName': 'UiAutomator2', 'appPackage': 'com.inkr.sport', 'appActivity': 'com.inkr.sport.activities.SplashActivity'}
2023-02-13 16:17:23 INFO 启动成功
2023-02-13 16:17:23 INFO 点击元素'('id', 'com.inkr.sport:id/tvPopAgreementAgree')'完成
2023-02-13 16:17:23 INFO 开始左滑
2023-02-13 16:17:25 INFO 左滑1次
2023-02-13 16:17:26 INFO 左滑2次
2023-02-13 16:17:26 INFO 左滑完成
2023-02-13 16:17:27 INFO 点击元素'('id', 'com.inkr.sport:id/ivEnterApp')'完成
2023-02-13 16:17:31 INFO 点击元素'('id', 'com.inkr.sport:id/ivTbMine')'完成
2023-02-13 16:17:32 INFO 点击元素'('id', 'com.inkr.sport:id/tvUserName')'完成
2023-02-13 16:17:54 INFO 查找元素'账号密码登录'完成
2023-02-13 16:19:33 INFO 开始启动APP
2023-02-13 16:19:33 INFO 手机参数：{'platformName': 'android', 'deviceName': 'xiaomi', 'automationName': 'UiAutomator2', 'appPackage': 'com.inkr.sport', 'appActivity': 'com.inkr.sport.activities.SplashActivity'}
2023-02-13 16:19:42 INFO 启动成功
2023-02-13 16:19:43 INFO 点击元素'('id', 'com.inkr.sport:id/tvPopAgreementAgree')'完成
2023-02-13 16:19:43 INFO 开始左滑
2023-02-13 16:19:44 INFO 左滑1次
2023-02-13 16:19:46 INFO 左滑2次
2023-02-13 16:19:46 INFO 左滑完成
2023-02-13 16:19:46 INFO 点击元素'('id', 'com.inkr.sport:id/ivEnterApp')'完成
2023-02-13 16:19:51 INFO 点击元素'('id', 'com.inkr.sport:id/ivTbMine')'完成
2023-02-13 16:19:52 INFO 点击元素'('id', 'com.inkr.sport:id/tvUserName')'完成
2023-02-13 16:20:14 INFO 查找元素'账号密码登录'完成
2023-02-13 16:20:44 INFO 点击元素'账号密码登录'完成
2023-02-13 16:21:04 INFO 查找元素'请输入手机号'完成
2023-02-13 16:22:25 INFO 查找元素'请输入密码'完成
2023-02-13 16:24:26 INFO 点击元素'('id', 'com.inkr.sport:id/ivPolicyCheckBox')'完成
2023-02-13 16:25:17 INFO 点击元素'('id', 'com.inkr.sport:id/btLogin')'完成
2023-02-13 17:35:45 INFO 开始启动APP
2023-02-13 17:35:45 INFO 手机参数：{'platformName': 'android', 'deviceName': 'xiaomi', 'automationName': 'UiAutomator2', 'appPackage': 'com.inkr.sport', 'appActivity': 'com.inkr.sport.activities.SplashActivity'}
2023-02-13 17:37:26 INFO 开始启动APP
2023-02-13 17:37:26 INFO 手机参数：{'platformName': 'android', 'deviceName': 'xiaomi', 'automationName': 'UiAutomator2', 'appPackage': 'com.inkr.sport', 'appActivity': 'com.inkr.sport.activities.SplashActivity'}
2023-02-13 17:40:52 INFO 开始启动APP
2023-02-13 17:40:52 INFO 手机参数：{'platformName': 'android', 'deviceName': 'xiaomi', 'automationName': 'UiAutomator2', 'appPackage': 'com.inkr.sport', 'appActivity': 'com.inkr.sport.activities.SplashActivity'}
2023-02-13 17:41:52 INFO 开始启动APP
2023-02-13 17:41:52 INFO 手机参数：{'platformName': 'android', 'deviceName': 'xiaomi', 'automationName': 'UiAutomator2', 'appPackage': 'com.inkr.sport', 'appActivity': 'com.inkr.sport.activities.SplashActivity'}
2023-02-13 17:42:21 INFO 开始启动APP
2023-02-13 17:42:21 INFO 手机参数：{'platformName': 'android', 'deviceName': 'xiaomi', 'automationName': 'UiAutomator2', 'appPackage': 'com.inkr.sport', 'appActivity': 'com.inkr.sport.activities.SplashActivity'}
2023-02-13 17:46:00 INFO 开始启动APP
2023-02-13 17:46:00 INFO 手机参数：{'platformName': 'android', 'deviceName': 'xiaomi', 'automationName': 'UiAutomator2', 'appPackage': 'com.inkr.sport', 'appActivity': 'com.inkr.sport.activities.SplashActivity'}
2023-02-13 17:46:46 INFO 开始启动APP
2023-02-13 17:46:46 INFO 手机参数：{'platformName': 'android', 'deviceName': 'xiaomi', 'automationName': 'UiAutomator2', 'appPackage': 'com.inkr.sport', 'appActivity': 'com.inkr.sport.activities.SplashActivity'}
2023-02-13 17:47:28 INFO 开始启动APP
2023-02-13 17:47:28 INFO 手机参数：{'platformName': 'android', 'deviceName': 'xiaomi', 'automationName': 'UiAutomator2', 'appPackage': 'com.inkr.sport', 'appActivity': 'com.inkr.sport.activities.SplashActivity'}
2023-02-13 17:47:37 INFO 启动成功
2023-02-13 17:47:38 INFO 点击元素'('id', 'com.inkr.sport:id/tvPopAgreementAgree')'完成
2023-02-13 17:47:38 INFO 开始左滑
2023-02-13 17:47:39 INFO 左滑1次
2023-02-13 17:47:41 INFO 左滑2次
2023-02-13 17:47:41 INFO 左滑完成
2023-02-13 17:47:42 INFO 点击元素'('id', 'com.inkr.sport:id/ivEnterApp')'完成
2023-02-13 17:48:02 INFO 开始启动APP
2023-02-13 17:48:02 INFO 手机参数：{'platformName': 'android', 'deviceName': 'xiaomi', 'automationName': 'UiAutomator2', 'appPackage': 'com.inkr.sport', 'appActivity': 'com.inkr.sport.activities.SplashActivity'}
2023-02-13 17:48:11 INFO 启动成功
2023-02-13 17:48:12 INFO 点击元素'('id', 'com.inkr.sport:id/tvPopAgreementAgree')'完成
2023-02-13 17:48:12 INFO 开始左滑
2023-02-13 17:48:14 INFO 左滑1次
2023-02-13 17:48:15 INFO 左滑2次
2023-02-13 17:48:15 INFO 左滑完成
2023-02-13 17:48:16 INFO 点击元素'('id', 'com.inkr.sport:id/ivEnterApp')'完成
2023-02-13 17:48:19 INFO 点击元素'('id', 'com.inkr.sport:id/ivTbMine')'完成
2023-02-13 17:49:25 INFO 开始启动APP
2023-02-13 17:49:25 INFO 手机参数：{'platformName': 'android', 'deviceName': 'xiaomi', 'automationName': 'UiAutomator2', 'appPackage': 'com.inkr.sport', 'appActivity': 'com.inkr.sport.activities.SplashActivity'}
2023-02-13 17:49:32 INFO 启动成功
2023-02-13 17:49:33 INFO 点击元素'('id', 'com.inkr.sport:id/tvPopAgreementAgree')'完成
2023-02-13 17:49:33 INFO 开始左滑
2023-02-13 17:49:34 INFO 左滑1次
2023-02-13 17:49:36 INFO 左滑2次
2023-02-13 17:49:36 INFO 左滑完成
2023-02-13 17:49:36 INFO 点击元素'('id', 'com.inkr.sport:id/ivEnterApp')'完成
2023-02-13 17:49:41 INFO 点击元素'('id', 'com.inkr.sport:id/ivTbMine')'完成
2023-02-13 17:50:01 INFO 开始启动APP
2023-02-13 17:50:01 INFO 手机参数：{'platformName': 'android', 'deviceName': 'xiaomi', 'automationName': 'UiAutomator2', 'appPackage': 'com.inkr.sport', 'appActivity': 'com.inkr.sport.activities.SplashActivity'}
2023-02-13 17:50:10 INFO 启动成功
2023-02-13 17:50:12 INFO 点击元素'('id', 'com.inkr.sport:id/tvPopAgreementAgree')'完成
2023-02-13 17:50:12 INFO 开始左滑
2023-02-13 17:50:13 INFO 左滑1次
2023-02-13 17:50:15 INFO 左滑2次
2023-02-13 17:50:15 INFO 左滑完成
2023-02-13 17:50:15 INFO 点击元素'('id', 'com.inkr.sport:id/ivEnterApp')'完成
2023-02-13 17:50:19 INFO 点击元素'('id', 'com.inkr.sport:id/ivTbMine')'完成
2023-02-13 17:50:19 INFO 获取元素'('com.inkr.sport:id/tvUserName',)'失败，原因：find_element() takes from 1 to 3 positional arguments but 29 were given
2023-02-13 17:55:06 INFO 开始启动APP
2023-02-13 17:55:06 INFO 手机参数：{'platformName': 'android', 'deviceName': 'xiaomi', 'automationName': 'UiAutomator2', 'appPackage': 'com.inkr.sport', 'appActivity': 'com.inkr.sport.activities.SplashActivity'}
2023-02-13 17:55:13 INFO 启动成功
2023-02-13 17:55:15 INFO 点击元素'('id', 'com.inkr.sport:id/tvPopAgreementAgree')'完成
2023-02-13 17:55:15 INFO 开始左滑
2023-02-13 17:55:16 INFO 左滑1次
2023-02-13 17:55:18 INFO 左滑2次
2023-02-13 17:55:18 INFO 左滑完成
2023-02-13 17:55:18 INFO 点击元素'('id', 'com.inkr.sport:id/ivEnterApp')'完成
2023-02-13 17:55:24 INFO 点击元素'('id', 'com.inkr.sport:id/ivTbMine')'完成
2023-02-13 17:55:55 INFO 开始启动APP
2023-02-13 17:55:55 INFO 手机参数：{'platformName': 'android', 'deviceName': 'xiaomi', 'automationName': 'UiAutomator2', 'appPackage': 'com.inkr.sport', 'appActivity': 'com.inkr.sport.activities.SplashActivity'}
2023-02-13 17:56:04 INFO 启动成功
2023-02-13 17:56:05 INFO 点击元素'('id', 'com.inkr.sport:id/tvPopAgreementAgree')'完成
2023-02-13 17:56:05 INFO 开始左滑
2023-02-13 17:56:06 INFO 左滑1次
2023-02-13 17:56:07 INFO 左滑2次
2023-02-13 17:56:07 INFO 左滑完成
2023-02-13 17:56:08 INFO 点击元素'('id', 'com.inkr.sport:id/ivEnterApp')'完成
2023-02-13 17:56:13 INFO 点击元素'('id', 'com.inkr.sport:id/ivTbMine')'完成
2023-02-13 17:56:13 INFO 获取元素'('By.ID,"com.inkr.sport:id/tvUserName"',)'失败，原因：find_element() takes from 1 to 3 positional arguments but 37 were given
2023-02-13 17:59:46 INFO 开始启动APP
2023-02-13 17:59:46 INFO 手机参数：{'platformName': 'android', 'deviceName': 'xiaomi', 'automationName': 'UiAutomator2', 'appPackage': 'com.inkr.sport', 'appActivity': 'com.inkr.sport.activities.SplashActivity'}
2023-02-13 17:59:54 INFO 启动成功
2023-02-13 17:59:55 INFO 点击元素'('id', 'com.inkr.sport:id/tvPopAgreementAgree')'完成
2023-02-13 17:59:55 INFO 开始左滑
2023-02-13 17:59:57 INFO 左滑1次
2023-02-13 17:59:58 INFO 左滑2次
2023-02-13 17:59:58 INFO 左滑完成
2023-02-13 17:59:59 INFO 点击元素'('id', 'com.inkr.sport:id/ivEnterApp')'完成
2023-02-13 18:00:05 INFO 点击元素'('id', 'com.inkr.sport:id/ivTbMine')'完成
2023-02-13 18:00:05 INFO 获取元素'('id', 'com.inkr.sport:id/tvUserName')'失败，原因：visibility_of_element_located() takes 1 positional argument but 2 were given
2023-02-13 18:02:03 INFO 开始启动APP
2023-02-13 18:02:03 INFO 手机参数：{'platformName': 'android', 'deviceName': 'xiaomi', 'automationName': 'UiAutomator2', 'appPackage': 'com.inkr.sport', 'appActivity': 'com.inkr.sport.activities.SplashActivity'}
2023-02-13 18:02:10 INFO 启动成功
2023-02-13 18:02:10 INFO 点击元素'('id', 'com.inkr.sport:id/tvPopAgreementAgree')'完成
2023-02-13 18:02:10 INFO 开始左滑
2023-02-13 18:02:12 INFO 左滑1次
2023-02-13 18:02:13 INFO 左滑2次
2023-02-13 18:02:13 INFO 左滑完成
2023-02-13 18:02:14 INFO 点击元素'('id', 'com.inkr.sport:id/ivEnterApp')'完成
2023-02-13 18:02:18 INFO 点击元素'('id', 'com.inkr.sport:id/ivTbMine')'完成
2023-02-13 18:03:26 INFO 开始启动APP
2023-02-13 18:03:26 INFO 手机参数：{'platformName': 'android', 'deviceName': 'xiaomi', 'automationName': 'UiAutomator2', 'appPackage': 'com.inkr.sport', 'appActivity': 'com.inkr.sport.activities.SplashActivity'}
2023-02-13 18:03:33 INFO 启动成功
2023-02-13 18:03:35 INFO 点击元素'('id', 'com.inkr.sport:id/tvPopAgreementAgree')'完成
2023-02-13 18:03:35 INFO 开始左滑
2023-02-13 18:03:36 INFO 左滑1次
2023-02-13 18:03:38 INFO 左滑2次
2023-02-13 18:03:38 INFO 左滑完成
2023-02-13 18:03:39 INFO 点击元素'('id', 'com.inkr.sport:id/ivEnterApp')'完成
2023-02-13 18:03:43 INFO 点击元素'('id', 'com.inkr.sport:id/ivTbMine')'完成
2023-02-13 18:05:08 INFO 开始启动APP
2023-02-13 18:05:08 INFO 手机参数：{'platformName': 'android', 'deviceName': 'xiaomi', 'automationName': 'UiAutomator2', 'appPackage': 'com.inkr.sport', 'appActivity': 'com.inkr.sport.activities.SplashActivity'}
2023-02-13 18:05:15 INFO 启动成功
2023-02-13 18:05:16 INFO 点击元素'('id', 'com.inkr.sport:id/tvPopAgreementAgree')'完成
2023-02-13 18:05:16 INFO 开始左滑
2023-02-13 18:05:18 INFO 左滑1次
2023-02-13 18:05:19 INFO 左滑2次
2023-02-13 18:05:19 INFO 左滑完成
2023-02-13 18:05:20 INFO 点击元素'('id', 'com.inkr.sport:id/ivEnterApp')'完成
2023-02-13 18:05:25 INFO 点击元素'('id', 'com.inkr.sport:id/ivTbMine')'完成
2023-02-13 18:06:16 INFO 开始启动APP
2023-02-13 18:06:16 INFO 手机参数：{'platformName': 'android', 'deviceName': 'xiaomi', 'automationName': 'UiAutomator2', 'appPackage': 'com.inkr.sport', 'appActivity': 'com.inkr.sport.activities.SplashActivity'}
2023-02-13 18:06:25 INFO 启动成功
2023-02-13 18:06:42 INFO 点击元素'('id', 'com.inkr.sport:id/tvPopAgreementAgree')'完成
2023-02-13 18:06:42 INFO 开始左滑
2023-02-13 18:06:44 INFO 左滑1次
2023-02-13 18:06:45 INFO 左滑2次
2023-02-13 18:06:45 INFO 左滑完成
2023-02-13 18:06:46 INFO 点击元素'('id', 'com.inkr.sport:id/ivEnterApp')'完成
2023-02-13 18:06:52 INFO 点击元素'('id', 'com.inkr.sport:id/ivTbMine')'完成
2023-02-13 18:07:31 INFO 开始启动APP
2023-02-13 18:07:31 INFO 手机参数：{'platformName': 'android', 'deviceName': 'xiaomi', 'automationName': 'UiAutomator2', 'appPackage': 'com.inkr.sport', 'appActivity': 'com.inkr.sport.activities.SplashActivity'}
2023-02-13 18:07:39 INFO 启动成功
2023-02-13 18:07:40 INFO 点击元素'('id', 'com.inkr.sport:id/tvPopAgreementAgree')'完成
2023-02-13 18:07:40 INFO 开始左滑
2023-02-13 18:07:42 INFO 左滑1次
2023-02-13 18:07:43 INFO 左滑2次
2023-02-13 18:07:43 INFO 左滑完成
2023-02-13 18:07:44 INFO 点击元素'('id', 'com.inkr.sport:id/ivEnterApp')'完成
2023-02-13 18:07:48 INFO 点击元素'('id', 'com.inkr.sport:id/ivTbMine')'完成
2023-02-13 18:18:44 INFO 开始启动APP
2023-02-13 18:18:44 INFO 手机参数：{'platformName': 'android', 'deviceName': 'xiaomi', 'automationName': 'UiAutomator2', 'appPackage': 'com.inkr.sport', 'appActivity': 'com.inkr.sport.activities.SplashActivity'}
2023-02-13 18:18:54 INFO 启动成功
2023-02-13 18:19:14 INFO 获取元素'(('id', 'com.inkr.sport:id/tvPopAgreementAgree'),)'失败，原因：Message: 
Stacktrace:
NoSuchElementError: An element could not be located on the page using the given search parameters.
    at AndroidUiautomator2Driver.findElOrEls (E:\Appium-Server-GUI-windows-1.22.3-4\resources\app\node_modules\appium\node_modules\appium-android-driver\lib\commands\find.js:75:11)
    at runMicrotasks (<anonymous>)
    at processTicksAndRejections (internal/process/task_queues.js:97:5)
    at AndroidUiautomator2Driver.findElOrElsWithProcessing (E:\Appium-Server-GUI-windows-1.22.3-4\resources\app\node_modules\appium\node_modules\appium-base-driver\lib\basedriver\commands\find.js:33:12)
    at AndroidUiautomator2Driver.findElement (E:\Appium-Server-GUI-windows-1.22.3-4\resources\app\node_modules\appium\node_modules\appium-base-driver\lib\basedriver\commands\find.js:53:10)
2023-02-13 18:19:48 INFO 开始启动APP
2023-02-13 18:19:48 INFO 手机参数：{'platformName': 'android', 'deviceName': 'xiaomi', 'automationName': 'UiAutomator2', 'appPackage': 'com.inkr.sport', 'appActivity': 'com.inkr.sport.activities.SplashActivity'}
2023-02-13 18:20:00 INFO 启动成功
2023-02-13 18:20:20 INFO 获取元素'(('id', 'com.inkr.sport:id/tvPopAgreementAgree'),)'失败，原因：Message: 
Stacktrace:
NoSuchElementError: An element could not be located on the page using the given search parameters.
    at AndroidUiautomator2Driver.findElOrEls (E:\Appium-Server-GUI-windows-1.22.3-4\resources\app\node_modules\appium\node_modules\appium-android-driver\lib\commands\find.js:75:11)
    at runMicrotasks (<anonymous>)
    at processTicksAndRejections (internal/process/task_queues.js:97:5)
    at AndroidUiautomator2Driver.findElOrElsWithProcessing (E:\Appium-Server-GUI-windows-1.22.3-4\resources\app\node_modules\appium\node_modules\appium-base-driver\lib\basedriver\commands\find.js:33:12)
    at AndroidUiautomator2Driver.findElement (E:\Appium-Server-GUI-windows-1.22.3-4\resources\app\node_modules\appium\node_modules\appium-base-driver\lib\basedriver\commands\find.js:53:10)
2023-02-13 18:21:14 INFO 开始启动APP
2023-02-13 18:21:14 INFO 手机参数：{'platformName': 'android', 'deviceName': 'xiaomi', 'automationName': 'UiAutomator2', 'appPackage': 'com.inkr.sport', 'appActivity': 'com.inkr.sport.activities.SplashActivity'}
2023-02-13 18:21:16 WARNING Retrying (Retry(total=2, connect=None, read=None, redirect=None, status=None)) after connection broken by 'NewConnectionError('<urllib3.connection.HTTPConnection object at 0x0000023697E93C08>: Failed to establish a new connection: [WinError 10061] 由于目标计算机积极拒绝，无法连接。')': /wd/hub/session
2023-02-13 18:21:18 WARNING Retrying (Retry(total=1, connect=None, read=None, redirect=None, status=None)) after connection broken by 'NewConnectionError('<urllib3.connection.HTTPConnection object at 0x0000023697EB3D88>: Failed to establish a new connection: [WinError 10061] 由于目标计算机积极拒绝，无法连接。')': /wd/hub/session
2023-02-13 18:21:20 WARNING Retrying (Retry(total=0, connect=None, read=None, redirect=None, status=None)) after connection broken by 'NewConnectionError('<urllib3.connection.HTTPConnection object at 0x0000023697EBD6C8>: Failed to establish a new connection: [WinError 10061] 由于目标计算机积极拒绝，无法连接。')': /wd/hub/session
2023-02-13 18:21:42 INFO 开始启动APP
2023-02-13 18:21:42 INFO 手机参数：{'platformName': 'android', 'deviceName': 'xiaomi', 'automationName': 'UiAutomator2', 'appPackage': 'com.inkr.sport', 'appActivity': 'com.inkr.sport.activities.SplashActivity'}
2023-02-13 18:21:44 WARNING Retrying (Retry(total=2, connect=None, read=None, redirect=None, status=None)) after connection broken by 'NewConnectionError('<urllib3.connection.HTTPConnection object at 0x00000226BF953608>: Failed to establish a new connection: [WinError 10061] 由于目标计算机积极拒绝，无法连接。')': /wd/hub/session
2023-02-13 18:21:46 WARNING Retrying (Retry(total=1, connect=None, read=None, redirect=None, status=None)) after connection broken by 'NewConnectionError('<urllib3.connection.HTTPConnection object at 0x00000226BF97C048>: Failed to establish a new connection: [WinError 10061] 由于目标计算机积极拒绝，无法连接。')': /wd/hub/session
2023-02-13 18:21:48 WARNING Retrying (Retry(total=0, connect=None, read=None, redirect=None, status=None)) after connection broken by 'NewConnectionError('<urllib3.connection.HTTPConnection object at 0x00000226BF97C8C8>: Failed to establish a new connection: [WinError 10061] 由于目标计算机积极拒绝，无法连接。')': /wd/hub/session
2023-02-13 18:25:02 INFO 开始启动APP
2023-02-13 18:25:02 INFO 手机参数：{'platformName': 'android', 'deviceName': 'xiaomi', 'automationName': 'UiAutomator2', 'appPackage': 'com.inkr.sport', 'appActivity': 'com.inkr.sport.activities.SplashActivity'}
2023-02-13 18:25:12 INFO 启动成功
2023-02-13 18:25:13 INFO 点击元素'('id', 'com.inkr.sport:id/tvPopAgreementAgree')'完成
2023-02-13 18:25:13 INFO 开始左滑
2023-02-13 18:25:14 INFO 左滑1次
2023-02-13 18:25:16 INFO 左滑2次
2023-02-13 18:25:16 INFO 左滑完成
2023-02-13 18:25:17 INFO 点击元素'('id', 'com.inkr.sport:id/ivEnterApp')'完成
2023-02-13 18:25:22 INFO 点击元素'('id', 'com.inkr.sport:id/ivTbMine')'完成
2023-02-13 18:26:18 INFO 开始启动APP
2023-02-13 18:26:18 INFO 手机参数：{'platformName': 'android', 'deviceName': 'xiaomi', 'automationName': 'UiAutomator2', 'appPackage': 'com.inkr.sport', 'appActivity': 'com.inkr.sport.activities.SplashActivity'}
2023-02-13 18:26:27 INFO 启动成功
2023-02-13 18:26:28 INFO 点击元素'('id', 'com.inkr.sport:id/tvPopAgreementAgree')'完成
2023-02-13 18:26:28 INFO 开始左滑
2023-02-13 18:26:30 INFO 左滑1次
2023-02-13 18:26:31 INFO 左滑2次
2023-02-13 18:26:31 INFO 左滑完成
2023-02-13 18:26:32 INFO 点击元素'('id', 'com.inkr.sport:id/ivEnterApp')'完成
2023-02-13 18:26:36 INFO 点击元素'('id', 'com.inkr.sport:id/ivTbMine')'完成
2023-02-13 18:28:19 INFO 开始启动APP
2023-02-13 18:28:19 INFO 手机参数：{'platformName': 'android', 'deviceName': 'xiaomi', 'automationName': 'UiAutomator2', 'appPackage': 'com.inkr.sport', 'appActivity': 'com.inkr.sport.activities.SplashActivity'}
2023-02-13 18:28:27 INFO 启动成功
2023-02-13 18:28:29 INFO 点击元素'('id', 'com.inkr.sport:id/tvPopAgreementAgree')'完成
2023-02-13 18:28:29 INFO 开始左滑
2023-02-13 18:28:30 INFO 左滑1次
2023-02-13 18:28:32 INFO 左滑2次
2023-02-13 18:28:32 INFO 左滑完成
2023-02-13 18:28:32 INFO 点击元素'('id', 'com.inkr.sport:id/ivEnterApp')'完成
2023-02-13 18:28:36 INFO 点击元素'('id', 'com.inkr.sport:id/ivTbMine')'完成
2023-02-13 18:29:02 INFO 开始启动APP
2023-02-13 18:29:02 INFO 手机参数：{'platformName': 'android', 'deviceName': 'xiaomi', 'automationName': 'UiAutomator2', 'appPackage': 'com.inkr.sport', 'appActivity': 'com.inkr.sport.activities.SplashActivity'}
2023-02-13 18:29:10 INFO 启动成功
2023-02-13 18:29:11 INFO 点击元素'('id', 'com.inkr.sport:id/tvPopAgreementAgree')'完成
2023-02-13 18:29:11 INFO 开始左滑
2023-02-13 18:29:13 INFO 左滑1次
2023-02-13 18:29:14 INFO 左滑2次
2023-02-13 18:29:14 INFO 左滑完成
2023-02-13 18:29:15 INFO 点击元素'('id', 'com.inkr.sport:id/ivEnterApp')'完成
2023-02-13 18:29:20 INFO 点击元素'('id', 'com.inkr.sport:id/ivTbMine')'完成
2023-02-13 18:29:37 INFO 开始启动APP
2023-02-13 18:29:37 INFO 手机参数：{'platformName': 'android', 'deviceName': 'xiaomi', 'automationName': 'UiAutomator2', 'appPackage': 'com.inkr.sport', 'appActivity': 'com.inkr.sport.activities.SplashActivity'}
2023-02-13 18:29:46 INFO 启动成功
2023-02-13 18:29:48 INFO 点击元素'('id', 'com.inkr.sport:id/tvPopAgreementAgree')'完成
2023-02-13 18:29:48 INFO 开始左滑
2023-02-13 18:29:49 INFO 左滑1次
2023-02-13 18:29:51 INFO 左滑2次
2023-02-13 18:29:51 INFO 左滑完成
2023-02-13 18:29:52 INFO 点击元素'('id', 'com.inkr.sport:id/ivEnterApp')'完成
2023-02-13 18:29:57 INFO 点击元素'('id', 'com.inkr.sport:id/ivTbMine')'完成
