2023-03-06 14:52:37 INFO *********开始启动APP*********
2023-03-06 14:52:37 INFO 手机参数：{'platformName': 'android', 'deviceName': 'xiaomi', 'automationName': 'UiAutomator2', 'appPackage': 'com.inkr.sport', 'appActivity': 'com.inkr.sport.activities.SplashActivity'}
2023-03-06 14:52:55 INFO *********开始启动APP*********
2023-03-06 14:52:55 INFO 手机参数：{'platformName': 'android', 'deviceName': 'xiaomi', 'automationName': 'UiAutomator2', 'appPackage': 'com.inkr.sport', 'appActivity': 'com.inkr.sport.activities.SplashActivity'}
2023-03-06 14:54:27 INFO *********开始启动APP*********
2023-03-06 14:54:27 INFO 手机参数：{'platformName': 'android', 'deviceName': 'xiaomi', 'automationName': 'UiAutomator2', 'appPackage': 'com.inkr.sport', 'appActivity': 'com.inkr.sport.activities.SplashActivity'}
2023-03-06 14:55:02 INFO *********开始启动APP*********
2023-03-06 14:55:02 INFO 手机参数：{'platformName': 'android', 'deviceName': 'xiaomi', 'automationName': 'UiAutomator2', 'appPackage': 'com.inkr.sport', 'appActivity': 'com.inkr.sport.activities.SplashActivity'}
2023-03-06 14:55:19 INFO *********开始启动APP*********
2023-03-06 14:55:19 INFO 手机参数：{'platformName': 'android', 'deviceName': 'xiaomi', 'automationName': 'UiAutomator2', 'appPackage': 'com.inkr.sport', 'appActivity': 'com.inkr.sport.activities.SplashActivity'}
2023-03-06 14:55:43 INFO *********开始启动APP*********
2023-03-06 14:55:43 INFO 手机参数：{'platformName': 'android', 'deviceName': 'xiaomi', 'automationName': 'UiAutomator2', 'appPackage': 'com.inkr.sport', 'appActivity': 'com.inkr.sport.activities.SplashActivity'}
2023-03-06 14:55:46 WARNING Retrying (Retry(total=2, connect=None, read=None, redirect=None, status=None)) after connection broken by 'NewConnectionError('<urllib3.connection.HTTPConnection object at 0x000001CFDEB17C88>: Failed to establish a new connection: [WinError 10061] 由于目标计算机积极拒绝，无法连接。')': /wd/hub/session
2023-03-06 14:55:48 WARNING Retrying (Retry(total=1, connect=None, read=None, redirect=None, status=None)) after connection broken by 'NewConnectionError('<urllib3.connection.HTTPConnection object at 0x000001CFDEB15AC8>: Failed to establish a new connection: [WinError 10061] 由于目标计算机积极拒绝，无法连接。')': /wd/hub/session
2023-03-06 14:55:50 WARNING Retrying (Retry(total=0, connect=None, read=None, redirect=None, status=None)) after connection broken by 'NewConnectionError('<urllib3.connection.HTTPConnection object at 0x000001CFDEB29388>: Failed to establish a new connection: [WinError 10061] 由于目标计算机积极拒绝，无法连接。')': /wd/hub/session
2023-03-06 14:56:08 INFO *********开始启动APP*********
2023-03-06 14:56:08 INFO 手机参数：{'platformName': 'android', 'deviceName': 'xiaomi', 'automationName': 'UiAutomator2', 'appPackage': 'com.inkr.sport', 'appActivity': 'com.inkr.sport.activities.SplashActivity'}
2023-03-06 14:56:39 INFO *********开始启动APP*********
2023-03-06 14:56:39 INFO 手机参数：{'platformName': 'android', 'deviceName': 'xiaomi', 'automationName': 'UiAutomator2', 'appPackage': 'com.inkr.sport', 'appActivity': 'com.inkr.sport.activities.SplashActivity'}
2023-03-06 14:56:50 INFO *********启动成功*********
2023-03-06 14:56:51 INFO 点击元素'('id', 'com.inkr.sport:id/tvPopAgreementAgree')'完成
2023-03-06 14:56:51 INFO 开始左滑
2023-03-06 14:56:53 INFO 左滑1次
2023-03-06 14:56:54 INFO 左滑2次
2023-03-06 14:56:54 INFO 左滑完成
2023-03-06 14:56:55 INFO 点击元素'('id', 'com.inkr.sport:id/ivEnterApp')'完成
2023-03-06 14:57:00 INFO 点击元素'('id', 'com.inkr.sport:id/ivTbMine')'完成
2023-03-06 14:57:00 INFO 点击元素'('id', 'com.inkr.sport:id/tvUserName')'完成
2023-03-06 14:57:21 INFO 查找元素'验证码登录'完成
2023-03-06 14:57:51 INFO 点击元素'验证码登录'完成
2023-03-06 14:58:11 INFO 查找元素'请输入手机号'完成
2023-03-06 14:59:32 ERROR 获取text元素'请输入密码'失败，原因：Message: An element could not be located on the page using the given search parameters.
Stacktrace:
NoSuchElementError: An element could not be located on the page using the given search parameters.
    at AndroidUiautomator2Driver.findElOrEls (E:\Appium-Server-GUI-windows-1.22.3-4\resources\app\node_modules\appium\node_modules\appium-android-driver\lib\commands\find.js:75:11)
    at runMicrotasks (<anonymous>)
    at processTicksAndRejections (internal/process/task_queues.js:97:5)
    at AndroidUiautomator2Driver.findElOrElsWithProcessing (E:\Appium-Server-GUI-windows-1.22.3-4\resources\app\node_modules\appium\node_modules\appium-base-driver\lib\basedriver\commands\find.js:33:12)
    at AndroidUiautomator2Driver.findElement (E:\Appium-Server-GUI-windows-1.22.3-4\resources\app\node_modules\appium\node_modules\appium-base-driver\lib\basedriver\commands\find.js:53:10)
2023-03-06 15:02:40 INFO *********开始启动APP*********
2023-03-06 15:02:40 INFO 手机参数：{'platformName': 'android', 'deviceName': 'xiaomi', 'automationName': 'UiAutomator2', 'appPackage': 'com.inkr.sport', 'appActivity': 'com.inkr.sport.activities.SplashActivity'}
2023-03-06 15:02:49 INFO *********启动成功*********
2023-03-06 15:02:50 INFO 点击元素'('id', 'com.inkr.sport:id/tvPopAgreementAgree')'完成
2023-03-06 15:02:50 INFO 开始左滑
2023-03-06 15:02:52 INFO 左滑1次
2023-03-06 15:02:53 INFO 左滑2次
2023-03-06 15:02:53 INFO 左滑完成
2023-03-06 15:02:54 INFO 点击元素'('id', 'com.inkr.sport:id/ivEnterApp')'完成
2023-03-06 15:02:59 INFO 点击元素'('id', 'com.inkr.sport:id/ivTbMine')'完成
2023-03-06 15:03:00 INFO 点击元素'('id', 'com.inkr.sport:id/tvUserName')'完成
2023-03-06 15:03:22 INFO 查找元素'验证码登录'完成
2023-03-06 15:03:52 INFO 点击元素'验证码登录'完成
2023-03-06 15:04:12 INFO 查找元素'请输入手机号'完成
2023-03-06 15:04:48 INFO *********开始启动APP*********
2023-03-06 15:04:48 INFO 手机参数：{'platformName': 'android', 'deviceName': 'xiaomi', 'automationName': 'UiAutomator2', 'appPackage': 'com.inkr.sport', 'appActivity': 'com.inkr.sport.activities.SplashActivity'}
2023-03-06 15:04:57 INFO *********启动成功*********
2023-03-06 15:04:58 INFO 点击元素'('id', 'com.inkr.sport:id/tvPopAgreementAgree')'完成
2023-03-06 15:04:58 INFO 开始左滑
2023-03-06 15:04:59 INFO 左滑1次
2023-03-06 15:05:01 INFO 左滑2次
2023-03-06 15:05:01 INFO 左滑完成
2023-03-06 15:05:02 INFO 点击元素'('id', 'com.inkr.sport:id/ivEnterApp')'完成
2023-03-06 15:05:07 INFO 点击元素'('id', 'com.inkr.sport:id/ivTbMine')'完成
2023-03-06 15:05:07 INFO 点击元素'('id', 'com.inkr.sport:id/tvUserName')'完成
2023-03-06 15:05:17 INFO 查找元素'账号密码登录'完成
2023-03-06 15:05:48 INFO 点击元素'账号密码登录'完成
2023-03-06 15:06:08 INFO 查找元素'请输入手机号'完成
2023-03-06 15:07:28 INFO 查找元素'请输入密码'完成
2023-03-06 15:09:29 INFO 点击元素'('id', 'com.inkr.sport:id/ivPolicyCheckBox')'完成
2023-03-06 15:10:30 INFO 点击元素'('id', 'com.inkr.sport:id/btLogin')'完成
2023-03-06 15:16:42 INFO 555
2023-03-06 15:28:31 INFO *********开始启动APP*********
2023-03-06 15:28:31 INFO 手机参数：{'platformName': 'android', 'deviceName': 'xiaomi', 'automationName': 'UiAutomator2', 'appPackage': 'com.inkr.sport', 'appActivity': 'com.inkr.sport.activities.SplashActivity'}
2023-03-06 15:28:39 INFO *********启动成功*********
2023-03-06 15:28:40 INFO 点击元素'('id', 'com.inkr.sport:id/tvPopAgreementAgree')'完成
2023-03-06 15:28:40 INFO 开始左滑
2023-03-06 15:28:41 INFO 左滑1次
2023-03-06 15:28:43 INFO 左滑2次
2023-03-06 15:28:43 INFO 左滑完成
2023-03-06 15:28:44 INFO 点击元素'('id', 'com.inkr.sport:id/ivEnterApp')'完成
2023-03-06 15:28:49 INFO 点击元素'('id', 'com.inkr.sport:id/ivTbMine')'完成
2023-03-06 15:28:50 INFO 点击元素'('id', 'com.inkr.sport:id/tvUserName')'完成
2023-03-06 15:29:10 INFO 查找元素'账号密码登录'完成
2023-03-06 15:29:40 INFO 点击元素'账号密码登录'完成
2023-03-06 15:30:00 INFO 查找元素'请输入手机号'完成
2023-03-06 15:31:21 INFO 查找元素'请输入密码'完成
2023-03-06 15:33:22 INFO 点击元素'('id', 'com.inkr.sport:id/ivPolicyCheckBox')'完成
2023-03-06 15:34:22 INFO 点击元素'('id', 'com.inkr.sport:id/btLogin')'完成
2023-03-06 15:34:22 INFO 登录成功账号:13000000010 密码：abc123456
2023-03-06 15:37:29 INFO *********开始启动APP*********
2023-03-06 15:37:29 INFO 手机参数：{'platformName': 'android', 'deviceName': 'xiaomi', 'automationName': 'UiAutomator2', 'appPackage': 'com.inkr.sport', 'appActivity': 'com.inkr.sport.activities.SplashActivity'}
2023-03-06 15:37:37 INFO *********启动成功*********
2023-03-06 15:37:39 INFO 点击元素'('id', 'com.inkr.sport:id/tvPopAgreementAgree')'完成
2023-03-06 15:37:39 INFO 开始左滑
2023-03-06 15:37:40 INFO 左滑1次
2023-03-06 15:37:42 INFO 左滑2次
2023-03-06 15:37:42 INFO 左滑完成
2023-03-06 15:37:42 INFO 点击元素'('id', 'com.inkr.sport:id/ivEnterApp')'完成
2023-03-06 15:37:48 INFO 点击元素'('id', 'com.inkr.sport:id/ivTbMine')'完成
2023-03-06 15:37:48 INFO 点击元素'('id', 'com.inkr.sport:id/tvUserName')'完成
2023-03-06 15:37:58 INFO 查找元素'账号密码登录'完成
2023-03-06 15:38:29 INFO 点击元素'账号密码登录'完成
2023-03-06 15:38:49 INFO 查找元素'请输入手机号'完成
2023-03-06 15:40:09 INFO 查找元素'请输入密码'完成
2023-03-06 15:42:10 INFO 点击元素'('id', 'com.inkr.sport:id/ivPolicyCheckBox')'完成
2023-03-06 15:43:01 INFO 点击元素'('id', 'com.inkr.sport:id/btLogin')'完成
2023-03-06 15:43:01 INFO 登录成功账号:13000000010 密码：abc123456
2023-03-06 15:43:05 INFO 点击元素'('id', 'com.inkr.sport:id/tvExpert')'完成
2023-03-06 15:43:06 INFO 点击元素'('id', 'com.inkr.sport:id/tvMenuName')'完成
2023-03-06 15:43:07 INFO 点击元素'('id', 'com.inkr.sport:id/tvNotMind')'完成
2023-03-06 15:43:08 INFO 点击元素'('id', 'com.inkr.sport:id/tvConfirm')'完成
2023-03-06 15:43:09 INFO 点击元素'('id', 'com.inkr.sport:id/tvIKnow')'完成
2023-03-06 15:43:09 INFO 点击元素'('id', 'com.inkr.sport:id/rlAddMatch')'完成
2023-03-06 15:43:30 ERROR 获取元素'(('id', '//*[@resource-id="com.inkr.sport:id/recyclerView"]/android.view.ViewGroup[2]'),)'失败，原因：Message: 
Stacktrace:
NoSuchElementError: An element could not be located on the page using the given search parameters.
    at AndroidUiautomator2Driver.findElOrEls (E:\Appium-Server-GUI-windows-1.22.3-4\resources\app\node_modules\appium\node_modules\appium-android-driver\lib\commands\find.js:75:11)
    at processTicksAndRejections (internal/process/task_queues.js:97:5)
    at AndroidUiautomator2Driver.findElOrElsWithProcessing (E:\Appium-Server-GUI-windows-1.22.3-4\resources\app\node_modules\appium\node_modules\appium-base-driver\lib\basedriver\commands\find.js:33:12)
    at AndroidUiautomator2Driver.findElement (E:\Appium-Server-GUI-windows-1.22.3-4\resources\app\node_modules\appium\node_modules\appium-base-driver\lib\basedriver\commands\find.js:53:10)
2023-03-06 15:47:17 INFO *********开始启动APP*********
2023-03-06 15:47:17 INFO 手机参数：{'platformName': 'android', 'deviceName': 'xiaomi', 'automationName': 'UiAutomator2', 'appPackage': 'com.inkr.sport', 'appActivity': 'com.inkr.sport.activities.SplashActivity'}
2023-03-06 15:47:19 WARNING Retrying (Retry(total=2, connect=None, read=None, redirect=None, status=None)) after connection broken by 'NewConnectionError('<urllib3.connection.HTTPConnection object at 0x000002A4EADB5AC8>: Failed to establish a new connection: [WinError 10061] 由于目标计算机积极拒绝，无法连接。')': /wd/hub/session
2023-03-06 15:47:21 WARNING Retrying (Retry(total=1, connect=None, read=None, redirect=None, status=None)) after connection broken by 'NewConnectionError('<urllib3.connection.HTTPConnection object at 0x000002A4EADB2C88>: Failed to establish a new connection: [WinError 10061] 由于目标计算机积极拒绝，无法连接。')': /wd/hub/session
2023-03-06 15:47:23 WARNING Retrying (Retry(total=0, connect=None, read=None, redirect=None, status=None)) after connection broken by 'NewConnectionError('<urllib3.connection.HTTPConnection object at 0x000002A4EADD2848>: Failed to establish a new connection: [WinError 10061] 由于目标计算机积极拒绝，无法连接。')': /wd/hub/session
2023-03-06 15:47:44 INFO *********开始启动APP*********
2023-03-06 15:47:44 INFO 手机参数：{'platformName': 'android', 'deviceName': 'xiaomi', 'automationName': 'UiAutomator2', 'appPackage': 'com.inkr.sport', 'appActivity': 'com.inkr.sport.activities.SplashActivity'}
2023-03-06 15:49:17 INFO *********开始启动APP*********
2023-03-06 15:49:17 INFO 手机参数：{'platformName': 'android', 'deviceName': 'xiaomi', 'automationName': 'UiAutomator2', 'appPackage': 'com.inkr.sport', 'appActivity': 'com.inkr.sport.activities.SplashActivity'}
2023-03-06 15:49:38 INFO *********开始启动APP*********
2023-03-06 15:49:38 INFO 手机参数：{'platformName': 'android', 'deviceName': 'xiaomi', 'automationName': 'UiAutomator2', 'appPackage': 'com.inkr.sport', 'appActivity': 'com.inkr.sport.activities.SplashActivity'}
2023-03-06 15:49:55 INFO *********开始启动APP*********
2023-03-06 15:49:55 INFO 手机参数：{'platformName': 'android', 'deviceName': 'xiaomi', 'automationName': 'UiAutomator2', 'appPackage': 'com.inkr.sport', 'appActivity': 'com.inkr.sport.activities.SplashActivity'}
2023-03-06 15:52:44 INFO *********开始启动APP*********
2023-03-06 15:52:44 INFO 手机参数：{'platformName': 'android', 'deviceName': 'xiaomi', 'automationName': 'UiAutomator2', 'appPackage': 'com.inkr.sport', 'appActivity': 'com.inkr.sport.activities.SplashActivity'}
2023-03-06 15:52:53 INFO *********启动成功*********
2023-03-06 15:52:54 INFO 点击元素'('id', 'com.inkr.sport:id/tvPopAgreementAgree')'完成
2023-03-06 15:52:54 INFO 开始左滑
2023-03-06 15:52:55 INFO 左滑1次
2023-03-06 15:52:57 INFO 左滑2次
2023-03-06 15:52:57 INFO 左滑完成
2023-03-06 15:52:57 INFO 点击元素'('id', 'com.inkr.sport:id/ivEnterApp')'完成
2023-03-06 15:53:03 INFO 点击元素'('id', 'com.inkr.sport:id/ivTbMine')'完成
2023-03-06 15:53:03 INFO 点击元素'('id', 'com.inkr.sport:id/tvUserName')'完成
2023-03-06 15:53:23 INFO 查找元素'账号密码登录'完成
2023-03-06 15:53:54 INFO 点击元素'账号密码登录'完成
2023-03-06 15:54:14 INFO 查找元素'请输入手机号'完成
2023-03-06 15:55:34 INFO 查找元素'请输入密码'完成
2023-03-06 15:57:35 INFO 点击元素'('id', 'com.inkr.sport:id/ivPolicyCheckBox')'完成
2023-03-06 15:58:27 INFO 点击元素'('id', 'com.inkr.sport:id/btLogin')'完成
2023-03-06 15:58:27 INFO 登录成功账号:13000000010 密码：abc123456
2023-03-06 15:58:30 INFO 点击元素'('id', 'com.inkr.sport:id/tvExpert')'完成
2023-03-06 15:58:31 INFO 点击元素'('id', 'com.inkr.sport:id/tvMenuName')'完成
2023-03-06 15:58:32 INFO 点击元素'('id', 'com.inkr.sport:id/tvNotMind')'完成
2023-03-06 15:58:33 INFO 点击元素'('id', 'com.inkr.sport:id/tvConfirm')'完成
2023-03-06 15:58:33 INFO 点击元素'('id', 'com.inkr.sport:id/tvIKnow')'完成
2023-03-06 15:58:34 INFO 点击元素'('id', 'com.inkr.sport:id/rlAddMatch')'完成
2023-03-06 15:58:55 ERROR 获取元素'(('id', './/*[@resource-id="com.inkr.sport:id/recyclerView"]/android.view.ViewGroup[2]'),)'失败，原因：Message: 
Stacktrace:
NoSuchElementError: An element could not be located on the page using the given search parameters.
    at AndroidUiautomator2Driver.findElOrEls (E:\Appium-Server-GUI-windows-1.22.3-4\resources\app\node_modules\appium\node_modules\appium-android-driver\lib\commands\find.js:75:11)
    at runMicrotasks (<anonymous>)
    at processTicksAndRejections (internal/process/task_queues.js:97:5)
    at AndroidUiautomator2Driver.findElOrElsWithProcessing (E:\Appium-Server-GUI-windows-1.22.3-4\resources\app\node_modules\appium\node_modules\appium-base-driver\lib\basedriver\commands\find.js:33:12)
    at AndroidUiautomator2Driver.findElement (E:\Appium-Server-GUI-windows-1.22.3-4\resources\app\node_modules\appium\node_modules\appium-base-driver\lib\basedriver\commands\find.js:53:10)
2023-03-06 16:01:33 INFO *********开始启动APP*********
2023-03-06 16:01:33 INFO 手机参数：{'platformName': 'android', 'deviceName': 'xiaomi', 'automationName': 'UiAutomator2', 'appPackage': 'com.inkr.sport', 'appActivity': 'com.inkr.sport.activities.SplashActivity'}
2023-03-06 16:01:43 INFO *********启动成功*********
2023-03-06 16:01:44 INFO 点击元素'('id', 'com.inkr.sport:id/tvPopAgreementAgree')'完成
2023-03-06 16:01:44 INFO 开始左滑
2023-03-06 16:01:45 INFO 左滑1次
2023-03-06 16:01:47 INFO 左滑2次
2023-03-06 16:01:47 INFO 左滑完成
2023-03-06 16:01:48 INFO 点击元素'('id', 'com.inkr.sport:id/ivEnterApp')'完成
2023-03-06 16:01:53 INFO 点击元素'('id', 'com.inkr.sport:id/ivTbMine')'完成
2023-03-06 16:02:05 INFO 点击元素'('id', 'com.inkr.sport:id/tvUserName')'完成
2023-03-06 16:02:25 INFO 查找元素'账号密码登录'完成
2023-03-06 16:02:55 INFO 点击元素'账号密码登录'完成
2023-03-06 16:03:15 INFO 查找元素'请输入手机号'完成
2023-03-06 16:04:36 INFO 查找元素'请输入密码'完成
2023-03-06 16:06:37 INFO 点击元素'('id', 'com.inkr.sport:id/ivPolicyCheckBox')'完成
2023-03-06 16:07:28 INFO 点击元素'('id', 'com.inkr.sport:id/btLogin')'完成
2023-03-06 16:07:28 INFO 登录成功账号:13000000010 密码：abc123456
2023-03-06 16:07:31 INFO 点击元素'('id', 'com.inkr.sport:id/tvExpert')'完成
2023-03-06 16:07:33 INFO 点击元素'('id', 'com.inkr.sport:id/tvMenuName')'完成
2023-03-06 16:07:34 INFO 点击元素'('id', 'com.inkr.sport:id/tvNotMind')'完成
2023-03-06 16:07:35 INFO 点击元素'('id', 'com.inkr.sport:id/tvConfirm')'完成
2023-03-06 16:07:36 INFO 点击元素'('id', 'com.inkr.sport:id/tvIKnow')'完成
2023-03-06 16:07:36 INFO 点击元素'('id', 'com.inkr.sport:id/rlAddMatch')'完成
2023-03-06 16:07:57 ERROR 获取元素'(('id', '//*[@text="沃伦塔利"]'),)'失败，原因：Message: 
Stacktrace:
NoSuchElementError: An element could not be located on the page using the given search parameters.
    at AndroidUiautomator2Driver.findElOrEls (E:\Appium-Server-GUI-windows-1.22.3-4\resources\app\node_modules\appium\node_modules\appium-android-driver\lib\commands\find.js:75:11)
    at runMicrotasks (<anonymous>)
    at processTicksAndRejections (internal/process/task_queues.js:97:5)
    at AndroidUiautomator2Driver.findElOrElsWithProcessing (E:\Appium-Server-GUI-windows-1.22.3-4\resources\app\node_modules\appium\node_modules\appium-base-driver\lib\basedriver\commands\find.js:33:12)
    at AndroidUiautomator2Driver.findElement (E:\Appium-Server-GUI-windows-1.22.3-4\resources\app\node_modules\appium\node_modules\appium-base-driver\lib\basedriver\commands\find.js:53:10)
2023-03-06 16:11:41 INFO *********开始启动APP*********
2023-03-06 16:11:41 INFO 手机参数：{'platformName': 'android', 'deviceName': 'xiaomi', 'automationName': 'UiAutomator2', 'appPackage': 'com.inkr.sport', 'appActivity': 'com.inkr.sport.activities.SplashActivity'}
2023-03-06 16:11:52 INFO *********启动成功*********
2023-03-06 16:11:54 INFO 点击元素'('id', 'com.inkr.sport:id/tvPopAgreementAgree')'完成
2023-03-06 16:11:54 INFO 开始左滑
2023-03-06 16:11:55 INFO 左滑1次
2023-03-06 16:11:57 INFO 左滑2次
2023-03-06 16:11:57 INFO 左滑完成
2023-03-06 16:11:57 INFO 点击元素'('id', 'com.inkr.sport:id/ivEnterApp')'完成
2023-03-06 16:12:04 INFO 点击元素'('id', 'com.inkr.sport:id/ivTbMine')'完成
2023-03-06 16:12:04 INFO 点击元素'('id', 'com.inkr.sport:id/tvUserName')'完成
2023-03-06 16:12:24 INFO 查找元素'账号密码登录'完成
2023-03-06 16:12:55 INFO 点击元素'账号密码登录'完成
2023-03-06 16:13:15 INFO 查找元素'请输入手机号'完成
2023-03-06 16:14:36 INFO 查找元素'请输入密码'完成
2023-03-06 16:16:37 INFO 点击元素'('id', 'com.inkr.sport:id/ivPolicyCheckBox')'完成
2023-03-06 16:17:28 INFO 点击元素'('id', 'com.inkr.sport:id/btLogin')'完成
2023-03-06 16:17:28 INFO 登录成功账号:13000000010 密码：abc123456
2023-03-06 16:17:31 INFO 点击元素'('id', 'com.inkr.sport:id/tvExpert')'完成
2023-03-06 16:17:32 INFO 点击元素'('id', 'com.inkr.sport:id/tvMenuName')'完成
2023-03-06 16:17:34 INFO 点击元素'('id', 'com.inkr.sport:id/tvNotMind')'完成
2023-03-06 16:17:34 INFO 点击元素'('id', 'com.inkr.sport:id/tvConfirm')'完成
2023-03-06 16:17:35 INFO 点击元素'('id', 'com.inkr.sport:id/tvIKnow')'完成
2023-03-06 16:17:36 INFO 点击元素'('id', 'com.inkr.sport:id/rlAddMatch')'完成
2023-03-06 16:17:39 INFO 点击元素'('xpath', '//*[@resource-id="com.inkr.sport:id/recyclerView"]/android.view.ViewGroup[2]')'完成
2023-03-06 16:17:59 ERROR 获取元素'(('id', 'com.inkr.sport:id/rlAddMatch'),)'失败，原因：Message: 
Stacktrace:
NoSuchElementError: An element could not be located on the page using the given search parameters.
    at AndroidUiautomator2Driver.findElOrEls (E:\Appium-Server-GUI-windows-1.22.3-4\resources\app\node_modules\appium\node_modules\appium-android-driver\lib\commands\find.js:75:11)
    at runMicrotasks (<anonymous>)
    at processTicksAndRejections (internal/process/task_queues.js:97:5)
    at AndroidUiautomator2Driver.findElOrElsWithProcessing (E:\Appium-Server-GUI-windows-1.22.3-4\resources\app\node_modules\appium\node_modules\appium-base-driver\lib\basedriver\commands\find.js:33:12)
    at AndroidUiautomator2Driver.findElement (E:\Appium-Server-GUI-windows-1.22.3-4\resources\app\node_modules\appium\node_modules\appium-base-driver\lib\basedriver\commands\find.js:53:10)
2023-03-06 16:19:40 INFO *********开始启动APP*********
2023-03-06 16:19:40 INFO 手机参数：{'platformName': 'android', 'deviceName': 'xiaomi', 'automationName': 'UiAutomator2', 'appPackage': 'com.inkr.sport', 'appActivity': 'com.inkr.sport.activities.SplashActivity'}
2023-03-06 16:19:51 INFO *********启动成功*********
2023-03-06 16:19:52 INFO 点击元素'('id', 'com.inkr.sport:id/tvPopAgreementAgree')'完成
2023-03-06 16:19:52 INFO 开始左滑
2023-03-06 16:19:53 INFO 左滑1次
2023-03-06 16:19:55 INFO 左滑2次
2023-03-06 16:19:55 INFO 左滑完成
2023-03-06 16:19:55 INFO 点击元素'('id', 'com.inkr.sport:id/ivEnterApp')'完成
2023-03-06 16:20:00 INFO 点击元素'('id', 'com.inkr.sport:id/ivTbMine')'完成
2023-03-06 16:20:01 INFO 点击元素'('id', 'com.inkr.sport:id/tvUserName')'完成
2023-03-06 16:20:21 INFO 查找元素'账号密码登录'完成
2023-03-06 16:20:52 INFO 点击元素'账号密码登录'完成
2023-03-06 16:21:12 INFO 查找元素'请输入手机号'完成
2023-03-06 16:22:33 INFO 查找元素'请输入密码'完成
2023-03-06 16:24:34 INFO 点击元素'('id', 'com.inkr.sport:id/ivPolicyCheckBox')'完成
2023-03-06 16:25:25 INFO 点击元素'('id', 'com.inkr.sport:id/btLogin')'完成
2023-03-06 16:25:25 INFO 登录成功账号:13000000010 密码：abc123456
2023-03-06 16:25:28 INFO 点击元素'('id', 'com.inkr.sport:id/tvExpert')'完成
2023-03-06 16:25:29 INFO 点击元素'('id', 'com.inkr.sport:id/tvMenuName')'完成
2023-03-06 16:25:31 INFO 点击元素'('id', 'com.inkr.sport:id/tvNotMind')'完成
2023-03-06 16:25:31 INFO 点击元素'('id', 'com.inkr.sport:id/tvConfirm')'完成
2023-03-06 16:25:32 INFO 点击元素'('id', 'com.inkr.sport:id/tvIKnow')'完成
2023-03-06 16:25:33 INFO 点击元素'('id', 'com.inkr.sport:id/rlAddMatch')'完成
2023-03-06 16:25:37 INFO 点击元素'('xpath', '//*[@resource-id="com.inkr.sport:id/recyclerView"]/android.view.ViewGroup[2]')'完成
2023-03-06 16:25:38 INFO 点击元素'('id', 'com.inkr.sport:id/firstItem')'完成
2023-03-06 16:25:39 INFO 点击元素'('xpath', '//*[@resource-id="com.inkr.sport:id/glPrice"]/android.view.ViewGroup[3]')'完成
2023-03-06 16:25:39 INFO 开始下滑
2023-03-06 16:25:40 INFO 下滑完成
2023-03-06 16:26:18 INFO *********开始启动APP*********
2023-03-06 16:26:18 INFO 手机参数：{'platformName': 'android', 'deviceName': 'xiaomi', 'automationName': 'UiAutomator2', 'appPackage': 'com.inkr.sport', 'appActivity': 'com.inkr.sport.activities.SplashActivity'}
2023-03-06 16:26:29 INFO *********启动成功*********
2023-03-06 16:26:31 INFO 点击元素'('id', 'com.inkr.sport:id/tvPopAgreementAgree')'完成
2023-03-06 16:26:31 INFO 开始左滑
2023-03-06 16:26:32 INFO 左滑1次
2023-03-06 16:26:34 INFO 左滑2次
2023-03-06 16:26:34 INFO 左滑完成
2023-03-06 16:26:34 INFO 点击元素'('id', 'com.inkr.sport:id/ivEnterApp')'完成
2023-03-06 16:26:40 INFO 点击元素'('id', 'com.inkr.sport:id/ivTbMine')'完成
2023-03-06 16:27:00 INFO *********开始启动APP*********
2023-03-06 16:27:00 INFO 手机参数：{'platformName': 'android', 'deviceName': 'xiaomi', 'automationName': 'UiAutomator2', 'appPackage': 'com.inkr.sport', 'appActivity': 'com.inkr.sport.activities.SplashActivity'}
2023-03-06 16:27:10 INFO *********启动成功*********
2023-03-06 16:27:11 INFO 点击元素'('id', 'com.inkr.sport:id/tvPopAgreementAgree')'完成
2023-03-06 16:27:11 INFO 开始左滑
2023-03-06 16:27:12 INFO 左滑1次
2023-03-06 16:27:14 INFO 左滑2次
2023-03-06 16:27:14 INFO 左滑完成
2023-03-06 16:27:15 INFO 点击元素'('id', 'com.inkr.sport:id/ivEnterApp')'完成
2023-03-06 16:27:21 INFO 点击元素'('id', 'com.inkr.sport:id/ivTbMine')'完成
2023-03-06 16:27:21 INFO 点击元素'('id', 'com.inkr.sport:id/tvUserName')'完成
2023-03-06 16:27:41 INFO 查找元素'账号密码登录'完成
2023-03-06 16:28:12 INFO 点击元素'账号密码登录'完成
2023-03-06 16:28:32 INFO 查找元素'请输入手机号'完成
2023-03-06 16:29:53 INFO 查找元素'请输入密码'完成
2023-03-06 16:31:54 INFO 点击元素'('id', 'com.inkr.sport:id/ivPolicyCheckBox')'完成
2023-03-06 16:32:45 INFO 点击元素'('id', 'com.inkr.sport:id/btLogin')'完成
2023-03-06 16:32:45 INFO 登录成功账号:13000000010 密码：abc123456
2023-03-06 16:32:48 INFO 点击元素'('id', 'com.inkr.sport:id/tvExpert')'完成
2023-03-06 16:32:49 INFO 点击元素'('id', 'com.inkr.sport:id/tvMenuName')'完成
2023-03-06 16:32:50 INFO 点击元素'('id', 'com.inkr.sport:id/tvNotMind')'完成
2023-03-06 16:32:52 INFO 点击元素'('id', 'com.inkr.sport:id/tvConfirm')'完成
2023-03-06 16:32:52 INFO 点击元素'('id', 'com.inkr.sport:id/tvIKnow')'完成
2023-03-06 16:32:53 INFO 点击元素'('id', 'com.inkr.sport:id/rlAddMatch')'完成
2023-03-06 16:32:55 INFO 点击元素'('xpath', '//*[@resource-id="com.inkr.sport:id/recyclerView"]/android.view.ViewGroup[2]')'完成
2023-03-06 16:32:56 INFO 点击元素'('id', 'com.inkr.sport:id/firstItem')'完成
2023-03-06 16:32:57 INFO 点击元素'('xpath', '//*[@resource-id="com.inkr.sport:id/glPrice"]/android.view.ViewGroup[3]')'完成
2023-03-06 16:32:57 INFO 开始上滑
2023-03-06 16:32:58 INFO 上滑完成
2023-03-06 17:01:18 INFO *********开始启动APP*********
2023-03-06 17:01:18 INFO 手机参数：{'platformName': 'android', 'deviceName': 'xiaomi', 'automationName': 'UiAutomator2', 'appPackage': 'com.inkr.sport', 'appActivity': 'com.inkr.sport.activities.SplashActivity'}
2023-03-06 17:01:20 WARNING Retrying (Retry(total=2, connect=None, read=None, redirect=None, status=None)) after connection broken by 'NewConnectionError('<urllib3.connection.HTTPConnection object at 0x000002D2F2C15148>: Failed to establish a new connection: [WinError 10061] 由于目标计算机积极拒绝，无法连接。')': /wd/hub/session
2023-03-06 17:01:22 WARNING Retrying (Retry(total=1, connect=None, read=None, redirect=None, status=None)) after connection broken by 'NewConnectionError('<urllib3.connection.HTTPConnection object at 0x000002D2F2C12F48>: Failed to establish a new connection: [WinError 10061] 由于目标计算机积极拒绝，无法连接。')': /wd/hub/session
2023-03-06 17:01:24 WARNING Retrying (Retry(total=0, connect=None, read=None, redirect=None, status=None)) after connection broken by 'NewConnectionError('<urllib3.connection.HTTPConnection object at 0x000002D2F2C32C08>: Failed to establish a new connection: [WinError 10061] 由于目标计算机积极拒绝，无法连接。')': /wd/hub/session
2023-03-06 17:02:57 INFO *********开始启动APP*********
2023-03-06 17:02:57 INFO 手机参数：{'platformName': 'android', 'deviceName': 'xiaomi', 'automationName': 'UiAutomator2', 'appPackage': 'com.inkr.sport', 'appActivity': 'com.inkr.sport.activities.SplashActivity'}
2023-03-06 17:03:22 INFO *********开始启动APP*********
2023-03-06 17:03:22 INFO 手机参数：{'platformName': 'android', 'deviceName': 'xiaomi', 'automationName': 'UiAutomator2', 'appPackage': 'com.inkr.sport', 'appActivity': 'com.inkr.sport.activities.SplashActivity'}
2023-03-06 17:08:23 INFO *********开始启动APP*********
2023-03-06 17:08:23 INFO 手机参数：{'platformName': 'android', 'deviceName': 'xiaomi', 'automationName': 'UiAutomator2', 'appPackage': 'com.inkr.sport', 'appActivity': 'com.inkr.sport.activities.SplashActivity'}
2023-03-06 17:08:34 INFO *********启动成功*********
2023-03-06 17:08:35 INFO 点击元素'('id', 'com.inkr.sport:id/tvPopAgreementAgree')'完成
2023-03-06 17:08:35 INFO 开始左滑
2023-03-06 17:08:36 INFO 左滑1次
2023-03-06 17:08:37 INFO 左滑2次
2023-03-06 17:08:37 INFO 左滑完成
2023-03-06 17:08:38 INFO 点击元素'('id', 'com.inkr.sport:id/ivEnterApp')'完成
2023-03-06 17:08:44 INFO 点击元素'('id', 'com.inkr.sport:id/ivTbMine')'完成
2023-03-06 17:08:44 INFO 点击元素'('id', 'com.inkr.sport:id/tvUserName')'完成
2023-03-06 17:09:05 INFO 查找元素'账号密码登录'完成
2023-03-06 17:09:35 INFO 点击元素'账号密码登录'完成
2023-03-06 17:09:55 INFO 查找元素'请输入手机号'完成
2023-03-06 17:11:16 INFO 查找元素'请输入密码'完成
2023-03-06 17:13:17 INFO 点击元素'('id', 'com.inkr.sport:id/ivPolicyCheckBox')'完成
2023-03-06 17:14:08 INFO 点击元素'('id', 'com.inkr.sport:id/btLogin')'完成
2023-03-06 17:14:08 INFO 登录成功账号:13000000010 密码：abc123456
2023-03-06 17:14:11 INFO 点击元素'('id', 'com.inkr.sport:id/tvExpert')'完成
2023-03-06 17:14:12 INFO 点击元素'('id', 'com.inkr.sport:id/tvMenuName')'完成
2023-03-06 17:14:13 INFO 点击元素'('id', 'com.inkr.sport:id/tvNotMind')'完成
2023-03-06 17:14:14 INFO 点击元素'('id', 'com.inkr.sport:id/tvConfirm')'完成
2023-03-06 17:14:15 INFO 点击元素'('id', 'com.inkr.sport:id/tvIKnow')'完成
2023-03-06 17:14:16 INFO 点击元素'('id', 'com.inkr.sport:id/rlAddMatch')'完成
2023-03-06 17:14:18 INFO 点击元素'('xpath', '//*[@resource-id="com.inkr.sport:id/recyclerView"]/android.view.ViewGroup[2]')'完成
2023-03-06 17:14:19 INFO 点击元素'('id', 'com.inkr.sport:id/firstItem')'完成
2023-03-06 17:14:20 INFO 点击元素'('xpath', '//*[@resource-id="com.inkr.sport:id/glPrice"]/android.view.ViewGroup[3]')'完成
2023-03-06 17:14:20 INFO 开始上滑
2023-03-06 17:14:21 INFO 上滑完成
2023-03-06 17:17:19 INFO *********开始启动APP*********
2023-03-06 17:17:19 INFO 手机参数：{'platformName': 'android', 'deviceName': 'xiaomi', 'automationName': 'UiAutomator2', 'appPackage': 'com.inkr.sport', 'appActivity': 'com.inkr.sport.activities.SplashActivity'}
2023-03-06 17:17:28 INFO *********启动成功*********
2023-03-06 17:17:30 INFO 点击元素'('id', 'com.inkr.sport:id/tvPopAgreementAgree')'完成
2023-03-06 17:17:30 INFO 开始左滑
2023-03-06 17:17:31 INFO 左滑1次
2023-03-06 17:17:32 INFO 左滑2次
2023-03-06 17:17:32 INFO 左滑完成
2023-03-06 17:17:33 INFO 点击元素'('id', 'com.inkr.sport:id/ivEnterApp')'完成
2023-03-06 17:17:38 INFO 点击元素'('id', 'com.inkr.sport:id/ivTbMine')'完成
2023-03-06 17:17:39 INFO 点击元素'('id', 'com.inkr.sport:id/tvUserName')'完成
2023-03-06 17:17:49 INFO 查找元素'账号密码登录'完成
2023-03-06 17:18:19 INFO 点击元素'账号密码登录'完成
2023-03-06 17:18:40 INFO 查找元素'请输入手机号'完成
2023-03-06 17:20:00 INFO 查找元素'请输入密码'完成
2023-03-06 17:22:01 INFO 点击元素'('id', 'com.inkr.sport:id/ivPolicyCheckBox')'完成
2023-03-06 17:22:52 INFO 点击元素'('id', 'com.inkr.sport:id/btLogin')'完成
2023-03-06 17:22:52 INFO 登录成功账号:13000000010 密码：abc123456
2023-03-06 17:22:56 INFO 点击元素'('id', 'com.inkr.sport:id/tvExpert')'完成
2023-03-06 17:22:57 INFO 点击元素'('id', 'com.inkr.sport:id/tvMenuName')'完成
2023-03-06 17:22:59 INFO 点击元素'('id', 'com.inkr.sport:id/tvNotMind')'完成
2023-03-06 17:23:00 INFO 点击元素'('id', 'com.inkr.sport:id/tvConfirm')'完成
2023-03-06 17:23:01 INFO 点击元素'('id', 'com.inkr.sport:id/tvIKnow')'完成
2023-03-06 17:23:04 INFO 点击元素'('id', 'com.inkr.sport:id/rlAddMatch')'完成
2023-03-06 17:23:04 INFO 点击元素'('xpath', '//*[@resource-id="com.inkr.sport:id/recyclerView"]/android.view.ViewGroup[2]')'完成
2023-03-06 17:23:06 INFO 点击元素'('id', 'com.inkr.sport:id/firstItem')'完成
2023-03-06 17:23:07 INFO 点击元素'('xpath', '//*[@resource-id="com.inkr.sport:id/glPrice"]/android.view.ViewGroup[3]')'完成
2023-03-06 17:23:07 INFO 开始上滑
2023-03-06 17:23:08 INFO 上滑完成
2023-03-06 17:32:47 INFO *********开始启动APP*********
2023-03-06 17:32:47 INFO 手机参数：{'platformName': 'android', 'deviceName': 'xiaomi', 'automationName': 'UiAutomator2', 'appPackage': 'com.inkr.sport', 'appActivity': 'com.inkr.sport.activities.SplashActivity'}
2023-03-06 17:32:49 WARNING Retrying (Retry(total=2, connect=None, read=None, redirect=None, status=None)) after connection broken by 'NewConnectionError('<urllib3.connection.HTTPConnection object at 0x0000022292BD5748>: Failed to establish a new connection: [WinError 10061] 由于目标计算机积极拒绝，无法连接。')': /wd/hub/session
2023-03-06 17:32:51 WARNING Retrying (Retry(total=1, connect=None, read=None, redirect=None, status=None)) after connection broken by 'NewConnectionError('<urllib3.connection.HTTPConnection object at 0x00000222933B2B08>: Failed to establish a new connection: [WinError 10061] 由于目标计算机积极拒绝，无法连接。')': /wd/hub/session
2023-03-06 17:32:53 WARNING Retrying (Retry(total=0, connect=None, read=None, redirect=None, status=None)) after connection broken by 'NewConnectionError('<urllib3.connection.HTTPConnection object at 0x00000222933C6E08>: Failed to establish a new connection: [WinError 10061] 由于目标计算机积极拒绝，无法连接。')': /wd/hub/session
2023-03-06 17:33:10 INFO *********开始启动APP*********
2023-03-06 17:33:10 INFO 手机参数：{'platformName': 'android', 'deviceName': 'xiaomi', 'automationName': 'UiAutomator2', 'appPackage': 'com.inkr.sport', 'appActivity': 'com.inkr.sport.activities.SplashActivity'}
2023-03-06 17:33:23 INFO *********启动成功*********
2023-03-06 17:33:24 INFO 点击元素'('id', 'com.inkr.sport:id/tvPopAgreementAgree')'完成
2023-03-06 17:33:24 INFO 开始左滑
2023-03-06 17:33:26 INFO 左滑1次
2023-03-06 17:33:27 INFO 左滑2次
2023-03-06 17:33:27 INFO 左滑完成
2023-03-06 17:33:28 INFO 点击元素'('id', 'com.inkr.sport:id/ivEnterApp')'完成
2023-03-06 17:33:33 INFO 点击元素'('id', 'com.inkr.sport:id/ivTbMine')'完成
2023-03-06 17:33:34 INFO 点击元素'('id', 'com.inkr.sport:id/tvUserName')'完成
2023-03-06 17:33:54 INFO 查找元素'账号密码登录'完成
2023-03-06 17:34:24 INFO 点击元素'账号密码登录'完成
2023-03-06 17:34:44 INFO 查找元素'请输入手机号'完成
2023-03-06 17:36:05 INFO 查找元素'请输入密码'完成
2023-03-06 17:38:06 INFO 点击元素'('id', 'com.inkr.sport:id/ivPolicyCheckBox')'完成
2023-03-06 17:38:57 INFO 点击元素'('id', 'com.inkr.sport:id/btLogin')'完成
2023-03-06 17:38:57 INFO 登录成功账号:13000000010 密码：abc123456
2023-03-06 17:39:00 INFO 点击元素'('id', 'com.inkr.sport:id/tvExpert')'完成
2023-03-06 17:39:02 INFO 点击元素'('id', 'com.inkr.sport:id/tvMenuName')'完成
2023-03-06 17:39:04 INFO 点击元素'('id', 'com.inkr.sport:id/tvNotMind')'完成
2023-03-06 17:39:04 INFO 点击元素'('id', 'com.inkr.sport:id/tvConfirm')'完成
2023-03-06 17:39:05 INFO 点击元素'('id', 'com.inkr.sport:id/tvIKnow')'完成
2023-03-06 17:39:05 INFO 点击元素'('id', 'com.inkr.sport:id/rlAddMatch')'完成
2023-03-06 17:39:09 INFO 点击元素'('xpath', '//*[@resource-id="com.inkr.sport:id/recyclerView"]/android.view.ViewGroup[2]')'完成
2023-03-06 17:39:10 INFO 点击元素'('id', 'com.inkr.sport:id/firstItem')'完成
2023-03-06 17:39:11 INFO 点击元素'('xpath', '//*[@resource-id="com.inkr.sport:id/glPrice"]/android.view.ViewGroup[3]')'完成
2023-03-06 17:39:11 INFO 开始上滑
2023-03-06 17:39:12 INFO 上滑完成
2023-03-06 17:39:13 INFO 点击元素'('id', 'com.inkr.sport:id/tvTitle')'完成
2023-03-06 17:43:00 INFO *********开始启动APP*********
2023-03-06 17:43:00 INFO 手机参数：{'platformName': 'android', 'deviceName': 'xiaomi', 'automationName': 'UiAutomator2', 'appPackage': 'com.inkr.sport', 'appActivity': 'com.inkr.sport.activities.SplashActivity'}
2023-03-06 17:43:11 INFO *********启动成功*********
2023-03-06 17:43:12 INFO 点击元素'('id', 'com.inkr.sport:id/tvPopAgreementAgree')'完成
2023-03-06 17:43:12 INFO 开始左滑
2023-03-06 17:43:13 INFO 左滑1次
2023-03-06 17:43:15 INFO 左滑2次
2023-03-06 17:43:15 INFO 左滑完成
2023-03-06 17:43:16 INFO 点击元素'('id', 'com.inkr.sport:id/ivEnterApp')'完成
2023-03-06 17:43:22 INFO 点击元素'('id', 'com.inkr.sport:id/ivTbMine')'完成
2023-03-06 17:43:22 INFO 点击元素'('id', 'com.inkr.sport:id/tvUserName')'完成
2023-03-06 17:43:32 INFO 查找元素'账号密码登录'完成
2023-03-06 17:44:03 INFO 点击元素'账号密码登录'完成
2023-03-06 17:44:23 INFO 查找元素'请输入手机号'完成
2023-03-06 17:45:44 INFO 查找元素'请输入密码'完成
2023-03-06 17:47:45 INFO 点击元素'('id', 'com.inkr.sport:id/ivPolicyCheckBox')'完成
2023-03-06 17:48:36 INFO 点击元素'('id', 'com.inkr.sport:id/btLogin')'完成
2023-03-06 17:48:36 INFO 登录成功账号:13000000010 密码：abc123456
2023-03-06 17:48:39 INFO 点击元素'('id', 'com.inkr.sport:id/tvExpert')'完成
2023-03-06 17:48:41 INFO 点击元素'('id', 'com.inkr.sport:id/tvMenuName')'完成
2023-03-06 17:48:42 INFO 点击元素'('id', 'com.inkr.sport:id/tvNotMind')'完成
2023-03-06 17:48:43 INFO 点击元素'('id', 'com.inkr.sport:id/tvConfirm')'完成
2023-03-06 17:48:44 INFO 点击元素'('id', 'com.inkr.sport:id/tvIKnow')'完成
2023-03-06 17:48:44 INFO 点击元素'('id', 'com.inkr.sport:id/rlAddMatch')'完成
2023-03-06 17:48:47 INFO 点击元素'('xpath', '//*[@resource-id="com.inkr.sport:id/recyclerView"]/android.view.ViewGroup[2]')'完成
2023-03-06 17:48:48 INFO 点击元素'('id', 'com.inkr.sport:id/firstItem')'完成
2023-03-06 17:48:49 INFO 点击元素'('xpath', '//*[@resource-id="com.inkr.sport:id/glPrice"]/android.view.ViewGroup[3]')'完成
2023-03-06 17:48:49 INFO 开始上滑
2023-03-06 17:48:50 INFO 上滑完成
2023-03-06 17:48:51 INFO 点击元素'('id', 'com.inkr.sport:id/tvTitle')'完成
2023-03-06 17:48:51 INFO 点击元素'('id', 'com.inkr.sport:id/tvConfirm')'完成
2023-03-06 17:48:53 INFO 点击元素'('id', 'com.inkr.sport:id/tvRecommend')'完成
2023-03-06 17:49:11 INFO *********开始启动APP*********
2023-03-06 17:49:11 INFO 手机参数：{'platformName': 'android', 'deviceName': 'xiaomi', 'automationName': 'UiAutomator2', 'appPackage': 'com.inkr.sport', 'appActivity': 'com.inkr.sport.activities.SplashActivity'}
2023-03-06 17:49:22 INFO *********启动成功*********
2023-03-06 17:49:23 INFO 点击元素'('id', 'com.inkr.sport:id/tvPopAgreementAgree')'完成
2023-03-06 17:49:23 INFO 开始左滑
2023-03-06 17:49:24 INFO 左滑1次
2023-03-06 17:49:25 INFO 左滑2次
2023-03-06 17:49:25 INFO 左滑完成
2023-03-06 17:49:26 INFO 点击元素'('id', 'com.inkr.sport:id/ivEnterApp')'完成
2023-03-06 17:49:31 INFO 点击元素'('id', 'com.inkr.sport:id/ivTbMine')'完成
2023-03-06 17:49:32 INFO 点击元素'('id', 'com.inkr.sport:id/tvUserName')'完成
2023-03-06 17:49:52 INFO 查找元素'账号密码登录'完成
2023-03-06 17:50:53 INFO *********开始启动APP*********
2023-03-06 17:50:53 INFO 手机参数：{'platformName': 'android', 'deviceName': 'xiaomi', 'automationName': 'UiAutomator2', 'appPackage': 'com.inkr.sport', 'appActivity': 'com.inkr.sport.activities.SplashActivity'}
2023-03-06 17:51:04 INFO *********启动成功*********
2023-03-06 17:51:04 INFO 点击元素'('id', 'com.inkr.sport:id/tvPopAgreementAgree')'完成
2023-03-06 17:51:04 INFO 开始左滑
2023-03-06 17:51:06 INFO 左滑1次
2023-03-06 17:51:07 INFO 左滑2次
2023-03-06 17:51:07 INFO 左滑完成
2023-03-06 17:51:08 INFO 点击元素'('id', 'com.inkr.sport:id/ivEnterApp')'完成
2023-03-06 17:51:14 INFO 点击元素'('id', 'com.inkr.sport:id/ivTbMine')'完成
2023-03-06 17:51:24 INFO 点击元素'('id', 'com.inkr.sport:id/tvUserName')'完成
2023-03-06 17:51:45 INFO 查找元素'账号密码登录'完成
2023-03-06 17:52:15 INFO 点击元素'账号密码登录'完成
2023-03-06 17:52:35 INFO 查找元素'请输入手机号'完成
2023-03-06 17:53:56 INFO 查找元素'请输入密码'完成
2023-03-06 17:55:57 INFO 点击元素'('id', 'com.inkr.sport:id/ivPolicyCheckBox')'完成
2023-03-06 17:56:48 INFO 点击元素'('id', 'com.inkr.sport:id/btLogin')'完成
2023-03-06 17:56:48 INFO 登录成功账号:13000000010 密码：abc123456
2023-03-06 17:56:51 INFO 点击元素'('id', 'com.inkr.sport:id/tvExpert')'完成
2023-03-06 17:56:52 INFO 点击元素'('id', 'com.inkr.sport:id/tvMenuName')'完成
2023-03-06 17:56:55 INFO 点击元素'('id', 'com.inkr.sport:id/tvNotMind')'完成
2023-03-06 17:56:55 INFO 点击元素'('id', 'com.inkr.sport:id/tvConfirm')'完成
2023-03-06 17:56:56 INFO 点击元素'('id', 'com.inkr.sport:id/tvIKnow')'完成
2023-03-06 17:56:56 INFO 点击元素'('id', 'com.inkr.sport:id/rlAddMatch')'完成
2023-03-06 17:56:59 INFO 点击元素'('xpath', '//*[@resource-id="com.inkr.sport:id/recyclerView"]/android.view.ViewGroup[2]')'完成
2023-03-06 17:57:00 INFO 点击元素'('id', 'com.inkr.sport:id/firstItem')'完成
2023-03-06 17:57:02 INFO 点击元素'('xpath', '//*[@resource-id="com.inkr.sport:id/glPrice"]/android.view.ViewGroup[3]')'完成
2023-03-06 17:57:02 INFO 开始上滑
2023-03-06 17:57:03 INFO 上滑完成
2023-03-06 17:57:04 INFO 点击元素'('id', 'com.inkr.sport:id/tvTitle')'完成
2023-03-06 17:57:05 INFO 点击元素'('id', 'com.inkr.sport:id/tvConfirm')'完成
2023-03-06 17:57:07 INFO 点击元素'('id', 'com.inkr.sport:id/tvRecommend')'完成
2023-03-06 17:57:08 INFO 点击元素'('id', 'com.inkr.sport:id/tvConfirm')'完成
2023-03-06 17:57:10 INFO 点击元素'('id', 'com.inkr.sport:id/tvContent')'完成
2023-03-06 17:57:11 INFO 点击元素'('id', 'com.inkr.sport:id/tvConfirm')'完成
2023-03-06 17:57:13 INFO 点击元素'('id', 'com.inkr.sport:id/tvPublish')'完成
2023-03-06 17:57:13 INFO 点击元素'('id', 'com.inkr.sport:id/tvPublish')'完成
2023-03-06 17:57:13 INFO 发布方案成功
