2023-04-14 15:40:18 INFO *********开始启动APP*********
2023-04-14 15:40:18 INFO 手机参数：{'platformName': 'android', 'platformVersion': '12', 'deviceName': '127.0.0.1:7555', 'automationName': 'UiAutomator2', 'appPackage': 'com.inkr.sport', 'appActivity': 'com.inkr.sport.activities.SplashActivity'}
2023-04-14 15:40:25 INFO *********启动成功*********
2023-04-14 15:40:25 INFO **************用例开始执行**************
2023-04-14 15:40:26 INFO 查找元素'(('id', 'com.inkr.sport:id/tvPopAgreementAgree'),)'完成
2023-04-14 15:40:26 INFO 点击元素'('id', 'com.inkr.sport:id/tvPopAgreementAgree')'完成
2023-04-14 15:40:26 INFO 开始左滑
2023-04-14 15:40:27 INFO 左滑1次
2023-04-14 15:40:29 INFO 左滑2次
2023-04-14 15:40:29 INFO 左滑完成
2023-04-14 15:40:29 INFO 查找元素'(('id', 'com.inkr.sport:id/ivEnterApp'),)'完成
2023-04-14 15:40:29 INFO 点击元素'('id', 'com.inkr.sport:id/ivEnterApp')'完成
2023-04-14 15:40:32 INFO 查找元素'(('id', 'com.inkr.sport:id/ivTbMine'),)'完成
2023-04-14 15:40:32 INFO 点击元素'('id', 'com.inkr.sport:id/ivTbMine')'完成
2023-04-14 15:40:33 INFO 查找元素'(('id', 'com.inkr.sport:id/tvUserName'),)'完成
2023-04-14 15:40:33 INFO 点击元素'('id', 'com.inkr.sport:id/tvUserName')'完成
2023-04-14 15:41:04 INFO 查找元素'(('id', 'com.inkr.sport:id/tvAccountLogin'),)'完成
2023-04-14 15:41:35 INFO 点击元素'('id', 'com.inkr.sport:id/tvAccountLogin')'完成
2023-04-14 15:43:25 INFO 查找元素'(('id', 'com.inkr.sport:id/etPd'),)'完成
2023-04-14 15:44:56 INFO 查找元素'(('id', 'com.inkr.sport:id/ivPolicyCheckBox'),)'完成
2023-04-14 15:45:26 INFO 点击元素'('id', 'com.inkr.sport:id/ivPolicyCheckBox')'完成
2023-04-14 15:45:56 INFO 查找元素'(('id', 'com.inkr.sport:id/btLogin'),)'完成
2023-04-14 15:46:17 INFO 点击元素'('id', 'com.inkr.sport:id/btLogin')'完成
2023-04-14 15:46:17 INFO 登录成功账号:13000000014 密码：abc123456
2023-04-14 15:46:20 INFO 查找元素'(('id', 'com.inkr.sport:id/tvUserName'),)'完成
2023-04-14 15:46:20 INFO 用户信息的value为：体育用户2
2023-04-14 15:46:22 INFO **************用例执行结束**************
2023-04-14 15:46:26 INFO *********开始启动APP*********
2023-04-14 15:46:26 INFO 手机参数：{'platformName': 'android', 'platformVersion': '12', 'deviceName': '127.0.0.1:7555', 'automationName': 'UiAutomator2', 'appPackage': 'com.inkr.sport', 'appActivity': 'com.inkr.sport.activities.SplashActivity'}
2023-04-14 15:46:33 INFO *********启动成功*********
2023-04-14 15:46:33 INFO **************用例开始执行**************
2023-04-14 15:46:34 INFO 查找元素'(('id', 'com.inkr.sport:id/tvPopAgreementAgree'),)'完成
2023-04-14 15:46:35 INFO 点击元素'('id', 'com.inkr.sport:id/tvPopAgreementAgree')'完成
2023-04-14 15:46:35 INFO 开始左滑
2023-04-14 15:46:36 INFO 左滑1次
2023-04-14 15:46:38 INFO 左滑2次
2023-04-14 15:46:38 INFO 左滑完成
2023-04-14 15:46:38 INFO 查找元素'(('id', 'com.inkr.sport:id/ivEnterApp'),)'完成
2023-04-14 15:46:39 INFO 点击元素'('id', 'com.inkr.sport:id/ivEnterApp')'完成
2023-04-14 15:46:41 INFO 查找元素'(('id', 'com.inkr.sport:id/ivTbMine'),)'完成
2023-04-14 15:46:42 INFO 点击元素'('id', 'com.inkr.sport:id/ivTbMine')'完成
2023-04-14 15:46:42 INFO 查找元素'(('id', 'com.inkr.sport:id/tvUserName'),)'完成
2023-04-14 15:46:42 INFO 点击元素'('id', 'com.inkr.sport:id/tvUserName')'完成
2023-04-14 15:47:13 INFO 查找元素'(('id', 'com.inkr.sport:id/tvAccountLogin'),)'完成
2023-04-14 15:47:44 INFO 点击元素'('id', 'com.inkr.sport:id/tvAccountLogin')'完成
2023-04-14 15:49:34 INFO 查找元素'(('id', 'com.inkr.sport:id/etPd'),)'完成
2023-04-14 15:51:05 INFO 查找元素'(('id', 'com.inkr.sport:id/ivPolicyCheckBox'),)'完成
2023-04-14 15:51:35 INFO 点击元素'('id', 'com.inkr.sport:id/ivPolicyCheckBox')'完成
2023-04-14 15:52:05 INFO 查找元素'(('id', 'com.inkr.sport:id/btLogin'),)'完成
2023-04-14 15:52:26 INFO 点击元素'('id', 'com.inkr.sport:id/btLogin')'完成
2023-04-14 15:52:26 INFO 登录成功账号:13000000014 密码：abc123456
2023-04-14 15:52:29 INFO 查找元素'(('id', 'com.inkr.sport:id/tvUserName'),)'完成
2023-04-14 15:52:29 INFO 用户信息的value为：体育用户2
2023-04-14 15:52:49 ERROR 获取元素'(('id', 'com.inkr.sport:id/tvConfirm'),)'失败，原因：Message: 
Stacktrace:
NoSuchElementError: An element could not be located on the page using the given search parameters.
    at AndroidUiautomator2Driver.findElOrEls (E:\Appium-Server-GUI-windows-1.22.3-4\resources\app\node_modules\appium\node_modules\appium-android-driver\lib\commands\find.js:75:11)
    at runMicrotasks (<anonymous>)
    at processTicksAndRejections (internal/process/task_queues.js:97:5)
    at AndroidUiautomator2Driver.findElOrElsWithProcessing (E:\Appium-Server-GUI-windows-1.22.3-4\resources\app\node_modules\appium\node_modules\appium-base-driver\lib\basedriver\commands\find.js:33:12)
    at AndroidUiautomator2Driver.findElement (E:\Appium-Server-GUI-windows-1.22.3-4\resources\app\node_modules\appium\node_modules\appium-base-driver\lib\basedriver\commands\find.js:53:10)
2023-04-14 15:52:49 INFO **************用例执行结束**************
2023-04-14 15:53:46 INFO *********开始启动APP*********
2023-04-14 15:53:46 INFO 手机参数：{'platformName': 'android', 'platformVersion': '12', 'deviceName': '127.0.0.1:7555', 'automationName': 'UiAutomator2', 'appPackage': 'com.inkr.sport', 'appActivity': 'com.inkr.sport.activities.SplashActivity'}
2023-04-14 15:53:53 INFO *********启动成功*********
2023-04-14 15:53:53 INFO **************用例开始执行**************
2023-04-14 15:53:54 INFO 查找元素'(('id', 'com.inkr.sport:id/tvPopAgreementAgree'),)'完成
2023-04-14 15:53:54 INFO 点击元素'('id', 'com.inkr.sport:id/tvPopAgreementAgree')'完成
2023-04-14 15:53:54 INFO 开始左滑
2023-04-14 15:53:55 INFO 左滑1次
2023-04-14 15:53:56 INFO 左滑2次
2023-04-14 15:53:56 INFO 左滑完成
2023-04-14 15:53:57 INFO 查找元素'(('id', 'com.inkr.sport:id/ivEnterApp'),)'完成
2023-04-14 15:53:58 INFO 点击元素'('id', 'com.inkr.sport:id/ivEnterApp')'完成
2023-04-14 15:54:01 INFO 查找元素'(('id', 'com.inkr.sport:id/ivTbMine'),)'完成
2023-04-14 15:54:02 INFO 点击元素'('id', 'com.inkr.sport:id/ivTbMine')'完成
2023-04-14 15:54:02 INFO 查找元素'(('id', 'com.inkr.sport:id/tvUserName'),)'完成
2023-04-14 15:54:02 INFO 点击元素'('id', 'com.inkr.sport:id/tvUserName')'完成
2023-04-14 15:54:33 INFO 查找元素'(('id', 'com.inkr.sport:id/tvAccountLogin'),)'完成
2023-04-14 15:55:04 INFO 点击元素'('id', 'com.inkr.sport:id/tvAccountLogin')'完成
2023-04-14 15:56:54 INFO 查找元素'(('id', 'com.inkr.sport:id/etPd'),)'完成
2023-04-14 15:58:25 INFO 查找元素'(('id', 'com.inkr.sport:id/ivPolicyCheckBox'),)'完成
2023-04-14 15:58:55 INFO 点击元素'('id', 'com.inkr.sport:id/ivPolicyCheckBox')'完成
2023-04-14 15:59:25 INFO 查找元素'(('id', 'com.inkr.sport:id/btLogin'),)'完成
2023-04-14 15:59:46 INFO 点击元素'('id', 'com.inkr.sport:id/btLogin')'完成
2023-04-14 15:59:46 INFO 登录成功账号:13000000014 密码：abc123456
2023-04-14 15:59:48 INFO 查找元素'(('id', 'com.inkr.sport:id/tvUserName'),)'完成
2023-04-14 15:59:48 INFO 用户信息的value为：体育用户2
2023-04-14 15:59:48 INFO 查找元素'(('id', 'com.inkr.sport:id/tvExpert'),)'完成
2023-04-14 15:59:49 INFO 点击元素'('id', 'com.inkr.sport:id/tvExpert')'完成
2023-04-14 15:59:49 INFO 查找元素'(('id', 'com.inkr.sport:id/tvMenuName'),)'完成
2023-04-14 15:59:49 INFO 点击元素'('id', 'com.inkr.sport:id/tvMenuName')'完成
2023-04-14 15:59:51 INFO 查找元素'(('id', 'com.inkr.sport:id/tvNotMind'),)'完成
2023-04-14 15:59:51 INFO 点击元素'('id', 'com.inkr.sport:id/tvNotMind')'完成
2023-04-14 15:59:51 INFO 查找元素'(('id', 'com.inkr.sport:id/tvConfirm'),)'完成
2023-04-14 15:59:51 INFO 点击元素'('id', 'com.inkr.sport:id/tvConfirm')'完成
2023-04-14 15:59:52 INFO 查找元素'(('id', 'com.inkr.sport:id/tvIKnow'),)'完成
2023-04-14 15:59:53 INFO 点击元素'('id', 'com.inkr.sport:id/tvIKnow')'完成
2023-04-14 15:59:53 INFO 查找元素'(('id', 'com.inkr.sport:id/rlAddMatch'),)'完成
2023-04-14 15:59:56 INFO 点击元素'('id', 'com.inkr.sport:id/rlAddMatch')'完成
2023-04-14 15:59:56 INFO 查找元素'(('xpath', '//*[@resource-id="com.inkr.sport:id/recyclerView"]/android.view.ViewGroup[4]'),)'完成
2023-04-14 15:59:56 INFO 点击元素'('xpath', '//*[@resource-id="com.inkr.sport:id/recyclerView"]/android.view.ViewGroup[4]')'完成
2023-04-14 15:59:57 INFO 查找元素'(('id', 'com.inkr.sport:id/tvDraft'),)'完成
2023-04-14 15:59:57 INFO 查找元素'(('xpath', "//*[@text='胜负过关']"),)'完成
2023-04-14 15:59:58 INFO 点击元素'('xpath', "//*[@text='胜负过关']")'完成
2023-04-14 15:59:58 INFO 选择的玩法类型：北单，选择了第3场比赛，选择的玩法方式：胜负过关
2023-04-14 15:59:58 ERROR 获取第三个元素失败，原因list index out of range，默认选择第一个推荐结果
2023-04-14 15:59:58 INFO 不能选择主推次推1
2023-04-14 15:59:58 INFO 查找元素'(('id', 'com.inkr.sport:id/firstItem'),)'完成
2023-04-14 15:59:58 INFO 点击元素'('id', 'com.inkr.sport:id/firstItem')'完成
2023-04-14 15:59:58 INFO 不选择其他玩法
2023-04-14 15:59:59 INFO 查找元素'(('xpath', '//*[@resource-id ="com.inkr.sport:id/glPrice"]/android.view.ViewGroup[2]'),)'完成
2023-04-14 15:59:59 INFO 点击元素'('xpath', '//*[@resource-id ="com.inkr.sport:id/glPrice"]/android.view.ViewGroup[2]')'完成
2023-04-14 15:59:59 INFO 开始上滑
2023-04-14 15:59:59 INFO 上滑完成
2023-04-14 15:59:59 INFO 不选择促销信息
2023-04-14 16:00:00 INFO 查找元素'现金红包'完成
2023-04-14 16:00:01 INFO 点击元素'现金红包'完成
2023-04-14 16:00:01 INFO 查找元素'(('id', 'com.inkr.sport:id/tvSelectGoods'),)'完成
2023-04-14 16:00:02 INFO 点击元素'('id', 'com.inkr.sport:id/tvSelectGoods')'完成
2023-04-14 16:00:02 INFO 点击元素'('id', 'com.inkr.sport:id/ivAward')'完成
2023-04-14 16:00:03 INFO 查找元素'(('id', 'com.inkr.sport:id/tvAllNum'),)'完成
2023-04-14 16:00:03 INFO 点击元素'('id', 'com.inkr.sport:id/tvAllNum')'完成
2023-04-14 16:00:04 INFO 查找元素'(('id', 'com.inkr.sport:id/tvTitle'),)'完成
2023-04-14 16:00:05 INFO 点击元素'('id', 'com.inkr.sport:id/tvTitle')'完成
2023-04-14 16:00:05 INFO 查找元素'(('id', 'com.inkr.sport:id/etContent'),)'完成
2023-04-14 16:00:06 INFO 查找元素'(('id', 'com.inkr.sport:id/tvConfirm'),)'完成
2023-04-14 16:00:06 INFO 点击元素'('id', 'com.inkr.sport:id/tvConfirm')'完成
2023-04-14 16:00:07 INFO 查找元素'(('id', 'com.inkr.sport:id/tvRecommend'),)'完成
2023-04-14 16:00:08 INFO 点击元素'('id', 'com.inkr.sport:id/tvRecommend')'完成
2023-04-14 16:00:08 INFO 查找元素'(('id', 'com.inkr.sport:id/etContent'),)'完成
2023-04-14 16:00:09 INFO 查找元素'(('id', 'com.inkr.sport:id/tvConfirm'),)'完成
2023-04-14 16:00:09 INFO 点击元素'('id', 'com.inkr.sport:id/tvConfirm')'完成
2023-04-14 16:00:10 INFO 查找元素'(('id', 'com.inkr.sport:id/tvContent'),)'完成
2023-04-14 16:00:11 INFO 点击元素'('id', 'com.inkr.sport:id/tvContent')'完成
2023-04-14 16:00:11 INFO 查找元素'(('id', 'com.inkr.sport:id/etContent'),)'完成
2023-04-14 16:00:12 INFO 查找元素'(('id', 'com.inkr.sport:id/tvConfirm'),)'完成
2023-04-14 16:00:13 INFO 点击元素'('id', 'com.inkr.sport:id/tvConfirm')'完成
2023-04-14 16:00:13 INFO 查找元素'(('id', 'com.inkr.sport:id/tvPublish'),)'完成
2023-04-14 16:00:14 INFO 点击元素'('id', 'com.inkr.sport:id/tvPublish')'完成
2023-04-14 16:00:14 INFO 查找元素'(('id', 'com.inkr.sport:id/tvPublish'),)'完成
2023-04-14 16:00:14 INFO 点击元素'('id', 'com.inkr.sport:id/tvPublish')'完成
2023-04-14 16:00:14 INFO 发布方案成功
2023-04-14 16:00:15 INFO 查找元素'(('id', 'com.inkr.sport:id/tvPublishSuccess'),)'完成
2023-04-14 16:00:15 INFO 用户信息的value为：发布成功
2023-04-14 16:00:15 INFO 查找元素'(('id', 'com.inkr.sport:id/tvPublishSuccess'),)'完成
2023-04-14 16:00:15 INFO 用户信息的value为：发布成功
2023-04-14 16:00:15 INFO **************用例执行结束**************
2023-04-14 16:00:38 INFO *********开始启动APP*********
2023-04-14 16:00:38 INFO 手机参数：{'platformName': 'android', 'platformVersion': '12', 'deviceName': '127.0.0.1:7555', 'automationName': 'UiAutomator2', 'appPackage': 'com.inkr.sport', 'appActivity': 'com.inkr.sport.activities.SplashActivity'}
2023-04-14 16:00:45 INFO *********启动成功*********
2023-04-14 16:00:45 INFO **************用例开始执行**************
2023-04-14 16:00:46 INFO 查找元素'(('id', 'com.inkr.sport:id/tvPopAgreementAgree'),)'完成
2023-04-14 16:00:46 INFO 点击元素'('id', 'com.inkr.sport:id/tvPopAgreementAgree')'完成
2023-04-14 16:00:46 INFO 开始左滑
2023-04-14 16:00:48 INFO 左滑1次
2023-04-14 16:00:49 INFO 左滑2次
2023-04-14 16:00:49 INFO 左滑完成
2023-04-14 16:00:50 INFO 查找元素'(('id', 'com.inkr.sport:id/ivEnterApp'),)'完成
2023-04-14 16:00:50 INFO 点击元素'('id', 'com.inkr.sport:id/ivEnterApp')'完成
2023-04-14 16:00:52 INFO 查找元素'(('id', 'com.inkr.sport:id/ivTbMine'),)'完成
2023-04-14 16:00:52 INFO 点击元素'('id', 'com.inkr.sport:id/ivTbMine')'完成
2023-04-14 16:00:53 INFO 查找元素'(('id', 'com.inkr.sport:id/tvUserName'),)'完成
2023-04-14 16:01:03 INFO 点击元素'('id', 'com.inkr.sport:id/tvUserName')'完成
2023-04-14 16:01:19 INFO **************用例执行结束**************
2023-04-14 16:01:22 INFO *********开始启动APP*********
2023-04-14 16:01:22 INFO 手机参数：{'platformName': 'android', 'platformVersion': '12', 'deviceName': '127.0.0.1:7555', 'automationName': 'UiAutomator2', 'appPackage': 'com.inkr.sport', 'appActivity': 'com.inkr.sport.activities.SplashActivity'}
2023-04-14 16:01:29 INFO *********启动成功*********
2023-04-14 16:01:29 INFO **************用例开始执行**************
2023-04-14 16:01:30 INFO 查找元素'(('id', 'com.inkr.sport:id/tvPopAgreementAgree'),)'完成
2023-04-14 16:01:30 INFO 点击元素'('id', 'com.inkr.sport:id/tvPopAgreementAgree')'完成
2023-04-14 16:01:30 INFO 开始左滑
2023-04-14 16:01:31 INFO 左滑1次
2023-04-14 16:01:33 INFO 左滑2次
2023-04-14 16:01:33 INFO 左滑完成
2023-04-14 16:01:33 INFO 查找元素'(('id', 'com.inkr.sport:id/ivEnterApp'),)'完成
2023-04-14 16:01:34 INFO 点击元素'('id', 'com.inkr.sport:id/ivEnterApp')'完成
2023-04-14 16:01:36 INFO 查找元素'(('id', 'com.inkr.sport:id/ivTbMine'),)'完成
2023-04-14 16:01:37 INFO 点击元素'('id', 'com.inkr.sport:id/ivTbMine')'完成
2023-04-14 16:01:37 INFO 查找元素'(('id', 'com.inkr.sport:id/tvUserName'),)'完成
2023-04-14 16:01:37 INFO 点击元素'('id', 'com.inkr.sport:id/tvUserName')'完成
2023-04-14 16:02:08 INFO 查找元素'(('id', 'com.inkr.sport:id/tvAccountLogin'),)'完成
2023-04-14 16:02:38 INFO 点击元素'('id', 'com.inkr.sport:id/tvAccountLogin')'完成
2023-04-14 16:04:29 INFO 查找元素'(('id', 'com.inkr.sport:id/etPd'),)'完成
2023-04-14 16:05:59 INFO 查找元素'(('id', 'com.inkr.sport:id/ivPolicyCheckBox'),)'完成
2023-04-14 16:06:29 INFO 点击元素'('id', 'com.inkr.sport:id/ivPolicyCheckBox')'完成
2023-04-14 16:07:00 INFO 查找元素'(('id', 'com.inkr.sport:id/btLogin'),)'完成
2023-04-14 16:07:20 INFO 点击元素'('id', 'com.inkr.sport:id/btLogin')'完成
2023-04-14 16:07:20 INFO 登录成功账号:13000000014 密码：abc123456
2023-04-14 16:07:22 INFO 查找元素'(('id', 'com.inkr.sport:id/tvUserName'),)'完成
2023-04-14 16:07:22 INFO 用户信息的value为：体育用户2
2023-04-14 16:07:22 INFO 查找元素'(('id', 'com.inkr.sport:id/tvExpert'),)'完成
2023-04-14 16:07:23 INFO 点击元素'('id', 'com.inkr.sport:id/tvExpert')'完成
2023-04-14 16:07:23 INFO 查找元素'(('id', 'com.inkr.sport:id/tvMenuName'),)'完成
2023-04-14 16:07:23 INFO 点击元素'('id', 'com.inkr.sport:id/tvMenuName')'完成
2023-04-14 16:07:25 INFO 查找元素'(('id', 'com.inkr.sport:id/tvNotMind'),)'完成
2023-04-14 16:07:25 INFO 点击元素'('id', 'com.inkr.sport:id/tvNotMind')'完成
2023-04-14 16:07:25 INFO 查找元素'(('id', 'com.inkr.sport:id/tvConfirm'),)'完成
2023-04-14 16:07:25 INFO 点击元素'('id', 'com.inkr.sport:id/tvConfirm')'完成
2023-04-14 16:07:26 INFO 查找元素'(('id', 'com.inkr.sport:id/tvIKnow'),)'完成
2023-04-14 16:07:26 INFO 点击元素'('id', 'com.inkr.sport:id/tvIKnow')'完成
2023-04-14 16:07:27 INFO 查找元素'(('id', 'com.inkr.sport:id/rlAddMatch'),)'完成
2023-04-14 16:07:27 INFO 点击元素'('id', 'com.inkr.sport:id/rlAddMatch')'完成
2023-04-14 16:07:29 INFO 查找元素'(('xpath', '//*[@resource-id="com.inkr.sport:id/recyclerView"]/android.view.ViewGroup[3]'),)'完成
2023-04-14 16:07:29 INFO 点击元素'('xpath', '//*[@resource-id="com.inkr.sport:id/recyclerView"]/android.view.ViewGroup[3]')'完成
2023-04-14 16:07:30 INFO 查找元素'(('id', 'com.inkr.sport:id/tvDraft'),)'完成
2023-04-14 16:07:30 INFO 查找元素'(('xpath', "//*[@text='胜负过关']"),)'完成
2023-04-14 16:07:31 INFO 点击元素'('xpath', "//*[@text='胜负过关']")'完成
2023-04-14 16:07:31 INFO 选择的玩法类型：北单，选择了第2场比赛，选择的玩法方式：胜负过关
2023-04-14 16:07:31 ERROR 获取第三个元素失败，原因list index out of range，默认选择第一个推荐结果
2023-04-14 16:07:31 INFO 不能选择主推次推1
2023-04-14 16:07:31 INFO 查找元素'(('id', 'com.inkr.sport:id/firstItem'),)'完成
2023-04-14 16:07:31 INFO 点击元素'('id', 'com.inkr.sport:id/firstItem')'完成
2023-04-14 16:07:31 INFO 不选择其他玩法
2023-04-14 16:07:31 INFO 查找元素'(('xpath', '//*[@resource-id ="com.inkr.sport:id/glPrice"]/android.view.ViewGroup[2]'),)'完成
2023-04-14 16:07:32 INFO 点击元素'('xpath', '//*[@resource-id ="com.inkr.sport:id/glPrice"]/android.view.ViewGroup[2]')'完成
2023-04-14 16:07:32 INFO 开始上滑
2023-04-14 16:07:32 INFO 上滑完成
2023-04-14 16:07:32 INFO 不选择促销信息
2023-04-14 16:07:33 INFO 查找元素'现金红包'完成
2023-04-14 16:07:33 INFO 点击元素'现金红包'完成
2023-04-14 16:07:33 INFO 查找元素'(('id', 'com.inkr.sport:id/tvSelectGoods'),)'完成
2023-04-14 16:07:35 INFO 点击元素'('id', 'com.inkr.sport:id/tvSelectGoods')'完成
2023-04-14 16:07:35 INFO 点击元素'('id', 'com.inkr.sport:id/ivAward')'完成
2023-04-14 16:07:35 INFO 查找元素'(('id', 'com.inkr.sport:id/tvAllNum'),)'完成
2023-04-14 16:07:36 INFO 点击元素'('id', 'com.inkr.sport:id/tvAllNum')'完成
2023-04-14 16:07:36 INFO 查找元素'(('id', 'com.inkr.sport:id/tvTitle'),)'完成
2023-04-14 16:07:37 INFO 点击元素'('id', 'com.inkr.sport:id/tvTitle')'完成
2023-04-14 16:07:37 INFO 查找元素'(('id', 'com.inkr.sport:id/etContent'),)'完成
2023-04-14 16:07:38 INFO 查找元素'(('id', 'com.inkr.sport:id/tvConfirm'),)'完成
2023-04-14 16:07:38 INFO 点击元素'('id', 'com.inkr.sport:id/tvConfirm')'完成
2023-04-14 16:07:39 INFO 查找元素'(('id', 'com.inkr.sport:id/tvRecommend'),)'完成
2023-04-14 16:07:40 INFO 点击元素'('id', 'com.inkr.sport:id/tvRecommend')'完成
2023-04-14 16:07:40 INFO 查找元素'(('id', 'com.inkr.sport:id/etContent'),)'完成
2023-04-14 16:07:41 INFO 查找元素'(('id', 'com.inkr.sport:id/tvConfirm'),)'完成
2023-04-14 16:07:41 INFO 点击元素'('id', 'com.inkr.sport:id/tvConfirm')'完成
2023-04-14 16:07:42 INFO 查找元素'(('id', 'com.inkr.sport:id/tvContent'),)'完成
2023-04-14 16:07:42 INFO 点击元素'('id', 'com.inkr.sport:id/tvContent')'完成
2023-04-14 16:07:43 INFO 查找元素'(('id', 'com.inkr.sport:id/etContent'),)'完成
2023-04-14 16:07:44 INFO 查找元素'(('id', 'com.inkr.sport:id/tvConfirm'),)'完成
2023-04-14 16:07:44 INFO 点击元素'('id', 'com.inkr.sport:id/tvConfirm')'完成
2023-04-14 16:07:45 INFO 查找元素'(('id', 'com.inkr.sport:id/tvPublish'),)'完成
2023-04-14 16:07:46 INFO 点击元素'('id', 'com.inkr.sport:id/tvPublish')'完成
2023-04-14 16:07:46 INFO 查找元素'(('id', 'com.inkr.sport:id/tvPublish'),)'完成
2023-04-14 16:07:46 INFO 点击元素'('id', 'com.inkr.sport:id/tvPublish')'完成
2023-04-14 16:07:46 INFO 发布方案成功
2023-04-14 16:07:46 INFO 查找元素'(('id', 'com.inkr.sport:id/tvPublishSuccess'),)'完成
2023-04-14 16:07:46 INFO 用户信息的value为：发布成功
2023-04-14 16:07:46 INFO 查找元素'(('id', 'com.inkr.sport:id/tvPublishSuccess'),)'完成
2023-04-14 16:07:46 INFO 用户信息的value为：发布成功
2023-04-14 16:07:55 INFO 查找元素'(('id', 'com.inkr.sport:id/navTitle'),)'完成
2023-04-14 16:07:55 INFO 点击元素'('id', 'com.inkr.sport:id/navTitle')'完成
2023-04-14 16:07:56 INFO 查找元素'(('id', 'com.inkr.sport:id/navTitle'),)'完成
2023-04-14 16:07:57 INFO 点击元素'('id', 'com.inkr.sport:id/navTitle')'完成
2023-04-14 16:07:57 INFO 查找元素'(('id', 'com.inkr.sport:id/ivSetting'),)'完成
2023-04-14 16:07:58 INFO 点击元素'('id', 'com.inkr.sport:id/ivSetting')'完成
2023-04-14 16:07:58 INFO 查找元素'(('id', 'com.inkr.sport:id/btExitLogin'),)'完成
2023-04-14 16:07:58 INFO 点击元素'('id', 'com.inkr.sport:id/btExitLogin')'完成
2023-04-14 16:07:58 INFO 退出登录成功
2023-04-14 16:08:18 ERROR 获取元素'(('id', 'com.inkr.sport:id/tvPopAgreementAgree'),)'失败，原因：Message: 
Stacktrace:
NoSuchElementError: An element could not be located on the page using the given search parameters.
    at AndroidUiautomator2Driver.findElOrEls (E:\Appium-Server-GUI-windows-1.22.3-4\resources\app\node_modules\appium\node_modules\appium-android-driver\lib\commands\find.js:75:11)
    at runMicrotasks (<anonymous>)
    at processTicksAndRejections (internal/process/task_queues.js:97:5)
    at AndroidUiautomator2Driver.findElOrElsWithProcessing (E:\Appium-Server-GUI-windows-1.22.3-4\resources\app\node_modules\appium\node_modules\appium-base-driver\lib\basedriver\commands\find.js:33:12)
    at AndroidUiautomator2Driver.findElement (E:\Appium-Server-GUI-windows-1.22.3-4\resources\app\node_modules\appium\node_modules\appium-base-driver\lib\basedriver\commands\find.js:53:10)
2023-04-14 16:08:18 INFO **************用例执行结束**************
2023-04-14 16:19:55 INFO *********开始启动APP*********
2023-04-14 16:19:55 INFO 手机参数：{'platformName': 'android', 'platformVersion': '12', 'deviceName': '127.0.0.1:7555', 'automationName': 'UiAutomator2', 'appPackage': 'com.inkr.sport', 'appActivity': 'com.inkr.sport.activities.SplashActivity'}
2023-04-14 16:20:02 INFO *********启动成功*********
2023-04-14 16:20:02 INFO **************用例开始执行**************
2023-04-14 16:20:02 INFO 查找元素'(('id', 'com.inkr.sport:id/tvPopAgreementAgree'),)'完成
2023-04-14 16:20:03 INFO 点击元素'('id', 'com.inkr.sport:id/tvPopAgreementAgree')'完成
2023-04-14 16:20:03 INFO 开始左滑
2023-04-14 16:20:04 INFO 左滑1次
2023-04-14 16:20:05 INFO 左滑2次
2023-04-14 16:20:05 INFO 左滑完成
2023-04-14 16:20:06 INFO 查找元素'(('id', 'com.inkr.sport:id/ivEnterApp'),)'完成
2023-04-14 16:20:06 INFO 点击元素'('id', 'com.inkr.sport:id/ivEnterApp')'完成
2023-04-14 16:20:09 INFO 查找元素'(('id', 'com.inkr.sport:id/ivTbMine'),)'完成
2023-04-14 16:20:10 INFO 点击元素'('id', 'com.inkr.sport:id/ivTbMine')'完成
2023-04-14 16:20:10 INFO 查找元素'(('id', 'com.inkr.sport:id/tvUserName'),)'完成
2023-04-14 16:20:20 INFO 点击元素'('id', 'com.inkr.sport:id/tvUserName')'完成
2023-04-14 16:20:50 INFO 查找元素'(('id', 'com.inkr.sport:id/tvAccountLogin'),)'完成
2023-04-14 16:21:20 INFO 点击元素'('id', 'com.inkr.sport:id/tvAccountLogin')'完成
2023-04-14 16:23:11 INFO 查找元素'(('id', 'com.inkr.sport:id/etPd'),)'完成
2023-04-14 16:24:41 INFO 查找元素'(('id', 'com.inkr.sport:id/ivPolicyCheckBox'),)'完成
2023-04-14 16:25:12 INFO 点击元素'('id', 'com.inkr.sport:id/ivPolicyCheckBox')'完成
2023-04-14 16:25:42 INFO 查找元素'(('id', 'com.inkr.sport:id/btLogin'),)'完成
2023-04-14 16:26:03 INFO 点击元素'('id', 'com.inkr.sport:id/btLogin')'完成
2023-04-14 16:26:03 INFO 登录成功账号:13000000014 密码：abc123456
2023-04-14 16:26:05 INFO 查找元素'(('id', 'com.inkr.sport:id/tvUserName'),)'完成
2023-04-14 16:26:05 INFO 用户信息的value为：体育用户2
2023-04-14 16:26:05 INFO 查找元素'(('id', 'com.inkr.sport:id/tvExpert'),)'完成
2023-04-14 16:26:06 INFO 点击元素'('id', 'com.inkr.sport:id/tvExpert')'完成
2023-04-14 16:26:06 INFO 查找元素'(('id', 'com.inkr.sport:id/tvMenuName'),)'完成
2023-04-14 16:26:06 INFO 点击元素'('id', 'com.inkr.sport:id/tvMenuName')'完成
2023-04-14 16:26:08 INFO 查找元素'(('id', 'com.inkr.sport:id/tvNotMind'),)'完成
2023-04-14 16:26:08 INFO 点击元素'('id', 'com.inkr.sport:id/tvNotMind')'完成
2023-04-14 16:26:09 INFO 查找元素'(('id', 'com.inkr.sport:id/tvConfirm'),)'完成
2023-04-14 16:26:09 INFO 点击元素'('id', 'com.inkr.sport:id/tvConfirm')'完成
2023-04-14 16:26:10 INFO 查找元素'(('id', 'com.inkr.sport:id/tvIKnow'),)'完成
2023-04-14 16:26:10 INFO 点击元素'('id', 'com.inkr.sport:id/tvIKnow')'完成
2023-04-14 16:26:10 INFO 查找元素'(('id', 'com.inkr.sport:id/rlAddMatch'),)'完成
2023-04-14 16:26:13 INFO 点击元素'('id', 'com.inkr.sport:id/rlAddMatch')'完成
2023-04-14 16:26:13 INFO 查找元素'(('xpath', '//*[@resource-id="com.inkr.sport:id/recyclerView"]/android.view.ViewGroup[2]'),)'完成
2023-04-14 16:26:13 INFO 点击元素'('xpath', '//*[@resource-id="com.inkr.sport:id/recyclerView"]/android.view.ViewGroup[2]')'完成
2023-04-14 16:26:14 INFO 查找元素'(('id', 'com.inkr.sport:id/tvDraft'),)'完成
2023-04-14 16:26:14 INFO 查找元素'(('xpath', "//*[@text='胜负过关']"),)'完成
2023-04-14 16:26:15 INFO 点击元素'('xpath', "//*[@text='胜负过关']")'完成
2023-04-14 16:26:15 INFO 选择的玩法类型：北单，选择了第1场比赛，选择的玩法方式：胜负过关
2023-04-14 16:26:15 ERROR 获取第三个元素失败，原因list index out of range，默认选择第一个推荐结果
2023-04-14 16:26:15 INFO 不能选择主推次推1
2023-04-14 16:26:15 INFO 查找元素'(('id', 'com.inkr.sport:id/firstItem'),)'完成
2023-04-14 16:26:15 INFO 点击元素'('id', 'com.inkr.sport:id/firstItem')'完成
2023-04-14 16:26:15 INFO 不选择其他玩法
2023-04-14 16:26:16 INFO 查找元素'(('xpath', '//*[@resource-id ="com.inkr.sport:id/glPrice"]/android.view.ViewGroup[2]'),)'完成
2023-04-14 16:26:16 INFO 点击元素'('xpath', '//*[@resource-id ="com.inkr.sport:id/glPrice"]/android.view.ViewGroup[2]')'完成
2023-04-14 16:26:16 INFO 开始上滑
2023-04-14 16:26:16 INFO 上滑完成
2023-04-14 16:26:16 INFO 不选择促销信息
2023-04-14 16:26:17 INFO 查找元素'现金红包'完成
2023-04-14 16:26:17 INFO 点击元素'现金红包'完成
2023-04-14 16:26:17 INFO 查找元素'(('id', 'com.inkr.sport:id/tvSelectGoods'),)'完成
2023-04-14 16:26:18 INFO 点击元素'('id', 'com.inkr.sport:id/tvSelectGoods')'完成
2023-04-14 16:26:19 INFO 点击元素'('id', 'com.inkr.sport:id/ivAward')'完成
2023-04-14 16:26:19 INFO 查找元素'(('id', 'com.inkr.sport:id/tvAllNum'),)'完成
2023-04-14 16:26:19 INFO 点击元素'('id', 'com.inkr.sport:id/tvAllNum')'完成
2023-04-14 16:26:20 INFO 查找元素'(('id', 'com.inkr.sport:id/tvTitle'),)'完成
2023-04-14 16:26:21 INFO 点击元素'('id', 'com.inkr.sport:id/tvTitle')'完成
2023-04-14 16:26:21 INFO 查找元素'(('id', 'com.inkr.sport:id/etContent'),)'完成
2023-04-14 16:26:22 INFO 查找元素'(('id', 'com.inkr.sport:id/tvConfirm'),)'完成
2023-04-14 16:26:22 INFO 点击元素'('id', 'com.inkr.sport:id/tvConfirm')'完成
2023-04-14 16:26:23 INFO 查找元素'(('id', 'com.inkr.sport:id/tvRecommend'),)'完成
2023-04-14 16:26:24 INFO 点击元素'('id', 'com.inkr.sport:id/tvRecommend')'完成
2023-04-14 16:26:24 INFO 查找元素'(('id', 'com.inkr.sport:id/etContent'),)'完成
2023-04-14 16:26:25 INFO 查找元素'(('id', 'com.inkr.sport:id/tvConfirm'),)'完成
2023-04-14 16:26:25 INFO 点击元素'('id', 'com.inkr.sport:id/tvConfirm')'完成
2023-04-14 16:26:26 INFO 查找元素'(('id', 'com.inkr.sport:id/tvContent'),)'完成
2023-04-14 16:26:27 INFO 点击元素'('id', 'com.inkr.sport:id/tvContent')'完成
2023-04-14 16:26:27 INFO 查找元素'(('id', 'com.inkr.sport:id/etContent'),)'完成
2023-04-14 16:26:28 INFO 查找元素'(('id', 'com.inkr.sport:id/tvConfirm'),)'完成
2023-04-14 16:26:28 INFO 点击元素'('id', 'com.inkr.sport:id/tvConfirm')'完成
2023-04-14 16:26:29 INFO 查找元素'(('id', 'com.inkr.sport:id/tvPublish'),)'完成
2023-04-14 16:26:30 INFO 点击元素'('id', 'com.inkr.sport:id/tvPublish')'完成
2023-04-14 16:26:30 INFO 查找元素'(('id', 'com.inkr.sport:id/tvPublish'),)'完成
2023-04-14 16:26:31 INFO 点击元素'('id', 'com.inkr.sport:id/tvPublish')'完成
2023-04-14 16:26:31 INFO 发布方案成功
2023-04-14 16:26:31 INFO 查找元素'(('id', 'com.inkr.sport:id/tvPublishSuccess'),)'完成
2023-04-14 16:26:31 INFO 用户信息的value为：发布成功
2023-04-14 16:26:31 INFO 查找元素'(('id', 'com.inkr.sport:id/tvPublishSuccess'),)'完成
2023-04-14 16:26:31 INFO 用户信息的value为：发布成功
2023-04-14 16:26:31 INFO 查找元素'(('id', 'com.inkr.sport:id/tvConfirm'),)'完成
2023-04-14 16:26:32 INFO 点击元素'('id', 'com.inkr.sport:id/tvConfirm')'完成
2023-04-14 16:26:32 INFO 查找元素'(('id', 'com.inkr.sport:id/navTitle'),)'完成
2023-04-14 16:26:33 INFO 点击元素'('id', 'com.inkr.sport:id/navTitle')'完成
2023-04-14 16:26:33 INFO 查找元素'(('id', 'com.inkr.sport:id/navTitle'),)'完成
2023-04-14 16:26:34 INFO 点击元素'('id', 'com.inkr.sport:id/navTitle')'完成
2023-04-14 16:26:34 INFO 查找元素'(('id', 'com.inkr.sport:id/ivSetting'),)'完成
2023-04-14 16:26:34 INFO 点击元素'('id', 'com.inkr.sport:id/ivSetting')'完成
2023-04-14 16:26:35 INFO 查找元素'(('id', 'com.inkr.sport:id/btExitLogin'),)'完成
2023-04-14 16:26:35 INFO 点击元素'('id', 'com.inkr.sport:id/btExitLogin')'完成
2023-04-14 16:26:35 INFO 查找元素'(('id', 'com.inkr.sport:id/btConfirm'),)'完成
2023-04-14 16:26:36 INFO 点击元素'('id', 'com.inkr.sport:id/btConfirm')'完成
2023-04-14 16:26:36 INFO 退出登录成功
2023-04-14 16:26:57 ERROR 获取元素'(('id', 'com.inkr.sport:id/tvPopAgreementAgree'),)'失败，原因：Message: 
Stacktrace:
NoSuchElementError: An element could not be located on the page using the given search parameters.
    at AndroidUiautomator2Driver.findElOrEls (E:\Appium-Server-GUI-windows-1.22.3-4\resources\app\node_modules\appium\node_modules\appium-android-driver\lib\commands\find.js:75:11)
    at runMicrotasks (<anonymous>)
    at processTicksAndRejections (internal/process/task_queues.js:97:5)
    at AndroidUiautomator2Driver.findElOrElsWithProcessing (E:\Appium-Server-GUI-windows-1.22.3-4\resources\app\node_modules\appium\node_modules\appium-base-driver\lib\basedriver\commands\find.js:33:12)
    at AndroidUiautomator2Driver.findElement (E:\Appium-Server-GUI-windows-1.22.3-4\resources\app\node_modules\appium\node_modules\appium-base-driver\lib\basedriver\commands\find.js:53:10)
2023-04-14 16:26:57 INFO **************用例执行结束**************
2023-04-14 16:31:35 INFO *********开始启动APP*********
2023-04-14 16:31:35 INFO 手机参数：{'platformName': 'android', 'platformVersion': '12', 'deviceName': '127.0.0.1:7555', 'automationName': 'UiAutomator2', 'appPackage': 'com.inkr.sport', 'appActivity': 'com.inkr.sport.activities.SplashActivity'}
2023-04-14 16:31:42 INFO *********启动成功*********
2023-04-14 16:31:42 INFO **************用例开始执行**************
2023-04-14 16:31:43 INFO 查找元素'(('id', 'com.inkr.sport:id/tvPopAgreementAgree'),)'完成
2023-04-14 16:31:43 INFO 点击元素'('id', 'com.inkr.sport:id/tvPopAgreementAgree')'完成
2023-04-14 16:31:43 INFO 开始左滑
2023-04-14 16:31:44 INFO 左滑1次
2023-04-14 16:31:46 INFO 左滑2次
2023-04-14 16:31:46 INFO 左滑完成
2023-04-14 16:31:46 INFO 查找元素'(('id', 'com.inkr.sport:id/ivEnterApp'),)'完成
2023-04-14 16:31:46 INFO 点击元素'('id', 'com.inkr.sport:id/ivEnterApp')'完成
2023-04-14 16:31:50 INFO 查找元素'(('id', 'com.inkr.sport:id/ivTbMine'),)'完成
2023-04-14 16:31:51 INFO 点击元素'('id', 'com.inkr.sport:id/ivTbMine')'完成
2023-04-14 16:32:11 ERROR 获取元素'(('id', 'com.inkr.sport:id/tvAccountLogin'),)'失败，原因：Message: 
Stacktrace:
NoSuchElementError: An element could not be located on the page using the given search parameters.
    at AndroidUiautomator2Driver.findElOrEls (E:\Appium-Server-GUI-windows-1.22.3-4\resources\app\node_modules\appium\node_modules\appium-android-driver\lib\commands\find.js:75:11)
    at processTicksAndRejections (internal/process/task_queues.js:97:5)
    at AndroidUiautomator2Driver.findElOrElsWithProcessing (E:\Appium-Server-GUI-windows-1.22.3-4\resources\app\node_modules\appium\node_modules\appium-base-driver\lib\basedriver\commands\find.js:33:12)
    at AndroidUiautomator2Driver.findElement (E:\Appium-Server-GUI-windows-1.22.3-4\resources\app\node_modules\appium\node_modules\appium-base-driver\lib\basedriver\commands\find.js:53:10)
2023-04-14 16:32:31 ERROR 获取元素'(('id', 'com.inkr.sport:id/tvExpert'),)'失败，原因：Message: 
Stacktrace:
NoSuchElementError: An element could not be located on the page using the given search parameters.
    at AndroidUiautomator2Driver.findElOrEls (E:\Appium-Server-GUI-windows-1.22.3-4\resources\app\node_modules\appium\node_modules\appium-android-driver\lib\commands\find.js:75:11)
    at runMicrotasks (<anonymous>)
    at processTicksAndRejections (internal/process/task_queues.js:97:5)
    at AndroidUiautomator2Driver.findElOrElsWithProcessing (E:\Appium-Server-GUI-windows-1.22.3-4\resources\app\node_modules\appium\node_modules\appium-base-driver\lib\basedriver\commands\find.js:33:12)
    at AndroidUiautomator2Driver.findElement (E:\Appium-Server-GUI-windows-1.22.3-4\resources\app\node_modules\appium\node_modules\appium-base-driver\lib\basedriver\commands\find.js:53:10)
2023-04-14 16:32:52 ERROR 获取元素'(('id', 'com.inkr.sport:id/tvConfirm'),)'失败，原因：Message: 
Stacktrace:
NoSuchElementError: An element could not be located on the page using the given search parameters.
    at AndroidUiautomator2Driver.findElOrEls (E:\Appium-Server-GUI-windows-1.22.3-4\resources\app\node_modules\appium\node_modules\appium-android-driver\lib\commands\find.js:75:11)
    at runMicrotasks (<anonymous>)
    at processTicksAndRejections (internal/process/task_queues.js:97:5)
    at AndroidUiautomator2Driver.findElOrElsWithProcessing (E:\Appium-Server-GUI-windows-1.22.3-4\resources\app\node_modules\appium\node_modules\appium-base-driver\lib\basedriver\commands\find.js:33:12)
    at AndroidUiautomator2Driver.findElement (E:\Appium-Server-GUI-windows-1.22.3-4\resources\app\node_modules\appium\node_modules\appium-base-driver\lib\basedriver\commands\find.js:53:10)
2023-04-14 16:32:52 INFO **************用例执行结束**************
2023-04-14 16:33:05 INFO *********开始启动APP*********
2023-04-14 16:33:05 INFO 手机参数：{'platformName': 'android', 'platformVersion': '12', 'deviceName': '127.0.0.1:7555', 'automationName': 'UiAutomator2', 'appPackage': 'com.inkr.sport', 'appActivity': 'com.inkr.sport.activities.SplashActivity'}
2023-04-14 16:33:12 INFO *********启动成功*********
2023-04-14 16:33:12 INFO **************用例开始执行**************
2023-04-14 16:33:13 INFO 查找元素'(('id', 'com.inkr.sport:id/tvPopAgreementAgree'),)'完成
2023-04-14 16:33:13 INFO 点击元素'('id', 'com.inkr.sport:id/tvPopAgreementAgree')'完成
2023-04-14 16:33:13 INFO 开始左滑
2023-04-14 16:33:14 INFO 左滑1次
2023-04-14 16:33:16 INFO 左滑2次
2023-04-14 16:33:16 INFO 左滑完成
2023-04-14 16:33:16 INFO 查找元素'(('id', 'com.inkr.sport:id/ivEnterApp'),)'完成
2023-04-14 16:33:17 INFO 点击元素'('id', 'com.inkr.sport:id/ivEnterApp')'完成
2023-04-14 16:33:22 INFO 查找元素'(('id', 'com.inkr.sport:id/ivTbMine'),)'完成
2023-04-14 16:33:22 INFO 点击元素'('id', 'com.inkr.sport:id/ivTbMine')'完成
2023-04-14 16:33:22 INFO 查找元素'(('id', 'com.inkr.sport:id/tvUserName'),)'完成
2023-04-14 16:33:23 INFO 点击元素'('id', 'com.inkr.sport:id/tvUserName')'完成
2023-04-14 16:33:53 INFO 查找元素'(('id', 'com.inkr.sport:id/tvAccountLogin'),)'完成
2023-04-14 16:34:23 INFO 点击元素'('id', 'com.inkr.sport:id/tvAccountLogin')'完成
2023-04-14 16:36:14 INFO 查找元素'(('id', 'com.inkr.sport:id/etPd'),)'完成
2023-04-14 16:37:44 INFO 查找元素'(('id', 'com.inkr.sport:id/ivPolicyCheckBox'),)'完成
2023-04-14 16:38:14 INFO 点击元素'('id', 'com.inkr.sport:id/ivPolicyCheckBox')'完成
2023-04-14 16:38:44 INFO 查找元素'(('id', 'com.inkr.sport:id/btLogin'),)'完成
2023-04-14 16:39:05 INFO 点击元素'('id', 'com.inkr.sport:id/btLogin')'完成
2023-04-14 16:39:05 INFO 登录成功账号:13000000014 密码：abc123456
2023-04-14 16:39:07 INFO 查找元素'(('id', 'com.inkr.sport:id/tvUserName'),)'完成
2023-04-14 16:39:07 INFO 用户信息的value为：体育用户2
2023-04-14 16:39:07 INFO 查找元素'(('id', 'com.inkr.sport:id/tvExpert'),)'完成
2023-04-14 16:39:07 INFO 点击元素'('id', 'com.inkr.sport:id/tvExpert')'完成
2023-04-14 16:39:08 INFO 查找元素'(('id', 'com.inkr.sport:id/tvMenuName'),)'完成
2023-04-14 16:39:08 INFO 点击元素'('id', 'com.inkr.sport:id/tvMenuName')'完成
2023-04-14 16:39:10 INFO 查找元素'(('id', 'com.inkr.sport:id/tvNotMind'),)'完成
2023-04-14 16:39:10 INFO 点击元素'('id', 'com.inkr.sport:id/tvNotMind')'完成
2023-04-14 16:39:11 INFO 查找元素'(('id', 'com.inkr.sport:id/tvConfirm'),)'完成
2023-04-14 16:39:11 INFO 点击元素'('id', 'com.inkr.sport:id/tvConfirm')'完成
2023-04-14 16:39:11 INFO 查找元素'(('id', 'com.inkr.sport:id/tvIKnow'),)'完成
2023-04-14 16:39:12 INFO 点击元素'('id', 'com.inkr.sport:id/tvIKnow')'完成
2023-04-14 16:39:12 INFO 查找元素'(('id', 'com.inkr.sport:id/rlAddMatch'),)'完成
2023-04-14 16:39:17 INFO 点击元素'('id', 'com.inkr.sport:id/rlAddMatch')'完成
2023-04-14 16:39:18 INFO 查找元素'(('xpath', '//*[@resource-id="com.inkr.sport:id/recyclerView"]/android.view.ViewGroup[5]'),)'完成
2023-04-14 16:39:18 INFO 点击元素'('xpath', '//*[@resource-id="com.inkr.sport:id/recyclerView"]/android.view.ViewGroup[5]')'完成
2023-04-14 16:39:19 INFO 查找元素'(('id', 'com.inkr.sport:id/tvDraft'),)'完成
2023-04-14 16:39:19 INFO 查找元素'(('xpath', "//*[@text='胜负过关']"),)'完成
2023-04-14 16:39:19 INFO 点击元素'('xpath', "//*[@text='胜负过关']")'完成
2023-04-14 16:39:19 INFO 选择的玩法类型：北单，选择了第4场比赛，选择的玩法方式：胜负过关
2023-04-14 16:39:19 ERROR 获取第三个元素失败，原因list index out of range，默认选择第一个推荐结果
2023-04-14 16:39:19 INFO 不能选择主推次推1
2023-04-14 16:39:19 INFO 查找元素'(('id', 'com.inkr.sport:id/firstItem'),)'完成
2023-04-14 16:39:19 INFO 点击元素'('id', 'com.inkr.sport:id/firstItem')'完成
2023-04-14 16:39:19 INFO 不选择其他玩法
2023-04-14 16:39:20 INFO 查找元素'(('xpath', '//*[@resource-id ="com.inkr.sport:id/glPrice"]/android.view.ViewGroup[2]'),)'完成
2023-04-14 16:39:20 INFO 点击元素'('xpath', '//*[@resource-id ="com.inkr.sport:id/glPrice"]/android.view.ViewGroup[2]')'完成
2023-04-14 16:39:20 INFO 开始上滑
2023-04-14 16:39:21 INFO 上滑完成
2023-04-14 16:39:21 INFO 不选择促销信息
2023-04-14 16:39:21 INFO 查找元素'现金红包'完成
2023-04-14 16:39:22 INFO 点击元素'现金红包'完成
2023-04-14 16:39:22 INFO 查找元素'(('id', 'com.inkr.sport:id/tvSelectGoods'),)'完成
2023-04-14 16:39:23 INFO 点击元素'('id', 'com.inkr.sport:id/tvSelectGoods')'完成
2023-04-14 16:39:23 INFO 点击元素'('id', 'com.inkr.sport:id/ivAward')'完成
2023-04-14 16:39:24 INFO 查找元素'(('id', 'com.inkr.sport:id/tvAllNum'),)'完成
2023-04-14 16:39:24 INFO 点击元素'('id', 'com.inkr.sport:id/tvAllNum')'完成
2023-04-14 16:39:25 INFO 查找元素'(('id', 'com.inkr.sport:id/tvTitle'),)'完成
2023-04-14 16:39:26 INFO 点击元素'('id', 'com.inkr.sport:id/tvTitle')'完成
2023-04-14 16:39:26 INFO 查找元素'(('id', 'com.inkr.sport:id/etContent'),)'完成
2023-04-14 16:39:26 INFO 查找元素'(('id', 'com.inkr.sport:id/tvConfirm'),)'完成
2023-04-14 16:39:26 INFO 点击元素'('id', 'com.inkr.sport:id/tvConfirm')'完成
2023-04-14 16:39:27 INFO 查找元素'(('id', 'com.inkr.sport:id/tvRecommend'),)'完成
2023-04-14 16:39:28 INFO 点击元素'('id', 'com.inkr.sport:id/tvRecommend')'完成
2023-04-14 16:39:28 INFO 查找元素'(('id', 'com.inkr.sport:id/etContent'),)'完成
2023-04-14 16:39:29 INFO 查找元素'(('id', 'com.inkr.sport:id/tvConfirm'),)'完成
2023-04-14 16:39:29 INFO 点击元素'('id', 'com.inkr.sport:id/tvConfirm')'完成
2023-04-14 16:39:30 INFO 查找元素'(('id', 'com.inkr.sport:id/tvContent'),)'完成
2023-04-14 16:39:31 INFO 点击元素'('id', 'com.inkr.sport:id/tvContent')'完成
2023-04-14 16:39:31 INFO 查找元素'(('id', 'com.inkr.sport:id/etContent'),)'完成
2023-04-14 16:39:32 INFO 查找元素'(('id', 'com.inkr.sport:id/tvConfirm'),)'完成
2023-04-14 16:39:32 INFO 点击元素'('id', 'com.inkr.sport:id/tvConfirm')'完成
2023-04-14 16:39:33 INFO 查找元素'(('id', 'com.inkr.sport:id/tvPublish'),)'完成
2023-04-14 16:39:34 INFO 点击元素'('id', 'com.inkr.sport:id/tvPublish')'完成
2023-04-14 16:39:34 INFO 查找元素'(('id', 'com.inkr.sport:id/tvPublish'),)'完成
2023-04-14 16:39:35 INFO 点击元素'('id', 'com.inkr.sport:id/tvPublish')'完成
2023-04-14 16:39:35 INFO 发布方案成功
2023-04-14 16:39:35 INFO 查找元素'(('id', 'com.inkr.sport:id/tvPublishSuccess'),)'完成
2023-04-14 16:39:35 INFO 用户信息的value为：发布成功
2023-04-14 16:39:35 INFO 查找元素'(('id', 'com.inkr.sport:id/tvPublishSuccess'),)'完成
2023-04-14 16:39:35 INFO 用户信息的value为：发布成功
2023-04-14 16:39:35 INFO 查找元素'(('id', 'com.inkr.sport:id/tvConfirm'),)'完成
2023-04-14 16:39:36 INFO 点击元素'('id', 'com.inkr.sport:id/tvConfirm')'完成
2023-04-14 16:39:36 INFO 查找元素'(('id', 'com.inkr.sport:id/navTitle'),)'完成
2023-04-14 16:39:37 INFO 点击元素'('id', 'com.inkr.sport:id/navTitle')'完成
2023-04-14 16:39:37 INFO 查找元素'(('id', 'com.inkr.sport:id/navTitle'),)'完成
2023-04-14 16:39:38 INFO 点击元素'('id', 'com.inkr.sport:id/navTitle')'完成
2023-04-14 16:39:38 INFO 查找元素'(('id', 'com.inkr.sport:id/ivSetting'),)'完成
2023-04-14 16:39:39 INFO 点击元素'('id', 'com.inkr.sport:id/ivSetting')'完成
2023-04-14 16:39:39 INFO 查找元素'(('id', 'com.inkr.sport:id/btExitLogin'),)'完成
2023-04-14 16:39:39 INFO 点击元素'('id', 'com.inkr.sport:id/btExitLogin')'完成
2023-04-14 16:39:39 INFO 查找元素'(('id', 'com.inkr.sport:id/btConfirm'),)'完成
2023-04-14 16:39:39 INFO 点击元素'('id', 'com.inkr.sport:id/btConfirm')'完成
2023-04-14 16:39:39 INFO 退出登录成功
2023-04-14 16:39:41 INFO 查找元素'(('id', 'com.inkr.sport:id/tvUserName'),)'完成
2023-04-14 16:39:51 INFO 点击元素'('id', 'com.inkr.sport:id/tvUserName')'完成
2023-04-14 16:40:21 INFO 查找元素'(('id', 'com.inkr.sport:id/tvAccountLogin'),)'完成
2023-04-14 16:40:51 INFO 点击元素'('id', 'com.inkr.sport:id/tvAccountLogin')'完成
2023-04-14 16:42:42 INFO 查找元素'(('id', 'com.inkr.sport:id/etPd'),)'完成
2023-04-14 16:44:12 INFO 查找元素'(('id', 'com.inkr.sport:id/ivPolicyCheckBox'),)'完成
2023-04-14 16:44:42 INFO 点击元素'('id', 'com.inkr.sport:id/ivPolicyCheckBox')'完成
2023-04-14 16:45:13 INFO 查找元素'(('id', 'com.inkr.sport:id/btLogin'),)'完成
2023-04-14 16:45:33 INFO 点击元素'('id', 'com.inkr.sport:id/btLogin')'完成
2023-04-14 16:45:33 INFO 登录成功账号:13000000000 密码：abc123456
2023-04-14 16:45:33 ERROR 获取元素'(('id', 'com.inkr.sport:id/ivTbLottery'),)'失败，原因：'HomePage' object has no attribute 'driver'
2023-04-14 16:45:33 INFO **************用例执行结束**************
2023-04-14 16:46:34 INFO *********开始启动APP*********
2023-04-14 16:46:34 INFO 手机参数：{'platformName': 'android', 'platformVersion': '12', 'deviceName': '127.0.0.1:7555', 'automationName': 'UiAutomator2', 'appPackage': 'com.inkr.sport', 'appActivity': 'com.inkr.sport.activities.SplashActivity'}
2023-04-14 16:46:40 INFO *********启动成功*********
2023-04-14 16:46:40 INFO **************用例开始执行**************
2023-04-14 16:46:40 INFO 查找元素'(('id', 'com.inkr.sport:id/tvPopAgreementAgree'),)'完成
2023-04-14 16:46:41 INFO 点击元素'('id', 'com.inkr.sport:id/tvPopAgreementAgree')'完成
2023-04-14 16:46:41 INFO 开始左滑
2023-04-14 16:46:43 INFO 左滑1次
2023-04-14 16:46:44 INFO 左滑2次
2023-04-14 16:46:44 INFO 左滑完成
2023-04-14 16:46:45 INFO 查找元素'(('id', 'com.inkr.sport:id/ivEnterApp'),)'完成
2023-04-14 16:46:45 INFO 点击元素'('id', 'com.inkr.sport:id/ivEnterApp')'完成
2023-04-14 16:46:48 INFO 查找元素'(('id', 'com.inkr.sport:id/ivTbMine'),)'完成
2023-04-14 16:46:49 INFO 点击元素'('id', 'com.inkr.sport:id/ivTbMine')'完成
2023-04-14 16:46:49 INFO 查找元素'(('id', 'com.inkr.sport:id/tvUserName'),)'完成
2023-04-14 16:46:59 INFO 点击元素'('id', 'com.inkr.sport:id/tvUserName')'完成
2023-04-14 16:47:29 INFO 查找元素'(('id', 'com.inkr.sport:id/tvAccountLogin'),)'完成
2023-04-14 16:47:59 INFO 点击元素'('id', 'com.inkr.sport:id/tvAccountLogin')'完成
2023-04-14 16:49:50 INFO 查找元素'(('id', 'com.inkr.sport:id/etPd'),)'完成
2023-04-14 16:51:21 INFO 查找元素'(('id', 'com.inkr.sport:id/ivPolicyCheckBox'),)'完成
2023-04-14 16:51:51 INFO 点击元素'('id', 'com.inkr.sport:id/ivPolicyCheckBox')'完成
2023-04-14 16:52:21 INFO 查找元素'(('id', 'com.inkr.sport:id/btLogin'),)'完成
2023-04-14 16:52:42 INFO 点击元素'('id', 'com.inkr.sport:id/btLogin')'完成
2023-04-14 16:52:42 INFO 登录成功账号:13000000014 密码：abc123456
2023-04-14 16:52:45 INFO 查找元素'(('id', 'com.inkr.sport:id/tvUserName'),)'完成
2023-04-14 16:52:45 INFO 用户信息的value为：体育用户2
2023-04-14 16:52:45 INFO 查找元素'(('id', 'com.inkr.sport:id/tvExpert'),)'完成
2023-04-14 16:52:45 INFO 点击元素'('id', 'com.inkr.sport:id/tvExpert')'完成
2023-04-14 16:52:46 INFO 查找元素'(('id', 'com.inkr.sport:id/tvMenuName'),)'完成
2023-04-14 16:52:46 INFO 点击元素'('id', 'com.inkr.sport:id/tvMenuName')'完成
2023-04-14 16:52:47 INFO 查找元素'(('id', 'com.inkr.sport:id/tvNotMind'),)'完成
2023-04-14 16:52:47 INFO 点击元素'('id', 'com.inkr.sport:id/tvNotMind')'完成
2023-04-14 16:52:48 INFO 查找元素'(('id', 'com.inkr.sport:id/tvConfirm'),)'完成
2023-04-14 16:52:48 INFO 点击元素'('id', 'com.inkr.sport:id/tvConfirm')'完成
2023-04-14 16:52:49 INFO 查找元素'(('id', 'com.inkr.sport:id/tvIKnow'),)'完成
2023-04-14 16:52:50 INFO 点击元素'('id', 'com.inkr.sport:id/tvIKnow')'完成
2023-04-14 16:52:50 INFO 查找元素'(('id', 'com.inkr.sport:id/rlAddMatch'),)'完成
2023-04-14 16:52:52 INFO 点击元素'('id', 'com.inkr.sport:id/rlAddMatch')'完成
2023-04-14 16:52:52 INFO 查找元素'(('xpath', '//*[@resource-id="com.inkr.sport:id/recyclerView"]/android.view.ViewGroup[6]'),)'完成
2023-04-14 16:52:52 INFO 点击元素'('xpath', '//*[@resource-id="com.inkr.sport:id/recyclerView"]/android.view.ViewGroup[6]')'完成
2023-04-14 16:52:53 INFO 查找元素'(('id', 'com.inkr.sport:id/tvDraft'),)'完成
2023-04-14 16:52:53 INFO 查找元素'(('xpath', "//*[@text='胜负过关']"),)'完成
2023-04-14 16:52:54 INFO 点击元素'('xpath', "//*[@text='胜负过关']")'完成
2023-04-14 16:52:54 INFO 选择的玩法类型：北单，选择了第5场比赛，选择的玩法方式：胜负过关
2023-04-14 16:52:54 ERROR 获取第三个元素失败，原因list index out of range，默认选择第一个推荐结果
2023-04-14 16:52:54 INFO 不能选择主推次推1
2023-04-14 16:52:54 INFO 查找元素'(('id', 'com.inkr.sport:id/firstItem'),)'完成
2023-04-14 16:52:54 INFO 点击元素'('id', 'com.inkr.sport:id/firstItem')'完成
2023-04-14 16:52:54 INFO 不选择其他玩法
2023-04-14 16:52:54 INFO 查找元素'(('xpath', '//*[@resource-id ="com.inkr.sport:id/glPrice"]/android.view.ViewGroup[2]'),)'完成
2023-04-14 16:52:55 INFO 点击元素'('xpath', '//*[@resource-id ="com.inkr.sport:id/glPrice"]/android.view.ViewGroup[2]')'完成
2023-04-14 16:52:55 INFO 开始上滑
2023-04-14 16:52:55 INFO 上滑完成
2023-04-14 16:52:55 INFO 不选择促销信息
2023-04-14 16:52:56 INFO 查找元素'现金红包'完成
2023-04-14 16:52:57 INFO 点击元素'现金红包'完成
2023-04-14 16:52:57 INFO 查找元素'(('id', 'com.inkr.sport:id/tvSelectGoods'),)'完成
2023-04-14 16:52:58 INFO 点击元素'('id', 'com.inkr.sport:id/tvSelectGoods')'完成
2023-04-14 16:52:58 INFO 点击元素'('id', 'com.inkr.sport:id/ivAward')'完成
2023-04-14 16:52:59 INFO 查找元素'(('id', 'com.inkr.sport:id/tvAllNum'),)'完成
2023-04-14 16:52:59 INFO 点击元素'('id', 'com.inkr.sport:id/tvAllNum')'完成
2023-04-14 16:52:59 INFO 查找元素'(('id', 'com.inkr.sport:id/tvTitle'),)'完成
2023-04-14 16:53:01 INFO 点击元素'('id', 'com.inkr.sport:id/tvTitle')'完成
2023-04-14 16:53:01 INFO 查找元素'(('id', 'com.inkr.sport:id/etContent'),)'完成
2023-04-14 16:53:02 INFO 查找元素'(('id', 'com.inkr.sport:id/tvConfirm'),)'完成
2023-04-14 16:53:02 INFO 点击元素'('id', 'com.inkr.sport:id/tvConfirm')'完成
2023-04-14 16:53:03 INFO 查找元素'(('id', 'com.inkr.sport:id/tvRecommend'),)'完成
2023-04-14 16:53:04 INFO 点击元素'('id', 'com.inkr.sport:id/tvRecommend')'完成
2023-04-14 16:53:04 INFO 查找元素'(('id', 'com.inkr.sport:id/etContent'),)'完成
2023-04-14 16:53:05 INFO 查找元素'(('id', 'com.inkr.sport:id/tvConfirm'),)'完成
2023-04-14 16:53:05 INFO 点击元素'('id', 'com.inkr.sport:id/tvConfirm')'完成
2023-04-14 16:53:06 INFO 查找元素'(('id', 'com.inkr.sport:id/tvContent'),)'完成
2023-04-14 16:53:07 INFO 点击元素'('id', 'com.inkr.sport:id/tvContent')'完成
2023-04-14 16:53:07 INFO 查找元素'(('id', 'com.inkr.sport:id/etContent'),)'完成
2023-04-14 16:53:07 INFO 查找元素'(('id', 'com.inkr.sport:id/tvConfirm'),)'完成
2023-04-14 16:53:07 INFO 点击元素'('id', 'com.inkr.sport:id/tvConfirm')'完成
2023-04-14 16:53:08 INFO 查找元素'(('id', 'com.inkr.sport:id/tvPublish'),)'完成
2023-04-14 16:53:09 INFO 点击元素'('id', 'com.inkr.sport:id/tvPublish')'完成
2023-04-14 16:53:09 INFO 查找元素'(('id', 'com.inkr.sport:id/tvPublish'),)'完成
2023-04-14 16:53:10 INFO 点击元素'('id', 'com.inkr.sport:id/tvPublish')'完成
2023-04-14 16:53:10 INFO 发布方案成功
2023-04-14 16:53:10 INFO 查找元素'(('id', 'com.inkr.sport:id/tvPublishSuccess'),)'完成
2023-04-14 16:53:10 INFO 用户信息的value为：发布成功
2023-04-14 16:53:10 INFO 查找元素'(('id', 'com.inkr.sport:id/tvPublishSuccess'),)'完成
2023-04-14 16:53:10 INFO 用户信息的value为：发布成功
2023-04-14 16:53:10 INFO 查找元素'(('id', 'com.inkr.sport:id/tvConfirm'),)'完成
2023-04-14 16:53:10 INFO 点击元素'('id', 'com.inkr.sport:id/tvConfirm')'完成
2023-04-14 16:53:11 INFO 查找元素'(('id', 'com.inkr.sport:id/navTitle'),)'完成
2023-04-14 16:53:11 INFO 点击元素'('id', 'com.inkr.sport:id/navTitle')'完成
2023-04-14 16:53:12 INFO 查找元素'(('id', 'com.inkr.sport:id/navTitle'),)'完成
2023-04-14 16:53:12 INFO 点击元素'('id', 'com.inkr.sport:id/navTitle')'完成
2023-04-14 16:53:13 INFO 查找元素'(('id', 'com.inkr.sport:id/ivSetting'),)'完成
2023-04-14 16:53:14 INFO 点击元素'('id', 'com.inkr.sport:id/ivSetting')'完成
2023-04-14 16:53:14 INFO 查找元素'(('id', 'com.inkr.sport:id/btExitLogin'),)'完成
2023-04-14 16:53:14 INFO 点击元素'('id', 'com.inkr.sport:id/btExitLogin')'完成
2023-04-14 16:53:14 INFO 查找元素'(('id', 'com.inkr.sport:id/btConfirm'),)'完成
2023-04-14 16:53:15 INFO 点击元素'('id', 'com.inkr.sport:id/btConfirm')'完成
2023-04-14 16:53:15 INFO 退出登录成功
2023-04-14 16:53:15 INFO 查找元素'(('id', 'com.inkr.sport:id/tvUserName'),)'完成
2023-04-14 16:53:16 INFO 点击元素'('id', 'com.inkr.sport:id/tvUserName')'完成
2023-04-14 16:53:46 INFO 查找元素'(('id', 'com.inkr.sport:id/tvAccountLogin'),)'完成
2023-04-14 16:54:16 INFO 点击元素'('id', 'com.inkr.sport:id/tvAccountLogin')'完成
2023-04-14 16:56:07 INFO 查找元素'(('id', 'com.inkr.sport:id/etPd'),)'完成
2023-04-14 16:57:37 INFO 查找元素'(('id', 'com.inkr.sport:id/ivPolicyCheckBox'),)'完成
2023-04-14 16:58:08 INFO 点击元素'('id', 'com.inkr.sport:id/ivPolicyCheckBox')'完成
2023-04-14 16:58:38 INFO 查找元素'(('id', 'com.inkr.sport:id/btLogin'),)'完成
2023-04-14 16:58:58 INFO 点击元素'('id', 'com.inkr.sport:id/btLogin')'完成
2023-04-14 16:58:58 INFO 登录成功账号:13000000000 密码：abc123456
2023-04-14 16:59:02 INFO 查找元素'(('id', 'com.inkr.sport:id/ivTbLottery'),)'完成
2023-04-14 16:59:02 INFO 点击元素'('id', 'com.inkr.sport:id/ivTbLottery')'完成
2023-04-14 16:59:04 INFO 查找元素'(('id', 'com.inkr.sport:id/ivTbLottery'),)'完成
2023-04-14 16:59:04 INFO 点击元素'('id', 'com.inkr.sport:id/ivTbLottery')'完成
2023-04-14 16:59:07 INFO 查找元素'(('id', 'com.inkr.sport:id/tvHitPlan'),)'完成
2023-04-14 16:59:07 INFO 点击元素'('id', 'com.inkr.sport:id/tvHitPlan')'完成
2023-04-14 16:59:09 INFO 查找元素'(('xpath', "// *[@resource-id='com.inkr.sport:id/recyclerView']/android.view.ViewGroup[1]/android.view.View[2]"),)'完成
2023-04-14 16:59:09 INFO 点击元素'('xpath', "// *[@resource-id='com.inkr.sport:id/recyclerView']/android.view.ViewGroup[1]/android.view.View[2]")'完成
2023-04-14 16:59:10 INFO 查找元素'(('id', 'com.inkr.sport:id/tvIKnow'),)'完成
2023-04-14 16:59:10 INFO 点击元素'('id', 'com.inkr.sport:id/tvIKnow')'完成
2023-04-14 16:59:14 INFO 查找元素'(('id', 'com.inkr.sport:id/tvPayNow'),)'完成
2023-04-14 16:59:15 INFO 点击元素'('id', 'com.inkr.sport:id/tvPayNow')'完成
2023-04-14 16:59:15 INFO 查找元素'(('id', 'com.inkr.sport:id/tvUsed'),)'完成
2023-04-14 16:59:16 INFO 点击元素'('id', 'com.inkr.sport:id/tvUsed')'完成
2023-04-14 16:59:16 INFO **************用例执行结束**************
