2023-05-06 09:57:26 INFO *********开始启动APP*********
2023-05-06 09:57:26 INFO 手机参数：{'platformName': 'android', 'platformVersion': '12', 'deviceName': '127.0.0.1:7555', 'automationName': 'UiAutomator2', 'appPackage': 'com.inkr.sport', 'appActivity': 'com.inkr.sport.activities.SplashActivity'}
2023-05-06 10:26:16 INFO *********开始启动APP*********
2023-05-06 10:26:16 INFO 手机参数：{'platformName': 'android', 'platformVersion': '12', 'deviceName': '127.0.0.1:7555', 'automationName': 'UiAutomator2', 'appPackage': 'com.inkr.sport', 'appActivity': 'com.inkr.sport.activities.SplashActivity'}
2023-05-06 10:26:23 INFO *********启动成功*********
2023-05-06 10:26:24 INFO 查找元素'(('id', 'com.inkr.sport:id/tvPopAgreementAgree'),)'完成
2023-05-06 10:26:24 INFO 点击元素'('id', 'com.inkr.sport:id/tvPopAgreementAgree')'完成
2023-05-06 10:26:24 INFO 开始左滑
2023-05-06 10:26:25 INFO 左滑1次
2023-05-06 10:26:27 INFO 左滑2次
2023-05-06 10:26:27 INFO 左滑完成
2023-05-06 10:26:27 INFO 查找元素'(('id', 'com.inkr.sport:id/ivEnterApp'),)'完成
2023-05-06 10:26:28 INFO 点击元素'('id', 'com.inkr.sport:id/ivEnterApp')'完成
2023-05-06 10:26:30 INFO 查找元素'(('id', 'com.inkr.sport:id/ivTbMine'),)'完成
2023-05-06 10:26:31 INFO 点击元素'('id', 'com.inkr.sport:id/ivTbMine')'完成
2023-05-06 10:26:31 INFO 查找元素'(('id', 'com.inkr.sport:id/tvUserName'),)'完成
2023-05-06 10:26:31 INFO 点击元素'('id', 'com.inkr.sport:id/tvUserName')'完成
2023-05-06 10:27:01 INFO 查找元素'(('id', 'com.inkr.sport:id/tvAccountLogin'),)'完成
2023-05-06 10:27:32 INFO 点击元素'('id', 'com.inkr.sport:id/tvAccountLogin')'完成
2023-05-06 10:28:02 INFO 查找元素'(('id', 'com.inkr.sport:id/etMobile'),)'完成
2023-05-06 10:29:32 INFO 查找元素'(('id', 'com.inkr.sport:id/etPd'),)'完成
2023-05-06 10:31:03 INFO 查找元素'(('id', 'com.inkr.sport:id/ivPolicyCheckBox'),)'完成
2023-05-06 10:31:33 INFO 点击元素'('id', 'com.inkr.sport:id/ivPolicyCheckBox')'完成
2023-05-06 10:32:03 INFO 查找元素'(('id', 'com.inkr.sport:id/btLogin'),)'完成
2023-05-06 10:32:24 INFO 点击元素'('id', 'com.inkr.sport:id/btLogin')'完成
2023-05-06 10:32:24 INFO 登录账号:23000000012 密码：abc123456
2023-05-06 10:38:16 INFO *********开始启动APP*********
2023-05-06 10:38:16 INFO 手机参数：{'platformName': 'android', 'platformVersion': '12', 'deviceName': '127.0.0.1:7555', 'automationName': 'UiAutomator2', 'appPackage': 'com.inkr.sport', 'appActivity': 'com.inkr.sport.activities.SplashActivity'}
2023-05-06 10:38:23 INFO *********启动成功*********
2023-05-06 10:38:24 INFO 查找元素'(('id', 'com.inkr.sport:id/tvPopAgreementAgree'),)'完成
2023-05-06 10:38:24 INFO 点击元素'('id', 'com.inkr.sport:id/tvPopAgreementAgree')'完成
2023-05-06 10:38:24 INFO 开始左滑
2023-05-06 10:38:25 INFO 左滑1次
2023-05-06 10:38:26 INFO 左滑2次
2023-05-06 10:38:26 INFO 左滑完成
2023-05-06 10:38:27 INFO 查找元素'(('id', 'com.inkr.sport:id/ivEnterApp'),)'完成
2023-05-06 10:38:27 INFO 点击元素'('id', 'com.inkr.sport:id/ivEnterApp')'完成
2023-05-06 10:38:32 INFO 查找元素'(('id', 'com.inkr.sport:id/ivTbMine'),)'完成
2023-05-06 10:38:32 INFO 点击元素'('id', 'com.inkr.sport:id/ivTbMine')'完成
2023-05-06 10:38:33 INFO 查找元素'(('id', 'com.inkr.sport:id/tvUserName'),)'完成
2023-05-06 10:38:33 INFO 点击元素'('id', 'com.inkr.sport:id/tvUserName')'完成
2023-05-06 10:39:03 INFO 查找元素'(('id', 'com.inkr.sport:id/etMobile'),)'完成
2023-05-06 10:40:34 INFO 查找元素'(('id', 'com.inkr.sport:id/btSendCode'),)'完成
2023-05-06 10:41:04 INFO 点击元素'('id', 'com.inkr.sport:id/btSendCode')'完成
2023-05-06 10:41:34 INFO 查找元素'(('id', 'com.inkr.sport:id/etCode'),)'完成
2023-05-06 10:43:05 INFO 查找元素'(('id', 'com.inkr.sport:id/ivPolicyCheckBox'),)'完成
2023-05-06 10:43:35 INFO 点击元素'('id', 'com.inkr.sport:id/ivPolicyCheckBox')'完成
2023-05-06 10:44:05 INFO 查找元素'(('id', 'com.inkr.sport:id/btLogin'),)'完成
2023-05-06 10:44:28 INFO 点击元素'('id', 'com.inkr.sport:id/btLogin')'完成
2023-05-06 10:44:28 INFO 登录账号:13000000012 验证码：123456
2023-05-06 14:20:17 INFO *********开始启动APP*********
2023-05-06 14:20:17 INFO 手机参数：{'platformName': 'android', 'platformVersion': '12', 'deviceName': '127.0.0.1:7555', 'automationName': 'UiAutomator2', 'appPackage': 'com.inkr.sport', 'appActivity': 'com.inkr.sport.activities.SplashActivity'}
2023-05-06 14:21:02 INFO *********开始启动APP*********
2023-05-06 14:21:02 INFO 手机参数：{'platformName': 'android', 'platformVersion': '12', 'deviceName': '127.0.0.1:7555', 'automationName': 'UiAutomator2', 'appPackage': 'com.inkr.sport', 'appActivity': 'com.inkr.sport.activities.SplashActivity'}
2023-05-06 14:21:09 INFO *********启动成功*********
2023-05-06 14:21:09 INFO 查找元素'(('id', 'com.inkr.sport:id/tvPopAgreementAgree'),)'完成
2023-05-06 14:21:10 INFO 点击元素'('id', 'com.inkr.sport:id/tvPopAgreementAgree')'完成
2023-05-06 14:21:10 INFO 开始左滑
2023-05-06 14:21:11 INFO 左滑1次
2023-05-06 14:21:13 INFO 左滑2次
2023-05-06 14:21:13 INFO 左滑完成
2023-05-06 14:21:14 INFO 查找元素'(('id', 'com.inkr.sport:id/ivEnterApp'),)'完成
2023-05-06 14:21:14 INFO 点击元素'('id', 'com.inkr.sport:id/ivEnterApp')'完成
2023-05-06 14:21:18 INFO 查找元素'(('id', 'com.inkr.sport:id/ivTbMine'),)'完成
2023-05-06 14:21:19 INFO 点击元素'('id', 'com.inkr.sport:id/ivTbMine')'完成
2023-05-06 14:21:19 INFO 查找元素'(('id', 'com.inkr.sport:id/tvUserName'),)'完成
2023-05-06 14:21:19 INFO 点击元素'('id', 'com.inkr.sport:id/tvUserName')'完成
2023-05-06 14:21:49 INFO 查找元素'(('id', 'com.inkr.sport:id/etMobile'),)'完成
2023-05-06 14:23:20 INFO 查找元素'(('xpath', "//*[@resource-id='com.inkr.sport:id/btSendCode']"),)'完成
2023-05-06 14:23:50 INFO 点击元素'('xpath', "//*[@resource-id='com.inkr.sport:id/btSendCode']")'完成
2023-05-06 14:24:20 INFO 查找元素'(('id', 'com.inkr.sport:id/etCode'),)'完成
2023-05-06 14:25:51 INFO 查找元素'(('id', 'com.inkr.sport:id/ivPolicyCheckBox'),)'完成
2023-05-06 14:26:21 INFO 点击元素'('id', 'com.inkr.sport:id/ivPolicyCheckBox')'完成
2023-05-06 14:26:51 INFO 查找元素'(('id', 'com.inkr.sport:id/btLogin'),)'完成
2023-05-06 14:27:14 INFO 点击元素'('id', 'com.inkr.sport:id/btLogin')'完成
2023-05-06 14:27:14 INFO 登录账号:13000000012 验证码：123456
2023-05-06 14:27:30 INFO *********开始启动APP*********
2023-05-06 14:27:30 INFO 手机参数：{'platformName': 'android', 'platformVersion': '12', 'deviceName': '127.0.0.1:7555', 'automationName': 'UiAutomator2', 'appPackage': 'com.inkr.sport', 'appActivity': 'com.inkr.sport.activities.SplashActivity'}
2023-05-06 14:27:37 INFO *********启动成功*********
2023-05-06 14:27:37 INFO 查找元素'(('id', 'com.inkr.sport:id/tvPopAgreementAgree'),)'完成
2023-05-06 14:27:38 INFO 点击元素'('id', 'com.inkr.sport:id/tvPopAgreementAgree')'完成
2023-05-06 14:27:38 INFO 开始左滑
2023-05-06 14:27:40 INFO 左滑1次
2023-05-06 14:27:41 INFO 左滑2次
2023-05-06 14:27:41 INFO 左滑完成
2023-05-06 14:27:42 INFO 查找元素'(('id', 'com.inkr.sport:id/ivEnterApp'),)'完成
2023-05-06 14:27:42 INFO 点击元素'('id', 'com.inkr.sport:id/ivEnterApp')'完成
2023-05-06 14:27:44 INFO 查找元素'(('id', 'com.inkr.sport:id/ivTbMine'),)'完成
2023-05-06 14:27:45 INFO 点击元素'('id', 'com.inkr.sport:id/ivTbMine')'完成
2023-05-06 14:27:45 INFO 查找元素'(('id', 'com.inkr.sport:id/tvUserName'),)'完成
2023-05-06 14:27:45 INFO 点击元素'('id', 'com.inkr.sport:id/tvUserName')'完成
2023-05-06 14:28:15 ERROR 获取元素'(('id', 'com.inkr.sport:id/etMobile'),)'失败，原因：Message: 

2023-05-06 14:29:36 INFO *********开始启动APP*********
2023-05-06 14:29:36 INFO 手机参数：{'platformName': 'android', 'platformVersion': '12', 'deviceName': '127.0.0.1:7555', 'automationName': 'UiAutomator2', 'appPackage': 'com.inkr.sport', 'appActivity': 'com.inkr.sport.activities.SplashActivity'}
2023-05-06 14:29:42 INFO *********启动成功*********
2023-05-06 14:29:43 INFO 查找元素'(('id', 'com.inkr.sport:id/tvPopAgreementAgree'),)'完成
2023-05-06 14:29:43 INFO 点击元素'('id', 'com.inkr.sport:id/tvPopAgreementAgree')'完成
2023-05-06 14:29:43 INFO 开始左滑
2023-05-06 14:29:44 INFO 左滑1次
2023-05-06 14:29:46 INFO 左滑2次
2023-05-06 14:29:46 INFO 左滑完成
2023-05-06 14:29:46 INFO 查找元素'(('id', 'com.inkr.sport:id/ivEnterApp'),)'完成
2023-05-06 14:29:47 INFO 点击元素'('id', 'com.inkr.sport:id/ivEnterApp')'完成
2023-05-06 14:29:50 INFO 查找元素'(('id', 'com.inkr.sport:id/ivTbMine'),)'完成
2023-05-06 14:29:50 INFO 点击元素'('id', 'com.inkr.sport:id/ivTbMine')'完成
2023-05-06 14:29:50 INFO 查找元素'(('id', 'com.inkr.sport:id/tvUserName'),)'完成
2023-05-06 14:30:00 INFO 点击元素'('id', 'com.inkr.sport:id/tvUserName')'完成
2023-05-06 14:30:31 INFO 查找元素'(('id', 'com.inkr.sport:id/etMobile'),)'完成
2023-05-06 14:32:01 INFO 查找元素'(('id', 'com.inkr.sport:id/btSendCode'),)'完成
2023-05-06 14:32:31 INFO 点击元素'('id', 'com.inkr.sport:id/btSendCode')'完成
2023-05-06 14:33:02 INFO 查找元素'(('id', 'com.inkr.sport:id/etCode'),)'完成
2023-05-06 14:34:32 INFO 查找元素'(('id', 'com.inkr.sport:id/ivPolicyCheckBox'),)'完成
2023-05-06 14:35:02 INFO 点击元素'('id', 'com.inkr.sport:id/ivPolicyCheckBox')'完成
2023-05-06 14:35:32 INFO 查找元素'(('id', 'com.inkr.sport:id/btLogin'),)'完成
2023-05-06 14:35:55 INFO 点击元素'('id', 'com.inkr.sport:id/btLogin')'完成
2023-05-06 14:35:55 INFO 登录账号:13000000012 验证码：123456
2023-05-06 15:02:40 INFO *********开始启动APP*********
2023-05-06 15:02:40 INFO 手机参数：{'platformName': 'android', 'platformVersion': '12', 'deviceName': '127.0.0.1:7555', 'automationName': 'UiAutomator2', 'appPackage': 'com.inkr.sport', 'appActivity': 'com.inkr.sport.activities.SplashActivity'}
2023-05-06 15:02:47 INFO *********启动成功*********
2023-05-06 15:02:47 INFO 查找元素'(('id', 'com.inkr.sport:id/tvPopAgreementAgree'),)'完成
2023-05-06 15:02:47 INFO 点击元素'('id', 'com.inkr.sport:id/tvPopAgreementAgree')'完成
2023-05-06 15:02:47 INFO 开始左滑
2023-05-06 15:02:49 INFO 左滑1次
2023-05-06 15:02:50 INFO 左滑2次
2023-05-06 15:02:50 INFO 左滑完成
2023-05-06 15:02:51 INFO 查找元素'(('id', 'com.inkr.sport:id/ivEnterApp'),)'完成
2023-05-06 15:02:51 INFO 点击元素'('id', 'com.inkr.sport:id/ivEnterApp')'完成
2023-05-06 15:02:54 INFO 查找元素'(('id', 'com.inkr.sport:id/ivTbMine'),)'完成
2023-05-06 15:02:55 INFO 点击元素'('id', 'com.inkr.sport:id/ivTbMine')'完成
2023-05-06 15:02:55 INFO 查找元素'(('id', 'com.inkr.sport:id/tvUserName'),)'完成
2023-05-06 15:03:05 INFO 点击元素'('id', 'com.inkr.sport:id/tvUserName')'完成
2023-05-06 15:03:35 INFO 查找元素'(('id', 'com.inkr.sport:id/etMobile'),)'完成
2023-05-06 15:06:34 INFO *********开始启动APP*********
2023-05-06 15:06:34 INFO 手机参数：{'platformName': 'android', 'platformVersion': '12', 'deviceName': '127.0.0.1:7555', 'automationName': 'UiAutomator2', 'appPackage': 'com.inkr.sport', 'appActivity': 'com.inkr.sport.activities.SplashActivity'}
2023-05-06 15:06:39 INFO *********启动成功*********
2023-05-06 15:09:23 INFO *********开始启动APP*********
2023-05-06 15:09:23 INFO 手机参数：{'platformName': 'android', 'platformVersion': '12', 'deviceName': '127.0.0.1:7555', 'automationName': 'UiAutomator2', 'appPackage': 'com.inkr.sport', 'appActivity': 'com.inkr.sport.activities.SplashActivity'}
2023-05-06 15:09:30 INFO *********启动成功*********
2023-05-06 15:09:31 INFO 查找元素'(('id', 'com.inkr.sport:id/tvPopAgreementAgree'),)'完成
2023-05-06 15:09:31 INFO 点击元素'('id', 'com.inkr.sport:id/tvPopAgreementAgree')'完成
2023-05-06 15:09:31 INFO 开始左滑
2023-05-06 15:09:32 INFO 左滑1次
2023-05-06 15:09:34 INFO 左滑2次
2023-05-06 15:09:34 INFO 左滑完成
2023-05-06 15:09:34 INFO 查找元素'(('id', 'com.inkr.sport:id/ivEnterApp'),)'完成
2023-05-06 15:09:34 INFO 点击元素'('id', 'com.inkr.sport:id/ivEnterApp')'完成
2023-05-06 15:09:38 INFO 查找元素'(('id', 'com.inkr.sport:id/ivTbMine'),)'完成
2023-05-06 15:09:38 INFO 点击元素'('id', 'com.inkr.sport:id/ivTbMine')'完成
2023-05-06 15:09:38 INFO 查找元素'(('id', 'com.inkr.sport:id/tvUserName'),)'完成
2023-05-06 15:09:38 INFO 点击元素'('id', 'com.inkr.sport:id/tvUserName')'完成
2023-05-06 15:10:08 INFO 查找元素'(('id', 'com.inkr.sport:id/etMobile'),)'完成
2023-05-06 15:11:40 INFO 查找元素'(('id', 'com.inkr.sport:id/etCode'),)'完成
2023-05-06 15:13:10 INFO 查找元素'(('id', 'com.inkr.sport:id/ivPolicyCheckBox'),)'完成
2023-05-06 15:13:40 INFO 点击元素'('id', 'com.inkr.sport:id/ivPolicyCheckBox')'完成
2023-05-06 15:14:11 INFO 查找元素'(('id', 'com.inkr.sport:id/btLogin'),)'完成
2023-05-06 15:27:34 INFO *********开始启动APP*********
2023-05-06 15:27:34 INFO 手机参数：{'platformName': 'android', 'platformVersion': '12', 'deviceName': '127.0.0.1:7555', 'automationName': 'UiAutomator2', 'appPackage': 'com.inkr.sport', 'appActivity': 'com.inkr.sport.activities.SplashActivity'}
2023-05-06 15:27:42 INFO *********启动成功*********
2023-05-06 15:27:42 INFO 查找元素'(('id', 'com.inkr.sport:id/tvPopAgreementAgree'),)'完成
2023-05-06 15:27:42 INFO 点击元素'('id', 'com.inkr.sport:id/tvPopAgreementAgree')'完成
2023-05-06 15:27:42 INFO 开始左滑
2023-05-06 15:27:44 INFO 左滑1次
2023-05-06 15:27:45 INFO 左滑2次
2023-05-06 15:27:45 INFO 左滑完成
2023-05-06 15:27:46 INFO 查找元素'(('id', 'com.inkr.sport:id/ivEnterApp'),)'完成
2023-05-06 15:27:46 INFO 点击元素'('id', 'com.inkr.sport:id/ivEnterApp')'完成
2023-05-06 15:27:49 INFO 查找元素'(('id', 'com.inkr.sport:id/ivTbMine'),)'完成
2023-05-06 15:27:50 INFO 点击元素'('id', 'com.inkr.sport:id/ivTbMine')'完成
2023-05-06 15:27:50 INFO 查找元素'(('id', 'com.inkr.sport:id/tvUserName'),)'完成
2023-05-06 15:27:50 INFO 点击元素'('id', 'com.inkr.sport:id/tvUserName')'完成
2023-05-06 15:28:20 INFO 查找元素'(('id', 'com.inkr.sport:id/etMobile'),)'完成
2023-05-06 15:31:48 INFO *********开始启动APP*********
2023-05-06 15:31:48 INFO 手机参数：{'platformName': 'android', 'platformVersion': '12', 'deviceName': '127.0.0.1:7555', 'automationName': 'UiAutomator2', 'appPackage': 'com.inkr.sport', 'appActivity': 'com.inkr.sport.activities.SplashActivity'}
2023-05-06 15:31:53 INFO *********启动成功*********
2023-05-06 15:31:54 INFO 查找元素'(('id', 'com.inkr.sport:id/tvPopAgreementAgree'),)'完成
2023-05-06 15:31:54 INFO 点击元素'('id', 'com.inkr.sport:id/tvPopAgreementAgree')'完成
2023-05-06 15:31:54 INFO 开始左滑
2023-05-06 15:31:56 INFO 左滑1次
2023-05-06 15:31:57 INFO 左滑2次
2023-05-06 15:31:57 INFO 左滑完成
2023-05-06 15:31:58 INFO 查找元素'(('id', 'com.inkr.sport:id/ivEnterApp'),)'完成
2023-05-06 15:31:58 INFO 点击元素'('id', 'com.inkr.sport:id/ivEnterApp')'完成
2023-05-06 15:32:01 INFO 查找元素'(('id', 'com.inkr.sport:id/ivTbMine'),)'完成
2023-05-06 15:32:03 INFO 点击元素'('id', 'com.inkr.sport:id/ivTbMine')'完成
2023-05-06 15:32:03 INFO 查找元素'(('id', 'com.inkr.sport:id/tvUserName'),)'完成
2023-05-06 15:32:50 INFO *********开始启动APP*********
2023-05-06 15:32:50 INFO 手机参数：{'platformName': 'android', 'platformVersion': '12', 'deviceName': '127.0.0.1:7555', 'automationName': 'UiAutomator2', 'appPackage': 'com.inkr.sport', 'appActivity': 'com.inkr.sport.activities.SplashActivity'}
2023-05-06 15:32:57 INFO *********启动成功*********
2023-05-06 15:32:58 INFO 查找元素'(('id', 'com.inkr.sport:id/tvPopAgreementAgree'),)'完成
2023-05-06 15:32:58 INFO 点击元素'('id', 'com.inkr.sport:id/tvPopAgreementAgree')'完成
2023-05-06 15:32:58 INFO 开始左滑
2023-05-06 15:32:59 INFO 左滑1次
2023-05-06 15:33:01 INFO 左滑2次
2023-05-06 15:33:01 INFO 左滑完成
2023-05-06 15:33:01 INFO 查找元素'(('id', 'com.inkr.sport:id/ivEnterApp'),)'完成
2023-05-06 15:33:02 INFO 点击元素'('id', 'com.inkr.sport:id/ivEnterApp')'完成
2023-05-06 15:33:04 INFO 查找元素'(('id', 'com.inkr.sport:id/ivTbMine'),)'完成
2023-05-06 15:33:05 INFO 点击元素'('id', 'com.inkr.sport:id/ivTbMine')'完成
2023-05-06 15:33:05 INFO 查找元素'(('id', 'com.inkr.sport:id/tvUserName'),)'完成
2023-05-06 15:33:05 INFO 点击元素'('id', 'com.inkr.sport:id/tvUserName')'完成
2023-05-06 15:34:50 INFO *********开始启动APP*********
2023-05-06 15:34:50 INFO 手机参数：{'platformName': 'android', 'platformVersion': '12', 'deviceName': '127.0.0.1:7555', 'automationName': 'UiAutomator2', 'appPackage': 'com.inkr.sport', 'appActivity': 'com.inkr.sport.activities.SplashActivity'}
2023-05-06 15:34:56 INFO *********启动成功*********
2023-05-06 15:34:56 INFO 查找元素'(('id', 'com.inkr.sport:id/tvPopAgreementAgree'),)'完成
2023-05-06 15:34:56 INFO 点击元素'('id', 'com.inkr.sport:id/tvPopAgreementAgree')'完成
2023-05-06 15:34:56 INFO 开始左滑
2023-05-06 15:34:58 INFO 左滑1次
2023-05-06 15:34:59 INFO 左滑2次
2023-05-06 15:34:59 INFO 左滑完成
2023-05-06 15:35:00 INFO 查找元素'(('id', 'com.inkr.sport:id/ivEnterApp'),)'完成
2023-05-06 15:35:00 INFO 点击元素'('id', 'com.inkr.sport:id/ivEnterApp')'完成
2023-05-06 15:35:03 INFO 查找元素'(('id', 'com.inkr.sport:id/ivTbMine'),)'完成
2023-05-06 15:35:03 INFO 点击元素'('id', 'com.inkr.sport:id/ivTbMine')'完成
2023-05-06 15:35:03 INFO 查找元素'(('id', 'com.inkr.sport:id/tvUserName'),)'完成
2023-05-06 15:35:13 INFO 点击元素'('id', 'com.inkr.sport:id/tvUserName')'完成
2023-05-06 15:43:28 INFO *********开始启动APP*********
2023-05-06 15:43:28 INFO 手机参数：{'platformName': 'android', 'platformVersion': '12', 'deviceName': '127.0.0.1:7555', 'automationName': 'UiAutomator2', 'appPackage': 'com.inkr.sport', 'appActivity': 'com.inkr.sport.activities.SplashActivity'}
2023-05-06 15:43:35 INFO *********启动成功*********
2023-05-06 15:43:36 INFO 查找元素'(('id', 'com.inkr.sport:id/tvPopAgreementAgree'),)'完成
2023-05-06 15:43:36 INFO 点击元素'('id', 'com.inkr.sport:id/tvPopAgreementAgree')'完成
2023-05-06 15:43:36 INFO 开始左滑
2023-05-06 15:43:37 INFO 左滑1次
2023-05-06 15:43:39 INFO 左滑2次
2023-05-06 15:43:39 INFO 左滑完成
2023-05-06 15:43:39 INFO 查找元素'(('id', 'com.inkr.sport:id/ivEnterApp'),)'完成
2023-05-06 15:43:39 INFO 点击元素'('id', 'com.inkr.sport:id/ivEnterApp')'完成
2023-05-06 15:43:43 INFO 查找元素'(('id', 'com.inkr.sport:id/ivTbMine'),)'完成
2023-05-06 15:43:43 INFO 点击元素'('id', 'com.inkr.sport:id/ivTbMine')'完成
2023-05-06 15:43:44 INFO 查找元素'(('id', 'com.inkr.sport:id/tvUserName'),)'完成
2023-05-06 15:43:44 INFO 点击元素'('id', 'com.inkr.sport:id/tvUserName')'完成
2023-05-06 15:46:50 INFO 登录账号:13000000012 验证码：123456
2023-05-06 15:47:17 INFO *********开始启动APP*********
2023-05-06 15:47:17 INFO 手机参数：{'platformName': 'android', 'platformVersion': '12', 'deviceName': '127.0.0.1:7555', 'automationName': 'UiAutomator2', 'appPackage': 'com.inkr.sport', 'appActivity': 'com.inkr.sport.activities.SplashActivity'}
2023-05-06 15:47:23 INFO *********启动成功*********
2023-05-06 15:47:24 INFO 查找元素'(('id', 'com.inkr.sport:id/tvPopAgreementAgree'),)'完成
2023-05-06 15:47:24 INFO 点击元素'('id', 'com.inkr.sport:id/tvPopAgreementAgree')'完成
2023-05-06 15:47:24 INFO 开始左滑
2023-05-06 15:47:25 INFO 左滑1次
2023-05-06 15:47:27 INFO 左滑2次
2023-05-06 15:47:27 INFO 左滑完成
2023-05-06 15:47:28 INFO 查找元素'(('id', 'com.inkr.sport:id/ivEnterApp'),)'完成
2023-05-06 15:47:28 INFO 点击元素'('id', 'com.inkr.sport:id/ivEnterApp')'完成
2023-05-06 15:47:30 INFO 查找元素'(('id', 'com.inkr.sport:id/ivTbMine'),)'完成
2023-05-06 15:47:31 INFO 点击元素'('id', 'com.inkr.sport:id/ivTbMine')'完成
2023-05-06 15:47:31 INFO 查找元素'(('id', 'com.inkr.sport:id/tvUserName'),)'完成
2023-05-06 15:47:31 INFO 点击元素'('id', 'com.inkr.sport:id/tvUserName')'完成
2023-05-06 15:47:51 INFO *********开始启动APP*********
2023-05-06 15:47:51 INFO 手机参数：{'platformName': 'android', 'platformVersion': '12', 'deviceName': '127.0.0.1:7555', 'automationName': 'UiAutomator2', 'appPackage': 'com.inkr.sport', 'appActivity': 'com.inkr.sport.activities.SplashActivity'}
2023-05-06 15:47:58 INFO *********启动成功*********
2023-05-06 15:47:58 INFO 查找元素'(('id', 'com.inkr.sport:id/tvPopAgreementAgree'),)'完成
2023-05-06 15:47:58 INFO 点击元素'('id', 'com.inkr.sport:id/tvPopAgreementAgree')'完成
2023-05-06 15:47:58 INFO 开始左滑
2023-05-06 15:48:00 INFO 左滑1次
2023-05-06 15:48:01 INFO 左滑2次
2023-05-06 15:48:01 INFO 左滑完成
2023-05-06 15:48:02 INFO 查找元素'(('id', 'com.inkr.sport:id/ivEnterApp'),)'完成
2023-05-06 15:48:02 INFO 点击元素'('id', 'com.inkr.sport:id/ivEnterApp')'完成
2023-05-06 15:48:05 INFO 查找元素'(('id', 'com.inkr.sport:id/ivTbMine'),)'完成
2023-05-06 15:48:06 INFO 点击元素'('id', 'com.inkr.sport:id/ivTbMine')'完成
2023-05-06 15:48:07 INFO 查找元素'(('id', 'com.inkr.sport:id/tvUserName'),)'完成
2023-05-06 15:48:07 INFO 点击元素'('id', 'com.inkr.sport:id/tvUserName')'完成
2023-05-06 15:48:57 INFO *********开始启动APP*********
2023-05-06 15:48:57 INFO 手机参数：{'platformName': 'android', 'platformVersion': '12', 'deviceName': '127.0.0.1:7555', 'automationName': 'UiAutomator2', 'appPackage': 'com.inkr.sport', 'appActivity': 'com.inkr.sport.activities.SplashActivity'}
2023-05-06 15:49:04 INFO *********启动成功*********
2023-05-06 15:49:04 INFO 查找元素'(('id', 'com.inkr.sport:id/tvPopAgreementAgree'),)'完成
2023-05-06 15:49:05 INFO 点击元素'('id', 'com.inkr.sport:id/tvPopAgreementAgree')'完成
2023-05-06 15:49:05 INFO 开始左滑
2023-05-06 15:49:06 INFO 左滑1次
2023-05-06 15:49:08 INFO 左滑2次
2023-05-06 15:49:08 INFO 左滑完成
2023-05-06 15:49:09 INFO 查找元素'(('id', 'com.inkr.sport:id/ivEnterApp'),)'完成
2023-05-06 15:49:09 INFO 点击元素'('id', 'com.inkr.sport:id/ivEnterApp')'完成
2023-05-06 15:49:11 INFO 查找元素'(('id', 'com.inkr.sport:id/ivTbMine'),)'完成
2023-05-06 15:49:13 INFO 点击元素'('id', 'com.inkr.sport:id/ivTbMine')'完成
2023-05-06 15:49:13 INFO 查找元素'(('id', 'com.inkr.sport:id/tvUserName'),)'完成
2023-05-06 15:49:13 INFO 点击元素'('id', 'com.inkr.sport:id/tvUserName')'完成
2023-05-06 15:50:01 INFO 登录账号:13000000012 验证码：123456
2023-05-06 15:50:11 INFO *********开始启动APP*********
2023-05-06 15:50:11 INFO 手机参数：{'platformName': 'android', 'platformVersion': '12', 'deviceName': '127.0.0.1:7555', 'automationName': 'UiAutomator2', 'appPackage': 'com.inkr.sport', 'appActivity': 'com.inkr.sport.activities.SplashActivity'}
2023-05-06 15:50:17 INFO *********启动成功*********
2023-05-06 15:50:18 INFO 查找元素'(('id', 'com.inkr.sport:id/tvPopAgreementAgree'),)'完成
2023-05-06 15:50:18 INFO 点击元素'('id', 'com.inkr.sport:id/tvPopAgreementAgree')'完成
2023-05-06 15:50:18 INFO 开始左滑
2023-05-06 15:50:19 INFO 左滑1次
2023-05-06 15:50:21 INFO 左滑2次
2023-05-06 15:50:21 INFO 左滑完成
2023-05-06 15:50:21 INFO 查找元素'(('id', 'com.inkr.sport:id/ivEnterApp'),)'完成
2023-05-06 15:50:22 INFO 点击元素'('id', 'com.inkr.sport:id/ivEnterApp')'完成
2023-05-06 15:50:23 INFO 查找元素'(('id', 'com.inkr.sport:id/ivTbMine'),)'完成
2023-05-06 15:50:24 INFO 点击元素'('id', 'com.inkr.sport:id/ivTbMine')'完成
2023-05-06 15:50:24 INFO 查找元素'(('id', 'com.inkr.sport:id/tvUserName'),)'完成
2023-05-06 15:50:35 INFO 点击元素'('id', 'com.inkr.sport:id/tvUserName')'完成
2023-05-06 15:51:07 INFO 登录账号:13000000012 验证码：123456
2023-05-06 15:51:13 INFO *********开始启动APP*********
2023-05-06 15:51:13 INFO 手机参数：{'platformName': 'android', 'platformVersion': '12', 'deviceName': '127.0.0.1:7555', 'automationName': 'UiAutomator2', 'appPackage': 'com.inkr.sport', 'appActivity': 'com.inkr.sport.activities.SplashActivity'}
2023-05-06 15:51:20 INFO *********启动成功*********
2023-05-06 15:51:21 INFO 查找元素'(('id', 'com.inkr.sport:id/tvPopAgreementAgree'),)'完成
2023-05-06 15:51:21 INFO 点击元素'('id', 'com.inkr.sport:id/tvPopAgreementAgree')'完成
2023-05-06 15:51:21 INFO 开始左滑
2023-05-06 15:51:22 INFO 左滑1次
2023-05-06 15:51:23 INFO 左滑2次
2023-05-06 15:51:23 INFO 左滑完成
2023-05-06 15:51:24 INFO 查找元素'(('id', 'com.inkr.sport:id/ivEnterApp'),)'完成
2023-05-06 15:51:25 INFO 点击元素'('id', 'com.inkr.sport:id/ivEnterApp')'完成
2023-05-06 15:51:28 INFO 查找元素'(('id', 'com.inkr.sport:id/ivTbMine'),)'完成
2023-05-06 15:51:28 INFO 点击元素'('id', 'com.inkr.sport:id/ivTbMine')'完成
2023-05-06 15:51:29 INFO 查找元素'(('id', 'com.inkr.sport:id/tvUserName'),)'完成
2023-05-06 15:51:39 INFO 点击元素'('id', 'com.inkr.sport:id/tvUserName')'完成
2023-05-06 15:54:38 INFO *********开始启动APP*********
2023-05-06 15:54:38 INFO 手机参数：{'platformName': 'android', 'platformVersion': '12', 'deviceName': '127.0.0.1:7555', 'automationName': 'UiAutomator2', 'appPackage': 'com.inkr.sport', 'appActivity': 'com.inkr.sport.activities.SplashActivity'}
2023-05-06 15:54:45 INFO *********启动成功*********
2023-05-06 15:54:46 INFO 查找元素'(('id', 'com.inkr.sport:id/tvPopAgreementAgree'),)'完成
2023-05-06 15:54:46 INFO 点击元素'('id', 'com.inkr.sport:id/tvPopAgreementAgree')'完成
2023-05-06 15:54:46 INFO 开始左滑
2023-05-06 15:54:47 INFO 左滑1次
2023-05-06 15:54:49 INFO 左滑2次
2023-05-06 15:54:49 INFO 左滑完成
2023-05-06 15:54:49 INFO 查找元素'(('id', 'com.inkr.sport:id/ivEnterApp'),)'完成
2023-05-06 15:54:49 INFO 点击元素'('id', 'com.inkr.sport:id/ivEnterApp')'完成
2023-05-06 15:54:53 INFO 查找元素'(('id', 'com.inkr.sport:id/ivTbMine'),)'完成
2023-05-06 15:54:53 INFO 点击元素'('id', 'com.inkr.sport:id/ivTbMine')'完成
2023-05-06 15:54:54 INFO 查找元素'(('id', 'com.inkr.sport:id/tvUserName'),)'完成
2023-05-06 15:54:54 INFO 点击元素'('id', 'com.inkr.sport:id/tvUserName')'完成
2023-05-06 15:55:24 INFO 查找元素'(('id', 'com.inkr.sport:id/etMobile'),)'完成
2023-05-06 15:57:23 INFO *********开始启动APP*********
2023-05-06 15:57:23 INFO 手机参数：{'platformName': 'android', 'platformVersion': '12', 'deviceName': '127.0.0.1:7555', 'automationName': 'UiAutomator2', 'appPackage': 'com.inkr.sport', 'appActivity': 'com.inkr.sport.activities.SplashActivity'}
2023-05-06 15:57:30 INFO *********启动成功*********
2023-05-06 15:57:31 INFO 查找元素'(('id', 'com.inkr.sport:id/tvPopAgreementAgree'),)'完成
2023-05-06 15:57:31 INFO 点击元素'('id', 'com.inkr.sport:id/tvPopAgreementAgree')'完成
2023-05-06 15:57:31 INFO 开始左滑
2023-05-06 15:57:32 INFO 左滑1次
2023-05-06 15:57:34 INFO 左滑2次
2023-05-06 15:57:34 INFO 左滑完成
2023-05-06 15:57:35 INFO 查找元素'(('id', 'com.inkr.sport:id/ivEnterApp'),)'完成
2023-05-06 15:57:35 INFO 点击元素'('id', 'com.inkr.sport:id/ivEnterApp')'完成
2023-05-06 15:57:38 INFO 查找元素'(('id', 'com.inkr.sport:id/ivTbMine'),)'完成
2023-05-06 15:57:38 INFO 点击元素'('id', 'com.inkr.sport:id/ivTbMine')'完成
2023-05-06 15:57:38 INFO 查找元素'(('id', 'com.inkr.sport:id/tvUserName'),)'完成
2023-05-06 15:57:48 INFO 点击元素'('id', 'com.inkr.sport:id/tvUserName')'完成
2023-05-06 15:58:19 INFO 查找元素'(('id', 'com.inkr.sport:id/etMobile'),)'完成
2023-05-06 15:59:49 INFO 查找元素'(('id', 'com.inkr.sport:id/etCode'),)'完成
2023-05-06 16:00:47 INFO *********开始启动APP*********
2023-05-06 16:00:47 INFO 手机参数：{'platformName': 'android', 'platformVersion': '12', 'deviceName': '127.0.0.1:7555', 'automationName': 'UiAutomator2', 'appPackage': 'com.inkr.sport', 'appActivity': 'com.inkr.sport.activities.SplashActivity'}
2023-05-06 16:00:54 INFO *********启动成功*********
2023-05-06 16:00:54 INFO 查找元素'(('id', 'com.inkr.sport:id/tvPopAgreementAgree'),)'完成
2023-05-06 16:00:54 INFO 点击元素'('id', 'com.inkr.sport:id/tvPopAgreementAgree')'完成
2023-05-06 16:00:54 INFO 开始左滑
2023-05-06 16:00:56 INFO 左滑1次
2023-05-06 16:00:57 INFO 左滑2次
2023-05-06 16:00:57 INFO 左滑完成
2023-05-06 16:00:58 INFO 查找元素'(('id', 'com.inkr.sport:id/ivEnterApp'),)'完成
2023-05-06 16:00:58 INFO 点击元素'('id', 'com.inkr.sport:id/ivEnterApp')'完成
2023-05-06 16:01:00 INFO 查找元素'(('id', 'com.inkr.sport:id/ivTbMine'),)'完成
2023-05-06 16:01:01 INFO 点击元素'('id', 'com.inkr.sport:id/ivTbMine')'完成
2023-05-06 16:01:01 INFO 查找元素'(('id', 'com.inkr.sport:id/tvUserName'),)'完成
2023-05-06 16:01:11 INFO 点击元素'('id', 'com.inkr.sport:id/tvUserName')'完成
2023-05-06 16:01:42 INFO 查找元素'(('id', 'com.inkr.sport:id/etMobile'),)'完成
2023-05-06 16:03:12 INFO 查找元素'(('id', 'com.inkr.sport:id/btSendCode'),)'完成
2023-05-06 16:03:42 INFO 点击元素'('id', 'com.inkr.sport:id/btSendCode')'完成
2023-05-06 16:04:13 INFO 查找元素'(('id', 'com.inkr.sport:id/etCode'),)'完成
2023-05-06 16:05:15 INFO 登录账号:13000000012 验证码：123456
2023-05-06 16:06:16 INFO *********开始启动APP*********
2023-05-06 16:06:16 INFO 手机参数：{'platformName': 'android', 'platformVersion': '12', 'deviceName': '127.0.0.1:7555', 'automationName': 'UiAutomator2', 'appPackage': 'com.inkr.sport', 'appActivity': 'com.inkr.sport.activities.SplashActivity'}
2023-05-06 16:06:23 INFO *********启动成功*********
2023-05-06 16:06:23 INFO 查找元素'(('id', 'com.inkr.sport:id/tvPopAgreementAgree'),)'完成
2023-05-06 16:06:23 INFO 点击元素'('id', 'com.inkr.sport:id/tvPopAgreementAgree')'完成
2023-05-06 16:06:23 INFO 开始左滑
2023-05-06 16:06:25 INFO 左滑1次
2023-05-06 16:06:26 INFO 左滑2次
2023-05-06 16:06:26 INFO 左滑完成
2023-05-06 16:06:27 INFO 查找元素'(('id', 'com.inkr.sport:id/ivEnterApp'),)'完成
2023-05-06 16:06:27 INFO 点击元素'('id', 'com.inkr.sport:id/ivEnterApp')'完成
2023-05-06 16:06:30 INFO 查找元素'(('id', 'com.inkr.sport:id/ivTbMine'),)'完成
2023-05-06 16:06:32 INFO 点击元素'('id', 'com.inkr.sport:id/ivTbMine')'完成
2023-05-06 16:06:32 INFO 查找元素'(('id', 'com.inkr.sport:id/tvUserName'),)'完成
2023-05-06 16:06:32 INFO 点击元素'('id', 'com.inkr.sport:id/tvUserName')'完成
2023-05-06 16:07:03 INFO 查找元素'(('id', 'com.inkr.sport:id/tvAccountLogin'),)'完成
2023-05-06 16:07:33 INFO 点击元素'('id', 'com.inkr.sport:id/tvAccountLogin')'完成
2023-05-06 16:08:03 INFO 查找元素'(('id', 'com.inkr.sport:id/etMobile'),)'完成
2023-05-06 16:09:34 INFO 查找元素'(('id', 'com.inkr.sport:id/etPd'),)'完成
2023-05-06 16:11:04 INFO 查找元素'(('id', 'com.inkr.sport:id/ivPolicyCheckBox'),)'完成
2023-05-06 16:11:35 INFO 点击元素'('id', 'com.inkr.sport:id/ivPolicyCheckBox')'完成
2023-05-06 16:12:05 INFO 查找元素'(('id', 'com.inkr.sport:id/btLogin'),)'完成
2023-05-06 16:12:26 INFO 点击元素'('id', 'com.inkr.sport:id/btLogin')'完成
2023-05-06 16:12:26 INFO 登录账号:13000000012 密码：123456
2023-05-06 16:20:56 INFO *********开始启动APP*********
2023-05-06 16:20:56 INFO 手机参数：{'platformName': 'android', 'platformVersion': '12', 'deviceName': '127.0.0.1:7555', 'automationName': 'UiAutomator2', 'appPackage': 'com.inkr.sport', 'appActivity': 'com.inkr.sport.activities.SplashActivity'}
2023-05-06 16:21:01 INFO *********启动成功*********
2023-05-06 16:21:02 INFO 查找元素'(('id', 'com.inkr.sport:id/tvPopAgreementAgree'),)'完成
2023-05-06 16:21:02 INFO 点击元素'('id', 'com.inkr.sport:id/tvPopAgreementAgree')'完成
2023-05-06 16:21:02 INFO 开始左滑
2023-05-06 16:21:03 INFO 左滑1次
2023-05-06 16:21:05 INFO 左滑2次
2023-05-06 16:21:05 INFO 左滑完成
2023-05-06 16:21:06 INFO 查找元素'(('id', 'com.inkr.sport:id/ivEnterApp'),)'完成
2023-05-06 16:21:06 INFO 点击元素'('id', 'com.inkr.sport:id/ivEnterApp')'完成
2023-05-06 16:21:08 INFO 查找元素'(('id', 'com.inkr.sport:id/ivTbMine'),)'完成
2023-05-06 16:21:09 INFO 点击元素'('id', 'com.inkr.sport:id/ivTbMine')'完成
2023-05-06 16:21:09 INFO 查找元素'(('id', 'com.inkr.sport:id/tvUserName'),)'完成
2023-05-06 16:21:09 INFO 点击元素'('id', 'com.inkr.sport:id/tvUserName')'完成
2023-05-06 16:21:39 INFO 查找元素'(('id', 'com.inkr.sport:id/etMobile'),)'完成
2023-05-06 16:23:10 INFO 查找元素'(('id', 'com.inkr.sport:id/btSendCode'),)'完成
2023-05-06 16:23:40 INFO 点击元素'('id', 'com.inkr.sport:id/btSendCode')'完成
2023-05-06 16:24:10 INFO 查找元素'(('id', 'com.inkr.sport:id/etCode'),)'完成
2023-05-06 16:25:12 INFO 登录账号:13000000012 验证码：123456
2023-05-06 16:59:31 INFO *********开始启动APP*********
2023-05-06 16:59:31 INFO 手机参数：{'platformName': 'android', 'platformVersion': '12', 'deviceName': '127.0.0.1:7555', 'automationName': 'UiAutomator2', 'appPackage': 'com.inkr.sport', 'appActivity': 'com.inkr.sport.activities.SplashActivity'}
2023-05-06 16:59:39 INFO *********启动成功*********
2023-05-06 16:59:39 INFO 查找元素'(('id', 'com.inkr.sport:id/tvPopAgreementAgree'),)'完成
2023-05-06 16:59:39 INFO 点击元素'('id', 'com.inkr.sport:id/tvPopAgreementAgree')'完成
2023-05-06 16:59:39 INFO 开始左滑
2023-05-06 16:59:41 INFO 左滑1次
2023-05-06 16:59:42 INFO 左滑2次
2023-05-06 16:59:42 INFO 左滑完成
2023-05-06 16:59:43 INFO 查找元素'(('id', 'com.inkr.sport:id/ivEnterApp'),)'完成
2023-05-06 16:59:43 INFO 点击元素'('id', 'com.inkr.sport:id/ivEnterApp')'完成
2023-05-06 16:59:45 INFO 查找元素'(('id', 'com.inkr.sport:id/ivTbMine'),)'完成
2023-05-06 16:59:46 INFO 点击元素'('id', 'com.inkr.sport:id/ivTbMine')'完成
2023-05-06 16:59:46 INFO 查找元素'(('id', 'com.inkr.sport:id/tvUserName'),)'完成
2023-05-06 16:59:46 INFO 点击元素'('id', 'com.inkr.sport:id/tvUserName')'完成
2023-05-06 17:00:17 INFO 查找元素'(('id', 'com.inkr.sport:id/etMobile'),)'完成
2023-05-06 17:01:48 INFO 查找元素'(('id', 'com.inkr.sport:id/btSendCode'),)'完成
2023-05-06 17:02:18 INFO 点击元素'('id', 'com.inkr.sport:id/btSendCode')'完成
2023-05-06 17:02:48 INFO 查找元素'(('id', 'com.inkr.sport:id/etCode'),)'完成
2023-05-06 17:03:50 INFO 登录账号:13000000012 验证码：123456
2023-05-06 17:04:03 INFO *********开始启动APP*********
2023-05-06 17:04:03 INFO 手机参数：{'platformName': 'android', 'platformVersion': '12', 'deviceName': '127.0.0.1:7555', 'automationName': 'UiAutomator2', 'appPackage': 'com.inkr.sport', 'appActivity': 'com.inkr.sport.activities.SplashActivity'}
2023-05-06 17:04:10 INFO *********启动成功*********
2023-05-06 17:04:11 INFO 查找元素'(('id', 'com.inkr.sport:id/tvPopAgreementAgree'),)'完成
2023-05-06 17:04:11 INFO 点击元素'('id', 'com.inkr.sport:id/tvPopAgreementAgree')'完成
2023-05-06 17:04:11 INFO 开始左滑
2023-05-06 17:04:12 INFO 左滑1次
2023-05-06 17:04:13 INFO 左滑2次
2023-05-06 17:04:13 INFO 左滑完成
2023-05-06 17:04:14 INFO 查找元素'(('id', 'com.inkr.sport:id/ivEnterApp'),)'完成
2023-05-06 17:04:15 INFO 点击元素'('id', 'com.inkr.sport:id/ivEnterApp')'完成
2023-05-06 17:04:18 INFO 查找元素'(('id', 'com.inkr.sport:id/ivTbMine'),)'完成
2023-05-06 17:04:18 INFO 点击元素'('id', 'com.inkr.sport:id/ivTbMine')'完成
2023-05-06 17:04:19 INFO 查找元素'(('id', 'com.inkr.sport:id/tvUserName'),)'完成
2023-05-06 17:04:29 INFO 点击元素'('id', 'com.inkr.sport:id/tvUserName')'完成
2023-05-06 17:04:51 ERROR 获取元素'(('id', 'com.inkr.sport:id/etMobile'),)'失败，原因：Message: 

2023-05-06 17:05:12 INFO *********开始启动APP*********
2023-05-06 17:05:12 INFO 手机参数：{'platformName': 'android', 'platformVersion': '12', 'deviceName': '127.0.0.1:7555', 'automationName': 'UiAutomator2', 'appPackage': 'com.inkr.sport', 'appActivity': 'com.inkr.sport.activities.SplashActivity'}
2023-05-06 17:05:18 INFO *********启动成功*********
2023-05-06 17:05:19 INFO 查找元素'(('id', 'com.inkr.sport:id/tvPopAgreementAgree'),)'完成
2023-05-06 17:05:19 INFO 点击元素'('id', 'com.inkr.sport:id/tvPopAgreementAgree')'完成
2023-05-06 17:05:19 INFO 开始左滑
2023-05-06 17:05:20 INFO 左滑1次
2023-05-06 17:05:22 INFO 左滑2次
2023-05-06 17:05:22 INFO 左滑完成
2023-05-06 17:05:22 INFO 查找元素'(('id', 'com.inkr.sport:id/ivEnterApp'),)'完成
2023-05-06 17:05:23 INFO 点击元素'('id', 'com.inkr.sport:id/ivEnterApp')'完成
2023-05-06 17:05:25 INFO 查找元素'(('id', 'com.inkr.sport:id/ivTbMine'),)'完成
2023-05-06 17:05:26 INFO 点击元素'('id', 'com.inkr.sport:id/ivTbMine')'完成
2023-05-06 17:05:27 INFO 查找元素'(('id', 'com.inkr.sport:id/tvUserName'),)'完成
2023-05-06 17:05:37 INFO 点击元素'('id', 'com.inkr.sport:id/tvUserName')'完成
2023-05-06 17:06:07 INFO 查找元素'(('id', 'com.inkr.sport:id/tvAccountLogin'),)'完成
2023-05-06 17:06:37 INFO 点击元素'('id', 'com.inkr.sport:id/tvAccountLogin')'完成
2023-05-06 17:07:07 INFO 查找元素'(('id', 'com.inkr.sport:id/etMobile'),)'完成
2023-05-06 17:08:38 INFO 查找元素'(('id', 'com.inkr.sport:id/etPd'),)'完成
2023-05-06 17:10:08 INFO 查找元素'(('id', 'com.inkr.sport:id/ivPolicyCheckBox'),)'完成
2023-05-06 17:10:39 INFO 点击元素'('id', 'com.inkr.sport:id/ivPolicyCheckBox')'完成
2023-05-06 17:11:09 INFO 查找元素'(('id', 'com.inkr.sport:id/btLogin'),)'完成
2023-05-06 17:11:30 INFO 点击元素'('id', 'com.inkr.sport:id/btLogin')'完成
2023-05-06 17:11:30 INFO 登录账号:13000000012 密码：abc123456
2023-05-06 17:33:51 INFO *********开始启动APP*********
2023-05-06 17:33:51 INFO 手机参数：{'platformName': 'android', 'platformVersion': '12', 'deviceName': '127.0.0.1:7555', 'automationName': 'UiAutomator2', 'appPackage': 'com.inkr.sport', 'appActivity': 'com.inkr.sport.activities.SplashActivity'}
2023-05-06 17:33:57 INFO *********启动成功*********
2023-05-06 17:33:58 INFO 查找元素'(('id', 'com.inkr.sport:id/tvPopAgreementAgree'),)'完成
2023-05-06 17:33:58 INFO 点击元素'('id', 'com.inkr.sport:id/tvPopAgreementAgree')'完成
2023-05-06 17:33:58 INFO 开始左滑
2023-05-06 17:34:00 INFO 左滑1次
2023-05-06 17:34:01 INFO 左滑2次
2023-05-06 17:34:01 INFO 左滑完成
2023-05-06 17:34:02 INFO 查找元素'(('id', 'com.inkr.sport:id/ivEnterApp'),)'完成
2023-05-06 17:34:02 INFO 点击元素'('id', 'com.inkr.sport:id/ivEnterApp')'完成
2023-05-06 17:34:05 INFO 查找元素'(('id', 'com.inkr.sport:id/ivTbMine'),)'完成
2023-05-06 17:34:07 INFO 点击元素'('id', 'com.inkr.sport:id/ivTbMine')'完成
2023-05-06 17:34:07 INFO 查找元素'(('id', 'com.inkr.sport:id/tvUserName'),)'完成
2023-05-06 17:34:07 INFO 点击元素'('id', 'com.inkr.sport:id/tvUserName')'完成
2023-05-06 17:34:37 INFO 查找元素'(('id', 'com.inkr.sport:id/tvAccountLogin'),)'完成
2023-05-06 17:35:07 INFO 点击元素'('id', 'com.inkr.sport:id/tvAccountLogin')'完成
2023-05-06 17:35:38 INFO 查找元素'(('id', 'com.inkr.sport:id/etMobile'),)'完成
2023-05-06 17:37:08 INFO 查找元素'(('id', 'com.inkr.sport:id/etPd'),)'完成
2023-05-06 17:38:39 INFO 查找元素'(('id', 'com.inkr.sport:id/ivPolicyCheckBox'),)'完成
2023-05-06 17:39:09 INFO 点击元素'('id', 'com.inkr.sport:id/ivPolicyCheckBox')'完成
2023-05-06 17:39:39 INFO 查找元素'(('id', 'com.inkr.sport:id/btLogin'),)'完成
2023-05-06 17:40:00 INFO 点击元素'('id', 'com.inkr.sport:id/btLogin')'完成
2023-05-06 17:40:00 INFO 登录账号:13000000012 密码：abc123456
2023-05-06 17:40:04 INFO *********开始启动APP*********
2023-05-06 17:40:04 INFO 手机参数：{'platformName': 'android', 'platformVersion': '12', 'deviceName': '127.0.0.1:7555', 'automationName': 'UiAutomator2', 'appPackage': 'com.inkr.sport', 'appActivity': 'com.inkr.sport.activities.SplashActivity'}
2023-05-06 17:40:11 INFO *********启动成功*********
2023-05-06 17:40:12 INFO 查找元素'(('id', 'com.inkr.sport:id/tvPopAgreementAgree'),)'完成
2023-05-06 17:40:12 INFO 点击元素'('id', 'com.inkr.sport:id/tvPopAgreementAgree')'完成
2023-05-06 17:40:12 INFO 开始左滑
2023-05-06 17:40:13 INFO 左滑1次
2023-05-06 17:40:15 INFO 左滑2次
2023-05-06 17:40:15 INFO 左滑完成
2023-05-06 17:40:16 INFO 查找元素'(('id', 'com.inkr.sport:id/ivEnterApp'),)'完成
2023-05-06 17:40:16 INFO 点击元素'('id', 'com.inkr.sport:id/ivEnterApp')'完成
2023-05-06 17:40:19 INFO 查找元素'(('id', 'com.inkr.sport:id/ivTbMine'),)'完成
2023-05-06 17:40:19 INFO 点击元素'('id', 'com.inkr.sport:id/ivTbMine')'完成
2023-05-06 17:40:19 INFO 查找元素'(('id', 'com.inkr.sport:id/tvUserName'),)'完成
2023-05-06 17:40:30 INFO 点击元素'('id', 'com.inkr.sport:id/tvUserName')'完成
2023-05-06 17:41:00 INFO 查找元素'(('id', 'com.inkr.sport:id/tvAccountLogin'),)'完成
2023-05-06 17:41:06 INFO *********开始启动APP*********
2023-05-06 17:41:06 INFO 手机参数：{'platformName': 'android', 'platformVersion': '12', 'deviceName': '127.0.0.1:7555', 'automationName': 'UiAutomator2', 'appPackage': 'com.inkr.sport', 'appActivity': 'com.inkr.sport.activities.SplashActivity'}
2023-05-06 17:41:13 INFO *********启动成功*********
2023-05-06 17:41:13 INFO 查找元素'(('id', 'com.inkr.sport:id/tvPopAgreementAgree'),)'完成
2023-05-06 17:41:13 INFO 点击元素'('id', 'com.inkr.sport:id/tvPopAgreementAgree')'完成
2023-05-06 17:41:13 INFO 开始左滑
2023-05-06 17:41:15 INFO 左滑1次
2023-05-06 17:41:16 INFO 左滑2次
2023-05-06 17:41:16 INFO 左滑完成
2023-05-06 17:41:17 INFO 查找元素'(('id', 'com.inkr.sport:id/ivEnterApp'),)'完成
2023-05-06 17:41:17 INFO 点击元素'('id', 'com.inkr.sport:id/ivEnterApp')'完成
2023-05-06 17:41:20 INFO 查找元素'(('id', 'com.inkr.sport:id/ivTbMine'),)'完成
2023-05-06 17:41:21 INFO 点击元素'('id', 'com.inkr.sport:id/ivTbMine')'完成
2023-05-06 17:41:21 INFO 查找元素'(('id', 'com.inkr.sport:id/tvUserName'),)'完成
2023-05-06 17:41:31 INFO 点击元素'('id', 'com.inkr.sport:id/tvUserName')'完成
2023-05-06 17:42:01 INFO 查找元素'(('id', 'com.inkr.sport:id/tvAccountLogin'),)'完成
2023-05-06 17:42:31 INFO 点击元素'('id', 'com.inkr.sport:id/tvAccountLogin')'完成
2023-05-06 17:43:01 INFO 查找元素'(('id', 'com.inkr.sport:id/etMobile'),)'完成
2023-05-06 17:44:32 INFO 查找元素'(('id', 'com.inkr.sport:id/etPd'),)'完成
2023-05-06 17:46:02 INFO 查找元素'(('id', 'com.inkr.sport:id/ivPolicyCheckBox'),)'完成
2023-05-06 17:46:32 INFO 点击元素'('id', 'com.inkr.sport:id/ivPolicyCheckBox')'完成
2023-05-06 17:47:03 INFO 查找元素'(('id', 'com.inkr.sport:id/btLogin'),)'完成
2023-05-06 17:47:23 INFO 点击元素'('id', 'com.inkr.sport:id/btLogin')'完成
2023-05-06 17:47:23 INFO 登录账号:13000000012 密码：abc123456
2023-05-06 17:47:31 INFO *********开始启动APP*********
2023-05-06 17:47:31 INFO 手机参数：{'platformName': 'android', 'platformVersion': '12', 'deviceName': '127.0.0.1:7555', 'automationName': 'UiAutomator2', 'appPackage': 'com.inkr.sport', 'appActivity': 'com.inkr.sport.activities.SplashActivity'}
2023-05-06 17:47:38 INFO *********启动成功*********
2023-05-06 17:47:38 INFO 查找元素'(('id', 'com.inkr.sport:id/tvPopAgreementAgree'),)'完成
2023-05-06 17:47:38 INFO 点击元素'('id', 'com.inkr.sport:id/tvPopAgreementAgree')'完成
2023-05-06 17:47:38 INFO 开始左滑
2023-05-06 17:47:40 INFO 左滑1次
2023-05-06 17:47:41 INFO 左滑2次
2023-05-06 17:47:41 INFO 左滑完成
2023-05-06 17:47:42 INFO 查找元素'(('id', 'com.inkr.sport:id/ivEnterApp'),)'完成
2023-05-06 17:47:43 INFO 点击元素'('id', 'com.inkr.sport:id/ivEnterApp')'完成
2023-05-06 17:47:45 INFO 查找元素'(('id', 'com.inkr.sport:id/ivTbMine'),)'完成
2023-05-06 17:47:45 INFO 点击元素'('id', 'com.inkr.sport:id/ivTbMine')'完成
2023-05-06 17:47:45 INFO 查找元素'(('id', 'com.inkr.sport:id/tvUserName'),)'完成
2023-05-06 17:47:55 INFO 点击元素'('id', 'com.inkr.sport:id/tvUserName')'完成
2023-05-06 17:48:25 ERROR 获取元素'(('id', 'com.inkr.sport:id/tvAccountLogin'),)'失败，原因：Message: 

2023-05-06 17:50:18 INFO *********开始启动APP*********
2023-05-06 17:50:18 INFO 手机参数：{'platformName': 'android', 'platformVersion': '12', 'deviceName': '127.0.0.1:7555', 'automationName': 'UiAutomator2', 'appPackage': 'com.inkr.sport', 'appActivity': 'com.inkr.sport.activities.SplashActivity'}
2023-05-06 17:50:25 INFO *********启动成功*********
2023-05-06 17:50:26 INFO 查找元素'(('id', 'com.inkr.sport:id/tvPopAgreementAgree'),)'完成
2023-05-06 17:50:26 INFO 点击元素'('id', 'com.inkr.sport:id/tvPopAgreementAgree')'完成
2023-05-06 17:50:26 INFO 开始左滑
2023-05-06 17:50:27 INFO 左滑1次
2023-05-06 17:50:29 INFO 左滑2次
2023-05-06 17:50:29 INFO 左滑完成
2023-05-06 17:50:29 INFO 查找元素'(('id', 'com.inkr.sport:id/ivEnterApp'),)'完成
2023-05-06 17:50:29 INFO 点击元素'('id', 'com.inkr.sport:id/ivEnterApp')'完成
2023-05-06 17:50:32 INFO 查找元素'(('id', 'com.inkr.sport:id/ivTbMine'),)'完成
2023-05-06 17:50:33 INFO 点击元素'('id', 'com.inkr.sport:id/ivTbMine')'完成
2023-05-06 17:50:34 INFO 查找元素'(('id', 'com.inkr.sport:id/tvUserName'),)'完成
2023-05-06 17:50:34 INFO 点击元素'('id', 'com.inkr.sport:id/tvUserName')'完成
2023-05-06 17:51:04 INFO 查找元素'(('id', 'com.inkr.sport:id/tvAccountLogin'),)'完成
2023-05-06 17:51:35 INFO 点击元素'('id', 'com.inkr.sport:id/tvAccountLogin')'完成
2023-05-06 17:52:05 INFO 查找元素'(('id', 'com.inkr.sport:id/etMobile'),)'完成
2023-05-06 17:53:35 INFO 查找元素'(('id', 'com.inkr.sport:id/etPd'),)'完成
2023-05-06 17:55:06 INFO 查找元素'(('id', 'com.inkr.sport:id/ivPolicyCheckBox'),)'完成
2023-05-06 17:55:36 INFO 点击元素'('id', 'com.inkr.sport:id/ivPolicyCheckBox')'完成
2023-05-06 17:56:06 INFO 查找元素'(('id', 'com.inkr.sport:id/btLogin'),)'完成
2023-05-06 17:56:27 INFO 点击元素'('id', 'com.inkr.sport:id/btLogin')'完成
2023-05-06 17:56:27 INFO 登录账号:13000000012 密码：abc123456
2023-05-06 17:56:32 INFO *********开始启动APP*********
2023-05-06 17:56:32 INFO 手机参数：{'platformName': 'android', 'platformVersion': '12', 'deviceName': '127.0.0.1:7555', 'automationName': 'UiAutomator2', 'appPackage': 'com.inkr.sport', 'appActivity': 'com.inkr.sport.activities.SplashActivity'}
2023-05-06 17:56:39 INFO *********启动成功*********
2023-05-06 17:56:40 INFO 查找元素'(('id', 'com.inkr.sport:id/tvPopAgreementAgree'),)'完成
2023-05-06 17:56:40 INFO 点击元素'('id', 'com.inkr.sport:id/tvPopAgreementAgree')'完成
2023-05-06 17:56:40 INFO 开始左滑
2023-05-06 17:56:41 INFO 左滑1次
2023-05-06 17:56:43 INFO 左滑2次
2023-05-06 17:56:43 INFO 左滑完成
2023-05-06 17:56:43 INFO 查找元素'(('id', 'com.inkr.sport:id/ivEnterApp'),)'完成
2023-05-06 17:56:44 INFO 点击元素'('id', 'com.inkr.sport:id/ivEnterApp')'完成
2023-05-06 17:56:47 INFO 查找元素'(('id', 'com.inkr.sport:id/ivTbMine'),)'完成
2023-05-06 17:56:47 INFO 点击元素'('id', 'com.inkr.sport:id/ivTbMine')'完成
2023-05-06 17:56:48 INFO 查找元素'(('id', 'com.inkr.sport:id/tvUserName'),)'完成
2023-05-06 17:56:49 INFO 点击元素'('id', 'com.inkr.sport:id/tvUserName')'完成
2023-05-06 17:57:20 INFO 查找元素'(('id', 'com.inkr.sport:id/tvAccountLogin'),)'完成
2023-05-06 17:59:22 INFO *********开始启动APP*********
2023-05-06 17:59:22 INFO 手机参数：{'platformName': 'android', 'platformVersion': '12', 'deviceName': '127.0.0.1:7555', 'automationName': 'UiAutomator2', 'appPackage': 'com.inkr.sport', 'appActivity': 'com.inkr.sport.activities.SplashActivity'}
2023-05-06 17:59:28 INFO *********启动成功*********
2023-05-06 17:59:29 INFO 查找元素'(('id', 'com.inkr.sport:id/tvPopAgreementAgree'),)'完成
2023-05-06 17:59:29 INFO 点击元素'('id', 'com.inkr.sport:id/tvPopAgreementAgree')'完成
2023-05-06 17:59:29 INFO 开始左滑
2023-05-06 17:59:31 INFO 左滑1次
2023-05-06 17:59:32 INFO 左滑2次
2023-05-06 17:59:32 INFO 左滑完成
2023-05-06 17:59:33 INFO 查找元素'(('id', 'com.inkr.sport:id/ivEnterApp'),)'完成
2023-05-06 17:59:33 INFO 点击元素'('id', 'com.inkr.sport:id/ivEnterApp')'完成
2023-05-06 17:59:35 INFO 查找元素'(('id', 'com.inkr.sport:id/ivTbMine'),)'完成
2023-05-06 17:59:36 INFO 点击元素'('id', 'com.inkr.sport:id/ivTbMine')'完成
2023-05-06 17:59:36 INFO 查找元素'(('id', 'com.inkr.sport:id/tvUserName'),)'完成
2023-05-06 17:59:46 INFO 点击元素'('id', 'com.inkr.sport:id/tvUserName')'完成
2023-05-06 18:00:17 INFO 查找元素'(('id', 'com.inkr.sport:id/tvAccountLogin'),)'完成
2023-05-06 18:00:47 INFO 点击元素'('id', 'com.inkr.sport:id/tvAccountLogin')'完成
2023-05-06 18:01:17 INFO 查找元素'(('id', 'com.inkr.sport:id/etMobile'),)'完成
2023-05-06 18:02:47 INFO 查找元素'(('id', 'com.inkr.sport:id/etPd'),)'完成
2023-05-06 18:04:18 INFO 查找元素'(('id', 'com.inkr.sport:id/ivPolicyCheckBox'),)'完成
2023-05-06 18:04:48 INFO 点击元素'('id', 'com.inkr.sport:id/ivPolicyCheckBox')'完成
2023-05-06 18:05:18 INFO 查找元素'(('id', 'com.inkr.sport:id/btLogin'),)'完成
2023-05-06 18:05:39 INFO 点击元素'('id', 'com.inkr.sport:id/btLogin')'完成
2023-05-06 18:05:39 INFO 登录账号:13000000012 密码：abc123456
2023-05-06 18:05:46 INFO *********开始启动APP*********
2023-05-06 18:05:46 INFO 手机参数：{'platformName': 'android', 'platformVersion': '12', 'deviceName': '127.0.0.1:7555', 'automationName': 'UiAutomator2', 'appPackage': 'com.inkr.sport', 'appActivity': 'com.inkr.sport.activities.SplashActivity'}
2023-05-06 18:05:53 INFO *********启动成功*********
2023-05-06 18:05:54 INFO 查找元素'(('id', 'com.inkr.sport:id/tvPopAgreementAgree'),)'完成
2023-05-06 18:05:54 INFO 点击元素'('id', 'com.inkr.sport:id/tvPopAgreementAgree')'完成
2023-05-06 18:05:54 INFO 开始左滑
2023-05-06 18:05:55 INFO 左滑1次
2023-05-06 18:05:57 INFO 左滑2次
2023-05-06 18:05:57 INFO 左滑完成
2023-05-06 18:05:57 INFO 查找元素'(('id', 'com.inkr.sport:id/ivEnterApp'),)'完成
2023-05-06 18:05:57 INFO 点击元素'('id', 'com.inkr.sport:id/ivEnterApp')'完成
2023-05-06 18:06:01 INFO 查找元素'(('id', 'com.inkr.sport:id/ivTbMine'),)'完成
2023-05-06 18:06:02 INFO 点击元素'('id', 'com.inkr.sport:id/ivTbMine')'完成
2023-05-06 18:06:02 INFO 查找元素'(('id', 'com.inkr.sport:id/tvUserName'),)'完成
2023-05-06 18:06:02 INFO 点击元素'('id', 'com.inkr.sport:id/tvUserName')'完成
2023-05-06 18:06:32 INFO 查找元素'(('id', 'com.inkr.sport:id/tvAccountLogin'),)'完成
2023-05-06 18:06:43 INFO *********开始启动APP*********
2023-05-06 18:06:43 INFO 手机参数：{'platformName': 'android', 'platformVersion': '12', 'deviceName': '127.0.0.1:7555', 'automationName': 'UiAutomator2', 'appPackage': 'com.inkr.sport', 'appActivity': 'com.inkr.sport.activities.SplashActivity'}
2023-05-06 18:06:50 INFO *********启动成功*********
2023-05-06 18:06:51 INFO 查找元素'(('id', 'com.inkr.sport:id/tvPopAgreementAgree'),)'完成
2023-05-06 18:06:51 INFO 点击元素'('id', 'com.inkr.sport:id/tvPopAgreementAgree')'完成
2023-05-06 18:06:51 INFO 开始左滑
2023-05-06 18:06:52 INFO 左滑1次
2023-05-06 18:06:53 INFO 左滑2次
2023-05-06 18:06:53 INFO 左滑完成
2023-05-06 18:06:54 INFO 查找元素'(('id', 'com.inkr.sport:id/ivEnterApp'),)'完成
2023-05-06 18:06:55 INFO 点击元素'('id', 'com.inkr.sport:id/ivEnterApp')'完成
2023-05-06 18:06:57 INFO 查找元素'(('id', 'com.inkr.sport:id/ivTbMine'),)'完成
2023-05-06 18:06:58 INFO 点击元素'('id', 'com.inkr.sport:id/ivTbMine')'完成
2023-05-06 18:06:58 INFO 查找元素'(('id', 'com.inkr.sport:id/tvUserName'),)'完成
2023-05-06 18:07:08 INFO 点击元素'('id', 'com.inkr.sport:id/tvUserName')'完成
2023-05-06 18:07:38 INFO 查找元素'(('id', 'com.inkr.sport:id/tvAccountLogin'),)'完成
2023-05-06 18:08:08 INFO 点击元素'('id', 'com.inkr.sport:id/tvAccountLogin')'完成
2023-05-06 18:08:38 INFO 查找元素'(('id', 'com.inkr.sport:id/etMobile'),)'完成
2023-05-06 18:10:09 INFO 查找元素'(('id', 'com.inkr.sport:id/etPd'),)'完成
2023-05-06 18:11:39 INFO 查找元素'(('id', 'com.inkr.sport:id/ivPolicyCheckBox'),)'完成
2023-05-06 18:12:10 INFO 点击元素'('id', 'com.inkr.sport:id/ivPolicyCheckBox')'完成
2023-05-06 18:12:40 INFO 查找元素'(('id', 'com.inkr.sport:id/btLogin'),)'完成
2023-05-06 18:13:03 INFO 点击元素'('id', 'com.inkr.sport:id/btLogin')'完成
2023-05-06 18:13:03 INFO 登录账号:13000000012 密码：abc123456
2023-05-06 18:13:06 INFO *********开始启动APP*********
2023-05-06 18:13:06 INFO 手机参数：{'platformName': 'android', 'platformVersion': '12', 'deviceName': '127.0.0.1:7555', 'automationName': 'UiAutomator2', 'appPackage': 'com.inkr.sport', 'appActivity': 'com.inkr.sport.activities.SplashActivity'}
2023-05-06 18:13:13 INFO *********启动成功*********
2023-05-06 18:13:14 INFO 查找元素'(('id', 'com.inkr.sport:id/tvPopAgreementAgree'),)'完成
2023-05-06 18:13:14 INFO 点击元素'('id', 'com.inkr.sport:id/tvPopAgreementAgree')'完成
2023-05-06 18:13:14 INFO 开始左滑
2023-05-06 18:13:15 INFO 左滑1次
2023-05-06 18:13:17 INFO 左滑2次
2023-05-06 18:13:17 INFO 左滑完成
2023-05-06 18:13:18 INFO 查找元素'(('id', 'com.inkr.sport:id/ivEnterApp'),)'完成
2023-05-06 18:13:18 INFO 点击元素'('id', 'com.inkr.sport:id/ivEnterApp')'完成
2023-05-06 18:13:20 INFO 查找元素'(('id', 'com.inkr.sport:id/ivTbMine'),)'完成
2023-05-06 18:13:21 INFO 点击元素'('id', 'com.inkr.sport:id/ivTbMine')'完成
2023-05-06 18:13:21 INFO 查找元素'(('id', 'com.inkr.sport:id/tvUserName'),)'完成
2023-05-06 18:13:21 INFO 点击元素'('id', 'com.inkr.sport:id/tvUserName')'完成
2023-05-06 18:13:51 INFO 查找元素'(('id', 'com.inkr.sport:id/tvAccountLogin'),)'完成
2023-05-06 18:15:53 INFO *********开始启动APP*********
2023-05-06 18:15:53 INFO 手机参数：{'platformName': 'android', 'platformVersion': '12', 'deviceName': '127.0.0.1:7555', 'automationName': 'UiAutomator2', 'appPackage': 'com.inkr.sport', 'appActivity': 'com.inkr.sport.activities.SplashActivity'}
2023-05-06 18:16:00 INFO *********启动成功*********
2023-05-06 18:16:00 INFO 查找元素'(('id', 'com.inkr.sport:id/tvPopAgreementAgree'),)'完成
2023-05-06 18:16:00 INFO 点击元素'('id', 'com.inkr.sport:id/tvPopAgreementAgree')'完成
2023-05-06 18:16:00 INFO 开始左滑
2023-05-06 18:16:02 INFO 左滑1次
2023-05-06 18:16:03 INFO 左滑2次
2023-05-06 18:16:03 INFO 左滑完成
2023-05-06 18:16:04 INFO 查找元素'(('id', 'com.inkr.sport:id/ivEnterApp'),)'完成
2023-05-06 18:16:04 INFO 点击元素'('id', 'com.inkr.sport:id/ivEnterApp')'完成
2023-05-06 18:16:08 INFO 查找元素'(('id', 'com.inkr.sport:id/ivTbMine'),)'完成
2023-05-06 18:16:09 INFO 点击元素'('id', 'com.inkr.sport:id/ivTbMine')'完成
2023-05-06 18:16:09 INFO 查找元素'(('id', 'com.inkr.sport:id/tvUserName'),)'完成
2023-05-06 18:16:09 INFO 点击元素'('id', 'com.inkr.sport:id/tvUserName')'完成
2023-05-06 18:16:39 INFO 查找元素'(('id', 'com.inkr.sport:id/tvAccountLogin'),)'完成
2023-05-06 18:17:09 INFO 点击元素'('id', 'com.inkr.sport:id/tvAccountLogin')'完成
2023-05-06 18:17:39 INFO 查找元素'(('id', 'com.inkr.sport:id/etMobile'),)'完成
2023-05-06 18:19:10 INFO 查找元素'(('id', 'com.inkr.sport:id/etPd'),)'完成
2023-05-06 18:20:40 INFO 查找元素'(('id', 'com.inkr.sport:id/ivPolicyCheckBox'),)'完成
2023-05-06 18:21:11 INFO 点击元素'('id', 'com.inkr.sport:id/ivPolicyCheckBox')'完成
2023-05-06 18:21:41 INFO 查找元素'(('id', 'com.inkr.sport:id/btLogin'),)'完成
2023-05-06 18:22:01 INFO 点击元素'('id', 'com.inkr.sport:id/btLogin')'完成
2023-05-06 18:22:01 INFO 登录账号:13000000012 密码：abc123456
2023-05-06 18:22:29 INFO *********开始启动APP*********
2023-05-06 18:22:29 INFO 手机参数：{'platformName': 'android', 'platformVersion': '12', 'deviceName': '127.0.0.1:7555', 'automationName': 'UiAutomator2', 'appPackage': 'com.inkr.sport', 'appActivity': 'com.inkr.sport.activities.SplashActivity'}
2023-05-06 18:22:36 INFO *********启动成功*********
2023-05-06 18:22:36 INFO 查找元素'(('id', 'com.inkr.sport:id/tvPopAgreementAgree'),)'完成
2023-05-06 18:22:37 INFO 点击元素'('id', 'com.inkr.sport:id/tvPopAgreementAgree')'完成
2023-05-06 18:22:37 INFO 开始左滑
2023-05-06 18:22:38 INFO 左滑1次
2023-05-06 18:22:39 INFO 左滑2次
2023-05-06 18:22:39 INFO 左滑完成
2023-05-06 18:22:40 INFO 查找元素'(('id', 'com.inkr.sport:id/ivEnterApp'),)'完成
2023-05-06 18:22:40 INFO 点击元素'('id', 'com.inkr.sport:id/ivEnterApp')'完成
2023-05-06 18:22:44 INFO 查找元素'(('id', 'com.inkr.sport:id/ivTbMine'),)'完成
2023-05-06 18:22:45 INFO 点击元素'('id', 'com.inkr.sport:id/ivTbMine')'完成
2023-05-06 18:22:45 INFO 查找元素'(('id', 'com.inkr.sport:id/tvUserName'),)'完成
2023-05-06 18:22:55 INFO 点击元素'('id', 'com.inkr.sport:id/tvUserName')'完成
2023-05-06 18:23:15 ERROR 获取元素'(('id', 'com.inkr.sport:id/tvAccountLogin'),)'失败，原因：Message: 
Stacktrace:
NoSuchElementError: An element could not be located on the page using the given search parameters.
    at AndroidUiautomator2Driver.findElOrEls (E:\Appium-Server-GUI-windows-1.22.3-4\resources\app\node_modules\appium\node_modules\appium-android-driver\lib\commands\find.js:75:11)
    at runMicrotasks (<anonymous>)
    at processTicksAndRejections (internal/process/task_queues.js:97:5)
    at AndroidUiautomator2Driver.findElOrElsWithProcessing (E:\Appium-Server-GUI-windows-1.22.3-4\resources\app\node_modules\appium\node_modules\appium-base-driver\lib\basedriver\commands\find.js:33:12)
    at AndroidUiautomator2Driver.findElement (E:\Appium-Server-GUI-windows-1.22.3-4\resources\app\node_modules\appium\node_modules\appium-base-driver\lib\basedriver\commands\find.js:53:10)
